ptp4l[13623.096]: port 1: INITIALIZING to LISTENING on INIT_COMPLETE
ptp4l[13623.096]: port 2: INITIALIZING to LISTENING on INIT_COMPLETE
ptp4l[13623.097]: port 0: INITIALIZING to LISTENING on INIT_COMPLETE
ptp4l[13626.162]: port 1: new foreign master fe25c8.fffe.74b738-1
ptp4l[13629.486]: port 2: LISTENING to MASTER on ANNOUNCE_RECEIPT_TIMEOUT_EXPIRES
ptp4l[13629.486]: selected local clock 8685f6.fffe.440b25 as best master
ptp4l[13629.486]: port 2: assuming the grand master role
ptp4l[13630.113]: port 1: LISTENING to MASTER on ANNOUNCE_RECEIPT_TIMEOUT_EXPIRES
ptp4l[13630.113]: selected local clock 8685f6.fffe.440b25 as best master
ptp4l[13630.113]: port 1: assuming the grand master role
ptp4l[13630.113]: port 2: assuming the grand master role
ptp4l[13630.166]: selected best master clock fe25c8.fffe.74b738
ptp4l[13630.166]: foreign master not using PTP timescale
ptp4l[13630.166]: port 1: MASTER to UNCALIBRATED on RS_SLAVE
ptp4l[13632.168]: master offset     966780 s0 freq -5461780 path delay    647696
ptp4l[13633.168]: master offset    -444467 s0 freq -5461780 path delay    956524
ptp4l[13634.167]: master offset    -749724 s0 freq -5461780 path delay    956524
ptp4l[13635.170]: master offset    -373987 s0 freq -5461780 path delay    613425
ptp4l[13636.171]: master offset    -163626 s0 freq -5461780 path delay    613425
ptp4l[13637.172]: master offset      72471 s0 freq -5461780 path delay    616892
ptp4l[13638.172]: master offset    -131324 s0 freq -5461780 path delay    587701
ptp4l[13639.175]: master offset      33088 s0 freq -5461780 path delay    586894
ptp4l[13640.175]: master offset    -348336 s0 freq -5461780 path delay    586894
ptp4l[13641.178]: master offset    2036648 s0 freq -5461780 path delay    582621
ptp4l[13642.176]: master offset    -220226 s0 freq -5461780 path delay    582621
ptp4l[13643.177]: master offset      59316 s0 freq -5461780 path delay    586894
ptp4l[13644.177]: master offset    -229148 s0 freq -5461780 path delay    586894
ptp4l[13645.177]: master offset    -282214 s0 freq -5461780 path delay    586894
ptp4l[13646.177]: master offset    -401335 s0 freq -5461780 path delay    586894
ptp4l[13647.178]: master offset     -60350 s0 freq -5461780 path delay    567611
ptp4l[13648.179]: master offset      54718 s1 freq -5519060 path delay    567611
ptp4l[13649.181]: master offset      34737 s2 freq -5515551 path delay    567611
ptp4l[13649.182]: port 1: UNCALIBRATED to SLAVE on MASTER_CLOCK_SELECTED
ptp4l[13650.181]: master offset    -114037 s2 freq -5530543 path delay    527052
ptp4l[13651.184]: master offset    1142666 s2 freq -5403730 path delay    488766
ptp4l[13652.184]: master offset     -83956 s2 freq -5526476 path delay    488766
ptp4l[13653.188]: master offset     382468 s2 freq -5479451 path delay    473390
ptp4l[13654.188]: master offset    -107325 s2 freq -5528538 path delay    591866
ptp4l[13655.192]: master offset     781594 s2 freq -5438864 path delay    518450
ptp4l[13656.190]: master offset     -27614 s2 freq -5519813 path delay    518450
ptp4l[13657.191]: master offset     195802 s2 freq -5497275 path delay    580419
ptp4l[13658.191]: master offset    -229788 s2 freq -5540064 path delay    653836
ptp4l[13659.192]: master offset      43973 s2 freq -5512644 path delay    585310
ptp4l[13660.191]: master offset    -409129 s2 freq -5558363 path delay    585310
ptp4l[13661.195]: master offset     460863 s2 freq -5470903 path delay    550417
ptp4l[13662.195]: master offset     -51184 s2 freq -5522159 path delay    550417
ptp4l[13663.197]: master offset     119527 s2 freq -5504968 path delay    571712
ptp4l[13664.197]: master offset    -327298 s2 freq -5549978 path delay    585310
ptp4l[13665.201]: master offset     401271 s2 freq -5476720 path delay    585310
ptp4l[13666.201]: master offset    -205971 s2 freq -5537650 path delay    601867
ptp4l[13667.203]: master offset     332270 s2 freq -5483494 path delay    601867
ptp4l[13668.202]: master offset     303303 s2 freq -5486087 path delay    601867
ptp4l[13669.206]: master offset     -32056 s2 freq -5519655 path delay    758667
ptp4l[13670.206]: master offset    -235307 s2 freq -5540216 path delay    779389
ptp4l[13671.208]: master offset      41002 s2 freq -5512544 path delay    856070
ptp4l[13672.207]: master offset    -501281 s2 freq -5567273 path delay    804134
ptp4l[13673.211]: master offset     -18678 s2 freq -5519032 path delay    768896
ptp4l[13674.211]: master offset    -284590 s2 freq -5545907 path delay    780037
ptp4l[13675.212]: master offset    -121355 s2 freq -5529705 path delay    780037
ptp4l[13676.211]: master offset    -461418 s2 freq -5564173 path delay    768896
ptp4l[13677.214]: master offset      95288 s2 freq -5508407 path delay    768896
ptp4l[13678.213]: master offset    -487216 s2 freq -5567145 path delay    768896
ptp4l[13679.217]: master offset    2011825 s2 freq -5315229 path delay    736850
ptp4l[13680.216]: master offset    -378563 s2 freq -5554646 path delay    801100
ptp4l[13681.217]: master offset     -95069 s2 freq -5526392 path delay    758774
ptp4l[13682.217]: master offset    -397146 s2 freq -5556997 path delay    777117
ptp4l[13683.219]: master offset     233902 s2 freq -5493658 path delay    777117
ptp4l[13684.219]: master offset    -267656 s2 freq -5544081 path delay    796385
ptp4l[13685.219]: master offset    -103884 s2 freq -5527808 path delay    796385
ptp4l[13686.219]: master offset    -477882 s2 freq -5565686 path delay    796385
ptp4l[13687.221]: master offset       4283 s2 freq -5517465 path delay    754059
ptp4l[13688.220]: master offset     251500 s2 freq -5492492 path delay    754059
ptp4l[13689.222]: master offset      43666 s2 freq -5513232 path delay    804451
ptp4l[13690.221]: master offset    -472360 s2 freq -5565307 path delay    760029
ptp4l[13691.223]: master offset    -142614 s2 freq -5532475 path delay    760029
ptp4l[13692.223]: master offset    -478394 s2 freq -5566531 path delay    760029
ptp4l[13693.225]: master offset      52183 s2 freq -5513421 path delay    760029
ptp4l[13694.233]: master offset     568925 s2 freq -5461178 path delay    798854
ptp4l[13695.237]: master offset    1362372 s2 freq -5380471 path delay    798854
ptp4l[13696.235]: master offset    -556439 s2 freq -5572908 path delay    828223
ptp4l[13697.239]: master offset    -259493 s2 freq -5543473 path delay    828223
ptp4l[13698.239]: master offset    -457786 s2 freq -5563760 path delay    828223
ptp4l[13699.242]: master offset    -176396 s2 freq -5535798 path delay    828223
ptp4l[13700.242]: master offset    -329098 s2 freq -5551397 path delay    816521
ptp4l[13701.245]: master offset     124991 s2 freq -5505863 path delay    816521
ptp4l[13702.244]: master offset    -418830 s2 freq -5560664 path delay    828223
ptp4l[13703.248]: master offset     -99506 s2 freq -5528831 path delay    820364
ptp4l[13704.247]: master offset    -479649 s2 freq -5567325 path delay    820364
ptp4l[13705.248]: master offset    -133170 s2 freq -5532810 path delay    845567
ptp4l[13706.248]: master offset    -395582 s2 freq -5559447 path delay    844545
ptp4l[13707.249]: master offset    -143500 s2 freq -5534383 path delay    798694
ptp4l[13708.250]: master offset    -330399 s2 freq -5553403 path delay    739653
ptp4l[13709.254]: master offset     452479 s2 freq -5474663 path delay    725237
ptp4l[13710.252]: master offset    -330653 s2 freq -5553306 path delay    725237
ptp4l[13711.256]: master offset      57793 s2 freq -5514404 path delay    645013
ptp4l[13712.256]: master offset      14997 s2 freq -5518669 path delay    645013
ptp4l[13713.259]: master offset    1299050 s2 freq -5388964 path delay    645013
ptp4l[13714.258]: master offset    -319402 s2 freq -5551129 path delay    667189
ptp4l[13715.258]: master offset    -245360 s2 freq -5543970 path delay    645013
ptp4l[13716.259]: master offset    -167833 s2 freq -5536385 path delay    645013
ptp4l[13717.260]: master offset     199945 s2 freq -5499407 path delay    619758
ptp4l[13718.261]: master offset     -16186 s2 freq -5521037 path delay    645013
ptp4l[13719.263]: master offset     214217 s2 freq -5497782 path delay    645013
ptp4l[13720.263]: master offset    -154554 s2 freq -5534814 path delay    610455
ptp4l[13721.265]: master offset     931452 s2 freq -5425282 path delay    632631
ptp4l[13722.265]: master offset      54455 s2 freq -5512927 path delay    686549
ptp4l[13723.267]: master offset      60132 s2 freq -5512299 path delay    686549
ptp4l[13724.266]: master offset    -671735 s2 freq -5586158 path delay    868818
ptp4l[13725.269]: master offset     209313 s2 freq -5497844 path delay    742869
ptp4l[13726.268]: master offset    -519479 s2 freq -5571242 path delay    742869
ptp4l[13727.269]: master offset      69404 s2 freq -5512284 path delay    742869
ptp4l[13728.269]: master offset    -387367 s2 freq -5558349 path delay    742869
ptp4l[13729.272]: master offset      86087 s2 freq -5510917 path delay    778632
ptp4l[13730.270]: master offset    -566467 s2 freq -5576739 path delay    804233
ptp4l[13731.274]: master offset      25521 s2 freq -5517515 path delay    804233
ptp4l[13732.274]: master offset    -226503 s2 freq -5542944 path delay    743194
ptp4l[13733.276]: master offset      52995 s2 freq -5514941 path delay    743194
ptp4l[13734.277]: master offset    1078892 s2 freq -5411273 path delay    743194
ptp4l[13735.279]: master offset       4681 s2 freq -5518689 path delay    797595
ptp4l[13736.279]: master offset     641086 s2 freq -5454407 path delay    797595
ptp4l[13737.279]: master offset    -268092 s2 freq -5545593 path delay    797595
ptp4l[13738.279]: master offset    -324544 s2 freq -5551563 path delay    797595
ptp4l[13739.282]: master offset     -54620 s2 freq -5524625 path delay    797595
ptp4l[13740.282]: master offset     217019 s2 freq -5497244 path delay    844438
ptp4l[13741.282]: master offset    -501506 s2 freq -5569598 path delay    847265
ptp4l[13742.282]: master offset    -546283 s2 freq -5574622 path delay    927184
ptp4l[13743.283]: master offset    -152232 s2 freq -5535369 path delay    927184
ptp4l[13743.663]: timed out while polling for tx timestamp
ptp4l[13743.664]: increasing tx_timestamp_timeout may correct this issue, but it is likely caused by a driver bug
ptp4l[13743.664]: port 2: send sync failed
ptp4l[13743.664]: port 2: MASTER to FAULTY on FAULT_DETECTED (FT_UNSPECIFIED)
ptp4l[13744.282]: master offset    -584752 s2 freq -5579206 path delay    785273
ptp4l[13745.285]: master offset    -282743 s2 freq -5549288 path delay    666581
ptp4l[13746.287]: master offset     734023 s2 freq -5446877 path delay    666581
ptp4l[13747.289]: master offset     130278 s2 freq -5507122 path delay    666581
ptp4l[13748.289]: master offset    -114989 s2 freq -5531763 path delay    649625
ptp4l[13749.291]: master offset     124100 s2 freq -5507730 path delay    621754
ptp4l[13750.291]: master offset     -74465 s2 freq -5527661 path delay    621754
ptp4l[13751.293]: master offset       2847 s2 freq -5519927 path delay    621754
ptp4l[13752.293]: master offset    -172915 s2 freq -5537676 path delay    621754
ptp4l[13753.296]: master offset     369706 s2 freq -5483045 path delay    621754
ptp4l[13754.296]: master offset    -437525 s2 freq -5564205 path delay    671342
ptp4l[13755.300]: master offset     222228 s2 freq -5498008 path delay    671342
ptp4l[13756.299]: master offset    -427526 s2 freq -5563411 path delay    698424
ptp4l[13757.302]: master offset     282396 s2 freq -5492136 path delay    717511
ptp4l[13758.302]: master offset    -456292 s2 freq -5566461 path delay    717511
ptp4l[13759.304]: master offset     886652 s2 freq -5431280 path delay    716723
ptp4l[13759.667]: port 2: FAULTY to LISTENING on INIT_COMPLETE
ptp4l[13760.303]: master offset    -410367 s2 freq -5561392 path delay    736838
ptp4l[13761.305]: master offset     145583 s2 freq -5505652 path delay    666659
ptp4l[13762.305]: master offset    -420922 s2 freq -5562723 path delay    687381
ptp4l[13763.309]: master offset      -1629 s2 freq -5520795 path delay    625120
ptp4l[13764.310]: master offset    1315956 s2 freq -5387721 path delay    708366
ptp4l[13765.310]: master offset    -313793 s2 freq -5551010 path delay    708366
ptp4l[13766.310]: master offset    -428991 s2 freq -5562958 path delay    708366
ptp4l[13766.559]: port 2: LISTENING to MASTER on ANNOUNCE_RECEIPT_TIMEOUT_EXPIRES
ptp4l[13766.559]: selected best master clock fe25c8.fffe.74b738
ptp4l[13766.559]: foreign master not using PTP timescale
ptp4l[13767.312]: master offset    -253977 s2 freq -5545711 path delay    708366
ptp4l[13768.311]: master offset    -397987 s2 freq -5560510 path delay    708366
ptp4l[13769.316]: master offset    -365942 s2 freq -5557671 path delay    787649
ptp4l[13770.316]: master offset    -355900 s2 freq -5557023 path delay    819074
ptp4l[13771.318]: master offset     -74013 s2 freq -5528908 path delay    819074
ptp4l[13772.317]: master offset    -407919 s2 freq -5562707 path delay    819074
ptp4l[13773.317]: master offset     -83812 s2 freq -5530380 path delay    787649
ptp4l[13774.317]: master offset    -495861 s2 freq -5572081 path delay    807051
ptp4l[13775.320]: master offset    1324403 s2 freq -5388730 path delay    807051
ptp4l[13776.320]: master offset     324215 s2 freq -5488425 path delay    807051
ptp4l[13777.321]: master offset     -91085 s2 freq -5530046 path delay    770860
ptp4l[13778.322]: master offset     721886 s2 freq -5448027 path delay    814347
ptp4l[13779.324]: master offset     -65442 s2 freq -5526825 path delay    814347
ptp4l[13780.324]: master offset    -169789 s2 freq -5537429 path delay    814347
ptp4l[13781.326]: master offset    -160790 s2 freq -5536690 path delay    814347
ptp4l[13782.328]: master offset    -112854 s2 freq -5532010 path delay    814347
ptp4l[13783.329]: master offset     268306 s2 freq -5493625 path delay    765352
ptp4l[13784.330]: master offset    -296262 s2 freq -5550378 path delay    765352
ptp4l[13785.332]: master offset     108285 s2 freq -5509815 path delay    712424
ptp4l[13786.334]: master offset    -222206 s2 freq -5543087 path delay    765352
ptp4l[13787.333]: master offset     -88582 s2 freq -5529813 path delay    697711
ptp4l[13788.335]: master offset    -175126 s2 freq -5538642 path delay    697711
ptp4l[13789.337]: master offset      -4043 s2 freq -5521538 path delay    683312
ptp4l[13790.339]: master offset    -164247 s2 freq -5537723 path delay    683312
ptp4l[13791.342]: master offset     344096 s2 freq -5486544 path delay    683312
ptp4l[13792.342]: master offset    -497582 s2 freq -5571210 path delay    664335
ptp4l[13793.347]: master offset     304963 s2 freq -5490650 path delay    664335
ptp4l[13794.346]: master offset     338007 s2 freq -5487008 path delay    664335
ptp4l[13795.349]: master offset     468051 s2 freq -5473535 path delay    743696
ptp4l[13796.353]: master offset    3294264 s2 freq -5187620 path delay    743696
ptp4l[13797.351]: master offset     -19211 s2 freq -5518987 path delay    806096
ptp4l[13798.352]: master offset    -414501 s2 freq -5558930 path delay    789204
ptp4l[13799.355]: master offset    -189386 s2 freq -5536608 path delay    692716
ptp4l[13800.355]: master offset    -500891 s2 freq -5568259 path delay    673332
ptp4l[13801.359]: master offset     122290 s2 freq -5505819 path delay    785243
ptp4l[13802.361]: master offset    -203748 s2 freq -5538627 path delay    785243
ptp4l[13803.361]: master offset     346404 s2 freq -5483265 path delay    704541
ptp4l[13804.362]: master offset     199679 s2 freq -5497738 path delay    704541
ptp4l[13805.368]: master offset    1629568 s2 freq -5353119 path delay    704541
ptp4l[13806.371]: master offset    3936090 s2 freq -5118531 path delay    704541
ptp4l[13807.373]: master offset    2030252 s2 freq -5307085 path delay    706327
ptp4l[13808.378]: master offset    -270730 s2 freq -5537453 path delay    706327
ptp4l[13809.383]: master offset     142379 s2 freq -5496000 path delay    735164
ptp4l[13810.385]: master offset    -607436 s2 freq -5571589 path delay    725670
ptp4l[13811.391]: master offset    4132554 s2 freq -5093458 path delay    681877
ptp4l[13812.402]: master offset   11033824 s2 freq -4392297 path delay    725670
ptp4l[13813.397]: master offset    2783965 s2 freq -5214499 path delay   1183851
ptp4l[13814.411]: master offset    -953867 s2 freq -5589236 path delay   1546997
ptp4l[13815.398]: master offset    -101776 s2 freq -5504128 path delay    729258
ptp4l[13816.400]: master offset    -253250 s2 freq -5519529 path delay    773293
ptp4l[13817.403]: master offset       4023 s2 freq -5493798 path delay    734509
ptp4l[13818.404]: master offset     -65123 s2 freq -5500777 path delay    734509
ptp4l[13819.406]: master offset    -282287 s2 freq -5522776 path delay   1161867
ptp4l[13820.408]: master offset    -276753 s2 freq -5522500 path delay    841539
ptp4l[13821.408]: master offset      54070 s2 freq -5489363 path delay    761144
ptp4l[13822.411]: master offset        546 s2 freq -5494715 path delay    748422
ptp4l[13823.414]: master offset      12466 s2 freq -5493511 path delay    717109
ptp4l[13824.414]: master offset      85275 s2 freq -5486144 path delay    717109
ptp4l[13825.418]: master offset    1036233 s2 freq -5390012 path delay    748422
ptp4l[13826.419]: master offset    -213664 s2 freq -5515216 path delay    748422
ptp4l[13827.422]: master offset     149311 s2 freq -5478769 path delay    748422
ptp4l[13828.422]: master offset      76099 s2 freq -5486014 path delay    748422
ptp4l[13829.422]: master offset     149258 s2 freq -5478549 path delay    748422
ptp4l[13830.429]: master offset    1826699 s2 freq -5308978 path delay    748422
ptp4l[13831.428]: master offset     -60964 s2 freq -5497805 path delay    884134
ptp4l[13832.430]: master offset    -448639 s2 freq -5537021 path delay    949079
ptp4l[13833.430]: master offset    -112109 s2 freq -5503481 path delay    949079
ptp4l[13834.433]: master offset     -33782 s2 freq -5495682 path delay    949079
ptp4l[13835.435]: master offset      54507 s2 freq -5486798 path delay    837222
ptp4l[13836.435]: master offset     328037 s2 freq -5459117 path delay    837222
ptp4l[13837.438]: master offset     -68145 s2 freq -5498804 path delay    873551
ptp4l[13838.438]: master offset    -439321 s2 freq -5536360 path delay    955274
ptp4l[13839.447]: master offset      -6692 s2 freq -5493104 path delay    873551
ptp4l[13840.449]: master offset    -165713 s2 freq -5509172 path delay    873551
ptp4l[13841.451]: master offset    -120481 s2 freq -5504769 path delay    873551
ptp4l[13842.453]: master offset    -209050 s2 freq -5513835 path delay    837222
ptp4l[13843.455]: master offset     712940 s2 freq -5420923 path delay    837222
ptp4l[13844.455]: master offset    -127139 s2 freq -5505058 path delay    859285
ptp4l[13845.458]: master offset     317658 s2 freq -5460261 path delay    859285
ptp4l[13846.460]: master offset    -417058 s2 freq -5534150 path delay    934001
ptp4l[13847.464]: master offset     -70069 s2 freq -5499521 path delay    934001
ptp4l[13848.465]: master offset    -434432 s2 freq -5536392 path delay    993661
ptp4l[13849.466]: master offset      83208 s2 freq -5484544 path delay    820277
ptp4l[13850.466]: master offset    -248176 s2 freq -5517931 path delay    742343
ptp4l[13851.468]: master offset    -254520 s2 freq -5518820 path delay    742343
ptp4l[13852.469]: master offset    -195961 s2 freq -5513160 path delay    749771
ptp4l[13853.470]: master offset    -111736 s2 freq -5504849 path delay    749771
ptp4l[13854.473]: master offset      -5686 s2 freq -5494250 path delay    749771
ptp4l[13855.476]: master offset    1333494 s2 freq -5358998 path delay    686436
ptp4l[13856.479]: master offset    2226960 s2 freq -5267425 path delay    686436
ptp4l[13857.479]: master offset     269285 s2 freq -5462923 path delay    718214
ptp4l[13858.481]: master offset     -46988 s2 freq -5494597 path delay    718214
ptp4l[13859.483]: master offset    -171217 s2 freq -5507191 path delay    715395
ptp4l[13860.484]: master offset    1037370 s2 freq -5385295 path delay    715395
ptp4l[13861.484]: master offset     -22674 s2 freq -5491322 path delay    715395
ptp4l[13862.486]: master offset     902414 s2 freq -5397911 path delay    715395
ptp4l[13863.487]: master offset    -585810 s2 freq -5547319 path delay   1248126
ptp4l[13864.490]: master offset      90169 s2 freq -5479631 path delay   1248126
ptp4l[13865.490]: master offset    -794991 s2 freq -5568942 path delay   1029643
ptp4l[13866.493]: master offset    -275501 s2 freq -5517269 path delay    813778
ptp4l[13867.495]: master offset     277079 s2 freq -5461734 path delay    813778
ptp4l[13868.496]: master offset    -381364 s2 freq -5527959 path delay    876177
ptp4l[13869.497]: master offset    -249952 s2 freq -5515068 path delay    876177
ptp4l[13870.500]: master offset    -209818 s2 freq -5511265 path delay    769487
ptp4l[13871.501]: master offset     210834 s2 freq -5468989 path delay    769487
ptp4l[13872.501]: master offset    -257858 s2 freq -5516116 path delay    813778
ptp4l[13873.503]: master offset     696404 s2 freq -5419993 path delay    704415
ptp4l[13874.505]: master offset     138939 s2 freq -5475601 path delay    704415
ptp4l[13875.506]: master offset      75482 s2 freq -5481871 path delay    756666
ptp4l[13876.509]: master offset    -156645 s2 freq -5505240 path delay    768417
