ptp4l[13626.504]: port 1: INITIALIZING to LISTENING on INIT_COMPLETE
ptp4l[13626.504]: port 0: INITIALIZING to LISTENING on INIT_COMPLETE
ptp4l[13629.502]: port 1: new foreign master 8685f6.fffe.440b25-2
ptp4l[13633.503]: selected best master clock fe25c8.fffe.74b738
ptp4l[13633.504]: foreign master not using PTP timescale
ptp4l[13633.504]: port 1: LISTENING to UNCALIBRATED on RS_SLAVE
ptp4l[13636.523]: rms 174262 max 234548 freq -5512456 +/-   0 delay 980798 +/- 52177
ptp4l[13638.511]: rms 1353511 max 1896983 freq -5512456 +/-   0 delay 785493 +/- 38775
ptp4l[13640.533]: rms 477577 max 622508 freq -5512456 +/-   0 delay 928621 +/- 85204
ptp4l[13642.532]: rms 195729 max 222899 freq -5512456 +/-   0 delay 839117 +/- 53823
ptp4l[13644.530]: rms 232461 max 327216 freq -5512456 +/-   0 delay 712974 +/-   0
ptp4l[13646.536]: rms 125349 max 176807 freq -5512456 +/-   0 delay 614863 +/- 64255
ptp4l[13649.538]: rms 1505716 max 2106866 freq -5512456 +/-   0 delay 510978 +/- 15950
ptp4l[13651.543]: rms 494313 max 668704 freq -5521230 +/- 8774 delay 559390 +/- 25856
ptp4l[13652.533]: port 1: UNCALIBRATED to SLAVE on MASTER_CLOCK_SELECTED
ptp4l[13653.536]: rms 215492 max 304285 freq -5546373 +/- 14363 delay 585246 +/-   0
ptp4l[13655.540]: rms 359596 max 478182 freq -5545645 +/- 32803 delay 627923 +/- 30400
ptp4l[13657.553]: rms 141450 max 175850 freq -5534647 +/- 13648 delay 695859 +/-   0
ptp4l[13659.542]: rms 203842 max 230020 freq -5533464 +/- 20304 delay 759338 +/-   0
ptp4l[13661.553]: rms 471851 max 586340 freq -5544129 +/- 45539 delay 826145 +/-   0
ptp4l[13663.549]: rms 331387 max 364275 freq -5564467 +/- 3653 delay 743824 +/- 15514
ptp4l[13665.548]: rms 426195 max 561852 freq -5514057 +/- 39111 delay 677802 +/- 50508
ptp4l[13667.557]: rms 1111169 max 1571295 freq -5450948 +/- 78320 delay 740658 +/- 12348
ptp4l[13669.556]: rms 131832 max 145982 freq -5528169 +/- 13155 delay 753006 +/-   0
ptp4l[13671.557]: rms 2893521 max 4030724 freq -5359805 +/- 237181 delay 866400 +/- 72667
ptp4l[13673.559]: rms 239068 max 302418 freq -5549384 +/- 7714 delay 857638 +/- 115158
ptp4l[13675.569]: rms 240284 max 302826 freq -5534515 +/- 22927 delay 675573 +/- 19206
ptp4l[13677.571]: rms 258425 max 283416 freq -5524203 +/- 25823 delay 656367 +/-   0
ptp4l[13679.564]: rms 182046 max 214049 freq -5523260 +/- 17927 delay 545022 +/- 18358
ptp4l[13681.572]: rms 314152 max 395674 freq -5516906 +/- 29987 delay 484312 +/-   0
ptp4l[13683.583]: rms 570117 max 783570 freq -5477133 +/- 29586 delay 526664 +/-   0
ptp4l[13685.575]: rms 138980 max 176917 freq -5521015 +/- 13170 delay 605867 +/- 5186
ptp4l[13687.590]: rms 99038 max 115580 freq -5527522 +/- 9774 delay 636660 +/- 36213
ptp4l[13689.588]: rms 113905 max 160257 freq -5532920 +/- 8909 delay 643748 +/- 7409
ptp4l[13691.595]: rms 266072 max 356820 freq -5550033 +/- 11809 delay 636661 +/- 11902
ptp4l[13693.597]: rms 472506 max 541897 freq -5518388 +/- 46840 delay 622004 +/-   0
ptp4l[13695.577]: rms 223120 max 315048 freq -5509173 +/- 14864 delay 584547 +/-   0
ptp4l[13697.596]: rms 384160 max 414164 freq -5486949 +/- 3335 delay 565106 +/- 3734
ptp4l[13699.606]: rms 506232 max 709274 freq -5483942 +/- 30549 delay 568839 +/-   0
ptp4l[13701.596]: rms 485366 max 568873 freq -5475906 +/- 9522 delay 597430 +/-   0
ptp4l[13703.600]: rms 299375 max 315242 freq -5553620 +/- 1490 delay 736356 +/- 19614
ptp4l[13705.609]: rms 1374314 max 1942397 freq -5421392 +/- 93706 delay 736356 +/- 19614
ptp4l[13707.613]: rms 171973 max 190972 freq -5539203 +/- 1943 delay 755971 +/-   0
ptp4l[13709.608]: rms 21355 max 25845 freq -5522708 +/- 2086 delay 768639 +/-   0
ptp4l[13711.612]: rms 170171 max 179431 freq -5521158 +/- 17071 delay 809837 +/-   0
ptp4l[13713.612]: rms 264291 max 367486 freq -5506894 +/- 21819 delay 852502 +/-   0
ptp4l[13715.621]: rms 17977 max 25179 freq -5520800 +/- 1447 delay 780544 +/- 39203
ptp4l[13717.624]: rms 419209 max 592463 freq -5490571 +/- 28539 delay 725669 +/-   0
ptp4l[13719.618]: rms 423575 max 489868 freq -5528412 +/- 41976 delay 679949 +/-   0
ptp4l[13721.628]: rms 224351 max 315232 freq -5503646 +/- 14119 delay 622854 +/- 22359
ptp4l[13723.635]: rms 410875 max 579467 freq -5493673 +/- 31148 delay 586174 +/-   0
ptp4l[13725.628]: rms 96859 max 132168 freq -5512004 +/- 4875 delay 581233 +/-   0
ptp4l[13727.645]: rms 170531 max 239942 freq -5509335 +/- 13223 delay 590794 +/- 9560
ptp4l[13729.642]: rms 242192 max 324802 freq -5509055 +/- 21730 delay 609183 +/- 12486
ptp4l[13731.649]: rms 311075 max 424521 freq -5535467 +/- 27208 delay 635876 +/- 9036
ptp4l[13733.661]: rms 695345 max 922407 freq -5491025 +/- 63624 delay 626840 +/-   0
ptp4l[13735.668]: rms 1141979 max 1595789 freq -5450799 +/- 92333 delay 640578 +/- 13738
ptp4l[13737.660]: rms 195053 max 268682 freq -5528843 +/- 16588 delay 626840 +/-   0
ptp4l[13739.670]: rms 221268 max 307484 freq -5537115 +/- 12441 delay 646562 +/- 10964
ptp4l[13741.671]: rms 503910 max 593643 freq -5468780 +/- 10266 delay 631057 +/-   0
ptp4l[13751.237]: port 1: SLAVE to LISTENING on ANNOUNCE_RECEIPT_TIMEOUT_EXPIRES
ptp4l[13751.237]: selected local clock 5602a4.fffe.7f678a as best master
ptp4l[13759.221]: selected local clock 5602a4.fffe.7f678a as best master
ptp4l[13765.686]: selected local clock 5602a4.fffe.7f678a as best master
ptp4l[13768.596]: selected best master clock fe25c8.fffe.74b738
ptp4l[13768.596]: foreign master not using PTP timescale
ptp4l[13768.596]: port 1: LISTENING to UNCALIBRATED on RS_SLAVE
ptp4l[13770.574]: rms 1319146 max 1861765 freq -5605837 +/- 99961 delay 1272787 +/- 799687
ptp4l[13770.575]: port 1: UNCALIBRATED to SLAVE on MASTER_CLOCK_SELECTED
ptp4l[13772.576]: rms 1258938 max 1581866 freq -5641556 +/- 37833 delay 1788366 +/- 204712
ptp4l[13774.598]: rms 502680 max 710727 freq -5557481 +/- 36322 delay 1151155 +/-   0
ptp4l[13776.602]: rms 132145 max 186834 freq -5532031 +/- 9554 delay 844728 +/- 42024
ptp4l[13778.599]: rms 12358 max 16255 freq -5523402 +/- 1137 delay 886752 +/-   0
ptp4l[13780.611]: rms 574159 max 760971 freq -5575783 +/- 24266 delay 1001945 +/- 38398
ptp4l[13782.596]: rms 449147 max 604537 freq -5503365 +/- 40276 delay 883126 +/- 80421
ptp4l[13784.621]: rms 465027 max 596198 freq -5507591 +/- 43987 delay 857270 +/- 54564
ptp4l[13786.622]: rms 122465 max 151901 freq -5511309 +/- 3511 delay 941564 +/- 22940
ptp4l[13788.631]: rms 91673 max 119061 freq -5526469 +/- 8544 delay 914712 +/- 42341
ptp4l[13790.630]: rms 127110 max 142586 freq -5535840 +/- 1727 delay 792582 +/-   0
ptp4l[13792.633]: rms 241010 max 266149 freq -5520727 +/- 24087 delay 720160 +/- 1980
ptp4l[13794.635]: rms 548930 max 637338 freq -5513674 +/- 54347 delay 708422 +/-   0
ptp4l[13796.634]: rms 938683 max 1320899 freq -5449613 +/- 60096 delay 695633 +/- 12789
ptp4l[13798.642]: rms 465342 max 561646 freq -5475643 +/- 10761 delay 710461 +/-   0
ptp4l[13800.650]: rms 638834 max 826755 freq -5460374 +/- 23537 delay 759660 +/- 13863
ptp4l[13802.647]: rms 517861 max 705376 freq -5493937 +/- 45471 delay 810097 +/-   0
ptp4l[13804.648]: rms 2266407 max 2696008 freq -5293970 +/- 47263 delay 857518 +/- 16402
ptp4l[13806.654]: rms 262896 max 352204 freq -5502861 +/- 23741 delay 957298 +/-   0
ptp4l[13808.668]: rms 177075 max 250213 freq -5526455 +/- 13147 delay 963444 +/- 6146
ptp4l[13810.672]: rms 156930 max 215134 freq -5528306 +/- 8004 delay 906605 +/-   0
ptp4l[13812.668]: rms 146596 max 177020 freq -5500408 +/- 3544 delay 902938 +/- 3668
ptp4l[13814.667]: rms 38039 max 49487 freq -5516024 +/- 3540 delay 899270 +/-   0
ptp4l[13816.673]: rms 326300 max 331020 freq -5513949 +/- 32787 delay 810681 +/- 35684
ptp4l[13818.679]: rms 370473 max 519260 freq -5491627 +/- 29487 delay 706059 +/-   0
ptp4l[13820.660]: rms 4948608 max 6998383 freq -5156795 +/- 349497 delay 706059 +/-   0
ptp4l[13822.677]: rms 476873 max 671914 freq -5469939 +/- 30674 delay 709642 +/- 13000
ptp4l[13824.670]: rms 801400 max 1126617 freq -5443213 +/- 50726 delay 774212 +/-   0
ptp4l[13826.692]: rms 772889 max 1091562 freq -5447136 +/- 52292 delay 841052 +/- 47263
ptp4l[13828.693]: rms 5125534 max 7248004 freq -5142718 +/- 370672 delay 933803 +/-   0
ptp4l[13830.695]: rms 397958 max 536622 freq -5532597 +/- 18617 delay 933803 +/-   0
ptp4l[13832.687]: rms 176873 max 231596 freq -5504428 +/- 16421 delay 784176 +/- 60160
ptp4l[13834.705]: rms 657212 max 899746 freq -5463571 +/- 56756 delay 844335 +/-   0
ptp4l[13836.702]: rms 139688 max 195464 freq -5488499 +/- 11219 delay 881295 +/-   0
ptp4l[13838.709]: rms 320206 max 427401 freq -5526071 +/- 14102 delay 744424 +/- 27344
ptp4l[13840.714]: rms 105545 max 129523 freq -5500292 +/- 10222 delay 698508 +/-   0
ptp4l[13842.705]: rms 164966 max 192914 freq -5494274 +/- 16271 delay 686214 +/- 4795
ptp4l[13844.712]: rms 227840 max 313654 freq -5485155 +/- 19409 delay 688800 +/- 2208
ptp4l[13846.700]: rms 123267 max 174249 freq -5488560 +/- 8973 delay 681419 +/-   0
ptp4l[13848.721]: rms 628867 max 884495 freq -5457084 +/- 49308 delay 681419 +/-   0
ptp4l[13850.727]: rms 186798 max 210849 freq -5493694 +/- 18606 delay 661290 +/- 20130
ptp4l[13852.732]: rms 657319 max 923731 freq -5454326 +/- 51449 delay 688281 +/- 10769
ptp4l[13854.726]: rms 727976 max 880055 freq -5423493 +/- 17024 delay 705878 +/-   0
ptp4l[13856.730]: rms 798029 max 936992 freq -5477922 +/- 78618 delay 850094 +/- 46432
ptp4l[13858.703]: rms 180088 max 247207 freq -5503146 +/- 15454 delay 855090 +/- 41436
ptp4l[13860.738]: rms 783314 max 1068950 freq -5453982 +/- 68128 delay 931738 +/- 35212
ptp4l[13862.738]: rms 353340 max 475142 freq -5524925 +/- 16259 delay 966949 +/-   0
ptp4l[13864.729]: rms 339898 max 435203 freq -5461167 +/- 11453 delay 1021364 +/-   0
ptp4l[13866.746]: rms 399158 max 561669 freq -5467543 +/- 31185 delay 881723 +/- 14803
ptp4l[13868.750]: rms 245829 max 287279 freq -5487761 +/- 24251 delay 981362 +/-   0
ptp4l[13870.743]: rms 175399 max 235357 freq -5484386 +/- 15724 delay 934838 +/- 64422
ptp4l[13872.755]: rms 229104 max 290356 freq -5484946 +/- 21852 delay 999261 +/-   0
ptp4l[13874.766]: rms 162530 max 228472 freq -5502385 +/- 12795 delay 924638 +/-   0
ptp4l[13876.763]: rms 557229 max 759140 freq -5541454 +/- 27764 delay 897527 +/- 27111
