ptp4l[7600.458]: port 1: INITIALIZING to LISTENING on INIT_COMPLETE
ptp4l[7600.458]: port 0: INITIALIZING to LISTENING on INIT_COMPLETE
ptp4l[7603.319]: port 1: new foreign master fa9f5e.fffe.d50530-2
ptp4l[7607.193]: selected local clock aae0f9.fffe.ef568b as best master
ptp4l[7607.329]: selected best master clock 02cbeb.fffe.614845
ptp4l[7607.329]: foreign master not using PTP timescale
ptp4l[7607.329]: port 1: LISTENING to UNCALIBRATED on RS_SLAVE
ptp4l[7610.330]: rms 469322 max 651226 freq +1900000 +/-   0 delay 451213 +/-   0
ptp4l[7612.326]: rms 916761 max 1287673 freq +1900000 +/-   0 delay 541053 +/- 9864
ptp4l[7614.331]: rms 74029 max 100735 freq +1900000 +/-   0 delay 599440 +/- 8535
ptp4l[7616.334]: rms 59134 max 67616 freq +1900000 +/-   0 delay 629298 +/-   0
ptp4l[7618.336]: rms 1104925 max 1557593 freq +1900000 +/-   0 delay 607975 +/-   0
ptp4l[7620.336]: rms 143231 max 147924 freq +1900000 +/-   0 delay 639960 +/- 10662
ptp4l[7622.339]: rms 182711 max 225440 freq +1900000 +/-   0 delay 629298 +/-   0
ptp4l[7624.341]: rms 55167 max 61357 freq +1900000 +/-   0 delay 599137 +/-   0
ptp4l[7626.342]: rms 105448 max 131641 freq +1903025 +/- 6648
ptp4l[7626.342]: port 1: UNCALIBRATED to SLAVE on MASTER_CLOCK_SELECTED
ptp4l[7628.346]: rms 170392 max 234635 freq +1881860 +/- 9104 delay 714875 +/-   0
ptp4l[7630.348]: rms 141651 max 197949 freq +1884571 +/- 8344 delay 587616 +/- 11521
ptp4l[7632.349]: rms 336982 max 438370 freq +1908907 +/- 31359 delay 543097 +/-   0
ptp4l[7634.351]: rms 136906 max 170946 freq +1882973 +/- 4087 delay 543097 +/-   0
ptp4l[7636.353]: rms 90856 max 128325 freq +1902792 +/- 6156 delay 488731 +/- 12163
ptp4l[7638.356]: rms 390780 max 552287 freq +1922989 +/- 28887 delay 505932 +/-   0
ptp4l[7640.358]: rms 16210 max 22102 freq +1895213 +/- 798 delay 505932 +/-   0
ptp4l[7642.366]: rms 362334 max 512341 freq +1922943 +/- 25431 delay 537474 +/- 16338
ptp4l[7644.366]: rms 6147445 max 8690167 freq +2327647 +/- 447201 delay 592562 +/- 19889
ptp4l[7646.369]: rms 806888 max 1043935 freq +1935550 +/- 75467 delay 702734 +/- 54954
ptp4l[7648.373]: rms 303260 max 306814 freq +1875386 +/- 511 delay 671092 +/- 88801
ptp4l[7650.373]: rms 403913 max 524568 freq +1890596 +/- 37795 delay 706563 +/-   0
ptp4l[7652.376]: rms 258924 max 303907 freq +1879493 +/- 5134 delay 691769 +/-   0
ptp4l[7654.382]: rms 237989 max 332971 freq +1924067 +/- 14362 delay 524811 +/-   0
ptp4l[7656.381]: rms 367828 max 496036 freq +1922518 +/- 32713 delay 528039 +/- 5591
ptp4l[7658.382]: rms 330952 max 374460 freq +1938701 +/- 4871 delay 542619 +/- 4897
ptp4l[7660.384]: rms 54797 max 75205 freq +1908970 +/- 4733 delay 585138 +/- 36248
ptp4l[7662.384]: rms 211627 max 219990 freq +1905422 +/- 21255 delay 631720 +/-   0
ptp4l[7664.387]: rms 65723 max 92683 freq +1901841 +/- 5030 delay 649562 +/-   0
ptp4l[7666.390]: rms 123671 max 174520 freq +1914308 +/- 9387 delay 590949 +/-   0
ptp4l[7668.393]: rms 73717 max 93094 freq +1899125 +/- 2285 delay 590949 +/-   0
ptp4l[7670.393]: rms 167623 max 185623 freq +1904248 +/- 16746 delay 590949 +/-   0
ptp4l[7672.397]: rms 533858 max 636568 freq +1958914 +/- 11849 delay 609154 +/-   0
ptp4l[7674.397]: rms 365944 max 506525 freq +1876115 +/- 20273 delay 618952 +/- 13856
ptp4l[7676.400]: rms 201242 max 266118 freq +1898201 +/- 18483 delay 597893 +/- 28781
ptp4l[7678.402]: rms 34724 max 42967 freq +1902937 +/- 948 delay 638547 +/-   0
ptp4l[7680.404]: rms 17907 max 20551 freq +1908055 +/- 298 delay 555578 +/-   0
ptp4l[7682.408]: rms 75874 max 101171 freq +1913263 +/- 3253 delay 472148 +/- 10318
ptp4l[7684.410]: rms 97330 max 134354 freq +1914746 +/- 5289 delay 447430 +/-   0
ptp4l[7686.410]: rms 119007 max 162376 freq +1912645 +/- 10354 delay 470646 +/- 5794
ptp4l[7688.411]: rms 93551 max 125968 freq +1915141 +/- 4339 delay 481019 +/- 3238
ptp4l[7690.416]: rms 2248685 max 2398426 freq +2134659 +/- 14466 delay 483308 +/-   0
ptp4l[7692.417]: rms 117595 max 153343 freq +1922397 +/- 4525 delay 487120 +/- 3812
ptp4l[7694.420]: rms 889252 max 1257592 freq +1975729 +/- 62876 delay 514965 +/- 23974
ptp4l[7696.421]: rms 138020 max 191805 freq +1901314 +/- 7876 delay 547845 +/- 153
ptp4l[7698.422]: rms 84710 max 119366 freq +1906071 +/- 5520 delay 547998 +/-   0
ptp4l[7700.425]: rms 325886 max 455291 freq +1931833 +/- 26568 delay 565708 +/- 17710
ptp4l[7702.425]: rms 119014 max 167007 freq +1905504 +/- 9479 delay 591118 +/- 6501
ptp4l[7704.431]: rms 184207 max 259328 freq +1927202 +/- 11716 delay 652643 +/-   0
ptp4l[7706.431]: rms 1045050 max 1471251 freq +1980959 +/- 80647 delay 623090 +/- 23772
ptp4l[7708.433]: rms 239105 max 295837 freq +1891048 +/- 6751 delay 646863 +/-   0
ptp4l[7710.437]: rms 807895 max 1007138 freq +1992256 +/- 23885 delay 674867 +/- 39603
ptp4l[7712.438]: rms 155559 max 212788 freq +1907530 +/- 13538 delay 758156 +/- 19291
ptp4l[7714.441]: rms 178699 max 188748 freq +1897169 +/- 1129 delay 722036 +/-   0
ptp4l[7716.434]: rms 338865 max 464623 freq +1897438 +/- 29334 delay 722036 +/-   0
ptp4l[7718.443]: rms 160931 max 209237 freq +1899434 +/- 6089 delay 722036 +/-   0
ptp4l[7720.444]: rms 251168 max 306579 freq +1889637 +/- 6513 delay 612878 +/- 69673
ptp4l[7722.445]: rms 512691 max 704634 freq +1958080 +/- 27041 delay 493021 +/- 23704
ptp4l[7724.452]: rms 199755 max 278811 freq +1926580 +/- 16237 delay 496451 +/-   0
ptp4l[7726.455]: rms 378890 max 484928 freq +1951134 +/- 12735 delay 496451 +/-   0
ptp4l[7728.456]: rms 54609 max 65462 freq +1916873 +/- 5342 delay 577154 +/- 23518
ptp4l[7730.460]: rms 42199 max 51042 freq +1911474 +/- 1031 delay 701195 +/-   0
ptp4l[7732.458]: rms 296302 max 417858 freq +1895821 +/- 22478 delay 701195 +/-   0
ptp4l[7734.461]: rms 90857 max 102656 freq +1906022 +/- 1230 delay 634569 +/-   0
ptp4l[7736.456]: rms 770886 max 1035222 freq +1985039 +/- 34499 delay 634846 +/- 3210
ptp4l[7738.468]: rms 1806495 max 2474551 freq +2073716 +/- 93206 delay 638056 +/-   0
ptp4l[7740.463]: rms 1066383 max 1457706 freq +1973366 +/- 92943 delay 638056 +/-   0
ptp4l[7742.463]: rms 579827 max 811447 freq +1955957 +/- 46537 delay 688802 +/-   0
ptp4l[7744.465]: rms 501903 max 580796 freq +1929752 +/- 49732 delay 678944 +/- 17074
ptp4l[7746.468]: rms 1686797 max 2361537 freq +2023464 +/- 136118 delay 608440 +/- 4774
ptp4l[7748.470]: rms 222691 max 306372 freq +1904120 +/- 11636 delay 613214 +/-   0
ptp4l[7750.471]: rms 98984 max 125931 freq +1932526 +/- 3303 delay 523901 +/-   0
ptp4l[7752.472]: rms 53540 max 75566 freq +1919623 +/- 4019 delay 476397 +/-   0
ptp4l[7754.475]: rms 186066 max 220964 freq +1904680 +/- 3833 delay 504166 +/-   0
ptp4l[7756.474]: rms 56422 max 56639 freq +1922751 +/- 5670 delay 504166 +/-   0
ptp4l[7758.477]: rms 239002 max 334235 freq +1903214 +/- 14171 delay 527787 +/-   0
ptp4l[7760.475]: rms 218499 max 308963 freq +1906403 +/- 15192 delay 527787 +/-   0
ptp4l[7762.477]: rms 801665 max 1118499 freq +1969142 +/- 65743 delay 527787 +/-   0
ptp4l[7764.479]: rms 174764 max 245048 freq +1908913 +/- 10627 delay 535916 +/- 12142
ptp4l[7766.481]: rms 196260 max 226799 freq +1926052 +/- 19453 delay 523774 +/-   0
ptp4l[7768.483]: rms 173288 max 242708 freq +1912160 +/- 13848 delay 558917 +/- 8137
ptp4l[7770.485]: rms 238027 max 336048 freq +1904487 +/- 15811 delay 593622 +/- 26104
ptp4l[7772.485]: rms 187013 max 263715 freq +1909824 +/- 14198 delay 542713 +/- 523
ptp4l[7774.486]: rms 169727 max 214245 freq +1916556 +/- 16178 delay 524288 +/-   0
ptp4l[7776.487]: rms 310187 max 370215 freq +1928606 +/- 30462 delay 540246 +/- 15958
ptp4l[7778.490]: rms 156443 max 201716 freq +1907169 +/- 5496 delay 598798 +/-   0
ptp4l[7780.489]: rms 215640 max 248172 freq +1925247 +/- 21394 delay 515241 +/- 9047
ptp4l[7782.491]: rms 120961 max 140668 freq +1909735 +/- 2118 delay 501428 +/- 141
ptp4l[7784.493]: rms 87141 max 123216 freq +1915191 +/- 6049 delay 501832 +/-   0
ptp4l[7786.495]: rms 60940 max 78254 freq +1919293 +/- 5736 delay 501560 +/- 272
ptp4l[7788.498]: rms 898720 max 1211811 freq +2002577 +/- 41235 delay 535396 +/- 38480
ptp4l[7790.499]: rms 302263 max 381270 freq +1893808 +/- 9303 delay 666549 +/- 63571
ptp4l[7792.503]: rms 287755 max 402772 freq +1898962 +/- 17202 delay 592174 +/- 10804
ptp4l[7794.504]: rms 218787 max 229206 freq +1920785 +/- 21957 delay 581371 +/-   0
ptp4l[7796.504]: rms 166739 max 226545 freq +1907099 +/- 8023 delay 581371 +/-   0
ptp4l[7798.507]: rms 826449 max 1144982 freq +1967520 +/- 69553 delay 566546 +/-   0
ptp4l[7800.510]: rms 267657 max 343055 freq +1897001 +/- 9074 delay 540035 +/- 19450
ptp4l[7802.515]: rms 616541 max 869762 freq +1962868 +/- 46989 delay 490004 +/- 25406
ptp4l[7804.518]: rms 81340 max 106015 freq +1919729 +/- 7555 delay 481536 +/- 23953
ptp4l[7806.520]: rms 129365 max 176263 freq +1916305 +/- 11288 delay 497158 +/- 18252
ptp4l[7808.524]: rms 97591 max 106784 freq +1921662 +/- 9755 delay 469932 +/-   0
ptp4l[7810.525]: rms 160879 max 200233 freq +1917917 +/- 15467 delay 511522 +/-   0
ptp4l[7812.524]: rms 93133 max 104102 freq +1921346 +/- 9280 delay 504714 +/- 13739
ptp4l[7814.529]: rms 73025 max 78466 freq +1923095 +/- 7320 delay 523943 +/-   0
ptp4l[7816.532]: rms 104315 max 138392 freq +1918091 +/- 9500 delay 513047 +/-   0
ptp4l[7818.538]: rms 1664928 max 2350101 freq +2033771 +/- 125925 delay 518124 +/-   0
ptp4l[7820.539]: rms 131690 max 174142 freq +1919139 +/- 12041 delay 497496 +/-   0
ptp4l[7822.539]: rms 497581 max 700798 freq +1957103 +/- 38256 delay 511532 +/- 6592
ptp4l[7824.542]: rms 228156 max 322591 freq +1909104 +/- 16470 delay 505079 +/-   0
ptp4l[7826.544]: rms 172665 max 187205 freq +1926358 +/- 17293 delay 505079 +/-   0
ptp4l[7828.546]: rms 95028 max 123344 freq +1915945 +/- 3473 delay 497376 +/- 6265
ptp4l[7830.548]: rms 172291 max 194052 freq +1907439 +/- 2432 delay 491710 +/- 1398
ptp4l[7832.550]: rms 120991 max 152012 freq +1920626 +/- 11567 delay 479539 +/-   0
ptp4l[7834.551]: rms 70601 max 78921 freq +1925205 +/- 7044 delay 479539 +/-   0
ptp4l[7836.558]: rms 501839 max 701955 freq +1965439 +/- 29815 delay 428256 +/- 16352
ptp4l[7838.561]: rms 268042 max 329965 freq +1951414 +/- 7075 delay 411904 +/-   0
ptp4l[7840.561]: rms 170121 max 228170 freq +1933311 +/- 15337 delay 453290 +/-   0
ptp4l[7842.566]: rms 163947 max 230901 freq +1913098 +/- 10609 delay 483942 +/- 42656
ptp4l[7844.567]: rms 90428 max 102441 freq +1924310 +/- 9001 delay 572875 +/- 28610
ptp4l[7846.569]: rms 88348 max 103582 freq +1923886 +/- 8724 delay 639735 +/-   0
ptp4l[7848.571]: rms 233650 max 274222 freq +1902224 +/- 4401 delay 680282 +/-   0
ptp4l[7850.573]: rms 400252 max 517424 freq +1887226 +/- 14654 delay 680282 +/-   0
