ptp4l[7597.065]: port 1: INITIALIZING to LISTENING on INIT_COMPLETE
ptp4l[7597.065]: port 2: INITIALIZING to LISTENING on INIT_COMPLETE
ptp4l[7597.065]: port 0: INITIALIZING to LISTENING on INIT_COMPLETE
ptp4l[7601.448]: port 1: new foreign master 02cbeb.fffe.614845-1
ptp4l[7603.312]: port 2: LISTENING to MASTER on ANNOUNCE_RECEIPT_TIMEOUT_EXPIRES
ptp4l[7603.313]: selected local clock fa9f5e.fffe.d50530 as best master
ptp4l[7603.313]: port 2: assuming the grand master role
ptp4l[7604.224]: port 1: LISTENING to MASTER on ANNOUNCE_RECEIPT_TIMEOUT_EXPIRES
ptp4l[7604.224]: selected local clock fa9f5e.fffe.d50530 as best master
ptp4l[7604.224]: port 1: assuming the grand master role
ptp4l[7604.224]: port 2: assuming the grand master role
ptp4l[7605.450]: selected best master clock 02cbeb.fffe.614845
ptp4l[7605.450]: foreign master not using PTP timescale
ptp4l[7605.451]: port 1: MASTER to UNCALIBRATED on RS_SLAVE
ptp4l[7607.452]: master offset    -106097 s0 freq +1900000 path delay    574402
ptp4l[7608.454]: master offset     319188 s0 freq +1900000 path delay    574402
ptp4l[7609.455]: master offset    1617472 s0 freq +1900000 path delay    671570
ptp4l[7610.456]: master offset    -177667 s0 freq +1900000 path delay    768739
ptp4l[7611.455]: master offset    -389934 s0 freq +1900000 path delay    690118
ptp4l[7612.457]: master offset     -92585 s0 freq +1900000 path delay    687533
ptp4l[7613.456]: master offset    -450838 s0 freq +1900000 path delay    684949
ptp4l[7614.457]: master offset     -67510 s0 freq +1900000 path delay    646368
ptp4l[7615.457]: master offset    -243886 s0 freq +1900000 path delay    646368
ptp4l[7616.458]: master offset      -7837 s0 freq +1900000 path delay    607788
ptp4l[7617.459]: master offset     501051 s0 freq +1900000 path delay    646368
ptp4l[7618.460]: master offset    -166599 s0 freq +1900000 path delay    646368
ptp4l[7619.461]: master offset    1744108 s0 freq +1900000 path delay    593208
ptp4l[7620.462]: master offset     132511 s0 freq +1900000 path delay    593208
ptp4l[7621.461]: master offset    -329948 s0 freq +1900000 path delay    603786
ptp4l[7622.464]: master offset       8546 s0 freq +1900000 path delay    603786
ptp4l[7623.462]: master offset    -490211 s1 freq +1876055 path delay    645868
ptp4l[7624.465]: master offset     -20128 s2 freq +1874022 path delay    645868
ptp4l[7624.466]: port 1: UNCALIBRATED to SLAVE on MASTER_CLOCK_SELECTED
ptp4l[7625.465]: master offset    -347726 s2 freq +1840914 path delay    645868
ptp4l[7626.466]: master offset    -279943 s2 freq +1847412 path delay    645868
ptp4l[7627.466]: master offset    -358080 s2 freq +1839241 path delay    645868
ptp4l[7628.468]: master offset     411595 s2 freq +1916620 path delay    770354
ptp4l[7629.467]: master offset    -497824 s2 freq +1825180 path delay    770354
ptp4l[7630.469]: master offset    -193143 s2 freq +1855455 path delay    645868
ptp4l[7631.470]: master offset    1255436 s2 freq +2001568 path delay    620210
ptp4l[7632.471]: master offset      13681 s2 freq +1877407 path delay    620210
ptp4l[7633.470]: master offset    -466625 s2 freq +1828909 path delay    620210
ptp4l[7634.472]: master offset      93422 s2 freq +1885007 path delay    510649
ptp4l[7635.471]: master offset    -252598 s2 freq +1850153 path delay    510649
ptp4l[7636.477]: master offset      57800 s2 freq +1881250 path delay    384728
ptp4l[7637.478]: master offset      12684 s2 freq +1876751 path delay    384728
ptp4l[7638.478]: master offset     220962 s2 freq +1897800 path delay    384728
ptp4l[7639.484]: master offset    2613582 s2 freq +2139676 path delay    395082
ptp4l[7640.483]: master offset     321764 s2 freq +1910816 path delay    395082
ptp4l[7641.483]: master offset      86835 s2 freq +1887410 path delay    395082
ptp4l[7642.485]: master offset     328639 s2 freq +1911919 path delay    490180
ptp4l[7643.485]: master offset     -86340 s2 freq +1870335 path delay    550133
ptp4l[7644.486]: master offset     221247 s2 freq +1901314 path delay    550133
ptp4l[7645.486]: master offset    -278952 s2 freq +1851016 path delay    553274
ptp4l[7646.487]: master offset      19658 s2 freq +1880896 path delay    553274
ptp4l[7647.487]: master offset    -108130 s2 freq +1868009 path delay    550133
ptp4l[7648.489]: master offset      20129 s2 freq +1880855 path delay    550133
ptp4l[7649.489]: master offset    -221456 s2 freq +1856475 path delay    553274
ptp4l[7650.491]: master offset     -95665 s2 freq +1868959 path delay    553274
ptp4l[7651.492]: master offset    -217650 s2 freq +1856543 path delay    576099
ptp4l[7652.492]: master offset      -7519 s2 freq +1877548 path delay    539743
ptp4l[7653.493]: master offset    -200226 s2 freq +1858077 path delay    539743
ptp4l[7654.493]: master offset     228573 s2 freq +1901186 path delay    486580
ptp4l[7655.494]: master offset    -153566 s2 freq +1862818 path delay    486580
ptp4l[7656.496]: master offset     -13092 s2 freq +1876853 path delay    483742
ptp4l[7657.496]: master offset     -35777 s2 freq +1874548 path delay    483742
ptp4l[7658.498]: master offset     163941 s2 freq +1894684 path delay    480679
ptp4l[7659.500]: master offset     -58692 s2 freq +1872362 path delay    480679
ptp4l[7660.500]: master offset       -294 s2 freq +1878202 path delay    483742
ptp4l[7661.501]: master offset    -112390 s2 freq +1866880 path delay    480679
ptp4l[7662.503]: master offset     158408 s2 freq +1894118 path delay    481551
ptp4l[7663.503]: master offset    -176966 s2 freq +1860404 path delay    481551
ptp4l[7664.505]: master offset    1053989 s2 freq +1984553 path delay    481551
ptp4l[7665.506]: master offset      87755 s2 freq +1888017 path delay    516799
ptp4l[7666.507]: master offset      -8591 s2 freq +1878374 path delay    575374
ptp4l[7667.507]: master offset    -139264 s2 freq +1865168 path delay    573065
ptp4l[7668.506]: master offset    -275590 s2 freq +1851259 path delay    573065
ptp4l[7669.508]: master offset    -120811 s2 freq +1866617 path delay    573065
ptp4l[7670.509]: master offset    -190829 s2 freq +1859424 path delay    542747
ptp4l[7671.511]: master offset     136922 s2 freq +1892336 path delay    526367
ptp4l[7672.514]: master offset    1529161 s2 freq +2033089 path delay    542747
ptp4l[7673.514]: master offset    1103999 s2 freq +1991677 path delay    542747
ptp4l[7674.513]: master offset    -292754 s2 freq +1851709 path delay    542747
ptp4l[7675.515]: master offset    -147423 s2 freq +1866094 path delay    542747
ptp4l[7676.519]: master offset      93756 s2 freq +1890306 path delay    526367
ptp4l[7677.518]: master offset    -161254 s2 freq +1864644 path delay    537870
ptp4l[7678.520]: master offset     130503 s2 freq +1893950 path delay    562675
ptp4l[7679.521]: master offset    -105507 s2 freq +1870243 path delay    562675
ptp4l[7680.521]: master offset    -111909 s2 freq +1869491 path delay    483574
ptp4l[7681.522]: master offset    -131615 s2 freq +1867389 path delay    449463
ptp4l[7682.523]: master offset      43718 s2 freq +1884966 path delay    449463
ptp4l[7683.523]: master offset     -87364 s2 freq +1871771 path delay    449463
ptp4l[7684.526]: master offset    2745516 s2 freq +2157804 path delay    449463
ptp4l[7685.525]: master offset     184149 s2 freq +1901852 path delay    449463
ptp4l[7686.525]: master offset     203543 s2 freq +1903995 path delay    449463
ptp4l[7687.528]: master offset    -140147 s2 freq +1869485 path delay    496091
ptp4l[7688.528]: master offset     267919 s2 freq +1910560 path delay    499023
ptp4l[7689.529]: master offset     -72693 s2 freq +1876426 path delay    546215
ptp4l[7690.533]: master offset     -11393 s2 freq +1882545 path delay    546215
ptp4l[7691.530]: master offset     137971 s2 freq +1897619 path delay    546215
ptp4l[7692.531]: master offset    -143045 s2 freq +1869374 path delay    594008
ptp4l[7693.531]: master offset    -213494 s2 freq +1862116 path delay    594008
ptp4l[7694.534]: master offset    2338456 s2 freq +2119649 path delay    594008
ptp4l[7695.534]: master offset    1401841 s2 freq +2027390 path delay    594008
ptp4l[7696.535]: master offset    1244611 s2 freq +2012911 path delay    725194
ptp4l[7697.537]: master offset    2255524 s2 freq +2116258 path delay    738658
ptp4l[7698.537]: master offset    1507511 s2 freq +2042964 path delay    925814
ptp4l[7699.538]: master offset     163605 s2 freq +1908737 path delay   1259802
ptp4l[7700.542]: master offset    2478404 s2 freq +2142696 path delay   1259802
ptp4l[7701.539]: master offset   -1100092 s2 freq +1783746 path delay   1414863
ptp4l[7702.542]: master offset    -771793 s2 freq +1815804 path delay   1414863
ptp4l[7703.541]: master offset    -924422 s2 freq +1799617 path delay   1330134
ptp4l[7704.543]: master offset    -569511 s2 freq +1834538 path delay   1330134
ptp4l[7705.543]: master offset    -709138 s2 freq +1819867 path delay   1280790
ptp4l[7706.545]: master offset    -859051 s2 freq +1804016 path delay   1280790
ptp4l[7707.545]: master offset    -678221 s2 freq +1821421 path delay   1064819
ptp4l[7708.547]: master offset    -228943 s2 freq +1866120 path delay    959730
ptp4l[7709.548]: master offset    -527998 s2 freq +1835686 path delay    959730
ptp4l[7710.550]: master offset    1207059 s2 freq +2010399 path delay    959730
ptp4l[7711.550]: master offset    -452623 s2 freq +1843978 path delay    959730
ptp4l[7712.550]: master offset    -233694 s2 freq +1865637 path delay    729461
ptp4l[7713.552]: master offset    -102529 s2 freq +1878651 path delay    729461
ptp4l[7714.553]: master offset     122561 s2 freq +1901283 path delay    659744
ptp4l[7715.553]: master offset    -143365 s2 freq +1874547 path delay    659744
ptp4l[7716.554]: master offset    -418446 s2 freq +1846620 path delay    659744
ptp4l[7717.555]: master offset     314420 s2 freq +1920222 path delay    585155
ptp4l[7718.556]: master offset    -303248 s2 freq +1858151 path delay    809496
ptp4l[7719.557]: master offset     125356 s2 freq +1901137 path delay    636696
ptp4l[7720.559]: master offset    -147943 s2 freq +1873659 path delay    665133
ptp4l[7721.559]: master offset    -302585 s2 freq +1857893 path delay    665133
ptp4l[7722.560]: master offset    -253042 s2 freq +1862594 path delay    636696
ptp4l[7723.561]: master offset     169631 s2 freq +1905031 path delay    595754
ptp4l[7724.562]: master offset     143918 s2 freq +1902603 path delay    662747
ptp4l[7725.562]: master offset    -244931 s2 freq +1863474 path delay    663191
ptp4l[7726.563]: master offset    -175596 s2 freq +1870231 path delay    663191
ptp4l[7727.564]: master offset    -295665 s2 freq +1857929 path delay    606816
ptp4l[7728.565]: master offset      51000 s2 freq +1892646 path delay    526148
ptp4l[7729.565]: master offset    -126127 s2 freq +1874808 path delay    575765
ptp4l[7730.567]: master offset      64842 s2 freq +1893969 path delay    575765
ptp4l[7731.568]: master offset     -84271 s2 freq +1878974 path delay    575765
ptp4l[7732.570]: master offset     -32809 s2 freq +1884087 path delay    575765
ptp4l[7733.570]: master offset    -197906 s2 freq +1867380 path delay    587953
ptp4l[7734.572]: master offset    1574931 s2 freq +2046238 path delay    537200
ptp4l[7735.572]: master offset    -163539 s2 freq +1872228 path delay    537200
ptp4l[7736.572]: master offset     194787 s2 freq +1908255 path delay    510168
ptp4l[7737.574]: master offset     140707 s2 freq +1902988 path delay    510168
ptp4l[7738.576]: master offset    1699122 s2 freq +2060528 path delay    587953
ptp4l[7739.576]: master offset    -308630 s2 freq +1859445 path delay    686710
ptp4l[7740.577]: master offset     -51023 s2 freq +1885154 path delay    587953
ptp4l[7741.577]: master offset    -215242 s2 freq +1868517 path delay    587953
ptp4l[7742.578]: master offset    -330974 s2 freq +1856613 path delay    686710
ptp4l[7743.579]: master offset    -302350 s2 freq +1859173 path delay    686710
ptp4l[7744.580]: master offset      -2016 s2 freq +1889204 path delay    693229
ptp4l[7745.580]: master offset    -299307 s2 freq +1859176 path delay    693229
ptp4l[7746.581]: master offset    -215596 s2 freq +1867331 path delay    693229
ptp4l[7747.581]: master offset    -247782 s2 freq +1863865 path delay    693229
ptp4l[7748.582]: master offset    -227706 s2 freq +1865645 path delay    693229
ptp4l[7749.584]: master offset    -298783 s2 freq +1858238 path delay    693229
ptp4l[7750.584]: master offset    -132385 s2 freq +1874746 path delay    603471
ptp4l[7751.585]: master offset      93321 s2 freq +1897410 path delay    558803
ptp4l[7752.588]: master offset       9488 s2 freq +1889036 path delay    541700
ptp4l[7753.589]: master offset    -177044 s2 freq +1870206 path delay    546798
ptp4l[7754.588]: master offset      30320 s2 freq +1890972 path delay    538052
ptp4l[7755.589]: master offset    -243202 s2 freq +1863377 path delay    538052
ptp4l[7756.590]: master offset     -71084 s2 freq +1880518 path delay    525872
ptp4l[7757.591]: master offset    -143463 s2 freq +1873136 path delay    512432
ptp4l[7758.593]: master offset     553810 s2 freq +1943417 path delay    519462
ptp4l[7759.593]: master offset      55948 s2 freq +1893687 path delay    519462
ptp4l[7760.594]: master offset     -99821 s2 freq +1878011 path delay    545463
ptp4l[7761.595]: master offset     598190 s2 freq +1948410 path delay    545463
ptp4l[7762.595]: master offset      52333 s2 freq +1893876 path delay    604577
ptp4l[7763.596]: master offset    -269989 s2 freq +1861374 path delay    650266
ptp4l[7764.598]: master offset    -241676 s2 freq +1863964 path delay    650266
ptp4l[7765.599]: master offset    1186517 s2 freq +2007970 path delay    650266
ptp4l[7766.600]: master offset    -195663 s2 freq +1869556 path delay    702924
ptp4l[7767.600]: master offset    -424427 s2 freq +1846255 path delay    657235
ptp4l[7768.602]: master offset    -200061 s2 freq +1868492 path delay    738896
ptp4l[7769.603]: master offset    -198477 s2 freq +1868452 path delay    562913
ptp4l[7770.604]: master offset    -102027 s2 freq +1877995 path delay    530661
ptp4l[7771.605]: master offset    -110085 s2 freq +1877079 path delay    530661
ptp4l[7772.606]: master offset    -157340 s2 freq +1872196 path delay    488660
ptp4l[7773.607]: master offset     -85036 s2 freq +1879341 path delay    464522
ptp4l[7774.608]: master offset      65202 s2 freq +1894430 path delay    464522
ptp4l[7775.610]: master offset     842853 s2 freq +1973038 path delay    464522
ptp4l[7776.610]: master offset      -2388 s2 freq +1888512 path delay    464522
ptp4l[7777.614]: master offset    2391619 s2 freq +2130304 path delay    464522
ptp4l[7778.613]: master offset     -52977 s2 freq +1885791 path delay    464522
ptp4l[7779.614]: master offset     -41614 s2 freq +1886886 path delay    451914
ptp4l[7780.615]: master offset     -22509 s2 freq +1888774 path delay    464522
ptp4l[7781.616]: master offset     -23280 s2 freq +1888674 path delay    462856
ptp4l[7782.617]: master offset       7618 s2 freq +1891771 path delay    462856
ptp4l[7783.620]: master offset     360887 s2 freq +1927459 path delay    490359
ptp4l[7784.620]: master offset     -17644 s2 freq +1889588 path delay    490359
ptp4l[7785.622]: master offset     102338 s2 freq +1901689 path delay    536936
ptp4l[7786.623]: master offset     -63745 s2 freq +1885017 path delay    545316
ptp4l[7787.625]: master offset    -103637 s2 freq +1880924 path delay    545316
ptp4l[7788.625]: master offset    -314436 s2 freq +1859530 path delay    545316
ptp4l[7789.628]: master offset    -261456 s2 freq +1864566 path delay    536936
ptp4l[7790.629]: master offset    -122493 s2 freq +1878340 path delay    519445
ptp4l[7791.631]: master offset    -145632 s2 freq +1875880 path delay    536936
ptp4l[7792.632]: master offset      33058 s2 freq +1893782 path delay    525910
ptp4l[7793.633]: master offset     -52769 s2 freq +1885147 path delay    525910
ptp4l[7794.634]: master offset      64416 s2 freq +1896930 path delay    411782
ptp4l[7795.636]: master offset     -34874 s2 freq +1886966 path delay    411782
ptp4l[7796.639]: master offset      41585 s2 freq +1894653 path delay    502412
ptp4l[7797.640]: master offset    -110948 s2 freq +1879289 path delay    502412
ptp4l[7798.641]: master offset      90330 s2 freq +1899507 path delay    502412
ptp4l[7799.640]: master offset    -175572 s2 freq +1872742 path delay    502412
ptp4l[7800.643]: master offset      -5486 s2 freq +1889745 path delay    472303
ptp4l[7801.645]: master offset     -99532 s2 freq +1880241 path delay    504006
ptp4l[7802.647]: master offset     -86501 s2 freq +1881457 path delay    520460
ptp4l[7803.649]: master offset    -138161 s2 freq +1876153 path delay    539184
ptp4l[7804.650]: master offset      68795 s2 freq +1896917 path delay    515618
ptp4l[7805.653]: master offset      33277 s2 freq +1893399 path delay    477748
ptp4l[7806.653]: master offset     -59036 s2 freq +1884109 path delay    503345
ptp4l[7807.653]: master offset    -120287 s2 freq +1877863 path delay    503345
ptp4l[7808.654]: master offset    -119655 s2 freq +1877807 path delay    519798
ptp4l[7809.654]: master offset    -308451 s2 freq +1858619 path delay    519798
ptp4l[7810.655]: master offset    -244047 s2 freq +1864815 path delay    539184
ptp4l[7811.658]: master offset    -110126 s2 freq +1878097 path delay    526911
ptp4l[7812.660]: master offset      88066 s2 freq +1898004 path delay    526911
ptp4l[7813.662]: master offset    -126180 s2 freq +1876453 path delay    539387
ptp4l[7814.663]: master offset     293451 s2 freq +1918710 path delay    495606
ptp4l[7815.664]: master offset      27207 s2 freq +1892113 path delay    595228
ptp4l[7816.668]: master offset    -244887 s2 freq +1864659 path delay    690817
ptp4l[7817.669]: master offset    -385193 s2 freq +1850243 path delay    690817
ptp4l[7818.670]: master offset    -216450 s2 freq +1866901 path delay    592594
ptp4l[7819.671]: master offset     -49278 s2 freq +1883569 path delay    492971
ptp4l[7820.673]: master offset    1551822 s2 freq +2045230 path delay    492971
ptp4l[7821.674]: master offset     -51187 s2 freq +1884878 path delay    492971
ptp4l[7822.674]: master offset     -14226 s2 freq +1888560 path delay    524745
ptp4l[7823.676]: master offset     -13617 s2 freq +1888607 path delay    493207
ptp4l[7824.677]: master offset      81710 s2 freq +1898222 path delay    524745
ptp4l[7825.679]: master offset    -164185 s2 freq +1873468 path delay    524745
ptp4l[7826.681]: master offset      32369 s2 freq +1893156 path delay    477638
ptp4l[7827.682]: master offset     103498 s2 freq +1900372 path delay    477638
ptp4l[7828.684]: master offset     -92135 s2 freq +1880717 path delay    515696
ptp4l[7829.686]: master offset    -123930 s2 freq +1877413 path delay    559513
ptp4l[7830.689]: master offset      43752 s2 freq +1894225 path delay    559513
ptp4l[7831.689]: master offset    -342819 s2 freq +1855225 path delay    544434
ptp4l[7832.693]: master offset     876648 s2 freq +1978049 path delay    544434
ptp4l[7833.693]: master offset    -322117 s2 freq +1857850 path delay    545438
ptp4l[7834.695]: master offset     -86736 s2 freq +1881302 path delay    509708
ptp4l[7835.698]: master offset      -4140 s2 freq +1889557 path delay    509708
ptp4l[7836.701]: master offset     793141 s2 freq +1970078 path delay    509708
ptp4l[7837.701]: master offset     -93325 s2 freq +1881338 path delay    545438
ptp4l[7838.703]: master offset       8081 s2 freq +1891487 path delay    475311
ptp4l[7839.705]: master offset     -10375 s2 freq +1889631 path delay    480430
ptp4l[7840.707]: master offset      59432 s2 freq +1896671 path delay    480430
ptp4l[7841.709]: master offset      28630 s2 freq +1893620 path delay    480430
ptp4l[7842.710]: master offset      86656 s2 freq +1899509 path delay    480430
ptp4l[7843.711]: master offset     207648 s2 freq +1911816 path delay    505886
ptp4l[7844.715]: master offset    1823304 s2 freq +2075205 path delay    532051
ptp4l[7845.716]: master offset     -59175 s2 freq +1886898 path delay    532051
ptp4l[7846.718]: master offset      60105 s2 freq +1898886 path delay    532051
ptp4l[7847.719]: master offset     165940 s2 freq +1909635 path delay    552610
ptp4l[7848.720]: master offset     -26532 s2 freq +1890361 path delay    552610
ptp4l[7849.722]: master offset     -12291 s2 freq +1891773 path delay    586239
ptp4l[7850.720]: master offset    -410485 s2 freq +1851543 path delay    586239
