--- 23:01:28 ---
     remote           refid      st t when poll reach   delay   offset   jitter
===============================================================================
 serverntp       .INIT.          16 u    -   64    0   0.0000   0.0000   0.0002
--- 23:01:43 ---
     remote           refid      st t when poll reach   delay   offset   jitter
===============================================================================
 serverntp       .INIT.          16 u    -   64    0   0.0000   0.0000   0.0002
--- 23:01:59 ---
     remote           refid      st t when poll reach   delay   offset   jitter
===============================================================================
 serverntp       .INIT.          16 u    -   64    0   0.0000   0.0000   0.0002
--- 23:02:14 ---
     remote           refid      st t when poll reach   delay   offset   jitter
===============================================================================
 serverntp       .INIT.          16 u    -   64    0   0.0000   0.0000   0.0002
--- 23:02:29 ---
     remote           refid      st t when poll reach   delay   offset   jitter
===============================================================================
 serverntp       .INIT.          16 u    -   64    0   0.0000   0.0000   0.0002
--- 23:02:44 ---
     remote           refid      st t when poll reach   delay   offset   jitter
===============================================================================
 serverntp       .INIT.          16 u    -   64    0   0.0000   0.0000   0.0002
--- 23:02:59 ---
     remote           refid      st t when poll reach   delay   offset   jitter
===============================================================================
 serverntp       .INIT.          16 u    -   64    0   0.0000   0.0000   0.0002
--- 23:03:14 ---
     remote           refid      st t when poll reach   delay   offset   jitter
===============================================================================
 serverntp       .INIT.          16 u    -   64    0   0.0000   0.0000   0.0002
--- 23:03:29 ---
     remote           refid      st t when poll reach   delay   offset   jitter
===============================================================================
 serverntp       .INIT.          16 u    -   64    0   0.0000   0.0000   0.0002
--- 23:03:44 ---
     remote           refid      st t when poll reach   delay   offset   jitter
===============================================================================
 serverntp       .INIT.          16 u    -   64    0   0.0000   0.0000   0.0002
--- 23:03:59 ---
     remote           refid      st t when poll reach   delay   offset   jitter
===============================================================================
 serverntp       .INIT.          16 u    -   64    0   0.0000   0.0000   0.0002
--- 23:04:14 ---
     remote           refid      st t when poll reach   delay   offset   jitter
===============================================================================
 serverntp       .INIT.          16 u    -   64    0   0.0000   0.0000   0.0002
--- 23:04:29 ---
     remote           refid      st t when poll reach   delay   offset   jitter
===============================================================================
 serverntp       .INIT.          16 u    -   64    0   0.0000   0.0000   0.0002
--- 23:04:44 ---
     remote           refid      st t when poll reach   delay   offset   jitter
===============================================================================
 serverntp       .INIT.          16 u    -   64    0   0.0000   0.0000   0.0002
--- 23:04:59 ---
     remote           refid      st t when poll reach   delay   offset   jitter
===============================================================================
 serverntp       .INIT.          16 u    -   64    0   0.0000   0.0000   0.0002
--- 23:05:14 ---
     remote           refid      st t when poll reach   delay   offset   jitter
===============================================================================
 serverntp       .INIT.          16 u    -   64    0   0.0000   0.0000   0.0002
--- 23:05:29 ---
     remote           refid      st t when poll reach   delay   offset   jitter
===============================================================================
 serverntp       .INIT.          16 u    -   64    0   0.0000   0.0000   0.0002
--- 23:05:45 ---
     remote           refid      st t when poll reach   delay   offset   jitter
===============================================================================
 serverntp       .INIT.          16 u    -   64    0   0.0000   0.0000   0.0002
--- 23:06:00 ---
     remote           refid      st t when poll reach   delay   offset   jitter
===============================================================================
 serverntp       .INIT.          16 u    -   64    0   0.0000   0.0000   0.0002
--- 23:06:15 ---
     remote           refid      st t when poll reach   delay   offset   jitter
===============================================================================
 serverntp       .INIT.          16 u    -   64    0   0.0000   0.0000   0.0002
--- 23:06:30 ---
     remote           refid      st t when poll reach   delay   offset   jitter
===============================================================================
 serverntp       .INIT.          16 u    -   64    0   0.0000   0.0000   0.0002
--- 23:06:45 ---
     remote           refid      st t when poll reach   delay   offset   jitter
===============================================================================
 serverntp       127.127.1.0      9 u    4   64    1   1.9662   0.7513   0.0000
--- 23:07:00 ---
     remote           refid      st t when poll reach   delay   offset   jitter
===============================================================================
 serverntp       127.127.1.0      9 u   19   64    1   1.9662   0.7513   0.0000
--- 23:07:15 ---
     remote           refid      st t when poll reach   delay   offset   jitter
===============================================================================
 serverntp       127.127.1.0      9 u   34   64    1   1.9662   0.7513   0.0000
--- 23:07:30 ---
     remote           refid      st t when poll reach   delay   offset   jitter
===============================================================================
 serverntp       127.127.1.0      9 u   49   64    1   1.9662   0.7513   0.0000
--- 23:07:45 ---
     remote           refid      st t when poll reach   delay   offset   jitter
===============================================================================
 serverntp       127.127.1.0      9 u    -   64    3   1.4465   0.3831   0.3682
--- 23:08:00 ---
     remote           refid      st t when poll reach   delay   offset   jitter
===============================================================================
 serverntp       127.127.1.0      9 u   15   64    3   1.4465   0.3831   0.3682
--- 23:08:15 ---
     remote           refid      st t when poll reach   delay   offset   jitter
===============================================================================
 serverntp       127.127.1.0      9 u   30   64    3   1.4465   0.3831   0.3682
--- 23:08:30 ---
     remote           refid      st t when poll reach   delay   offset   jitter
===============================================================================
 serverntp       127.127.1.0      9 u   45   64    3   1.4465   0.3831   0.3682
--- 23:08:45 ---
     remote           refid      st t when poll reach   delay   offset   jitter
===============================================================================
 serverntp       127.127.1.0      9 u   60   64    3   1.4465   0.3831   0.3682
--- 23:09:00 ---
     remote           refid      st t when poll reach   delay   offset   jitter
===============================================================================
 serverntp       127.127.1.0      9 u   11   64    7   1.9592   0.4981   0.1966
--- 23:09:15 ---
     remote           refid      st t when poll reach   delay   offset   jitter
===============================================================================
 serverntp       127.127.1.0      9 u   26   64    7   1.9592   0.4981   0.1966
--- 23:09:30 ---
     remote           refid      st t when poll reach   delay   offset   jitter
===============================================================================
 serverntp       127.127.1.0      9 u   41   64    7   1.9592   0.4981   0.1966
--- 23:09:46 ---
     remote           refid      st t when poll reach   delay   offset   jitter
===============================================================================
 serverntp       127.127.1.0      9 u   56   64    7   1.9592   0.4981   0.1966
--- 23:10:01 ---
     remote           refid      st t when poll reach   delay   offset   jitter
===============================================================================
*serverntp       127.127.1.0      9 u    5   64   17   1.4290   0.4356   0.1882
--- 23:10:16 ---
     remote           refid      st t when poll reach   delay   offset   jitter
===============================================================================
*serverntp       127.127.1.0      9 u   21   64   17   1.4290   0.4356   0.1882
--- 23:10:31 ---
     remote           refid      st t when poll reach   delay   offset   jitter
===============================================================================
*serverntp       127.127.1.0      9 u   36   64   17   1.4290   0.4356   0.1882
--- 23:10:46 ---
     remote           refid      st t when poll reach   delay   offset   jitter
===============================================================================
*serverntp       127.127.1.0      9 u   51   64   17   1.4290   0.4356   0.1882
--- 23:11:01 ---
     remote           refid      st t when poll reach   delay   offset   jitter
===============================================================================
*serverntp       127.127.1.0      9 u   66   64   17   1.4290   0.4356   0.1882
--- 23:11:16 ---
     remote           refid      st t when poll reach   delay   offset   jitter
===============================================================================
*serverntp       127.127.1.0      9 u   14   64   37   1.8411   0.4031   0.1815
--- 23:11:31 ---
     remote           refid      st t when poll reach   delay   offset   jitter
===============================================================================
*serverntp       127.127.1.0      9 u   29   64   37   1.8411   0.4031   0.1815
--- 23:11:46 ---
     remote           refid      st t when poll reach   delay   offset   jitter
===============================================================================
*serverntp       127.127.1.0      9 u   44   64   37   1.8411   0.4031   0.1815
--- 23:12:01 ---
     remote           refid      st t when poll reach   delay   offset   jitter
===============================================================================
*serverntp       127.127.1.0      9 u   59   64   37   1.8411   0.4031   0.1815
--- 23:12:16 ---
     remote           refid      st t when poll reach   delay   offset   jitter
===============================================================================
*serverntp       127.127.1.0      9 u   10   64   77   1.1464   0.2526   0.2765
--- 23:12:31 ---
     remote           refid      st t when poll reach   delay   offset   jitter
===============================================================================
*serverntp       127.127.1.0      9 u   25   64   77   1.1464   0.2526   0.2765
--- 23:12:46 ---
     remote           refid      st t when poll reach   delay   offset   jitter
===============================================================================
*serverntp       127.127.1.0      9 u   40   64   77   1.1464   0.2526   0.2765
--- 23:13:01 ---
     remote           refid      st t when poll reach   delay   offset   jitter
===============================================================================
*serverntp       127.127.1.0      9 u   55   64   77   1.1464   0.2526   0.2765
--- 23:13:16 ---
     remote           refid      st t when poll reach   delay   offset   jitter
===============================================================================
*serverntp       127.127.1.0      9 u    5   64  177   1.6920   0.3684   0.1745
--- 23:13:31 ---
     remote           refid      st t when poll reach   delay   offset   jitter
===============================================================================
*serverntp       127.127.1.0      9 u   20   64  177   1.6920   0.3684   0.1745
--- 23:13:47 ---
     remote           refid      st t when poll reach   delay   offset   jitter
===============================================================================
*serverntp       127.127.1.0      9 u   35   64  177   1.6920   0.3684   0.1745
--- 23:14:02 ---
     remote           refid      st t when poll reach   delay   offset   jitter
===============================================================================
*serverntp       127.127.1.0      9 u   50   64  177   1.6920   0.3684   0.1745
--- 23:14:17 ---
     remote           refid      st t when poll reach   delay   offset   jitter
===============================================================================
*serverntp       127.127.1.0      9 u    -   64  377   0.6213   0.1189   0.3535
--- 23:14:32 ---
     remote           refid      st t when poll reach   delay   offset   jitter
===============================================================================
*serverntp       127.127.1.0      9 u   15   64  377   0.6213   0.1189   0.3535
--- 23:14:47 ---
     remote           refid      st t when poll reach   delay   offset   jitter
===============================================================================
*serverntp       127.127.1.0      9 u   30   64  377   0.6213   0.1189   0.3535
--- 23:15:02 ---
     remote           refid      st t when poll reach   delay   offset   jitter
===============================================================================
*serverntp       127.127.1.0      9 u   45   64  377   0.6213   0.1189   0.3535
--- 23:15:17 ---
     remote           refid      st t when poll reach   delay   offset   jitter
===============================================================================
*serverntp       127.127.1.0      9 u   60   64  377   0.6213   0.1189   0.3535
--- 23:15:32 ---
     remote           refid      st t when poll reach   delay   offset   jitter
===============================================================================
*serverntp       127.127.1.0      9 u    9   64  377   1.6600   0.3226   0.1209
--- 23:15:47 ---
     remote           refid      st t when poll reach   delay   offset   jitter
===============================================================================
*serverntp       127.127.1.0      9 u   24   64  377   1.6600   0.3226   0.1209
--- 23:16:02 ---
     remote           refid      st t when poll reach   delay   offset   jitter
===============================================================================
*serverntp       127.127.1.0      9 u   39   64  377   1.6600   0.3226   0.1209
--- 23:16:17 ---
     remote           refid      st t when poll reach   delay   offset   jitter
===============================================================================
*serverntp       127.127.1.0      9 u   54   64  377   1.6600   0.3226   0.1209
--- 23:16:32 ---
     remote           refid      st t when poll reach   delay   offset   jitter
===============================================================================
*serverntp       127.127.1.0      9 u    4   64  377   0.6213   0.1189   0.2828
--- 23:16:47 ---
     remote           refid      st t when poll reach   delay   offset   jitter
===============================================================================
*serverntp       127.127.1.0      9 u   19   64  377   0.6213   0.1189   0.2828
--- 23:17:02 ---
     remote           refid      st t when poll reach   delay   offset   jitter
===============================================================================
*serverntp       127.127.1.0      9 u   34   64  377   0.6213   0.1189   0.2828
--- 23:17:17 ---
     remote           refid      st t when poll reach   delay   offset   jitter
===============================================================================
*serverntp       127.127.1.0      9 u   49   64  377   0.6213   0.1189   0.2828
--- 23:17:32 ---
     remote           refid      st t when poll reach   delay   offset   jitter
===============================================================================
*serverntp       127.127.1.0      9 u   64   64  377   0.6213   0.1189   0.2828
--- 23:17:48 ---
     remote           refid      st t when poll reach   delay   offset   jitter
===============================================================================
*serverntp       127.127.1.0      9 u   12   64  377   0.6213   0.1189   0.2736
--- 23:18:03 ---
     remote           refid      st t when poll reach   delay   offset   jitter
===============================================================================
*serverntp       127.127.1.0      9 u   27   64  377   0.6213   0.1189   0.2736
--- 23:18:18 ---
     remote           refid      st t when poll reach   delay   offset   jitter
===============================================================================
*serverntp       127.127.1.0      9 u   43   64  377   0.6213   0.1189   0.2736
--- 23:18:33 ---
     remote           refid      st t when poll reach   delay   offset   jitter
===============================================================================
*serverntp       127.127.1.0      9 u   58   64  377   0.6213   0.1189   0.2736
--- 23:18:48 ---
     remote           refid      st t when poll reach   delay   offset   jitter
===============================================================================
*serverntp       127.127.1.0      9 u    9   64  377   0.6213   0.1189   0.4133
--- 23:19:03 ---
     remote           refid      st t when poll reach   delay   offset   jitter
===============================================================================
*serverntp       127.127.1.0      9 u   24   64  377   0.6213   0.1189   0.4133
--- 23:19:18 ---
     remote           refid      st t when poll reach   delay   offset   jitter
===============================================================================
*serverntp       127.127.1.0      9 u   39   64  377   0.6213   0.1189   0.4133
--- 23:19:33 ---
     remote           refid      st t when poll reach   delay   offset   jitter
===============================================================================
*serverntp       127.127.1.0      9 u   54   64  377   0.6213   0.1189   0.4133
--- 23:19:48 ---
     remote           refid      st t when poll reach   delay   offset   jitter
===============================================================================
*serverntp       127.127.1.0      9 u    5   64  377   0.6213   0.1189   0.4045
--- 23:20:03 ---
     remote           refid      st t when poll reach   delay   offset   jitter
===============================================================================
*serverntp       127.127.1.0      9 u   20   64  377   0.6213   0.1189   0.4045
--- 23:20:18 ---
     remote           refid      st t when poll reach   delay   offset   jitter
===============================================================================
*serverntp       127.127.1.0      9 u   35   64  377   0.6213   0.1189   0.4045
--- 23:20:33 ---
     remote           refid      st t when poll reach   delay   offset   jitter
===============================================================================
*serverntp       127.127.1.0      9 u   50   64  377   0.6213   0.1189   0.4045
--- 23:20:48 ---
     remote           refid      st t when poll reach   delay   offset   jitter
===============================================================================
*serverntp       127.127.1.0      9 u   65   64  377   0.6213   0.1189   0.4045
--- 23:21:03 ---
     remote           refid      st t when poll reach   delay   offset   jitter
===============================================================================
*serverntp       127.127.1.0      9 u   14   64  377   0.6213   0.1189   0.4179
--- 23:21:18 ---
     remote           refid      st t when poll reach   delay   offset   jitter
===============================================================================
*serverntp       127.127.1.0      9 u   29   64  377   0.6213   0.1189   0.4179
--- 23:21:33 ---
     remote           refid      st t when poll reach   delay   offset   jitter
===============================================================================
*serverntp       127.127.1.0      9 u   44   64  377   0.6213   0.1189   0.4179
--- 23:21:49 ---
     remote           refid      st t when poll reach   delay   offset   jitter
===============================================================================
*serverntp       127.127.1.0      9 u   59   64  377   0.6213   0.1189   0.4179
--- 23:22:04 ---
     remote           refid      st t when poll reach   delay   offset   jitter
===============================================================================
*serverntp       127.127.1.0      9 u   10   64  377   0.6213   0.1189   0.4142
--- 23:22:19 ---
     remote           refid      st t when poll reach   delay   offset   jitter
===============================================================================
*serverntp       127.127.1.0      9 u   26   64  377   0.6213   0.1189   0.4142
--- 23:22:34 ---
     remote           refid      st t when poll reach   delay   offset   jitter
===============================================================================
*serverntp       127.127.1.0      9 u   41   64  377   0.6213   0.1189   0.4142
--- 23:22:49 ---
     remote           refid      st t when poll reach   delay   offset   jitter
===============================================================================
*serverntp       127.127.1.0      9 u   56   64  377   0.6213   0.1189   0.4142
--- 23:23:04 ---
     remote           refid      st t when poll reach   delay   offset   jitter
===============================================================================
*serverntp       127.127.1.0      9 u    6   64  377   1.4251   0.4268   0.2299
--- 23:23:19 ---
     remote           refid      st t when poll reach   delay   offset   jitter
===============================================================================
*serverntp       127.127.1.0      9 u   21   64  377   1.4251   0.4268   0.2299
--- 23:23:34 ---
     remote           refid      st t when poll reach   delay   offset   jitter
===============================================================================
*serverntp       127.127.1.0      9 u   36   64  377   1.4251   0.4268   0.2299
--- 23:23:49 ---
     remote           refid      st t when poll reach   delay   offset   jitter
===============================================================================
*serverntp       127.127.1.0      9 u   51   64  377   1.4251   0.4268   0.2299
--- 23:24:04 ---
     remote           refid      st t when poll reach   delay   offset   jitter
===============================================================================
*serverntp       127.127.1.0      9 u    -   64  377   0.7955   0.1514   0.4020
--- 23:24:19 ---
     remote           refid      st t when poll reach   delay   offset   jitter
===============================================================================
*serverntp       127.127.1.0      9 u   15   64  377   0.7955   0.1514   0.4020
--- 23:24:34 ---
     remote           refid      st t when poll reach   delay   offset   jitter
===============================================================================
*serverntp       127.127.1.0      9 u   30   64  377   0.7955   0.1514   0.4020
--- 23:24:49 ---
     remote           refid      st t when poll reach   delay   offset   jitter
===============================================================================
*serverntp       127.127.1.0      9 u   45   64  377   0.7955   0.1514   0.4020
--- 23:25:04 ---
     remote           refid      st t when poll reach   delay   offset   jitter
===============================================================================
*serverntp       127.127.1.0      9 u   60   64  377   0.7955   0.1514   0.4020
--- 23:25:19 ---
     remote           refid      st t when poll reach   delay   offset   jitter
===============================================================================
*serverntp       127.127.1.0      9 u    8   64  377   0.7955   0.1514   0.3893
--- 23:25:34 ---
     remote           refid      st t when poll reach   delay   offset   jitter
===============================================================================
*serverntp       127.127.1.0      9 u   23   64  377   0.7955   0.1514   0.3893
--- 23:25:49 ---
     remote           refid      st t when poll reach   delay   offset   jitter
===============================================================================
*serverntp       127.127.1.0      9 u   38   64  377   0.7955   0.1514   0.3893
--- 23:26:04 ---
     remote           refid      st t when poll reach   delay   offset   jitter
===============================================================================
*serverntp       127.127.1.0      9 u   53   64  377   0.7955   0.1514   0.3893
--- 23:26:19 ---
     remote           refid      st t when poll reach   delay   offset   jitter
===============================================================================
*serverntp       127.127.1.0      9 u    4   64  377   0.7955   0.1514   0.4111
