ptp4l[9102.045]: port 1: INITIALIZING to LISTENING on INIT_COMPLETE
ptp4l[9102.045]: port 2: INITIALIZING to LISTENING on INIT_COMPLETE
ptp4l[9102.045]: port 0: INITIALIZING to LISTENING on INIT_COMPLETE
ptp4l[9106.084]: port 1: new foreign master eadbcb.fffe.020a06-1
ptp4l[9108.165]: port 1: LISTENING to MASTER on ANNOUNCE_RECEIPT_TIMEOUT_EXPIRES
ptp4l[9108.165]: selected local clock 1ae083.fffe.c1ff1f as best master
ptp4l[9108.165]: port 1: assuming the grand master role
ptp4l[9108.736]: port 2: LISTENING to MASTER on ANNOUNCE_RECEIPT_TIMEOUT_EXPIRES
ptp4l[9108.737]: selected local clock 1ae083.fffe.c1ff1f as best master
ptp4l[9108.737]: port 1: assuming the grand master role
ptp4l[9108.737]: port 2: assuming the grand master role
ptp4l[9110.084]: selected best master clock eadbcb.fffe.020a06
ptp4l[9110.084]: foreign master not using PTP timescale
ptp4l[9110.084]: port 1: MASTER to UNCALIBRATED on RS_SLAVE
ptp4l[9112.085]: master offset    -696036 s0 freq +14200000 path delay    839223
ptp4l[9113.088]: master offset     446959 s0 freq +14200000 path delay    676566
ptp4l[9114.087]: master offset    -545660 s0 freq +14200000 path delay    757894
ptp4l[9115.089]: master offset     949716 s0 freq +14200000 path delay    676566
ptp4l[9116.089]: master offset    -200178 s0 freq +14200000 path delay    676566
ptp4l[9117.090]: master offset     179108 s0 freq +14200000 path delay    660424
ptp4l[9118.089]: master offset     -15669 s0 freq +14200000 path delay    676566
ptp4l[9119.090]: master offset      79871 s0 freq +14200000 path delay    660424
ptp4l[9120.091]: master offset     375980 s0 freq +14200000 path delay    676566
ptp4l[9121.092]: master offset    1219539 s0 freq +14200000 path delay    757894
ptp4l[9122.092]: master offset     963918 s0 freq +14200000 path delay    782919
ptp4l[9123.092]: master offset      -2033 s0 freq +14200000 path delay    921949
ptp4l[9124.093]: master offset     593801 s0 freq +14200000 path delay    905354
ptp4l[9125.093]: master offset       4878 s0 freq +14200000 path delay    961206
ptp4l[9126.095]: master offset     382521 s0 freq +14200000 path delay    961206
ptp4l[9127.097]: master offset     251574 s0 freq +14200000 path delay    961206
ptp4l[9128.096]: master offset     383426 s1 freq +14266462 path delay    961206
ptp4l[9129.097]: master offset    -289716 s2 freq +14237201 path delay    961206
ptp4l[9129.097]: port 1: UNCALIBRATED to SLAVE on MASTER_CLOCK_SELECTED
ptp4l[9130.098]: master offset     335154 s2 freq +14300023 path delay    961206
ptp4l[9131.101]: master offset     127959 s2 freq +14279432 path delay    961206
ptp4l[9132.100]: master offset    -738456 s2 freq +14192052 path delay    945125
ptp4l[9133.103]: master offset    -166842 s2 freq +14249046 path delay    838497
ptp4l[9134.102]: master offset     -60443 s2 freq +14259626 path delay    838497
ptp4l[9135.104]: master offset     142806 s2 freq +14280093 path delay    824551
ptp4l[9136.103]: master offset    -249847 s2 freq +14240578 path delay    838982
ptp4l[9137.107]: master offset     156948 s2 freq +14281415 path delay    838982
ptp4l[9138.106]: master offset     312138 s2 freq +14297246 path delay    824551
ptp4l[9139.107]: master offset     -18115 s2 freq +14264202 path delay    838982
ptp4l[9140.107]: master offset    -274921 s2 freq +14238247 path delay    820324
ptp4l[9141.108]: master offset     264651 s2 freq +14292469 path delay    777806
ptp4l[9142.107]: master offset    -102806 s2 freq +14255620 path delay    820324
ptp4l[9143.110]: master offset      21372 s2 freq +14268059 path delay    777806
ptp4l[9144.110]: master offset    -122409 s2 freq +14253559 path delay    724098
ptp4l[9145.112]: master offset      48455 s2 freq +14270694 path delay    693837
ptp4l[9146.112]: master offset    -196360 s2 freq +14246016 path delay    710550
ptp4l[9147.113]: master offset     510437 s2 freq +14317206 path delay    710550
ptp4l[9148.115]: master offset    -222858 s2 freq +14243654 path delay    710550
ptp4l[9149.114]: master offset     361593 s2 freq +14302460 path delay    710550
ptp4l[9150.114]: master offset    -262887 s2 freq +14239749 path delay    729098
ptp4l[9151.115]: master offset     158843 s2 freq +14282081 path delay    729098
ptp4l[9152.114]: master offset    -206434 s2 freq +14245347 path delay    710550
ptp4l[9153.115]: master offset     -25365 s2 freq +14263429 path delay    710550
ptp4l[9154.115]: master offset    -214561 s2 freq +14244295 path delay    679327
ptp4l[9155.116]: master offset     151831 s2 freq +14281086 path delay    679327
ptp4l[9156.115]: clockcheck: clock jumped forward or running faster than expected!
ptp4l[9156.116]: master offset    -184785 s0 freq +14281086 path delay    679327
ptp4l[9156.116]: port 1: SLAVE to UNCALIBRATED on SYNCHRONIZATION_FAULT
ptp4l[9157.116]: master offset     364923 s0 freq +14281086 path delay    679327
ptp4l[9158.116]: master offset    -179119 s0 freq +14281086 path delay    679327
ptp4l[9159.118]: master offset     238828 s0 freq +14281086 path delay    665255
ptp4l[9160.118]: master offset    -156172 s0 freq +14281086 path delay    665255
ptp4l[9161.119]: master offset     276078 s0 freq +14281086 path delay    665255
ptp4l[9162.119]: master offset    -308214 s0 freq +14281086 path delay    665255
ptp4l[9163.122]: master offset     165625 s0 freq +14281086 path delay    609541
ptp4l[9164.121]: master offset     -81634 s0 freq +14281086 path delay    622676
ptp4l[9165.122]: master offset     217407 s0 freq +14281086 path delay    622676
ptp4l[9166.122]: master offset     135532 s0 freq +14281086 path delay    611176
ptp4l[9167.124]: master offset     294990 s0 freq +14281086 path delay    611176
ptp4l[9168.124]: master offset    -102812 s0 freq +14281086 path delay    656062
ptp4l[9169.124]: master offset     111262 s0 freq +14281086 path delay    697155
ptp4l[9170.125]: master offset     774199 s0 freq +14281086 path delay    722885
ptp4l[9171.127]: master offset     563459 s0 freq +14281086 path delay    730124
ptp4l[9172.126]: master offset    -156315 s2 freq +14267655 path delay    736937
ptp4l[9172.127]: port 1: UNCALIBRATED to SLAVE on MASTER_CLOCK_SELECTED
ptp4l[9173.127]: master offset     245084 s2 freq +14292409 path delay    736937
ptp4l[9174.126]: master offset    -616601 s2 freq +14205624 path delay    779545
ptp4l[9175.129]: master offset      74739 s2 freq +14274832 path delay    779545
ptp4l[9176.127]: master offset    -544880 s2 freq +14212326 path delay    813712
ptp4l[9177.130]: master offset    -106679 s2 freq +14256039 path delay    813712
ptp4l[9178.130]: master offset     352667 s2 freq +14302326 path delay    813712
ptp4l[9179.131]: master offset     922024 s2 freq +14360184 path delay    813712
ptp4l[9180.130]: master offset    -513952 s2 freq +14216072 path delay    813712
ptp4l[9181.132]: master offset      75398 s2 freq +14275083 path delay    813712
ptp4l[9182.131]: master offset    -441434 s2 freq +14222958 path delay    785106
ptp4l[9183.134]: master offset     -50923 s2 freq +14261958 path delay    785106
ptp4l[9184.134]: master offset    -322436 s2 freq +14234485 path delay    766407
ptp4l[9185.135]: master offset      82714 s2 freq +14275082 path delay    744377
ptp4l[9186.134]: master offset    -364851 s2 freq +14229961 path delay    744377
ptp4l[9187.136]: master offset      14942 s2 freq +14267955 path delay    704896
ptp4l[9188.137]: master offset     -54755 s2 freq +14260931 path delay    704896
ptp4l[9189.138]: master offset     154681 s2 freq +14282029 path delay    680261
ptp4l[9190.138]: master offset    -298114 s2 freq +14236451 path delay    693286
ptp4l[9191.139]: master offset      66453 s2 freq +14272975 path delay    614035
ptp4l[9192.138]: master offset     104472 s2 freq +14276881 path delay    614035
ptp4l[9193.139]: master offset     528536 s2 freq +14319816 path delay    614035
ptp4l[9194.139]: master offset     -31476 s2 freq +14263783 path delay    678234
ptp4l[9195.141]: master offset     135169 s2 freq +14280583 path delay    766700
ptp4l[9196.141]: master offset    -479724 s2 freq +14218614 path delay    809382
ptp4l[9197.142]: master offset     127274 s2 freq +14279441 path delay    809382
ptp4l[9198.142]: master offset    -284766 s2 freq +14237952 path delay    830140
ptp4l[9199.143]: master offset     273354 s2 freq +14294038 path delay    877054
ptp4l[9200.143]: master offset    -498120 s2 freq +14216392 path delay    918302
ptp4l[9201.151]: master offset     644658 s2 freq +14331315 path delay    853519
ptp4l[9202.150]: master offset    -550976 s2 freq +14211200 path delay    853519
ptp4l[9203.152]: master offset     176780 s2 freq +14284153 path delay    791261
ptp4l[9204.153]: master offset    -219232 s2 freq +14244332 path delay    791261
ptp4l[9205.154]: master offset    -119841 s2 freq +14254151 path delay    737587
ptp4l[9206.156]: master offset    -136644 s2 freq +14252334 path delay    737587
ptp4l[9207.158]: master offset     185681 s2 freq +14284753 path delay    667642
ptp4l[9208.159]: master offset     -93381 s2 freq +14256753 path delay    667551
ptp4l[9209.161]: master offset     185947 s2 freq +14284872 path delay    653741
ptp4l[9210.161]: master offset     -15581 s2 freq +14264703 path delay    653741
ptp4l[9211.163]: master offset     594883 s2 freq +14326345 path delay    653741
ptp4l[9212.162]: master offset    -451565 s2 freq +14221248 path delay    685766
ptp4l[9213.165]: master offset     722393 s2 freq +14339366 path delay    685766
ptp4l[9214.167]: master offset     143643 s2 freq +14281635 path delay    685766
ptp4l[9215.168]: master offset     297210 s2 freq +14297289 path delay    733214
ptp4l[9216.167]: master offset    -501550 s2 freq +14216911 path delay    733214
ptp4l[9217.168]: master offset     202500 s2 freq +14287519 path delay    733214
ptp4l[9218.168]: master offset    -162497 s2 freq +14250857 path delay    733214
ptp4l[9219.168]: master offset    -402485 s2 freq +14226456 path delay    733214
ptp4l[9220.171]: master offset     -50216 s2 freq +14261632 path delay    733214
ptp4l[9221.173]: master offset     -26479 s2 freq +14263979 path delay    866289
ptp4l[9222.175]: master offset    -276193 s2 freq +14238732 path delay    866289
ptp4l[9223.178]: master offset    -257521 s2 freq +14240341 path delay    842804
ptp4l[9224.178]: master offset      55966 s2 freq +14271746 path delay    737497
ptp4l[9225.177]: master offset    -442701 s2 freq +14221437 path delay    737497
ptp4l[9226.180]: master offset    -187221 s2 freq +14246798 path delay    732930
ptp4l[9227.181]: master offset     142715 s2 freq +14279934 path delay    681950
ptp4l[9228.182]: master offset     -19721 s2 freq +14263671 path delay    732930
ptp4l[9229.182]: master offset     209109 s2 freq +14286763 path delay    732930
ptp4l[9230.181]: master offset    -539436 s2 freq +14211369 path delay    732930
ptp4l[9231.183]: master offset     245013 s2 freq +14290059 path delay    704922
ptp4l[9232.184]: master offset     -71363 s2 freq +14258350 path delay    704922
ptp4l[9233.185]: master offset     331187 s2 freq +14298936 path delay    678730
ptp4l[9234.185]: master offset     -48662 s2 freq +14260902 path delay    678730
ptp4l[9235.186]: master offset     220232 s2 freq +14288012 path delay    729709
ptp4l[9236.188]: master offset    -105171 s2 freq +14255366 path delay    729709
ptp4l[9237.190]: master offset     285466 s2 freq +14294716 path delay    701187
ptp4l[9238.191]: master offset     -73178 s2 freq +14258778 path delay    752031
ptp4l[9239.193]: master offset      17912 s2 freq +14267905 path delay    752031
ptp4l[9240.195]: master offset     -53691 s2 freq +14260691 path delay    752031
ptp4l[9241.195]: master offset     131738 s2 freq +14279366 path delay    806951
ptp4l[9242.195]: master offset      12720 s2 freq +14267477 path delay    806951
ptp4l[9243.196]: master offset    -505465 s2 freq +14215153 path delay    880139
ptp4l[9244.199]: master offset    -246641 s2 freq +14240788 path delay    773861
ptp4l[9245.199]: master offset     675220 s2 freq +14333650 path delay    773861
ptp4l[9246.200]: master offset     -72527 s2 freq +14258802 path delay    880139
ptp4l[9247.201]: master offset     106979 s2 freq +14276860 path delay    880139
ptp4l[9248.202]: master offset    -326787 s2 freq +14233157 path delay    880139
ptp4l[9249.204]: master offset     669446 s2 freq +14333449 path delay    838636
ptp4l[9250.205]: master offset    -299278 s2 freq +14236278 path delay    838636
ptp4l[9251.206]: master offset     763469 s2 freq +14343316 path delay    728580
ptp4l[9252.206]: master offset     -75711 s2 freq +14259322 path delay    728580
ptp4l[9253.207]: master offset     -43133 s2 freq +14262537 path delay    732668
ptp4l[9254.207]: master offset    -208967 s2 freq +14245744 path delay    689090
ptp4l[9255.207]: master offset    -358752 s2 freq +14230407 path delay    653016
ptp4l[9256.208]: master offset    -229272 s2 freq +14243126 path delay    653016
ptp4l[9257.208]: master offset      32097 s2 freq +14269295 path delay    590851
ptp4l[9258.211]: master offset    2083048 s2 freq +14476473 path delay    632503
ptp4l[9259.211]: master offset     483620 s2 freq +14317014 path delay    632503
ptp4l[9260.212]: master offset     121147 s2 freq +14280888 path delay    637084
ptp4l[9261.212]: master offset    -147252 s2 freq +14253901 path delay    679667
ptp4l[9262.216]: master offset    2384755 s2 freq +14509486 path delay    679667
ptp4l[9263.215]: master offset     -83567 s2 freq +14262570 path delay    703266
ptp4l[9264.215]: master offset    -146491 s2 freq +14256131 path delay    735841
ptp4l[9265.218]: master offset    2079920 s2 freq +14480852 path delay    805752
ptp4l[9266.220]: master offset    1474067 s2 freq +14421741 path delay    805752
ptp4l[9267.221]: master offset    -175989 s2 freq +14256560 path delay    856598
ptp4l[9268.224]: master offset     375407 s2 freq +14312075 path delay    856598
ptp4l[9269.224]: master offset     189071 s2 freq +14293630 path delay    977698
ptp4l[9270.224]: master offset    -324057 s2 freq +14241993 path delay    995997
ptp4l[9271.226]: master offset     285816 s2 freq +14303266 path delay    995997
ptp4l[9272.226]: master offset    -206983 s2 freq +14253779 path delay   1016139
ptp4l[9273.227]: master offset     -66056 s2 freq +14267806 path delay   1016139
ptp4l[9274.226]: master offset    -832705 s2 freq +14190308 path delay   1016139
ptp4l[9275.236]: master offset    2725647 s2 freq +14548869 path delay   1016139
ptp4l[9275.662]: clockcheck: clock jumped forward or running faster than expected!
ptp4l[9276.238]: master offset     217653 s0 freq +14548869 path delay   1016139
ptp4l[9276.239]: port 1: SLAVE to UNCALIBRATED on SYNCHRONIZATION_FAULT
ptp4l[9277.236]: master offset    -723899 s0 freq +14548869 path delay    995108
ptp4l[9278.238]: master offset     200100 s0 freq +14548869 path delay    995108
ptp4l[9279.238]: master offset    -390601 s0 freq +14548869 path delay    950435
ptp4l[9280.239]: master offset    -420391 s0 freq +14548869 path delay    810683
ptp4l[9281.245]: master offset    3708861 s0 freq +14548869 path delay    764764
ptp4l[9282.246]: master offset     267442 s0 freq +14548869 path delay    810683
ptp4l[9283.247]: master offset    -304114 s0 freq +14548869 path delay    910406
ptp4l[9284.247]: master offset    -420656 s0 freq +14548869 path delay    910406
ptp4l[9285.252]: master offset    1861553 s0 freq +14548869 path delay    910406
ptp4l[9286.254]: master offset     484386 s0 freq +14548869 path delay    910406
ptp4l[9287.253]: master offset    -269051 s0 freq +14548869 path delay    871468
ptp4l[9288.255]: master offset    -557634 s0 freq +14548869 path delay    871468
ptp4l[9289.256]: master offset     -13960 s0 freq +14548869 path delay    706823
ptp4l[9290.262]: master offset     964941 s0 freq +14548869 path delay    812856
ptp4l[9291.259]: master offset    -369779 s0 freq +14548869 path delay   1048041
ptp4l[9292.262]: master offset    -239204 s2 freq +14248200 path delay   1048041
ptp4l[9292.262]: port 1: UNCALIBRATED to SLAVE on MASTER_CLOCK_SELECTED
ptp4l[9293.263]: master offset    -547174 s2 freq +14192935 path delay    891962
ptp4l[9294.266]: master offset    -362572 s2 freq +14211033 path delay    891962
ptp4l[9295.268]: master offset    1611871 s2 freq +14410089 path delay    891962
ptp4l[9296.271]: master offset    -246519 s2 freq +14224004 path delay    891962
ptp4l[9297.273]: master offset    -202599 s2 freq +14228193 path delay    785214
ptp4l[9298.275]: master offset     152134 s2 freq +14263818 path delay    654392
ptp4l[9299.276]: master offset     194782 s2 freq +14268278 path delay    654392
ptp4l[9300.279]: master offset     701665 s2 freq +14319668 path delay    653112
ptp4l[9301.282]: master offset    2618634 s2 freq +14513984 path delay    707459
ptp4l[9302.283]: master offset     558393 s2 freq +14308518 path delay    707459
ptp4l[9303.282]: master offset    -420772 s2 freq +14210181 path delay    707459
ptp4l[9304.287]: master offset     147860 s2 freq +14267192 path delay    653112
ptp4l[9305.290]: master offset     997868 s2 freq +14353190 path delay    653112
ptp4l[9306.290]: master offset    -324214 s2 freq +14220658 path delay    653112
ptp4l[9307.293]: master offset    1161519 s2 freq +14370393 path delay    707459
ptp4l[9308.295]: master offset    3009903 s2 freq +14558241 path delay    707459
ptp4l[9309.296]: master offset    1443927 s2 freq +14403087 path delay    730018
ptp4l[9310.300]: master offset    3806979 s2 freq +14643199 path delay    795783
ptp4l[9311.296]: master offset    -334165 s2 freq +14228751 path delay    795783
ptp4l[9312.298]: master offset     325663 s2 freq +14295059 path delay    862295
ptp4l[9313.309]: master offset      23745 s2 freq +14264891 path delay    862295
ptp4l[9314.298]: master offset     416901 s2 freq +14304624 path delay    825195
ptp4l[9315.300]: master offset     143408 s2 freq +14277418 path delay    825195
ptp4l[9316.303]: master offset    1961773 s2 freq +14461216 path delay    846654
ptp4l[9317.303]: master offset    1530448 s2 freq +14419614 path delay    846654
ptp4l[9318.303]: master offset    -115755 s2 freq +14254878 path delay   1052400
ptp4l[9319.303]: master offset    -398833 s2 freq +14226171 path delay    846654
ptp4l[9320.304]: master offset     139682 s2 freq +14280163 path delay    719143
ptp4l[9321.307]: master offset    2587958 s2 freq +14527578 path delay    719143
ptp4l[9322.308]: master offset    -473882 s2 freq +14220920 path delay    719143
ptp4l[9323.312]: master offset    -238870 s2 freq +14244183 path delay    714474
ptp4l[9324.313]: master offset    -122616 s2 freq +14255685 path delay    714474
ptp4l[9325.314]: master offset     -78867 s2 freq +14259981 path delay    662974
ptp4l[9326.317]: master offset     -31898 s2 freq +14264646 path delay    662974
ptp4l[9327.321]: master offset    -223854 s2 freq +14245227 path delay    589148
ptp4l[9328.321]: master offset    -270539 s2 freq +14240288 path delay    514174
ptp4l[9329.324]: master offset     766381 s2 freq +14344746 path delay    514174
ptp4l[9330.326]: master offset    -236399 s2 freq +14244232 path delay    709175
ptp4l[9331.328]: master offset     144621 s2 freq +14282479 path delay    659696
ptp4l[9332.330]: master offset    -420194 s2 freq +14225577 path delay    659696
ptp4l[9333.332]: master offset      -9721 s2 freq +14266614 path delay    449908
ptp4l[9334.335]: master offset      50149 s2 freq +14272652 path delay    449908
ptp4l[9335.343]: master offset    3651619 s2 freq +14636450 path delay    449908
ptp4l[9336.336]: master offset    -302672 s2 freq +14240718 path delay    449908
ptp4l[9337.340]: master offset    2828161 s2 freq +14556630 path delay    425088
ptp4l[9338.337]: master offset     132213 s2 freq +14287167 path delay    425088
ptp4l[9339.338]: master offset     994762 s2 freq +14374417 path delay    420782
ptp4l[9340.338]: master offset    -175978 s2 freq +14257167 path delay    420782
ptp4l[9341.341]: master offset     262789 s2 freq +14301307 path delay    399247
ptp4l[9342.342]: master offset    -174983 s2 freq +14257354 path delay    399247
ptp4l[9343.349]: master offset     -27737 s2 freq +14272051 path delay    399247
ptp4l[9344.349]: master offset    -191531 s2 freq +14255480 path delay    420416
ptp4l[9345.351]: master offset    1309856 s2 freq +14406929 path delay    420416
ptp4l[9346.352]: master offset     634550 s2 freq +14340033 path delay    552520
ptp4l[9347.352]: master offset     160043 s2 freq +14292742 path delay    552520
ptp4l[9348.352]: master offset    -343904 s2 freq +14242003 path delay    624180
ptp4l[9349.359]: master offset     704998 s2 freq +14347599 path delay    624180
ptp4l[9350.358]: master offset    -180385 s2 freq +14258880 path delay    677812
ptp4l[9351.358]: master offset    -292049 s2 freq +14247422 path delay    677812
ptp4l[9352.359]: master offset    -149192 s2 freq +14261558 path delay    672345
ptp4l[9353.361]: master offset     371379 s2 freq +14313987 path delay    758449
ptp4l[9354.361]: master offset     989243 s2 freq +14376762 path delay    758449
ptp4l[9355.361]: master offset     819079 s2 freq +14360565 path delay    758449
ptp4l[9356.360]: master offset    -820673 s2 freq +14195769 path delay    931147
