--- 21:17:24 ---
     remote           refid      st t when poll reach   delay   offset   jitter
===============================================================================
 serverntp       .INIT.          16 u    -   64    0   0.0000   0.0000   0.0002
--- 21:17:39 ---
     remote           refid      st t when poll reach   delay   offset   jitter
===============================================================================
 serverntp       .INIT.          16 u    -   64    0   0.0000   0.0000   0.0002
--- 21:18:16 ---
     remote           refid      st t when poll reach   delay   offset   jitter
===============================================================================
 serverntp       .INIT.          16 u    -   64    0   0.0000   0.0000   0.0002
--- 21:18:31 ---
     remote           refid      st t when poll reach   delay   offset   jitter
===============================================================================
 serverntp       .INIT.          16 u    -   64    0   0.0000   0.0000   0.0002
--- 21:18:46 ---
     remote           refid      st t when poll reach   delay   offset   jitter
===============================================================================
 serverntp       .INIT.          16 u    -   64    0   0.0000   0.0000   0.0002
--- 21:19:01 ---
     remote           refid      st t when poll reach   delay   offset   jitter
===============================================================================
 serverntp       .INIT.          16 u    -   64    0   0.0000   0.0000   0.0002
--- 21:19:16 ---
     remote           refid      st t when poll reach   delay   offset   jitter
===============================================================================
 serverntp       .INIT.          16 u    -   64    0   0.0000   0.0000   0.0002
--- 21:19:31 ---
     remote           refid      st t when poll reach   delay   offset   jitter
===============================================================================
 serverntp       .INIT.          16 u    -   64    0   0.0000   0.0000   0.0002
--- 21:19:46 ---
     remote           refid      st t when poll reach   delay   offset   jitter
===============================================================================
 serverntp       .INIT.          16 u    -   64    0   0.0000   0.0000   0.0002
--- 21:20:01 ---
     remote           refid      st t when poll reach   delay   offset   jitter
===============================================================================
 serverntp       .INIT.          16 u    -   64    0   0.0000   0.0000   0.0002
--- 21:20:16 ---
     remote           refid      st t when poll reach   delay   offset   jitter
===============================================================================
 serverntp       .INIT.          16 u    -   64    0   0.0000   0.0000   0.0002
--- 21:20:31 ---
     remote           refid      st t when poll reach   delay   offset   jitter
===============================================================================
 serverntp       .INIT.          16 u    -   64    0   0.0000   0.0000   0.0002
--- 21:20:46 ---
     remote           refid      st t when poll reach   delay   offset   jitter
===============================================================================
 serverntp       .INIT.          16 u    -   64    0   0.0000   0.0000   0.0002
--- 21:21:01 ---
     remote           refid      st t when poll reach   delay   offset   jitter
===============================================================================
 serverntp       .INIT.          16 u    -   64    0   0.0000   0.0000   0.0002
--- 21:21:16 ---
     remote           refid      st t when poll reach   delay   offset   jitter
===============================================================================
 serverntp       .INIT.          16 u    -   64    0   0.0000   0.0000   0.0002
--- 21:21:32 ---
     remote           refid      st t when poll reach   delay   offset   jitter
===============================================================================
 serverntp       .INIT.          16 u    -   64    0   0.0000   0.0000   0.0002
--- 21:21:47 ---
     remote           refid      st t when poll reach   delay   offset   jitter
===============================================================================
 serverntp       .INIT.          16 u    -   64    0   0.0000   0.0000   0.0002
--- 21:22:02 ---
     remote           refid      st t when poll reach   delay   offset   jitter
===============================================================================
 serverntp       .INIT.          16 u    -   64    0   0.0000   0.0000   0.0002
--- 21:22:17 ---
     remote           refid      st t when poll reach   delay   offset   jitter
===============================================================================
 serverntp       .INIT.          16 u    -   64    0   0.0000   0.0000   0.0002
--- 21:22:32 ---
     remote           refid      st t when poll reach   delay   offset   jitter
===============================================================================
 serverntp       .INIT.          16 u    -   64    0   0.0000   0.0000   0.0002
--- 21:22:47 ---
     remote           refid      st t when poll reach   delay   offset   jitter
===============================================================================
 serverntp       127.127.1.0      9 u   10   64    1   1.7487   0.4053   0.0000
--- 21:23:02 ---
     remote           refid      st t when poll reach   delay   offset   jitter
===============================================================================
 serverntp       127.127.1.0      9 u   25   64    1   1.7487   0.4053   0.0000
--- 21:23:17 ---
     remote           refid      st t when poll reach   delay   offset   jitter
===============================================================================
 serverntp       127.127.1.0      9 u   40   64    1   1.7487   0.4053   0.0000
--- 21:23:32 ---
     remote           refid      st t when poll reach   delay   offset   jitter
===============================================================================
 serverntp       127.127.1.0      9 u   55   64    1   1.7487   0.4053   0.0000
--- 21:23:47 ---
     remote           refid      st t when poll reach   delay   offset   jitter
===============================================================================
 serverntp       127.127.1.0      9 u    3   64    3   0.9615   0.2474   0.1579
--- 21:24:02 ---
     remote           refid      st t when poll reach   delay   offset   jitter
===============================================================================
 serverntp       127.127.1.0      9 u   18   64    3   0.9615   0.2474   0.1579
--- 21:24:17 ---
     remote           refid      st t when poll reach   delay   offset   jitter
===============================================================================
 serverntp       127.127.1.0      9 u   33   64    3   0.9615   0.2474   0.1579
--- 21:24:32 ---
     remote           refid      st t when poll reach   delay   offset   jitter
===============================================================================
 serverntp       127.127.1.0      9 u   48   64    3   0.9615   0.2474   0.1579
--- 21:24:47 ---
     remote           refid      st t when poll reach   delay   offset   jitter
===============================================================================
 serverntp       127.127.1.0      9 u   63   64    3   0.9615   0.2474   0.1579
--- 21:25:02 ---
     remote           refid      st t when poll reach   delay   offset   jitter
===============================================================================
 serverntp       127.127.1.0      9 u   11   64    7   1.3690  -0.0317   0.3667
--- 21:25:17 ---
     remote           refid      st t when poll reach   delay   offset   jitter
===============================================================================
 serverntp       127.127.1.0      9 u   26   64    7   1.3690  -0.0317   0.3667
--- 21:25:33 ---
     remote           refid      st t when poll reach   delay   offset   jitter
===============================================================================
 serverntp       127.127.1.0      9 u   41   64    7   1.3690  -0.0317   0.3667
--- 21:25:48 ---
     remote           refid      st t when poll reach   delay   offset   jitter
===============================================================================
 serverntp       127.127.1.0      9 u   56   64    7   1.3690  -0.0317   0.3667
--- 21:26:03 ---
     remote           refid      st t when poll reach   delay   offset   jitter
===============================================================================
*serverntp       127.127.1.0      9 u    5   64   17   1.9996   0.2864   0.1974
--- 21:26:18 ---
     remote           refid      st t when poll reach   delay   offset   jitter
===============================================================================
*serverntp       127.127.1.0      9 u   20   64   17   1.9996   0.2864   0.1974
--- 21:26:33 ---
     remote           refid      st t when poll reach   delay   offset   jitter
===============================================================================
*serverntp       127.127.1.0      9 u   35   64   17   1.9996   0.2864   0.1974
--- 21:26:48 ---
     remote           refid      st t when poll reach   delay   offset   jitter
===============================================================================
*serverntp       127.127.1.0      9 u   50   64   17   1.9996   0.2864   0.1974
--- 21:27:03 ---
     remote           refid      st t when poll reach   delay   offset   jitter
===============================================================================
*serverntp       127.127.1.0      9 u    -   64   37   1.8466  -0.0154   0.2905
--- 21:27:18 ---
     remote           refid      st t when poll reach   delay   offset   jitter
===============================================================================
*serverntp       127.127.1.0      9 u   15   64   37   1.8466  -0.0154   0.2905
--- 21:27:33 ---
     remote           refid      st t when poll reach   delay   offset   jitter
===============================================================================
*serverntp       127.127.1.0      9 u   30   64   37   1.8466  -0.0154   0.2905
--- 21:27:48 ---
     remote           refid      st t when poll reach   delay   offset   jitter
===============================================================================
*serverntp       127.127.1.0      9 u   45   64   37   1.8466  -0.0154   0.2905
--- 21:28:03 ---
     remote           refid      st t when poll reach   delay   offset   jitter
===============================================================================
*serverntp       127.127.1.0      9 u   60   64   37   1.8466  -0.0154   0.2905
--- 21:28:18 ---
     remote           refid      st t when poll reach   delay   offset   jitter
===============================================================================
*serverntp       127.127.1.0      9 u   10   64   77   3.7509   1.5671   1.3994
--- 21:28:33 ---
     remote           refid      st t when poll reach   delay   offset   jitter
===============================================================================
*serverntp       127.127.1.0      9 u   25   64   77   3.7509   1.5671   1.3994
--- 21:28:48 ---
     remote           refid      st t when poll reach   delay   offset   jitter
===============================================================================
*serverntp       127.127.1.0      9 u   40   64   77   3.7509   1.5671   1.3994
--- 21:29:03 ---
     remote           refid      st t when poll reach   delay   offset   jitter
===============================================================================
*serverntp       127.127.1.0      9 u   55   64   77   3.7509   1.5671   1.3994
--- 21:29:19 ---
     remote           refid      st t when poll reach   delay   offset   jitter
===============================================================================
*serverntp       127.127.1.0      9 u    5   64  177   1.4619   0.1409   0.6043
--- 21:29:34 ---
     remote           refid      st t when poll reach   delay   offset   jitter
===============================================================================
*serverntp       127.127.1.0      9 u   20   64  177   1.4619   0.1409   0.6043
--- 21:29:49 ---
     remote           refid      st t when poll reach   delay   offset   jitter
===============================================================================
*serverntp       127.127.1.0      9 u   36   64  177   1.4619   0.1409   0.6043
--- 21:30:04 ---
     remote           refid      st t when poll reach   delay   offset   jitter
===============================================================================
*serverntp       127.127.1.0      9 u   51   64  177   1.4619   0.1409   0.6043
--- 21:30:19 ---
     remote           refid      st t when poll reach   delay   offset   jitter
===============================================================================
*serverntp       127.127.1.0      9 u    2   64  377   5.3633   2.1955   1.8939
--- 21:30:34 ---
     remote           refid      st t when poll reach   delay   offset   jitter
===============================================================================
*serverntp       127.127.1.0      9 u   17   64  377   5.3633   2.1955   1.8939
--- 21:30:49 ---
     remote           refid      st t when poll reach   delay   offset   jitter
===============================================================================
*serverntp       127.127.1.0      9 u   32   64  377   5.3633   2.1955   1.8939
--- 21:31:04 ---
     remote           refid      st t when poll reach   delay   offset   jitter
===============================================================================
*serverntp       127.127.1.0      9 u   47   64  377   5.3633   2.1955   1.8939
--- 21:31:19 ---
     remote           refid      st t when poll reach   delay   offset   jitter
===============================================================================
*serverntp       127.127.1.0      9 u   62   64  377   5.3633   2.1955   1.8939
--- 21:31:34 ---
     remote           refid      st t when poll reach   delay   offset   jitter
===============================================================================
*serverntp       127.127.1.0      9 u   13   64  377   4.5214   2.0685   1.6575
--- 21:31:49 ---
     remote           refid      st t when poll reach   delay   offset   jitter
===============================================================================
*serverntp       127.127.1.0      9 u   28   64  377   4.5214   2.0685   1.6575
--- 21:32:04 ---
     remote           refid      st t when poll reach   delay   offset   jitter
===============================================================================
*serverntp       127.127.1.0      9 u   43   64  377   4.5214   2.0685   1.6575
--- 21:32:19 ---
     remote           refid      st t when poll reach   delay   offset   jitter
===============================================================================
*serverntp       127.127.1.0      9 u   58   64  377   4.5214   2.0685   1.6575
--- 21:32:34 ---
     remote           refid      st t when poll reach   delay   offset   jitter
===============================================================================
*serverntp       127.127.1.0      9 u    7   64  377   1.3829   0.2219   1.1493
--- 21:32:49 ---
     remote           refid      st t when poll reach   delay   offset   jitter
===============================================================================
*serverntp       127.127.1.0      9 u   22   64  377   1.3829   0.2219   1.1493
--- 21:33:04 ---
     remote           refid      st t when poll reach   delay   offset   jitter
===============================================================================
*serverntp       127.127.1.0      9 u   37   64  377   1.3829   0.2219   1.1493
--- 21:33:20 ---
     remote           refid      st t when poll reach   delay   offset   jitter
===============================================================================
*serverntp       127.127.1.0      9 u   52   64  377   1.3829   0.2219   1.1493
--- 21:33:35 ---
     remote           refid      st t when poll reach   delay   offset   jitter
===============================================================================
*serverntp       127.127.1.0      9 u    2   64  377   1.3829   0.2219   1.1466
--- 21:33:50 ---
     remote           refid      st t when poll reach   delay   offset   jitter
===============================================================================
*serverntp       127.127.1.0      9 u   18   64  377   1.3829   0.2219   1.1466
--- 21:34:05 ---
     remote           refid      st t when poll reach   delay   offset   jitter
===============================================================================
*serverntp       127.127.1.0      9 u   33   64  377   1.3829   0.2219   1.1466
--- 21:34:20 ---
     remote           refid      st t when poll reach   delay   offset   jitter
===============================================================================
*serverntp       127.127.1.0      9 u   48   64  377   1.3829   0.2219   1.1466
--- 21:34:35 ---
     remote           refid      st t when poll reach   delay   offset   jitter
===============================================================================
*serverntp       127.127.1.0      9 u   63   64  377   1.3829   0.2219   1.1466
--- 21:34:50 ---
     remote           refid      st t when poll reach   delay   offset   jitter
===============================================================================
*serverntp       127.127.1.0      9 u   13   64  377   1.3829   0.2219   1.1489
--- 21:35:05 ---
     remote           refid      st t when poll reach   delay   offset   jitter
===============================================================================
*serverntp       127.127.1.0      9 u   28   64  377   1.3829   0.2219   1.1489
--- 21:35:20 ---
     remote           refid      st t when poll reach   delay   offset   jitter
===============================================================================
*serverntp       127.127.1.0      9 u   43   64  377   1.3829   0.2219   1.1489
--- 21:35:35 ---
     remote           refid      st t when poll reach   delay   offset   jitter
===============================================================================
*serverntp       127.127.1.0      9 u   58   64  377   1.3829   0.2219   1.1489
--- 21:35:50 ---
     remote           refid      st t when poll reach   delay   offset   jitter
===============================================================================
*serverntp       127.127.1.0      9 u    9   64  377   1.3829   0.2219   1.1500
--- 21:36:05 ---
     remote           refid      st t when poll reach   delay   offset   jitter
===============================================================================
*serverntp       127.127.1.0      9 u   24   64  377   1.3829   0.2219   1.1500
--- 21:36:20 ---
     remote           refid      st t when poll reach   delay   offset   jitter
===============================================================================
*serverntp       127.127.1.0      9 u   39   64  377   1.3829   0.2219   1.1500
--- 21:36:35 ---
     remote           refid      st t when poll reach   delay   offset   jitter
===============================================================================
*serverntp       127.127.1.0      9 u   54   64  377   1.3829   0.2219   1.1500
--- 21:36:50 ---
     remote           refid      st t when poll reach   delay   offset   jitter
===============================================================================
*serverntp       127.127.1.0      9 u    4   64  377   1.1887   0.1888   1.0486
--- 21:37:06 ---
     remote           refid      st t when poll reach   delay   offset   jitter
===============================================================================
*serverntp       127.127.1.0      9 u   19   64  377   1.1887   0.1888   1.0486
--- 21:37:21 ---
     remote           refid      st t when poll reach   delay   offset   jitter
===============================================================================
*serverntp       127.127.1.0      9 u   34   64  377   1.1887   0.1888   1.0486
--- 21:37:36 ---
     remote           refid      st t when poll reach   delay   offset   jitter
===============================================================================
*serverntp       127.127.1.0      9 u   50   64  377   1.1887   0.1888   1.0486
--- 21:37:51 ---
     remote           refid      st t when poll reach   delay   offset   jitter
===============================================================================
*serverntp       127.127.1.0      9 u    1   64  377   0.8629   0.2553   1.0144
--- 21:38:06 ---
     remote           refid      st t when poll reach   delay   offset   jitter
===============================================================================
*serverntp       127.127.1.0      9 u   16   64  377   0.8629   0.2553   1.0144
--- 21:38:21 ---
     remote           refid      st t when poll reach   delay   offset   jitter
===============================================================================
*serverntp       127.127.1.0      9 u   31   64  377   0.8629   0.2553   1.0144
--- 21:38:36 ---
     remote           refid      st t when poll reach   delay   offset   jitter
===============================================================================
*serverntp       127.127.1.0      9 u   46   64  377   0.8629   0.2553   1.0144
--- 21:38:51 ---
     remote           refid      st t when poll reach   delay   offset   jitter
===============================================================================
*serverntp       127.127.1.0      9 u   61   64  377   0.8629   0.2553   1.0144
--- 21:39:06 ---
     remote           refid      st t when poll reach   delay   offset   jitter
===============================================================================
*serverntp       127.127.1.0      9 u    9   64  377   0.8629   0.2553   0.7375
--- 21:39:21 ---
     remote           refid      st t when poll reach   delay   offset   jitter
===============================================================================
*serverntp       127.127.1.0      9 u   24   64  377   0.8629   0.2553   0.7375
--- 21:39:36 ---
     remote           refid      st t when poll reach   delay   offset   jitter
===============================================================================
*serverntp       127.127.1.0      9 u   39   64  377   0.8629   0.2553   0.7375
--- 21:39:51 ---
     remote           refid      st t when poll reach   delay   offset   jitter
===============================================================================
*serverntp       127.127.1.0      9 u   54   64  377   0.8629   0.2553   0.7375
--- 21:40:06 ---
     remote           refid      st t when poll reach   delay   offset   jitter
===============================================================================
*serverntp       127.127.1.0      9 u    3   64  377   0.8629   0.2553   0.2738
--- 21:40:21 ---
     remote           refid      st t when poll reach   delay   offset   jitter
===============================================================================
*serverntp       127.127.1.0      9 u   18   64  377   0.8629   0.2553   0.2738
--- 21:40:36 ---
     remote           refid      st t when poll reach   delay   offset   jitter
===============================================================================
*serverntp       127.127.1.0      9 u   33   64  377   0.8629   0.2553   0.2738
--- 21:40:51 ---
     remote           refid      st t when poll reach   delay   offset   jitter
===============================================================================
*serverntp       127.127.1.0      9 u   48   64  377   0.8629   0.2553   0.2738
--- 21:41:07 ---
     remote           refid      st t when poll reach   delay   offset   jitter
===============================================================================
*serverntp       127.127.1.0      9 u   63   64  377   0.8629   0.2553   0.2738
--- 21:41:22 ---
     remote           refid      st t when poll reach   delay   offset   jitter
===============================================================================
*serverntp       127.127.1.0      9 u   11   64  377   0.8629   0.2553   0.2775
--- 21:41:37 ---
     remote           refid      st t when poll reach   delay   offset   jitter
===============================================================================
*serverntp       127.127.1.0      9 u   27   64  377   0.8629   0.2553   0.2775
--- 21:41:52 ---
     remote           refid      st t when poll reach   delay   offset   jitter
===============================================================================
*serverntp       127.127.1.0      9 u   42   64  377   0.8629   0.2553   0.2775
--- 21:42:07 ---
     remote           refid      st t when poll reach   delay   offset   jitter
===============================================================================
*serverntp       127.127.1.0      9 u   57   64  377   0.8629   0.2553   0.2775
--- 21:42:22 ---
     remote           refid      st t when poll reach   delay   offset   jitter
===============================================================================
*serverntp       127.127.1.0      9 u    5   64  377   0.8629   0.2553   0.2720
