ptp4l[7897.037]: port 1: INITIALIZING to LISTENING on INIT_COMPLETE
ptp4l[7897.038]: port 0: INITIALIZING to LISTENING on INIT_COMPLETE
ptp4l[7900.910]: port 1: new foreign master ce8a86.fffe.bc0acd-2
ptp4l[7903.172]: selected local clock a22346.fffe.060271 as best master
ptp4l[7904.913]: selected best master clock f2936b.fffe.7440c4
ptp4l[7904.913]: foreign master not using PTP timescale
ptp4l[7904.913]: port 1: LISTENING to UNCALIBRATED on RS_SLAVE
ptp4l[7907.922]: rms 729373 max 783657 freq -1976075 +/-   0 delay 927558 +/- 95324
ptp4l[7909.924]: rms 457062 max 637781 freq -1976075 +/-   0 delay 929571 +/- 210462
ptp4l[7911.926]: rms 317724 max 437072 freq -1976075 +/-   0 delay 782340 +/-   0
ptp4l[7913.930]: rms 142947 max 163781 freq -1976075 +/-   0 delay 658439 +/- 38751
ptp4l[7915.928]: rms 183731 max 256504 freq -1976075 +/-   0 delay 615864 +/-   0
ptp4l[7917.933]: rms 1020423 max 1401904 freq -1976075 +/-   0 delay 623776 +/- 11189
ptp4l[7919.937]: rms 325219 max 392517 freq -1976075 +/-   0 delay 639599 +/-   0
ptp4l[7921.934]: rms 922922 max 1283670 freq -1976075 +/-   0 delay 719728 +/- 24826
ptp4l[7923.936]: rms 164933 max 209933 freq -1945318 +/- 5134 delay 754837 +/-   0
ptp4l[7923.937]: port 1: UNCALIBRATED to SLAVE on MASTER_CLOCK_SELECTED
ptp4l[7925.938]: rms 258908 max 360775 freq -1918879 +/- 15094 delay 754837 +/-   0
ptp4l[7927.941]: rms 51568 max 53650 freq -1945092 +/- 239 delay 837306 +/-   0
ptp4l[7929.942]: rms 299925 max 378515 freq -1968936 +/- 9260 delay 1023559 +/-   0
ptp4l[7931.941]: rms 408487 max 526019 freq -1955303 +/- 38361 delay 1047743 +/-   0
ptp4l[7933.944]: rms 560805 max 701242 freq -1995296 +/- 16352 delay 1092586 +/- 44842
ptp4l[7935.945]: rms 197894 max 263958 freq -1950482 +/- 17980 delay 933959 +/-   0
ptp4l[7937.942]: rms 158252 max 219932 freq -1955375 +/- 8904 delay 815649 +/- 55551
ptp4l[7939.948]: rms 536780 max 704706 freq -1921134 +/- 49699 delay 705385 +/-   0
ptp4l[7941.950]: rms 276274 max 367080 freq -1930192 +/- 25228 delay 613814 +/-   0
ptp4l[7943.953]: rms 67834 max 89335 freq -1944462 +/- 6232 delay 630082 +/- 11503
ptp4l[7945.954]: rms 126502 max 136194 freq -1940764 +/- 12678 delay 554934 +/-   0
ptp4l[7947.957]: rms 1502844 max 2121338 freq -1841229 +/- 113648 delay 571502 +/- 16568
ptp4l[7949.958]: rms 783589 max 1096670 freq -1892451 +/- 63341 delay 608686 +/- 20616
ptp4l[7951.958]: rms 256183 max 291588 freq -1964469 +/- 3974 delay 710434 +/-   0
ptp4l[7953.959]: rms 152894 max 215834 freq -1949635 +/- 11448 delay 710434 +/-   0
ptp4l[7955.965]: rms 264803 max 299171 freq -1935867 +/- 26371 delay 679036 +/- 31398
ptp4l[7957.967]: rms 262036 max 326318 freq -1931891 +/- 25260 delay 746197 +/- 53095
ptp4l[7959.969]: rms 288197 max 396887 freq -1964186 +/- 15162 delay 844801 +/- 6412
ptp4l[7961.968]: rms 235768 max 328592 freq -1959367 +/- 13573 delay 788688 +/- 22482
ptp4l[7963.970]: rms 277402 max 313871 freq -1967990 +/- 4083 delay 707385 +/-   0
ptp4l[7965.973]: rms 272762 max 298956 freq -1943623 +/- 27258 delay 571428 +/- 35564
ptp4l[7967.977]: rms 200202 max 277259 freq -1929665 +/- 16869 delay 537832 +/-   0
ptp4l[7969.977]: rms 173318 max 240773 freq -1955021 +/- 9864 delay 555813 +/-   0
ptp4l[7971.980]: rms 106181 max 147258 freq -1931872 +/- 5967 delay 526154 +/- 1006
ptp4l[7973.983]: rms 632023 max 842807 freq -1882891 +/- 27680 delay 525147 +/-   0
ptp4l[7975.982]: rms 128274 max 172170 freq -1927824 +/- 5722 delay 564719 +/- 18227
ptp4l[7977.986]: rms 1164309 max 1645962 freq -1858445 +/- 85380 delay 580933 +/-   0
ptp4l[7979.986]: rms 5459494 max 7719590 freq -1551119 +/- 393137 delay 688052 +/- 104157
ptp4l[7981.987]: rms 323403 max 446023 freq -1957941 +/- 17190 delay 868713 +/-   0
ptp4l[7983.990]: rms 59386 max 69482 freq -1936545 +/- 1150 delay 713808 +/- 109534
ptp4l[7985.990]: rms 307692 max 435142 freq -1952902 +/- 21794 delay 622221 +/- 11966
ptp4l[7987.989]: rms 142605 max 185329 freq -1936617 +/- 13283 delay 580987 +/- 26108
ptp4l[7989.993]: rms 413739 max 568773 freq -1909568 +/- 35589 delay 514195 +/-   0
ptp4l[7991.994]: rms 178445 max 226568 freq -1925082 +/- 16999 delay 560831 +/-   0
ptp4l[7993.997]: rms 20042 max 28339 freq -1932144 +/- 1458 delay 560831 +/-   0
ptp4l[7995.999]: rms 391086 max 543808 freq -1897941 +/- 22098 delay 558232 +/- 57806
ptp4l[7997.999]: rms 322220 max 453175 freq -1904598 +/- 20245 delay 733291 +/-   0
ptp4l[8000.001]: rms 4895486 max 6920569 freq -1566921 +/- 336276 delay 734220 +/- 657
ptp4l[8002.004]: rms 360591 max 496205 freq -1903449 +/- 30939 delay 708159 +/-   0
ptp4l[8004.006]: rms 196711 max 277543 freq -1908934 +/- 14835 delay 734685 +/-   0
ptp4l[8006.009]: rms 105891 max 149126 freq -1928786 +/- 8147 delay 792370 +/-   0
ptp4l[8008.013]: rms 479007 max 633765 freq -1902203 +/- 43967 delay 798675 +/- 31437
ptp4l[8010.013]: rms 377736 max 488442 freq -1957447 +/- 13498 delay 772427 +/-   0
ptp4l[8012.016]: rms 85943 max 112332 freq -1925702 +/- 7960 delay 772427 +/-   0
ptp4l[8014.013]: rms 913359 max 1290438 freq -1853706 +/- 61657 delay 754425 +/-   0
ptp4l[8016.018]: rms 238290 max 293298 freq -1944375 +/- 6284 delay 838109 +/-   0
ptp4l[8018.018]: rms 190345 max 256277 freq -1938638 +/- 8824 delay 682268 +/- 70592
ptp4l[8020.020]: rms 111769 max 151382 freq -1916508 +/- 9919 delay 547811 +/- 8628
ptp4l[8022.020]: rms 333351 max 448316 freq -1891652 +/- 15350 delay 556082 +/- 13655
ptp4l[8024.022]: rms 374284 max 485825 freq -1885746 +/- 13680 delay 610621 +/-   0
ptp4l[8026.023]: rms 229709 max 276537 freq -1897779 +/- 5442 delay 572624 +/-   0
ptp4l[8028.025]: rms 167182 max 230917 freq -1905651 +/- 8982 delay 572624 +/-   0
ptp4l[8030.030]: rms 93387 max 95298 freq -1919952 +/- 9382 delay 572624 +/-   0
ptp4l[8032.031]: rms 141853 max 175364 freq -1915826 +/- 13727 delay 610621 +/-   0
ptp4l[8034.029]: rms 302428 max 411891 freq -1904710 +/- 26560 delay 620829 +/-   0
ptp4l[8036.031]: rms 353463 max 498550 freq -1895747 +/- 26762 delay 675524 +/-   0
ptp4l[8038.034]: rms 1495507 max 2113831 freq -1815661 +/- 110213 delay 663792 +/- 23684
ptp4l[8040.037]: rms 144472 max 177826 freq -1930982 +/- 3810 delay 677466 +/-   0
ptp4l[8042.039]: rms 506283 max 710307 freq -1885832 +/- 40373 delay 622771 +/-   0
ptp4l[8044.041]: rms 384360 max 534413 freq -1884218 +/- 21704 delay 712133 +/-   0
ptp4l[8046.043]: rms 238293 max 334411 freq -1930807 +/- 18825 delay 620131 +/-   0
ptp4l[8048.047]: rms 1046521 max 1473223 freq -1848968 +/- 81473 delay 620131 +/-   0
ptp4l[8050.046]: rms 217070 max 227005 freq -1913676 +/- 21786 delay 741981 +/- 49539
ptp4l[8052.050]: rms 714144 max 993956 freq -1855064 +/- 40656 delay 699859 +/- 40450
ptp4l[8054.052]: rms 482895 max 488000 freq -1864610 +/- 274 delay 769284 +/-   0
ptp4l[8056.053]: rms 124839 max 150609 freq -1924991 +/- 2878 delay 820202 +/-   0
ptp4l[8058.051]: rms 303304 max 421874 freq -1938331 +/- 17179 delay 820202 +/-   0
ptp4l[8060.056]: rms 516568 max 530387 freq -1965820 +/- 1150 delay 744770 +/- 24514
ptp4l[8062.059]: rms 443302 max 505245 freq -1958944 +/- 6519 delay 667930 +/-   0
ptp4l[8064.062]: rms 456600 max 540511 freq -1906032 +/- 44960 delay 571606 +/- 17952
ptp4l[8066.060]: rms 417479 max 458290 freq -1910962 +/- 41755 delay 506580 +/-   0
ptp4l[8068.064]: rms 267138 max 373171 freq -1931093 +/- 21633 delay 437302 +/- 69278
ptp4l[8070.062]: rms 180239 max 242052 freq -1931730 +/- 8068 delay 299366 +/- 54418
ptp4l[8072.062]: rms 68858 max 71794 freq -1922653 +/- 336 delay 213504 +/-   0
ptp4l[8074.063]: rms 26984 max 38159 freq -1913841 +/- 1886 delay 186398 +/- 17651
ptp4l[8076.064]: rms 72619 max 102223 freq -1911112 +/- 5656 delay 162821 +/- 1029
ptp4l[8078.067]: rms 81884 max 96264 freq -1907535 +/- 1643 delay 163850 +/-   0
ptp4l[8080.067]: rms 138820 max 195660 freq -1904727 +/- 8970 delay 172850 +/- 9000
ptp4l[8082.071]: rms 615784 max 668758 freq -1853087 +/- 5882 delay 194614 +/-   0
ptp4l[8084.071]: rms 269982 max 378833 freq -1892521 +/- 16751 delay 223361 +/- 12429
ptp4l[8086.073]: rms 94524 max 124060 freq -1904850 +/- 3776 delay 406324 +/- 79808
ptp4l[8088.075]: rms 139002 max 186631 freq -1907204 +/- 12512 delay 586691 +/-   0
ptp4l[8090.078]: rms 381668 max 435606 freq -1907612 +/- 37935 delay 605570 +/-   0
ptp4l[8092.079]: rms 211690 max 270030 freq -1933537 +/- 6974 delay 636321 +/- 6518
ptp4l[8094.081]: rms 110717 max 141772 freq -1909867 +/- 10483 delay 675883 +/-   0
ptp4l[8096.085]: rms 126151 max 161001 freq -1901512 +/- 4288 delay 691979 +/-   0
ptp4l[8098.087]: rms 942738 max 1311152 freq -1859435 +/- 78295 delay 733980 +/-   0
ptp4l[8100.090]: rms 331471 max 389065 freq -1879271 +/- 6574 delay 788071 +/-   0
ptp4l[8102.091]: rms 212024 max 287045 freq -1930621 +/- 9975 delay 837602 +/-   0
ptp4l[8104.092]: rms 363871 max 438185 freq -1920700 +/- 35535 delay 876048 +/- 1758
ptp4l[8106.096]: rms 202801 max 281347 freq -1923683 +/- 16879 delay 784546 +/-   0
ptp4l[8108.099]: rms 256227 max 361413 freq -1932126 +/- 16748 delay 766960 +/- 35219
ptp4l[8110.101]: rms 182918 max 194381 freq -1911648 +/- 18351 delay 655066 +/-   0
ptp4l[8112.104]: rms 117418 max 156383 freq -1907686 +/- 10689 delay 655066 +/-   0
ptp4l[8114.106]: rms 109290 max 134431 freq -1915640 +/- 10573 delay 708947 +/- 33110
ptp4l[8116.110]: rms 79831 max 104355 freq -1920191 +/- 3042 delay 691534 +/- 15698
ptp4l[8118.112]: rms 123090 max 138034 freq -1911279 +/- 12274 delay 630894 +/- 16955
ptp4l[8120.112]: rms 116900 max 160362 freq -1906760 +/- 10108 delay 628180 +/- 16300
ptp4l[8122.114]: rms 110237 max 153652 freq -1903521 +/- 6351 delay 650998 +/-   0
ptp4l[8124.117]: rms 3617335 max 5112590 freq -1642782 +/- 246645 delay 802204 +/- 61008
ptp4l[8126.118]: rms 261542 max 348426 freq -1918719 +/- 23690 delay 900038 +/- 10540
ptp4l[8128.124]: rms 708931 max 1000519 freq -1860193 +/- 53738 delay 1038878 +/-   0
ptp4l[8130.125]: rms 589105 max 653336 freq -1965932 +/- 6561 delay 1212510 +/-   0
ptp4l[8132.129]: rms 457200 max 545309 freq -1952933 +/- 10167 delay 1023094 +/-   0
ptp4l[8134.131]: rms 231571 max 325658 freq -1923431 +/- 18030 delay 744657 +/- 95313
ptp4l[8136.132]: rms 250587 max 329142 freq -1932181 +/- 10054 delay 637974 +/-   0
ptp4l[8138.135]: rms 191269 max 238371 freq -1915021 +/- 18375 delay 637974 +/-   0
ptp4l[8140.131]: rms 88775 max 122095 freq -1901774 +/- 4704 delay 622438 +/- 12729
ptp4l[8142.137]: rms 205438 max 290378 freq -1895099 +/- 15138 delay 642382 +/-   0
ptp4l[8144.151]: rms 199054 max 281504 freq -1894809 +/- 14241 delay 664977 +/-   0
ptp4l[8146.145]: rms 22174 max 29318 freq -1909631 +/- 2037 delay 650937 +/-   0
