ptp4l[7893.636]: port 1: INITIALIZING to LISTENING on INIT_COMPLETE
ptp4l[7893.637]: port 2: INITIALIZING to LISTENING on INIT_COMPLETE
ptp4l[7893.637]: port 0: INITIALIZING to LISTENING on INIT_COMPLETE
ptp4l[7897.011]: port 1: new foreign master f2936b.fffe.7440c4-1
ptp4l[7900.417]: port 1: LISTENING to MASTER on ANNOUNCE_RECEIPT_TIMEOUT_EXPIRES
ptp4l[7900.417]: selected local clock ce8a86.fffe.bc0acd as best master
ptp4l[7900.417]: port 1: assuming the grand master role
ptp4l[7900.904]: port 2: LISTENING to MASTER on ANNOUNCE_RECEIPT_TIMEOUT_EXPIRES
ptp4l[7900.904]: selected local clock ce8a86.fffe.bc0acd as best master
ptp4l[7900.904]: port 1: assuming the grand master role
ptp4l[7900.904]: port 2: assuming the grand master role
ptp4l[7901.014]: selected best master clock f2936b.fffe.7440c4
ptp4l[7901.014]: foreign master not using PTP timescale
ptp4l[7901.014]: port 1: MASTER to UNCALIBRATED on RS_SLAVE
ptp4l[7903.019]: master offset    1628076 s0 freq -476075 path delay    604327
ptp4l[7904.019]: master offset      63532 s0 freq -476075 path delay    604327
ptp4l[7905.018]: master offset     108162 s0 freq -476075 path delay    568840
ptp4l[7906.020]: master offset     616757 s0 freq -476075 path delay    568840
ptp4l[7907.020]: master offset    1050303 s0 freq -476075 path delay    574299
ptp4l[7908.024]: master offset    2211598 s0 freq -476075 path delay    604327
ptp4l[7909.022]: master offset    -421095 s0 freq -476075 path delay    604327
ptp4l[7910.023]: master offset    -189658 s0 freq -476075 path delay    574299
ptp4l[7911.023]: master offset    -427823 s0 freq -476075 path delay    604327
ptp4l[7912.025]: master offset      -6384 s0 freq -476075 path delay    574299
ptp4l[7913.025]: master offset    -301060 s0 freq -476075 path delay    574299
ptp4l[7914.027]: master offset     328350 s0 freq -476075 path delay    568840
ptp4l[7915.026]: master offset    -159962 s0 freq -476075 path delay    568840
ptp4l[7916.028]: master offset     -26687 s0 freq -476075 path delay    544292
ptp4l[7917.029]: master offset    -144232 s0 freq -476075 path delay    544292
ptp4l[7918.034]: master offset    3375527 s0 freq -476075 path delay    485300
ptp4l[7919.033]: master offset    -353363 s1 freq -599876 path delay    507638
ptp4l[7920.032]: master offset    -134664 s2 freq -613477 path delay    507638
ptp4l[7920.032]: port 1: UNCALIBRATED to SLAVE on MASTER_CLOCK_SELECTED
ptp4l[7921.032]: master offset    -301986 s2 freq -630511 path delay    453745
ptp4l[7922.034]: master offset     115070 s2 freq -588691 path delay    421935
ptp4l[7923.034]: master offset      28940 s2 freq -597275 path delay    453745
ptp4l[7924.035]: master offset     208794 s2 freq -579081 path delay    453745
ptp4l[7925.034]: master offset    -235741 s2 freq -623770 path delay    453745
ptp4l[7926.035]: master offset    -220301 s2 freq -622446 path delay    453745
ptp4l[7927.035]: master offset    -240580 s2 freq -624715 path delay    430282
ptp4l[7928.038]: master offset     155104 s2 freq -584991 path delay    430282
ptp4l[7929.037]: master offset    -324921 s2 freq -633319 path delay    477179
ptp4l[7930.039]: master offset     124478 s2 freq -588254 path delay    446932
ptp4l[7931.038]: master offset    -179901 s2 freq -618872 path delay    446932
ptp4l[7932.038]: master offset    -174468 s2 freq -618503 path delay    462018
ptp4l[7933.039]: master offset    -173230 s2 freq -618553 path delay    462018
ptp4l[7934.042]: master offset     266000 s2 freq -574364 path delay    414427
ptp4l[7935.041]: master offset    -223907 s2 freq -623578 path delay    431516
ptp4l[7936.042]: master offset     -34862 s2 freq -604709 path delay    431516
ptp4l[7937.041]: master offset    -199658 s2 freq -621388 path delay    443720
ptp4l[7938.042]: master offset     200837 s2 freq -581138 path delay    431516
ptp4l[7939.042]: master offset    -246161 s2 freq -626083 path delay    443466
ptp4l[7940.042]: master offset    -278491 s2 freq -629595 path delay    443466
ptp4l[7941.043]: master offset    -127666 s2 freq -614640 path delay    409341
ptp4l[7942.043]: master offset    -170596 s2 freq -619104 path delay    409341
ptp4l[7943.042]: master offset    -290526 s2 freq -631387 path delay    409341
ptp4l[7944.044]: master offset       5526 s2 freq -601777 path delay    395124
ptp4l[7945.044]: master offset     544579 s2 freq -547327 path delay    438380
ptp4l[7946.045]: master offset    1297294 s2 freq -470758 path delay    438380
ptp4l[7947.044]: master offset    -270160 s2 freq -627773 path delay    465249
ptp4l[7948.045]: master offset    -158971 s2 freq -616813 path delay    465249
ptp4l[7949.045]: master offset     -98820 s2 freq -610897 path delay    383166
ptp4l[7950.049]: master offset    1957775 s2 freq -403280 path delay    383166
ptp4l[7951.047]: master offset    -280381 s2 freq -627376 path delay    487244
ptp4l[7952.049]: master offset    -234372 s2 freq -623009 path delay    487244
ptp4l[7953.050]: master offset     653447 s2 freq -533574 path delay    487244
ptp4l[7954.051]: master offset     788121 s2 freq -519319 path delay    775613
ptp4l[7955.050]: master offset    -538189 s2 freq -652488 path delay    775613
ptp4l[7956.051]: master offset     -93396 s2 freq -608102 path delay    775613
ptp4l[7957.051]: master offset    -534559 s2 freq -652753 path delay    775613
ptp4l[7958.053]: master offset     657656 s2 freq -532874 path delay    775613
ptp4l[7959.052]: master offset    -559519 s2 freq -655151 path delay    775613
ptp4l[7960.052]: master offset    -588040 s2 freq -658591 path delay    775613
ptp4l[7961.052]: master offset    -587754 s2 freq -659150 path delay    744604
ptp4l[7962.054]: master offset     -56727 s2 freq -606104 path delay    744604
ptp4l[7963.054]: master offset     346660 s2 freq -565418 path delay    744604
ptp4l[7964.055]: master offset     705834 s2 freq -528795 path delay    744604
ptp4l[7965.053]: master offset    -643113 s2 freq -664333 path delay    744604
ptp4l[7966.053]: master offset    -486909 s2 freq -649200 path delay    698730
ptp4l[7967.054]: master offset    -227281 s2 freq -623464 path delay    529159
ptp4l[7968.057]: master offset    1116984 s2 freq -487921 path delay    529159
ptp4l[7969.055]: master offset     742526 s2 freq -524624 path delay    698730
ptp4l[7970.055]: master offset    -365324 s2 freq -635774 path delay    781849
ptp4l[7971.056]: master offset     -31267 s2 freq -602400 path delay    485020
ptp4l[7972.057]: master offset    1132715 s2 freq -484869 path delay    485020
ptp4l[7973.057]: master offset    -383619 s2 freq -636886 path delay    744390
ptp4l[7974.058]: master offset    -325527 s2 freq -631402 path delay    806208
ptp4l[7975.059]: master offset     564954 s2 freq -541789 path delay    629253
ptp4l[7976.061]: master offset    1244112 s2 freq -472629 path delay    629253
ptp4l[7977.060]: master offset    -478628 s2 freq -645382 path delay    629253
ptp4l[7978.062]: master offset     666541 s2 freq -530198 path delay    629253
ptp4l[7979.061]: master offset    -647740 s2 freq -662274 path delay    776931
ptp4l[7980.061]: master offset    -490291 s2 freq -647020 path delay    776931
ptp4l[7981.061]: master offset    -655281 s2 freq -664174 path delay    954329
ptp4l[7982.062]: master offset    -574427 s2 freq -656663 path delay    954329
ptp4l[7983.068]: master offset    1585884 s2 freq -439046 path delay    776931
ptp4l[7984.066]: master offset    -539722 s2 freq -652146 path delay    776931
ptp4l[7985.067]: master offset     -36960 s2 freq -601907 path delay    629253
ptp4l[7986.067]: master offset    -330247 s2 freq -631566 path delay    767882
ptp4l[7987.067]: master offset     159714 s2 freq -582410 path delay    767882
ptp4l[7988.067]: master offset    -317155 s2 freq -630414 path delay    818993
ptp4l[7989.069]: master offset     122271 s2 freq -586349 path delay    741239
ptp4l[7990.070]: master offset    -140868 s2 freq -612804 path delay    673865
ptp4l[7991.074]: master offset     904600 s2 freq -507353 path delay    577815
ptp4l[7992.073]: master offset      50139 s2 freq -592749 path delay    673865
ptp4l[7993.073]: master offset    -144873 s2 freq -612395 path delay    597245
ptp4l[7994.074]: master offset    -283573 s2 freq -626548 path delay    671197
ptp4l[7995.073]: master offset    -619946 s2 freq -660806 path delay    719758
ptp4l[7996.080]: master offset    4135347 s2 freq -181141 path delay    671197
ptp4l[7997.074]: master offset    -472824 s2 freq -642431 path delay    671197
ptp4l[7998.074]: master offset    -260849 s2 freq -621494 path delay    597245
ptp4l[7999.078]: master offset     921956 s2 freq -502292 path delay    597245
ptp4l[8000.082]: master offset    3730142 s2 freq -217743 path delay    597245
ptp4l[8001.078]: master offset    -571851 s2 freq -648514 path delay    698804
ptp4l[8002.080]: master offset     899872 s2 freq -500442 path delay    624852
ptp4l[8003.078]: master offset    -540129 s2 freq -644982 path delay    698804
ptp4l[8004.084]: master offset    4653012 s2 freq -121015 path delay    525306
ptp4l[8005.079]: master offset    -400983 s2 freq -626816 path delay    525306
ptp4l[8006.079]: master offset    -354582 s2 freq -622530 path delay    594542
ptp4l[8007.081]: master offset     165267 s2 freq -570380 path delay    594542
ptp4l[8008.080]: master offset    -307384 s2 freq -617952 path delay    594542
ptp4l[8009.081]: master offset     170901 s2 freq -569953 path delay    462219
ptp4l[8010.082]: master offset       5731 s2 freq -586464 path delay    462219
ptp4l[8011.081]: master offset     197345 s2 freq -567105 path delay    462219
ptp4l[8012.081]: master offset    -188152 s2 freq -605843 path delay    462219
ptp4l[8013.083]: master offset     900053 s2 freq -496123 path delay    421102
ptp4l[8014.084]: master offset     135754 s2 freq -572417 path delay    421102
ptp4l[8015.084]: master offset     307486 s2 freq -554936 path delay    426360
ptp4l[8016.085]: master offset       7826 s2 freq -584894 path delay    517690
ptp4l[8017.088]: master offset    1660506 s2 freq -417966 path delay    535808
ptp4l[8018.087]: master offset     -45897 s2 freq -588652 path delay    535808
ptp4l[8019.089]: master offset     673559 s2 freq -516033 path delay    535808
ptp4l[8020.090]: master offset     -66746 s2 freq -590130 path delay    586527
ptp4l[8021.090]: master offset    -111205 s2 freq -594687 path delay    586527
ptp4l[8022.090]: master offset    -377928 s2 freq -621738 path delay    586527
ptp4l[8023.091]: master offset     339913 s2 freq -549614 path delay    586527
ptp4l[8024.093]: master offset    -107661 s2 freq -594479 path delay    586527
ptp4l[8025.092]: master offset    -478280 s2 freq -632019 path delay    586527
ptp4l[8026.093]: master offset    -373040 s2 freq -621868 path delay    586527
ptp4l[8027.093]: master offset    -348200 s2 freq -619732 path delay    558974
ptp4l[8028.095]: master offset     763722 s2 freq -507776 path delay    499149
ptp4l[8029.095]: master offset     -88107 s2 freq -593047 path delay    499149
ptp4l[8030.096]: master offset     467726 s2 freq -536996 path delay    479037
ptp4l[8031.095]: master offset    -340938 s2 freq -618203 path delay    479037
ptp4l[8032.097]: master offset     -25580 s2 freq -586693 path delay    463995
ptp4l[8033.096]: master offset    -320259 s2 freq -616481 path delay    463995
ptp4l[8034.099]: master offset     239334 s2 freq -560283 path delay    424786
ptp4l[8035.099]: master offset     438975 s2 freq -539880 path delay    426556
ptp4l[8036.100]: master offset      20886 s2 freq -581668 path delay    426556
ptp4l[8037.101]: master offset    -156245 s2 freq -599537 path delay    426556
ptp4l[8038.100]: master offset    -293252 s2 freq -613531 path delay    447724
ptp4l[8039.100]: master offset     385552 s2 freq -545265 path delay    447724
ptp4l[8040.103]: master offset     240600 s2 freq -559520 path delay    447724
ptp4l[8041.101]: master offset     250618 s2 freq -558267 path delay    455824
ptp4l[8042.103]: master offset     982827 s2 freq -484063 path delay    528040
ptp4l[8043.103]: master offset     555773 s2 freq -526213 path delay    606387
ptp4l[8044.104]: master offset     -63973 s2 freq -588252 path delay    657853
ptp4l[8045.103]: master offset    -553358 s2 freq -637744 path delay    657853
ptp4l[8046.105]: master offset    -154726 s2 freq -598035 path delay    657853
ptp4l[8047.105]: master offset    -444150 s2 freq -627422 path delay    657853
ptp4l[8048.108]: master offset      55739 s2 freq -577377 path delay    657853
ptp4l[8049.106]: master offset     334211 s2 freq -549196 path delay    607985
ptp4l[8050.107]: master offset      70033 s2 freq -575543 path delay    607985
ptp4l[8051.107]: master offset    -305880 s2 freq -613440 path delay    610056
ptp4l[8052.109]: master offset     582763 s2 freq -523993 path delay    575512
ptp4l[8053.108]: master offset     321240 s2 freq -549824 path delay    575512
ptp4l[8054.109]: master offset      70148 s2 freq -574864 path delay    575512
ptp4l[8055.110]: master offset     133663 s2 freq -568378 path delay    618952
ptp4l[8056.112]: master offset    -309021 s2 freq -612956 path delay    656437
ptp4l[8057.111]: master offset    -528813 s2 freq -635464 path delay    656437
ptp4l[8058.112]: master offset    -423563 s2 freq -625362 path delay    638391
ptp4l[8059.112]: master offset    -460458 s2 freq -629512 path delay    638391
ptp4l[8060.112]: master offset    -387148 s2 freq -622568 path delay    638391
ptp4l[8061.112]: master offset    -414982 s2 freq -625767 path delay    590869
ptp4l[8062.113]: master offset    -209710 s2 freq -605449 path delay    590869
ptp4l[8063.113]: master offset    -226909 s2 freq -607396 path delay    315248
ptp4l[8064.114]: master offset     212896 s2 freq -563203 path delay    262195
ptp4l[8065.113]: master offset    -157407 s2 freq -600390 path delay    262195
ptp4l[8066.114]: master offset     151645 s2 freq -569334 path delay    250021
ptp4l[8067.114]: master offset    -121729 s2 freq -596793 path delay    250021
ptp4l[8068.114]: master offset      40825 s2 freq -580497 path delay    250021
ptp4l[8069.114]: master offset    -168775 s2 freq -601625 path delay    251895
ptp4l[8070.114]: master offset    -127030 s2 freq -597578 path delay    251895
ptp4l[8071.114]: master offset    -153748 s2 freq -600403 path delay    251895
ptp4l[8072.114]: master offset     -68178 s2 freq -591915 path delay    251405
ptp4l[8073.117]: master offset    1627473 s2 freq -420722 path delay    251405
ptp4l[8074.115]: master offset     -24428 s2 freq -585937 path delay    257040
ptp4l[8075.115]: master offset     -47180 s2 freq -588259 path delay    257040
ptp4l[8076.116]: master offset     -60499 s2 freq -589651 path delay    257040
ptp4l[8077.116]: master offset    -149301 s2 freq -598681 path delay    243606
ptp4l[8078.116]: master offset      51251 s2 freq -578574 path delay    215506
ptp4l[8079.116]: master offset     -11328 s2 freq -584844 path delay    215506
ptp4l[8080.120]: master offset    1953929 s2 freq -386364 path delay    215506
ptp4l[8081.119]: master offset     538018 s2 freq -527417 path delay    215506
ptp4l[8082.123]: master offset    4446215 s2 freq -132151 path delay    215506
ptp4l[8083.119]: master offset    -208014 s2 freq -597782 path delay    331458
ptp4l[8084.120]: master offset     -48329 s2 freq -581862 path delay    358452
ptp4l[8085.123]: master offset    1244585 s2 freq -451326 path delay    546994
ptp4l[8086.122]: master offset    -389876 s2 freq -615162 path delay    704014
ptp4l[8087.123]: master offset     -23460 s2 freq -578544 path delay    704014
ptp4l[8088.123]: master offset    -309977 s2 freq -607505 path delay    704014
ptp4l[8089.123]: master offset    -328368 s2 freq -609673 path delay    704014
ptp4l[8090.123]: master offset    -534907 s2 freq -630862 path delay    704014
ptp4l[8091.125]: master offset      80088 s2 freq -569282 path delay    704014
ptp4l[8092.126]: master offset    -192627 s2 freq -596746 path delay    657980
ptp4l[8093.127]: master offset     307077 s2 freq -546469 path delay    607217
ptp4l[8094.128]: master offset    -202825 s2 freq -597662 path delay    607217
ptp4l[8095.128]: master offset     147497 s2 freq -562482 path delay    484789
ptp4l[8096.128]: master offset    -292266 s2 freq -606751 path delay    532972
ptp4l[8097.129]: master offset     238148 s2 freq -553471 path delay    577304
ptp4l[8098.135]: master offset    -314086 s2 freq -609009 path delay    577304
ptp4l[8099.136]: master offset     371422 s2 freq -540086 path delay    582081
ptp4l[8100.137]: master offset    -243406 s2 freq -601813 path delay    582081
ptp4l[8101.137]: master offset    -408202 s2 freq -618700 path delay    582081
ptp4l[8102.137]: master offset    -252175 s2 freq -603350 path delay    573833
ptp4l[8103.137]: master offset    -337789 s2 freq -612249 path delay    573833
ptp4l[8104.140]: master offset     987271 s2 freq -478756 path delay    573833
ptp4l[8105.138]: master offset    -439280 s2 freq -621850 path delay    573833
ptp4l[8106.139]: master offset    -174030 s2 freq -595499 path delay    573833
ptp4l[8107.143]: master offset     580788 s2 freq -519437 path delay    573833
ptp4l[8108.139]: master offset       6802 s2 freq -576828 path delay    587000
ptp4l[8109.139]: master offset    -476714 s2 freq -625657 path delay    577575
ptp4l[8110.141]: master offset     643775 s2 freq -512964 path delay    577575
ptp4l[8111.141]: master offset     739255 s2 freq -502677 path delay    684888
ptp4l[8112.142]: master offset    -198968 s2 freq -596698 path delay    684888
ptp4l[8113.142]: master offset    -288250 s2 freq -605914 path delay    684888
ptp4l[8114.143]: master offset    -474154 s2 freq -624979 path delay    684888
ptp4l[8115.143]: master offset     361955 s2 freq -541006 path delay    684888
ptp4l[8116.144]: master offset     -40579 s2 freq -581300 path delay    782874
ptp4l[8117.144]: master offset      35315 s2 freq -573675 path delay    703813
ptp4l[8118.144]: master offset     119172 s2 freq -565171 path delay    605827
ptp4l[8119.148]: master offset    -198923 s2 freq -597179 path delay    605827
ptp4l[8120.145]: master offset    -237301 s2 freq -601254 path delay    557825
ptp4l[8121.145]: master offset     300737 s2 freq -547150 path delay    587111
ptp4l[8122.147]: master offset     478878 s2 freq -528857 path delay    620927
ptp4l[8123.147]: master offset     579115 s2 freq -518254 path delay    636914
ptp4l[8124.146]: master offset    -421507 s2 freq -618737 path delay    636914
ptp4l[8125.150]: master offset    -245616 s2 freq -601394 path delay    620927
ptp4l[8126.150]: master offset    -113049 s2 freq -588250 path delay    538186
ptp4l[8127.153]: master offset    -264044 s2 freq -603614 path delay    622729
ptp4l[8128.153]: master offset    -315884 s2 freq -609114 path delay    622729
ptp4l[8129.153]: master offset    -441725 s2 freq -622140 path delay    624126
ptp4l[8130.156]: master offset     767145 s2 freq -500485 path delay    523420
ptp4l[8131.154]: master offset    -187853 s2 freq -596173 path delay    523420
ptp4l[8132.156]: master offset     714990 s2 freq -505174 path delay    426037
ptp4l[8133.156]: master offset    -221224 s2 freq -599016 path delay    426037
ptp4l[8134.157]: master offset      38513 s2 freq -573004 path delay    426037
ptp4l[8135.158]: master offset      86279 s2 freq -568141 path delay    426037
ptp4l[8136.166]: master offset    5221160 s2 freq  -49432 path delay    426037
ptp4l[8137.163]: master offset    -197304 s2 freq -591476 path delay    426037
ptp4l[8138.165]: master offset    1696934 s2 freq -400355 path delay    433056
ptp4l[8139.162]: master offset    -220192 s2 freq -592288 path delay    433056
ptp4l[8140.163]: master offset    -322759 s2 freq -602867 path delay    518672
ptp4l[8141.165]: master offset    -210125 s2 freq -591814 path delay    518672
ptp4l[8142.165]: master offset     -96258 s2 freq -580524 path delay    434184
ptp4l[8143.164]: master offset    -248773 s2 freq -596024 path delay    445899
ptp4l[8144.165]: master offset    -177395 s2 freq -589063 path delay    445899
ptp4l[8145.167]: master offset     435112 s2 freq -527378 path delay    445899
ptp4l[8146.168]: master offset     543698 s2 freq -515975 path delay    445899
ptp4l[8147.167]: master offset    -333763 s2 freq -604055 path delay    445899
