ptp4l[6996.655]: port 1: INITIALIZING to LISTENING on INIT_COMPLETE
ptp4l[6996.655]: port 2: INITIALIZING to LISTENING on INIT_COMPLETE
ptp4l[6996.655]: port 0: INITIALIZING to LISTENING on INIT_COMPLETE
ptp4l[6999.672]: port 1: new foreign master 42559f.fffe.7448bf-1
ptp4l[7003.076]: port 1: LISTENING to MASTER on ANNOUNCE_RECEIPT_TIMEOUT_EXPIRES
ptp4l[7003.076]: selected local clock 8e80fe.fffe.d5e074 as best master
ptp4l[7003.076]: port 1: assuming the grand master role
ptp4l[7003.581]: port 2: LISTENING to MASTER on ANNOUNCE_RECEIPT_TIMEOUT_EXPIRES
ptp4l[7003.582]: selected local clock 8e80fe.fffe.d5e074 as best master
ptp4l[7003.582]: port 1: assuming the grand master role
ptp4l[7003.582]: port 2: assuming the grand master role
ptp4l[7003.675]: selected best master clock 42559f.fffe.7448bf
ptp4l[7003.676]: foreign master not using PTP timescale
ptp4l[7003.676]: port 1: MASTER to UNCALIBRATED on RS_SLAVE
ptp4l[7004.677]: master offset    -447623 s0 freq -278183 path delay    874492
ptp4l[7005.678]: master offset     449939 s0 freq -278183 path delay    739059
ptp4l[7006.680]: master offset    -492719 s0 freq -278183 path delay    932800
ptp4l[7007.680]: master offset    -484039 s0 freq -278183 path delay    874492
ptp4l[7008.682]: master offset    -291847 s0 freq -278183 path delay    739059
ptp4l[7009.682]: master offset    -441001 s0 freq -278183 path delay    739059
ptp4l[7010.684]: master offset     391227 s0 freq -278183 path delay    561421
ptp4l[7011.683]: master offset    -382569 s0 freq -278183 path delay    561421
ptp4l[7012.687]: master offset     580201 s0 freq -278183 path delay    519217
ptp4l[7013.686]: master offset    -288292 s0 freq -278183 path delay    561421
ptp4l[7014.686]: master offset    -240959 s0 freq -278183 path delay    510909
ptp4l[7015.686]: master offset    -382552 s0 freq -278183 path delay    490131
ptp4l[7016.687]: master offset     -99244 s0 freq -278183 path delay    471837
ptp4l[7017.688]: master offset     -14335 s0 freq -278183 path delay    471837
ptp4l[7018.689]: master offset    -216610 s0 freq -278183 path delay    471837
ptp4l[7019.689]: master offset    -206352 s0 freq -278183 path delay    407330
ptp4l[7020.691]: master offset      85515 s1 freq -244881 path delay    407330
ptp4l[7021.691]: master offset     -55994 s2 freq -250536 path delay    407330
ptp4l[7021.692]: port 1: UNCALIBRATED to SLAVE on MASTER_CLOCK_SELECTED
ptp4l[7022.692]: master offset     122844 s2 freq -232530 path delay    407330
ptp4l[7023.691]: master offset    -234248 s2 freq -268473 path delay    407330
ptp4l[7024.693]: master offset     110470 s2 freq -233891 path delay    407330
ptp4l[7025.628]: timed out while polling for tx timestamp
ptp4l[7025.629]: increasing tx_timestamp_timeout may correct this issue, but it is likely caused by a driver bug
ptp4l[7025.629]: port 2: send sync failed
ptp4l[7025.629]: port 2: MASTER to FAULTY on FAULT_DETECTED (FT_UNSPECIFIED)
ptp4l[7025.693]: master offset    -246209 s2 freq -269805 path delay    407330
ptp4l[7026.696]: master offset      69965 s2 freq -238118 path delay    407330
ptp4l[7027.695]: master offset    -270056 s2 freq -272390 path delay    465102
ptp4l[7028.697]: master offset     323779 s2 freq -212682 path delay    465102
ptp4l[7029.697]: master offset     141585 s2 freq -230760 path delay    487924
ptp4l[7030.698]: master offset     315200 s2 freq -213084 path delay    525828
ptp4l[7031.698]: master offset    -213428 s2 freq -266160 path delay    525828
ptp4l[7032.700]: master offset      49492 s2 freq -239818 path delay    525828
ptp4l[7033.700]: master offset    -357141 s2 freq -280839 path delay    574818
ptp4l[7034.702]: master offset    -262082 s2 freq -271595 path delay    658444
ptp4l[7035.701]: master offset    -517300 s2 freq -297634 path delay    659839
ptp4l[7036.704]: master offset     -74248 s2 freq -253403 path delay    659839
ptp4l[7037.704]: master offset    -454287 s2 freq -291861 path delay    659839
ptp4l[7038.706]: master offset    -321405 s2 freq -278894 path delay    742195
ptp4l[7039.706]: master offset    -447488 s2 freq -291950 path delay    659839
ptp4l[7040.708]: master offset    -122807 s2 freq -259605 path delay    659839
ptp4l[7041.631]: port 2: FAULTY to LISTENING on INIT_COMPLETE
ptp4l[7041.709]: master offset    -169427 s2 freq -264436 path delay    573824
ptp4l[7042.710]: master offset      -3090 s2 freq -247806 path delay    573824
ptp4l[7043.710]: master offset    -251411 s2 freq -272889 path delay    573824
ptp4l[7044.714]: master offset     841937 s2 freq -162713 path delay    573824
ptp4l[7045.713]: master offset    -280568 s2 freq -275244 path delay    573824
ptp4l[7046.714]: master offset     635676 s2 freq -182984 path delay    573824
ptp4l[7047.713]: master offset    -270852 s2 freq -273907 path delay    573824
ptp4l[7048.716]: master offset    -265162 s2 freq -273603 path delay    599629
ptp4l[7049.482]: port 2: LISTENING to MASTER on ANNOUNCE_RECEIPT_TIMEOUT_EXPIRES
ptp4l[7049.483]: selected best master clock 42559f.fffe.7448bf
ptp4l[7049.483]: foreign master not using PTP timescale
ptp4l[7049.716]: master offset    -275249 s2 freq -274887 path delay    599629
ptp4l[7050.721]: master offset    1292871 s2 freq -116782 path delay    552594
ptp4l[7051.719]: master offset    -305940 s2 freq -276969 path delay    552594
ptp4l[7052.722]: master offset     370829 s2 freq -208922 path delay    552594
ptp4l[7053.721]: master offset    -479906 s2 freq -294475 path delay    552594
ptp4l[7054.724]: master offset      17233 s2 freq -244744 path delay    500389
ptp4l[7055.724]: master offset    -277931 s2 freq -274538 path delay    500389
ptp4l[7056.730]: master offset    2087684 s2 freq  -35889 path delay    455938
ptp4l[7057.729]: master offset     102041 s2 freq -234351 path delay    455938
ptp4l[7058.731]: master offset      -9700 s2 freq -245535 path delay    455938
ptp4l[7059.733]: master offset      21588 s2 freq -242385 path delay    455938
ptp4l[7060.733]: master offset     -78335 s2 freq -252455 path delay    455938
ptp4l[7061.733]: master offset      66609 s2 freq -237894 path delay    487064
ptp4l[7062.736]: master offset     627796 s2 freq -181148 path delay    487064
ptp4l[7063.736]: master offset     -98884 s2 freq -253915 path delay    489529
ptp4l[7064.739]: master offset     -48438 s2 freq -248919 path delay    518393
ptp4l[7065.740]: master offset    -107306 s2 freq -254913 path delay    518393
ptp4l[7066.744]: master offset     280213 s2 freq -215881 path delay    518393
ptp4l[7067.744]: master offset    -237426 s2 freq -267882 path delay    518393
ptp4l[7068.745]: master offset    -282058 s2 freq -272627 path delay    562813
ptp4l[7069.746]: master offset    -140522 s2 freq -258614 path delay    562813
ptp4l[7070.746]: master offset      42065 s2 freq -240313 path delay    562813
ptp4l[7071.748]: master offset     -66151 s2 freq -251201 path delay    562813
ptp4l[7072.748]: master offset    -280858 s2 freq -272953 path delay    562813
ptp4l[7073.751]: master offset     621453 s2 freq -182100 path delay    501711
ptp4l[7074.754]: master offset     185796 s2 freq -225480 path delay    501711
ptp4l[7075.753]: master offset    -267956 s2 freq -271123 path delay    585506
ptp4l[7076.756]: master offset     -32391 s2 freq -247599 path delay    585506
ptp4l[7077.757]: master offset    -320091 s2 freq -276689 path delay    585506
ptp4l[7078.760]: master offset     184114 s2 freq -226085 path delay    501711
ptp4l[7079.760]: master offset    -228527 s2 freq -267577 path delay    585506
ptp4l[7080.762]: master offset     352632 s2 freq -209109 path delay    598493
ptp4l[7081.763]: master offset       8658 s2 freq -243497 path delay    616675
ptp4l[7082.766]: master offset     206223 s2 freq -223535 path delay    616675
ptp4l[7083.769]: master offset    3630280 s2 freq +122501 path delay    704642
ptp4l[7084.768]: master offset     276939 s2 freq -212556 path delay    704642
ptp4l[7085.769]: master offset     -48522 s2 freq -245151 path delay    738818
ptp4l[7086.771]: master offset    -375087 s2 freq -278182 path delay    738818
ptp4l[7087.774]: master offset    -244827 s2 freq -265401 path delay    727276
ptp4l[7088.774]: master offset    -302950 s2 freq -271516 path delay    707689
ptp4l[7089.776]: master offset     244742 s2 freq -216502 path delay    707689
ptp4l[7090.778]: master offset     868221 s2 freq -153286 path delay    707689
ptp4l[7091.782]: master offset    -483119 s2 freq -288903 path delay    756832
ptp4l[7092.782]: master offset    -421565 s2 freq -283169 path delay    756832
ptp4l[7093.784]: master offset    -338119 s2 freq -275163 path delay    707689
ptp4l[7094.785]: master offset     -88925 s2 freq -250332 path delay    707689
ptp4l[7095.788]: master offset     606067 s2 freq -180227 path delay    706334
ptp4l[7096.791]: master offset     -12967 s2 freq -242144 path delay    706334
ptp4l[7097.791]: master offset     -25533 s2 freq -243426 path delay    766401
ptp4l[7098.792]: master offset      70604 s2 freq -233741 path delay    766401
ptp4l[7099.794]: master offset    -121605 s2 freq -253084 path delay    766401
ptp4l[7100.795]: master offset    -472915 s2 freq -288688 path delay    939844
ptp4l[7101.798]: master offset     226688 s2 freq -218501 path delay    939844
ptp4l[7102.799]: master offset    -516450 s2 freq -293331 path delay    891417
ptp4l[7103.802]: master offset      86101 s2 freq -232990 path delay    891417
ptp4l[7104.803]: master offset    -292404 s2 freq -271133 path delay    878935
ptp4l[7105.806]: master offset      16533 s2 freq -240223 path delay    878935
ptp4l[7106.806]: master offset    -327465 s2 freq -274950 path delay    878935
ptp4l[7107.806]: master offset    -454715 s2 freq -288130 path delay    873582
ptp4l[7108.810]: master offset    1278153 s2 freq -113565 path delay    873582
ptp4l[7109.810]: master offset     884967 s2 freq -151998 path delay    959994
ptp4l[7110.813]: master offset    -366836 s2 freq -277545 path delay    959994
ptp4l[7111.812]: master offset    -401438 s2 freq -281407 path delay    873582
ptp4l[7112.813]: master offset    1041372 s2 freq -136085 path delay    873582
ptp4l[7113.814]: master offset     782015 s2 freq -161238 path delay   1073761
ptp4l[7114.814]: master offset    -511503 s2 freq -291102 path delay   1224445
ptp4l[7115.815]: master offset    -766846 s2 freq -317403 path delay   1224445
ptp4l[7116.818]: master offset    -608048 s2 freq -302131 path delay   1224445
ptp4l[7117.818]: master offset    -857848 s2 freq -327969 path delay   1206795
ptp4l[7118.820]: master offset     110158 s2 freq -231058 path delay   1206795
ptp4l[7119.821]: master offset    -366943 s2 freq -279135 path delay   1206795
ptp4l[7120.822]: master offset    -376454 s2 freq -280463 path delay   1046065
ptp4l[7121.822]: master offset    -214333 s2 freq -264465 path delay    755613
ptp4l[7122.825]: master offset    -177608 s2 freq -260970 path delay    717718
ptp4l[7123.825]: master offset    -323461 s2 freq -275879 path delay    565913
ptp4l[7124.828]: master offset     -53938 s2 freq -248980 path delay    565913
ptp4l[7125.830]: master offset    -202674 s2 freq -264057 path delay    565913
ptp4l[7126.832]: master offset    -172162 s2 freq -261178 path delay    586231
ptp4l[7127.834]: master offset    -115795 s2 freq -255657 path delay    586231
ptp4l[7128.835]: master offset      45867 s2 freq -239445 path delay    586231
ptp4l[7129.840]: master offset    3952087 s2 freq +155129 path delay    586231
ptp4l[7130.837]: master offset      59165 s2 freq -234104 path delay    586231
ptp4l[7131.838]: master offset    -127037 s2 freq -252851 path delay    632114
ptp4l[7132.840]: master offset     530998 s2 freq -186516 path delay    632114
ptp4l[7133.841]: master offset      61903 s2 freq -233364 path delay    632114
ptp4l[7134.844]: master offset     367358 s2 freq -202451 path delay    632114
ptp4l[7135.846]: master offset    -333919 s2 freq -272913 path delay    663476
ptp4l[7136.846]: master offset    -394192 s2 freq -279334 path delay    663476
ptp4l[7137.849]: master offset    -166747 s2 freq -256756 path delay    643529
ptp4l[7138.850]: master offset     460733 s2 freq -193548 path delay    663476
ptp4l[7139.849]: master offset    -243796 s2 freq -264244 path delay    663476
ptp4l[7140.852]: master offset    -174080 s2 freq -257447 path delay    663476
ptp4l[7141.853]: master offset      -8391 s2 freq -240886 path delay    682685
ptp4l[7142.853]: master offset    -255799 s2 freq -265883 path delay    686251
ptp4l[7143.854]: master offset    -264411 s2 freq -267009 path delay    686251
ptp4l[7144.859]: master offset    -192790 s2 freq -260039 path delay    686251
ptp4l[7145.860]: master offset    2498537 s2 freq  +11592 path delay    670048
ptp4l[7146.858]: master offset    -149780 s2 freq -253390 path delay    686251
ptp4l[7147.859]: master offset    -158383 s2 freq -254408 path delay    686251
ptp4l[7148.863]: master offset     490967 s2 freq -188982 path delay    686251
ptp4l[7149.865]: master offset     550649 s2 freq -182463 path delay    686251
ptp4l[7150.865]: master offset    -208807 s2 freq -258618 path delay    757025
ptp4l[7151.868]: master offset    -378123 s2 freq -275928 path delay    788549
ptp4l[7152.870]: master offset     255546 s2 freq -212305 path delay    701848
ptp4l[7153.870]: master offset    -430391 s2 freq -281329 path delay    748782
ptp4l[7154.871]: master offset      13537 s2 freq -236923 path delay    748782
ptp4l[7155.875]: master offset      79692 s2 freq -230228 path delay    748782
ptp4l[7156.876]: master offset     302096 s2 freq -207685 path delay    728230
ptp4l[7157.879]: master offset     628973 s2 freq -174368 path delay    748782
ptp4l[7158.880]: master offset     140642 s2 freq -223061 path delay    748782
ptp4l[7159.883]: master offset    1705232 s2 freq  -64897 path delay    748782
ptp4l[7160.882]: master offset    -546400 s2 freq -290606 path delay   1000030
ptp4l[7161.884]: master offset    -564476 s2 freq -292978 path delay   1000030
ptp4l[7162.886]: master offset    -547887 s2 freq -291867 path delay   1000030
ptp4l[7163.887]: master offset      94574 s2 freq -227527 path delay    905450
ptp4l[7164.887]: master offset    -294553 s2 freq -266734 path delay    905450
ptp4l[7165.887]: master offset    -495012 s2 freq -287275 path delay   1067095
ptp4l[7166.888]: master offset    -328338 s2 freq -270936 path delay    878997
ptp4l[7167.889]: master offset    -279421 s2 freq -266324 path delay    683958
ptp4l[7168.891]: master offset    -257562 s2 freq -264395 path delay    683958
ptp4l[7169.892]: master offset     108004 s2 freq -227731 path delay    626344
ptp4l[7170.894]: master offset    -183904 s2 freq -257105 path delay    581971
ptp4l[7171.894]: master offset    -162009 s2 freq -255078 path delay    581971
ptp4l[7172.897]: master offset      13821 s2 freq -237481 path delay    557425
ptp4l[7173.899]: master offset     436282 s2 freq -194799 path delay    557425
ptp4l[7174.900]: master offset     -88376 s2 freq -247353 path delay    581971
ptp4l[7175.900]: master offset      49448 s2 freq -233521 path delay    561530
ptp4l[7176.901]: master offset     184764 s2 freq -219805 path delay    561530
ptp4l[7177.902]: master offset     170316 s2 freq -221079 path delay    561530
ptp4l[7178.903]: master offset    -177719 s2 freq -256060 path delay    613922
ptp4l[7179.904]: master offset      28466 s2 freq -235413 path delay    613922
ptp4l[7180.906]: master offset    -148662 s2 freq -253275 path delay    619294
ptp4l[7181.906]: master offset    -223224 s2 freq -260954 path delay    616296
ptp4l[7182.907]: master offset    -242836 s2 freq -263158 path delay    616296
ptp4l[7183.908]: master offset    -201336 s2 freq -259210 path delay    545775
ptp4l[7184.909]: master offset     -27891 s2 freq -241893 path delay    551064
ptp4l[7185.910]: master offset       1629 s2 freq -238939 path delay    580095
ptp4l[7186.911]: master offset    -122999 s2 freq -251525 path delay    580095
ptp4l[7187.911]: master offset    -131213 s2 freq -252478 path delay    561140
ptp4l[7188.913]: master offset    -171946 s2 freq -256723 path delay    561140
ptp4l[7189.914]: master offset    -111023 s2 freq -250742 path delay    546897
ptp4l[7190.918]: master offset    -243175 s2 freq -264200 path delay    534114
ptp4l[7191.917]: master offset      23539 s2 freq -237505 path delay    518750
ptp4l[7192.918]: master offset     -85400 s2 freq -248484 path delay    518750
ptp4l[7193.919]: master offset    -139689 s2 freq -254053 path delay    511100
ptp4l[7194.920]: master offset     342051 s2 freq -205537 path delay    518750
ptp4l[7195.921]: master offset    -245116 s2 freq -264499 path delay    534114
ptp4l[7196.923]: master offset     564788 s2 freq -182944 path delay    534114
ptp4l[7197.924]: master offset     -58966 s2 freq -245378 path delay    546897
ptp4l[7198.926]: master offset    -146536 s2 freq -254281 path delay    546897
ptp4l[7199.927]: master offset      -6728 s2 freq -240307 path delay    515907
ptp4l[7200.929]: master offset     -62495 s2 freq -245947 path delay    525797
ptp4l[7201.931]: master offset     101539 s2 freq -229442 path delay    525797
ptp4l[7202.932]: master offset    -113020 s2 freq -251011 path delay    584553
ptp4l[7203.932]: master offset    -245679 s2 freq -264522 path delay    584553
ptp4l[7204.934]: master offset    -224958 s2 freq -262675 path delay    594062
ptp4l[7205.934]: master offset    -103596 s2 freq -250642 path delay    556510
ptp4l[7206.935]: master offset     -26343 s2 freq -242943 path delay    556510
ptp4l[7207.937]: master offset     142558 s2 freq -225911 path delay    581470
ptp4l[7208.939]: master offset    -107829 s2 freq -251057 path delay    581470
ptp4l[7209.941]: master offset    -108794 s2 freq -251263 path delay    581470
ptp4l[7210.942]: master offset     743749 s2 freq -165265 path delay    564578
ptp4l[7211.944]: master offset    -289887 s2 freq -268918 path delay    581470
ptp4l[7212.944]: master offset     -10992 s2 freq -241040 path delay    581522
ptp4l[7213.945]: master offset     194355 s2 freq -220311 path delay    580815
ptp4l[7214.946]: master offset    -193539 s2 freq -259293 path delay    615449
ptp4l[7215.947]: master offset    -328481 s2 freq -273116 path delay    652610
ptp4l[7216.948]: master offset      40540 s2 freq -236173 path delay    652610
ptp4l[7217.949]: master offset     591045 s2 freq -180532 path delay    701694
ptp4l[7218.949]: master offset    -294616 s2 freq -269393 path delay    762910
ptp4l[7219.950]: master offset    -335082 s2 freq -273774 path delay    762910
ptp4l[7220.950]: master offset    -205928 s2 freq -261065 path delay    762910
ptp4l[7221.951]: master offset    -374037 s2 freq -278250 path delay    799947
ptp4l[7222.951]: master offset    -511513 s2 freq -292509 path delay    762910
ptp4l[7223.952]: master offset    -306229 s2 freq -272287 path delay    762910
ptp4l[7224.954]: master offset     556271 s2 freq -185480 path delay    762910
ptp4l[7225.953]: master offset    -391013 s2 freq -280600 path delay    762910
ptp4l[7226.956]: master offset    -350417 s2 freq -276891 path delay    762910
ptp4l[7227.959]: master offset     868252 s2 freq -154156 path delay    718763
ptp4l[7228.960]: master offset    -289854 s2 freq -270256 path delay    718763
ptp4l[7229.961]: master offset    -161082 s2 freq -257540 path delay    661837
ptp4l[7230.963]: master offset    -175161 s2 freq -259123 path delay    661837
ptp4l[7231.963]: master offset    -376780 s2 freq -279662 path delay    604766
ptp4l[7232.966]: master offset      36270 s2 freq -238320 path delay    604766
ptp4l[7233.967]: master offset    -435725 s2 freq -285956 path delay    661837
ptp4l[7234.970]: master offset     -93581 s2 freq -251835 path delay    604766
ptp4l[7235.972]: master offset    -243610 s2 freq -267081 path delay    604766
ptp4l[7236.976]: master offset    1352345 s2 freq -106133 path delay    604766
ptp4l[7237.976]: master offset    -145082 s2 freq -256021 path delay    604766
ptp4l[7238.979]: master offset     151201 s2 freq -226242 path delay    554641
ptp4l[7239.980]: master offset    1247072 s2 freq -115408 path delay    604766
ptp4l[7240.980]: master offset    -221429 s2 freq -262479 path delay    629214
ptp4l[7241.982]: master offset    -176597 s2 freq -258172 path delay    618255
ptp4l[7242.981]: master offset     218782 s2 freq -218416 path delay    505976
ptp4l[7243.984]: master offset     428401 s2 freq -197025 path delay    505976
ptp4l[7244.985]: master offset    -193800 s2 freq -259439 path delay    584300
ptp4l[7245.986]: master offset    -306849 s2 freq -271051 path delay    584300
ptp4l[7246.989]: master offset     -97383 s2 freq -250202 path delay    584300
ptp4l[7247.989]: master offset      51044 s2 freq -235308 path delay    552989
ptp4l[7248.991]: master offset     -26311 s2 freq -243070 path delay    552989
ptp4l[7249.992]: master offset    -280608 s2 freq -268780 path delay    553847
ptp4l[7250.992]: master offset    -438899 s2 freq -285048 path delay    553847
ptp4l[7251.995]: master offset     -25321 s2 freq -243716 path delay    553847
ptp4l[7252.995]: master offset      66888 s2 freq -234428 path delay    553847
ptp4l[7253.996]: master offset    -161065 s2 freq -257384 path delay    541779
ptp4l[7254.998]: master offset     127143 s2 freq -228436 path delay    541779
ptp4l[7255.998]: master offset     113829 s2 freq -229654 path delay    541779
ptp4l[7256.999]: master offset    -284037 s2 freq -269725 path delay    533052
