--- 02:29:35 ---
     remote           refid      st t when poll reach   delay   offset   jitter
===============================================================================
 boundary1       .INIT.          16 u    -   64    0   0.0000   0.0000   0.0001
--- 02:29:50 ---
     remote           refid      st t when poll reach   delay   offset   jitter
===============================================================================
 boundary1       .INIT.          16 u    -   64    0   0.0000   0.0000   0.0001
--- 02:30:05 ---
     remote           refid      st t when poll reach   delay   offset   jitter
===============================================================================
 boundary1       .INIT.          16 u    -   64    0   0.0000   0.0000   0.0001
--- 02:30:20 ---
     remote           refid      st t when poll reach   delay   offset   jitter
===============================================================================
 boundary1       .INIT.          16 u    -   64    0   0.0000   0.0000   0.0001
--- 02:30:35 ---
     remote           refid      st t when poll reach   delay   offset   jitter
===============================================================================
 boundary1       .INIT.          16 u    -   64    0   0.0000   0.0000   0.0001
--- 02:30:50 ---
     remote           refid      st t when poll reach   delay   offset   jitter
===============================================================================
 boundary1       .INIT.          16 u    -   64    0   0.0000   0.0000   0.0001
--- 02:31:06 ---
     remote           refid      st t when poll reach   delay   offset   jitter
===============================================================================
 boundary1       .INIT.          16 u    -   64    0   0.0000   0.0000   0.0001
--- 02:31:21 ---
     remote           refid      st t when poll reach   delay   offset   jitter
===============================================================================
 boundary1       .INIT.          16 u    -   64    0   0.0000   0.0000   0.0001
--- 02:31:36 ---
     remote           refid      st t when poll reach   delay   offset   jitter
===============================================================================
 boundary1       .INIT.          16 u    -   64    0   0.0000   0.0000   0.0001
--- 02:31:51 ---
     remote           refid      st t when poll reach   delay   offset   jitter
===============================================================================
 boundary1       .INIT.          16 u    -   64    0   0.0000   0.0000   0.0001
--- 02:32:07 ---
     remote           refid      st t when poll reach   delay   offset   jitter
===============================================================================
 boundary1       .INIT.          16 u    -   64    0   0.0000   0.0000   0.0001
--- 02:32:22 ---
     remote           refid      st t when poll reach   delay   offset   jitter
===============================================================================
 boundary1       .INIT.          16 u    -   64    0   0.0000   0.0000   0.0001
--- 02:32:37 ---
     remote           refid      st t when poll reach   delay   offset   jitter
===============================================================================
 boundary1       .INIT.          16 u    -   64    0   0.0000   0.0000   0.0001
--- 02:32:52 ---
     remote           refid      st t when poll reach   delay   offset   jitter
===============================================================================
 boundary1       .INIT.          16 u    -   64    0   0.0000   0.0000   0.0001
--- 02:33:08 ---
     remote           refid      st t when poll reach   delay   offset   jitter
===============================================================================
 boundary1       .INIT.          16 u    -   64    0   0.0000   0.0000   0.0001
--- 02:33:23 ---
     remote           refid      st t when poll reach   delay   offset   jitter
===============================================================================
 boundary1       .INIT.          16 u    -   64    0   0.0000   0.0000   0.0001
--- 02:33:38 ---
     remote           refid      st t when poll reach   delay   offset   jitter
===============================================================================
 boundary1       .INIT.          16 u    -   64    0   0.0000   0.0000   0.0001
--- 02:33:53 ---
     remote           refid      st t when poll reach   delay   offset   jitter
===============================================================================
 boundary1       .INIT.          16 u    -   64    0   0.0000   0.0000   0.0001
--- 02:34:08 ---
     remote           refid      st t when poll reach   delay   offset   jitter
===============================================================================
 boundary1       .INIT.          16 u    -   64    0   0.0000   0.0000   0.0001
--- 02:34:23 ---
     remote           refid      st t when poll reach   delay   offset   jitter
===============================================================================
 boundary1       .INIT.          16 u    -   64    0   0.0000   0.0000   0.0001
--- 02:34:39 ---
     remote           refid      st t when poll reach   delay   offset   jitter
===============================================================================
 boundary1       .INIT.          16 u    -   64    0   0.0000   0.0000   0.0001
--- 02:34:54 ---
     remote           refid      st t when poll reach   delay   offset   jitter
===============================================================================
 boundary1       .INIT.          16 u    -   64    0   0.0000   0.0000   0.0001
--- 02:35:10 ---
     remote           refid      st t when poll reach   delay   offset   jitter
===============================================================================
 boundary1       .INIT.          16 u    -   64    0   0.0000   0.0000   0.0001
--- 02:35:25 ---
     remote           refid      st t when poll reach   delay   offset   jitter
===============================================================================
 boundary1       .INIT.          16 u    -   64    0   0.0000   0.0000   0.0001
--- 02:35:40 ---
     remote           refid      st t when poll reach   delay   offset   jitter
===============================================================================
 boundary1       .INIT.          16 u    -   64    0   0.0000   0.0000   0.0001
--- 02:35:55 ---
     remote           refid      st t when poll reach   delay   offset   jitter
===============================================================================
 boundary1       .INIT.          16 u    -   64    0   0.0000   0.0000   0.0001
--- 02:36:10 ---
     remote           refid      st t when poll reach   delay   offset   jitter
===============================================================================
 boundary1       .INIT.          16 u    -   64    0   0.0000   0.0000   0.0001
--- 02:36:25 ---
     remote           refid      st t when poll reach   delay   offset   jitter
===============================================================================
 boundary1       .INIT.          16 u    -   64    0   0.0000   0.0000   0.0001
--- 02:36:40 ---
     remote           refid      st t when poll reach   delay   offset   jitter
===============================================================================
 boundary1       .INIT.          16 u    -   64    0   0.0000   0.0000   0.0001
--- 02:36:55 ---
     remote           refid      st t when poll reach   delay   offset   jitter
===============================================================================
 boundary1       .INIT.          16 u    -   64    0   0.0000   0.0000   0.0001
--- 02:37:12 ---
     remote           refid      st t when poll reach   delay   offset   jitter
===============================================================================
 boundary1       .INIT.          16 u    -   64    0   0.0000   0.0000   0.0001
--- 02:37:27 ---
     remote           refid      st t when poll reach   delay   offset   jitter
===============================================================================
 boundary1       .INIT.          16 u    -   64    0   0.0000   0.0000   0.0001
--- 02:37:42 ---
     remote           refid      st t when poll reach   delay   offset   jitter
===============================================================================
 boundary1       .INIT.          16 u    -   64    0   0.0000   0.0000   0.0001
--- 02:37:57 ---
     remote           refid      st t when poll reach   delay   offset   jitter
===============================================================================
 boundary1       .INIT.          16 u    -   64    0   0.0000   0.0000   0.0001
--- 02:38:12 ---
     remote           refid      st t when poll reach   delay   offset   jitter
===============================================================================
 boundary1       .INIT.          16 u    -   64    0   0.0000   0.0000   0.0001
--- 02:38:27 ---
     remote           refid      st t when poll reach   delay   offset   jitter
===============================================================================
 boundary1       .INIT.          16 u    -   64    0   0.0000   0.0000   0.0001
--- 02:38:42 ---
     remote           refid      st t when poll reach   delay   offset   jitter
===============================================================================
 boundary1       .INIT.          16 u    -   64    0   0.0000   0.0000   0.0001
--- 02:38:57 ---
     remote           refid      st t when poll reach   delay   offset   jitter
===============================================================================
 boundary1       10.0.10.4       10 u    -  128    1  74.9470 -33.7123   8.0159
--- 02:39:14 ---
     remote           refid      st t when poll reach   delay   offset   jitter
===============================================================================
*boundary1       10.0.10.4       10 u    9   64    1   0.6975   0.1058  22.6818
--- 02:39:29 ---
     remote           refid      st t when poll reach   delay   offset   jitter
===============================================================================
*boundary1       10.0.10.4       10 u   24   64    1   0.6975   0.1058  22.6818
--- 02:39:44 ---
     remote           refid      st t when poll reach   delay   offset   jitter
===============================================================================
*boundary1       10.0.10.4       10 u   39   64    1   0.6975   0.1058  22.6818
--- 02:39:59 ---
     remote           refid      st t when poll reach   delay   offset   jitter
===============================================================================
*boundary1       10.0.10.4       10 u   54   64    1   0.6975   0.1058  22.6818
--- 02:40:14 ---
     remote           refid      st t when poll reach   delay   offset   jitter
===============================================================================
*boundary1       10.0.10.4       10 u   11   64    3  50.5517 -24.4530  17.9155
--- 02:40:29 ---
     remote           refid      st t when poll reach   delay   offset   jitter
===============================================================================
*boundary1       10.0.10.4       10 u   26   64    3  50.5517 -24.4530  17.9155
--- 02:40:44 ---
     remote           refid      st t when poll reach   delay   offset   jitter
===============================================================================
*boundary1       10.0.10.4       10 u   41   64    3  50.5517 -24.4530  17.9155
--- 02:40:59 ---
     remote           refid      st t when poll reach   delay   offset   jitter
===============================================================================
*boundary1       10.0.10.4       10 u   56   64    3  50.5517 -24.4530  17.9155
--- 02:41:16 ---
     remote           refid      st t when poll reach   delay   offset   jitter
===============================================================================
*boundary1       10.0.10.4       10 u    2   64    7  58.7326 -28.5947  19.0755
--- 02:41:31 ---
     remote           refid      st t when poll reach   delay   offset   jitter
===============================================================================
*boundary1       10.0.10.4       10 u   17   64    7  58.7326 -28.5947  19.0755
--- 02:41:46 ---
     remote           refid      st t when poll reach   delay   offset   jitter
===============================================================================
*boundary1       10.0.10.4       10 u   32   64    7  58.7326 -28.5947  19.0755
--- 02:42:01 ---
     remote           refid      st t when poll reach   delay   offset   jitter
===============================================================================
*boundary1       10.0.10.4       10 u   47   64    7  58.7326 -28.5947  19.0755
--- 02:42:16 ---
     remote           refid      st t when poll reach   delay   offset   jitter
===============================================================================
*boundary1       10.0.10.4       10 u   62   64    7  58.7326 -28.5947  19.0755
--- 02:42:31 ---
     remote           refid      st t when poll reach   delay   offset   jitter
===============================================================================
*boundary1       10.0.10.4       10 u   11   64   17  54.9948 -25.5041  17.1736
--- 02:42:46 ---
     remote           refid      st t when poll reach   delay   offset   jitter
===============================================================================
*boundary1       10.0.10.4       10 u   26   64   17  54.9948 -25.5041  17.1736
--- 02:43:01 ---
     remote           refid      st t when poll reach   delay   offset   jitter
===============================================================================
*boundary1       10.0.10.4       10 u   42   64   17  54.9948 -25.5041  17.1736
--- 02:43:16 ---
     remote           refid      st t when poll reach   delay   offset   jitter
===============================================================================
*boundary1       10.0.10.4       10 u   57   64   17  54.9948 -25.5041  17.1736
--- 02:43:31 ---
     remote           refid      st t when poll reach   delay   offset   jitter
===============================================================================
*boundary1       10.0.10.4       10 u   72   64   36  54.9948 -25.5041  17.1736
--- 02:43:46 ---
     remote           refid      st t when poll reach   delay   offset   jitter
===============================================================================
*boundary1       10.0.10.4       10 u   87   64   36  54.9948 -25.5041  17.1736
--- 02:44:01 ---
     remote           refid      st t when poll reach   delay   offset   jitter
===============================================================================
*boundary1       10.0.10.4       10 u  102   64   36  54.9948 -25.5041  17.1736
--- 02:44:18 ---
     remote           refid      st t when poll reach   delay   offset   jitter
===============================================================================
*boundary1       10.0.10.4       10 u  118   64   36  54.9948 -25.5041  17.1736
--- 02:44:33 ---
     remote           refid      st t when poll reach   delay   offset   jitter
===============================================================================
*boundary1       10.0.10.4       10 u  133   64   36  54.9948 -25.5041  17.1736
--- 02:44:48 ---
     remote           refid      st t when poll reach   delay   offset   jitter
===============================================================================
*boundary1       10.0.10.4       10 u   13   64   75   1.3599   0.4290  21.7140
--- 02:45:03 ---
     remote           refid      st t when poll reach   delay   offset   jitter
===============================================================================
*boundary1       10.0.10.4       10 u   28   64   75   1.3599   0.4290  21.7140
--- 02:45:18 ---
     remote           refid      st t when poll reach   delay   offset   jitter
===============================================================================
*boundary1       10.0.10.4       10 u   43   64   75   1.3599   0.4290  21.7140
--- 02:45:33 ---
     remote           refid      st t when poll reach   delay   offset   jitter
===============================================================================
*boundary1       10.0.10.4       10 u   58   64   75   1.3599   0.4290  21.7140
--- 02:45:48 ---
     remote           refid      st t when poll reach   delay   offset   jitter
===============================================================================
*boundary1       10.0.10.4       10 u    6   64  173   0.6975   0.1058  19.4442
--- 02:46:03 ---
     remote           refid      st t when poll reach   delay   offset   jitter
===============================================================================
*boundary1       10.0.10.4       10 u   21   64  173   0.6975   0.1058  19.4442
--- 02:46:20 ---
     remote           refid      st t when poll reach   delay   offset   jitter
===============================================================================
*boundary1       10.0.10.4       10 u   38   64  173   0.6975   0.1058  19.4442
--- 02:46:35 ---
     remote           refid      st t when poll reach   delay   offset   jitter
===============================================================================
*boundary1       10.0.10.4       10 u   53   64  173   0.6975   0.1058  19.4442
--- 02:46:50 ---
     remote           refid      st t when poll reach   delay   offset   jitter
===============================================================================
*boundary1       10.0.10.4       10 u    -   64  367   0.6975   0.1058  24.5762
--- 02:47:05 ---
     remote           refid      st t when poll reach   delay   offset   jitter
===============================================================================
*boundary1       10.0.10.4       10 u   16   64  367   0.6975   0.1058  24.5762
--- 02:47:20 ---
     remote           refid      st t when poll reach   delay   offset   jitter
===============================================================================
*boundary1       10.0.10.4       10 u   31   64  367   0.6975   0.1058  24.5762
--- 02:47:35 ---
     remote           refid      st t when poll reach   delay   offset   jitter
===============================================================================
*boundary1       10.0.10.4       10 u   46   64  367   0.6975   0.1058  24.5762
--- 02:47:50 ---
     remote           refid      st t when poll reach   delay   offset   jitter
===============================================================================
*boundary1       10.0.10.4       10 u   61   64  367   0.6975   0.1058  24.5762
--- 02:48:05 ---
     remote           refid      st t when poll reach   delay   offset   jitter
===============================================================================
*boundary1       10.0.10.4       10 u   76   64  356   0.6975   0.1058  24.5762
--- 02:48:21 ---
     remote           refid      st t when poll reach   delay   offset   jitter
===============================================================================
*boundary1       10.0.10.4       10 u   92   64  356   0.6975   0.1058  24.5762
--- 02:48:36 ---
     remote           refid      st t when poll reach   delay   offset   jitter
===============================================================================
*boundary1       10.0.10.4       10 u  107   64  356   0.6975   0.1058  24.5762
--- 02:48:52 ---
     remote           refid      st t when poll reach   delay   offset   jitter
===============================================================================
*boundary1       10.0.10.4       10 u  122   64  356   0.6975   0.1058  24.5762
--- 02:49:07 ---
     remote           refid      st t when poll reach   delay   offset   jitter
===============================================================================
*boundary1       10.0.10.4       10 u    1   64  335   0.6975   0.1058  26.6816
--- 02:49:22 ---
     remote           refid      st t when poll reach   delay   offset   jitter
===============================================================================
*boundary1       10.0.10.4       10 u   16   64  335   0.6975   0.1058  26.6816
--- 02:49:37 ---
     remote           refid      st t when poll reach   delay   offset   jitter
===============================================================================
*boundary1       10.0.10.4       10 u   31   64  335   0.6975   0.1058  26.6816
--- 02:49:52 ---
     remote           refid      st t when poll reach   delay   offset   jitter
===============================================================================
*boundary1       10.0.10.4       10 u   46   64  335   0.6975   0.1058  26.6816
--- 02:50:07 ---
     remote           refid      st t when poll reach   delay   offset   jitter
===============================================================================
*boundary1       10.0.10.4       10 u   61   64  335   0.6975   0.1058  26.6816
--- 02:50:23 ---
     remote           refid      st t when poll reach   delay   offset   jitter
===============================================================================
*boundary1       10.0.10.4       10 u    9   64  273   0.8732   0.1863  26.7546
--- 02:50:38 ---
     remote           refid      st t when poll reach   delay   offset   jitter
===============================================================================
*boundary1       10.0.10.4       10 u   25   64  273   0.8732   0.1863  26.7546
--- 02:50:53 ---
     remote           refid      st t when poll reach   delay   offset   jitter
===============================================================================
*boundary1       10.0.10.4       10 u   40   64  273   0.8732   0.1863  26.7546
--- 02:51:08 ---
     remote           refid      st t when poll reach   delay   offset   jitter
===============================================================================
*boundary1       10.0.10.4       10 u   55   64  273   0.8732   0.1863  26.7546
--- 02:51:23 ---
     remote           refid      st t when poll reach   delay   offset   jitter
===============================================================================
*boundary1       10.0.10.4       10 u    3   64  167   0.8732   0.1863  28.6596
--- 02:51:39 ---
     remote           refid      st t when poll reach   delay   offset   jitter
===============================================================================
*boundary1       10.0.10.4       10 u   18   64  167   0.8732   0.1863  28.6596
--- 02:51:54 ---
     remote           refid      st t when poll reach   delay   offset   jitter
===============================================================================
*boundary1       10.0.10.4       10 u   33   64  167   0.8732   0.1863  28.6596
--- 02:52:09 ---
     remote           refid      st t when poll reach   delay   offset   jitter
===============================================================================
*boundary1       10.0.10.4       10 u   48   64  167   0.8732   0.1863  28.6596
--- 02:52:25 ---
     remote           refid      st t when poll reach   delay   offset   jitter
===============================================================================
*boundary1       10.0.10.4       10 u   64   64  167   0.8732   0.1863  28.6596
--- 02:52:40 ---
     remote           refid      st t when poll reach   delay   offset   jitter
===============================================================================
*boundary1       10.0.10.4       10 u   10   64  357   0.8732   0.1863  28.9089
--- 02:52:55 ---
     remote           refid      st t when poll reach   delay   offset   jitter
===============================================================================
*boundary1       10.0.10.4       10 u   25   64  357   0.8732   0.1863  28.9089
--- 02:53:10 ---
     remote           refid      st t when poll reach   delay   offset   jitter
===============================================================================
*boundary1       10.0.10.4       10 u   40   64  357   0.8732   0.1863  28.9089
--- 02:53:25 ---
     remote           refid      st t when poll reach   delay   offset   jitter
===============================================================================
*boundary1       10.0.10.4       10 u   55   64  357   0.8732   0.1863  28.9089
--- 02:53:40 ---
     remote           refid      st t when poll reach   delay   offset   jitter
===============================================================================
*boundary1       10.0.10.4       10 u    1   64  337   0.8732   0.1863  27.2294
--- 02:53:56 ---
     remote           refid      st t when poll reach   delay   offset   jitter
===============================================================================
*boundary1       10.0.10.4       10 u   16   64  337   0.8732   0.1863  27.2294
--- 02:54:11 ---
     remote           refid      st t when poll reach   delay   offset   jitter
===============================================================================
*boundary1       10.0.10.4       10 u   31   64  337   0.8732   0.1863  27.2294
--- 02:54:27 ---
     remote           refid      st t when poll reach   delay   offset   jitter
===============================================================================
*boundary1       10.0.10.4       10 u   48   64  337   0.8732   0.1863  27.2294
--- 02:54:42 ---
     remote           refid      st t when poll reach   delay   offset   jitter
===============================================================================
*boundary1       10.0.10.4       10 u   63   64  337   0.8732   0.1863  27.2294
