ptp4l[8194.032]: port 1: INITIALIZING to LISTENING on INIT_COMPLETE
ptp4l[8194.032]: port 0: INITIALIZING to LISTENING on INIT_COMPLETE
ptp4l[8198.414]: port 1: new foreign master 8a77f5.fffe.b90b13-2
ptp4l[8200.203]: selected local clock 06a496.fffe.c7d57f as best master
ptp4l[8202.415]: selected best master clock 6625ab.fffe.601193
ptp4l[8202.416]: foreign master not using PTP timescale
ptp4l[8202.416]: port 1: LISTENING to UNCALIBRATED on RS_SLAVE
ptp4l[8205.422]: rms 377209 max 483837 freq -720274 +/-   0 delay 701704 +/- 96899
ptp4l[8207.424]: rms 422087 max 565664 freq -720274 +/-   0 delay 425924 +/-   0
ptp4l[8209.428]: rms 191272 max 254542 freq -720274 +/-   0 delay 581526 +/- 30737
ptp4l[8211.427]: rms 209037 max 268479 freq -720274 +/-   0 delay 674696 +/-   0
ptp4l[8213.430]: rms 268903 max 376761 freq -720274 +/-   0 delay 550789 +/-   0
ptp4l[8215.432]: rms 164638 max 229231 freq -720274 +/-   0 delay 521014 +/-   0
ptp4l[8217.435]: rms 139780 max 197675 freq -720274 +/-   0 delay 518641 +/- 10716
ptp4l[8219.434]: rms 269343 max 369699 freq -720274 +/-   0 delay 529357 +/-   0
ptp4l[8221.434]: rms 58293 max 72179 freq -688878 +/- 3645
ptp4l[8221.435]: port 1: UNCALIBRATED to SLAVE on MASTER_CLOCK_SELECTED
ptp4l[8223.438]: rms 178144 max 240584 freq -700945 +/- 15805 delay 557500 +/- 28144
ptp4l[8225.438]: rms 264189 max 294690 freq -696047 +/- 26333 delay 511260 +/- 11678
ptp4l[8227.438]: rms 138509 max 169046 freq -689191 +/- 13485 delay 522938 +/-   0
ptp4l[8229.440]: rms 219534 max 294196 freq -702606 +/- 19719 delay 579225 +/-   0
ptp4l[8231.440]: rms 200380 max 247320 freq -712406 +/- 5380 delay 578886 +/- 20637
ptp4l[8233.445]: rms 397443 max 561109 freq -662918 +/- 26397 delay 571002 +/- 12752
ptp4l[8235.446]: rms 192001 max 259322 freq -675397 +/- 9071 delay 583754 +/-   0
ptp4l[8237.446]: rms 95486 max 130215 freq -697010 +/- 8364 delay 633396 +/- 17596
ptp4l[8239.447]: rms 276589 max 390063 freq -710561 +/- 21159 delay 650993 +/-   0
ptp4l[8241.447]: rms 157010 max 221968 freq -703737 +/- 11395 delay 629450 +/- 30466
ptp4l[8243.450]: rms 138331 max 195629 freq -702879 +/- 9809 delay 548630 +/- 19040
ptp4l[8245.450]: rms 155178 max 210151 freq -679214 +/- 7315 delay 567670 +/-   0
ptp4l[8247.450]: rms 290931 max 389043 freq -679772 +/- 26214 delay 596623 +/-   0
ptp4l[8249.453]: rms 213237 max 298552 freq -709969 +/- 12781 delay 608352 +/-   0
ptp4l[8251.455]: rms 337420 max 364438 freq -727052 +/- 3002 delay 632352 +/- 24000
ptp4l[8253.454]: rms 464801 max 648988 freq -665783 +/- 37721 delay 632352 +/- 24000
ptp4l[8255.457]: rms 295390 max 393822 freq -720186 +/- 12655 delay 591132 +/- 8592
ptp4l[8257.457]: rms 146925 max 201939 freq -701426 +/- 12568 delay 550670 +/- 12347
ptp4l[8259.458]: rms 164837 max 204277 freq -698498 +/- 15886 delay 472226 +/- 22734
ptp4l[8261.460]: rms 503277 max 687371 freq -668548 +/- 43945 delay 472402 +/- 22558
ptp4l[8263.463]: rms 188159 max 249783 freq -701447 +/- 17122 delay 449845 +/-   0
ptp4l[8265.464]: rms 214583 max 284085 freq -684595 +/- 19682 delay 434207 +/- 16684
ptp4l[8267.464]: rms 254235 max 336792 freq -682732 +/- 23301 delay 417539 +/-   0
ptp4l[8269.466]: rms 700650 max 985716 freq -648478 +/- 54825 delay 411560 +/-   0
ptp4l[8271.464]: rms 225782 max 304177 freq -681817 +/- 20217 delay 403865 +/-   0
ptp4l[8273.470]: rms 474881 max 665923 freq -662827 +/- 37979 delay 402307 +/- 1558
ptp4l[8275.470]: rms 139805 max 196518 freq -682623 +/- 11010 delay 403865 +/-   0
ptp4l[8277.473]: rms 173007 max 239302 freq -676581 +/- 9537 delay 430516 +/- 12632
ptp4l[8279.472]: rms 135234 max 155443 freq -704529 +/- 2146 delay 462419 +/-   0
ptp4l[8281.478]: rms 330065 max 395364 freq -683931 +/- 32373 delay 502364 +/- 39946
ptp4l[8283.478]: rms 177808 max 251389 freq -704214 +/- 12270 delay 502364 +/- 39946
ptp4l[8285.478]: rms 181764 max 244726 freq -699861 +/- 16208 delay 569189 +/-   0
ptp4l[8287.479]: rms 206910 max 289644 freq -704189 +/- 16582 delay 570884 +/-   0
ptp4l[8289.482]: rms 181119 max 228638 freq -709257 +/- 5601 delay 578118 +/-   0
ptp4l[8291.483]: rms 159860 max 221579 freq -701144 +/- 13345 delay 536187 +/-   0
ptp4l[8293.483]: rms 149239 max 206394 freq -705040 +/- 8092 delay 559137 +/- 22950
ptp4l[8295.481]: rms 57667 max 81384 freq -696422 +/- 4335 delay 582087 +/-   0
ptp4l[8297.486]: rms 132069 max 156525 freq -705742 +/- 2680 delay 546379 +/- 7207
ptp4l[8299.487]: rms 81917 max 113430 freq -685898 +/- 4483 delay 565888 +/- 17251
ptp4l[8301.490]: rms 309544 max 436343 freq -672259 +/- 23595 delay 608919 +/- 7608
ptp4l[8303.492]: rms 189304 max 267517 freq -705456 +/- 13897 delay 593998 +/- 6124
ptp4l[8305.493]: rms 92364 max 109108 freq -683418 +/- 1919 delay 587874 +/-   0
ptp4l[8307.491]: rms 219238 max 285403 freq -700847 +/- 20388 delay 594424 +/- 6249
ptp4l[8309.493]: rms 73128 max 97067 freq -699296 +/- 3118 delay 602836 +/-   0
ptp4l[8311.496]: rms 104506 max 147663 freq -700481 +/- 7146 delay 583274 +/- 16086
ptp4l[8314.497]: rms 1009886 max 1401020 freq -607968 +/- 56888 delay 535694 +/- 19718
ptp4l[8316.498]: rms 11384 max 15771 freq -690221 +/- 635 delay 585280 +/- 16240
ptp4l[8318.501]: rms 247812 max 327270 freq -714185 +/- 10033 delay 592541 +/-   0
ptp4l[8320.500]: rms 231868 max 302141 freq -700375 +/- 21629 delay 639972 +/-   0
ptp4l[8322.501]: rms 207680 max 281212 freq -710314 +/- 9964 delay 628802 +/-   0
ptp4l[8324.501]: rms 306248 max 364034 freq -661806 +/- 6652 delay 643000 +/- 14198
ptp4l[8326.505]: rms 411092 max 434289 freq -693778 +/- 41257 delay 727588 +/- 38573
ptp4l[8328.505]: rms 301007 max 424135 freq -714877 +/- 19602 delay 670384 +/- 23421
ptp4l[8330.509]: rms 3987208 max 5405295 freq -335306 +/- 189174 delay 716030 +/- 26032
ptp4l[8332.509]: rms 141101 max 199324 freq -694745 +/- 10442 delay 707579 +/- 43049
ptp4l[8334.511]: rms 198134 max 270154 freq -702680 +/- 9924 delay 622586 +/-   0
ptp4l[8336.513]: rms 62211 max 70185 freq -691839 +/- 892 delay 561461 +/- 17241
ptp4l[8338.513]: rms 220206 max 234208 freq -708022 +/- 1345 delay 544220 +/-   0
ptp4l[8340.517]: rms 167508 max 235129 freq -696555 +/- 13316 delay 578702 +/-   0
ptp4l[8342.517]: rms 293253 max 381585 freq -675101 +/- 27283 delay 578702 +/-   0
ptp4l[8344.519]: rms 242323 max 340982 freq -701613 +/- 18931 delay 544220 +/-   0
ptp4l[8346.520]: rms 139123 max 172380 freq -682444 +/- 13409 delay 503492 +/- 18933
ptp4l[8348.523]: rms 75361 max 100859 freq -693251 +/- 3304 delay 484662 +/- 33729
ptp4l[8350.525]: rms 104907 max 137300 freq -696304 +/- 4123 delay 494849 +/- 25518
ptp4l[8352.528]: rms 116186 max 126740 freq -698431 +/- 1172 delay 536808 +/-   0
ptp4l[8354.528]: rms 58397 max 64390 freq -681039 +/- 666 delay 514903 +/- 17885
ptp4l[8356.532]: rms 69393 max 96582 freq -690803 +/- 5747 delay 527704 +/-   0
ptp4l[8358.534]: rms 101637 max 138944 freq -695785 +/- 5176 delay 516335 +/- 11369
ptp4l[8360.536]: rms 248412 max 339785 freq -699676 +/- 21621 delay 515732 +/- 10766
ptp4l[8362.537]: rms 268219 max 319651 freq -681329 +/- 26296 delay 561760 +/-   0
ptp4l[8364.538]: rms 523878 max 740826 freq -650228 +/- 37840 delay 545316 +/- 16444
ptp4l[8366.539]: rms 155846 max 187575 freq -701881 +/- 3535 delay 561760 +/-   0
ptp4l[8368.540]: rms 158726 max 213441 freq -694008 +/- 14254 delay 601072 +/- 10183
ptp4l[8370.543]: rms 128027 max 129758 freq -687158 +/- 12865 delay 566492 +/- 36844
ptp4l[8372.543]: rms 211984 max 245325 freq -683111 +/- 20968 delay 541104 +/- 11528
ptp4l[8374.544]: rms 117167 max 164656 freq -694308 +/- 9170 delay 583323 +/- 6913
ptp4l[8376.546]: rms 118909 max 168146 freq -695605 +/- 8374 delay 556432 +/-   0
ptp4l[8378.548]: rms 162102 max 192288 freq -703241 +/- 3470 delay 578227 +/-   0
ptp4l[8380.551]: rms 232001 max 309926 freq -708625 +/- 10267 delay 553640 +/- 26264
ptp4l[8382.554]: rms 62007 max 86789 freq -684156 +/- 5010 delay 505047 +/-   0
ptp4l[8384.555]: rms 151426 max 165955 freq -672526 +/- 1463 delay 510520 +/- 5473
ptp4l[8386.559]: rms 449478 max 635495 freq -654388 +/- 31049 delay 550382 +/- 46367
ptp4l[8388.558]: rms 106203 max 149605 freq -693752 +/- 8219 delay 690453 +/-   0
ptp4l[8390.562]: rms 126663 max 167829 freq -698731 +/- 5229 delay 690453 +/-   0
ptp4l[8392.565]: rms 276265 max 319859 freq -682258 +/- 27323 delay 705256 +/-   0
ptp4l[8394.566]: rms 205758 max 208633 freq -708026 +/- 394 delay 690453 +/-   0
ptp4l[8396.571]: rms 303718 max 368110 freq -679960 +/- 29582 delay 606694 +/-   0
ptp4l[8398.571]: rms 1033678 max 1454529 freq -620603 +/- 80101 delay 532275 +/-   0
ptp4l[8400.575]: rms 1000076 max 1413436 freq -611490 +/- 68145 delay 517214 +/-   0
ptp4l[8402.577]: rms 641586 max 846541 freq -657955 +/- 58818 delay 718696 +/- 61608
ptp4l[8404.577]: rms 228251 max 320869 freq -698526 +/- 17965 delay 691227 +/- 34139
ptp4l[8406.580]: rms 176225 max 214998 freq -701733 +/- 4385 delay 725366 +/-   0
ptp4l[8408.583]: rms 174133 max 240864 freq -699523 +/- 9600 delay 642899 +/-   0
ptp4l[8410.585]: rms 199796 max 260332 freq -703860 +/- 7470 delay 603112 +/- 39788
ptp4l[8412.590]: rms 114748 max 120505 freq -684750 +/- 11514 delay 540999 +/- 25353
ptp4l[8414.590]: rms 52998 max 63663 freq -690639 +/- 1186 delay 515646 +/-   0
ptp4l[8416.593]: rms 190827 max 230673 freq -666706 +/- 4645 delay 512873 +/- 1427
ptp4l[8418.599]: rms 768571 max 1086228 freq -627767 +/- 52349 delay 513882 +/-   0
ptp4l[8420.601]: rms 84600 max 108734 freq -686948 +/- 7987 delay 519520 +/- 8582
ptp4l[8422.607]: rms 76868 max 96847 freq -691470 +/- 2422 delay 534453 +/-   0
ptp4l[8424.611]: rms 1888765 max 2669373 freq -544481 +/- 129977 delay 580496 +/- 14365
ptp4l[8426.614]: rms 249217 max 310726 freq -705689 +/- 7136 delay 603800 +/- 8939
ptp4l[8428.617]: rms 187562 max 234259 freq -700149 +/- 5429 delay 549933 +/- 28055
ptp4l[8430.618]: rms 142689 max 201027 freq -693325 +/- 9273 delay 514158 +/- 12818
ptp4l[8432.622]: rms 351424 max 483645 freq -663906 +/- 30144 delay 451446 +/- 6160
ptp4l[8434.625]: rms 63312 max 85324 freq -687849 +/- 2896 delay 445286 +/-   0
ptp4l[8436.624]: rms 120003 max 152029 freq -686184 +/- 11410 delay 441718 +/-   0
ptp4l[8438.627]: rms 170443 max 227862 freq -674665 +/- 15363 delay 456717 +/- 7258
ptp4l[8440.632]: rms 111292 max 114805 freq -670874 +/- 303 delay 454933 +/- 5474
ptp4l[8442.637]: rms 229445 max 269523 freq -686340 +/- 22645 delay 451062 +/- 9344
