ptp4l[8190.637]: port 1: INITIALIZING to LISTENING on INIT_COMPLETE
ptp4l[8190.637]: port 2: INITIALIZING to LISTENING on INIT_COMPLETE
ptp4l[8190.637]: port 0: INITIALIZING to LISTENING on INIT_COMPLETE
ptp4l[8193.540]: port 1: new foreign master 6625ab.fffe.601193-1
ptp4l[8197.540]: selected best master clock 6625ab.fffe.601193
ptp4l[8197.541]: foreign master not using PTP timescale
ptp4l[8197.541]: port 1: LISTENING to UNCALIBRATED on RS_SLAVE
ptp4l[8198.405]: port 2: LISTENING to MASTER on ANNOUNCE_RECEIPT_TIMEOUT_EXPIRES
ptp4l[8198.405]: selected best master clock 6625ab.fffe.601193
ptp4l[8198.405]: foreign master not using PTP timescale
ptp4l[8198.543]: master offset    -328619 s0 freq -720275 path delay   1125514
ptp4l[8199.543]: master offset    -440828 s0 freq -720275 path delay    982327
ptp4l[8200.545]: master offset    1557210 s0 freq -720275 path delay    839141
ptp4l[8201.544]: master offset    -338847 s0 freq -720275 path delay    839141
ptp4l[8202.546]: master offset     360794 s0 freq -720275 path delay    831694
ptp4l[8203.545]: master offset    -308392 s0 freq -720275 path delay    839141
ptp4l[8204.548]: master offset     589442 s0 freq -720275 path delay    831694
ptp4l[8205.546]: master offset    -588004 s0 freq -720275 path delay    905354
ptp4l[8206.548]: master offset      40945 s0 freq -720275 path delay    905354
ptp4l[8207.548]: master offset    -173902 s0 freq -720275 path delay    839141
ptp4l[8208.549]: master offset     -67370 s0 freq -720275 path delay    839141
ptp4l[8209.549]: master offset    -289736 s0 freq -720275 path delay    821069
ptp4l[8210.550]: master offset     -55005 s0 freq -720275 path delay    821069
ptp4l[8211.550]: master offset     376335 s0 freq -720275 path delay    821069
ptp4l[8212.551]: master offset     -27102 s0 freq -720275 path delay    897907
ptp4l[8213.551]: master offset     -81586 s0 freq -720275 path delay    894730
ptp4l[8214.553]: master offset     -17081 s2 freq -700802 path delay    793102
ptp4l[8214.553]: port 1: UNCALIBRATED to SLAVE on MASTER_CLOCK_SELECTED
ptp4l[8215.553]: master offset    -312599 s2 freq -732375 path delay    793102
ptp4l[8216.553]: master offset     133208 s2 freq -687661 path delay    763282
ptp4l[8217.553]: master offset    -249387 s2 freq -726170 path delay    763282
ptp4l[8218.555]: master offset     166851 s2 freq -684379 path delay    763282
ptp4l[8219.554]: master offset    -405495 s2 freq -742019 path delay    763282
ptp4l[8220.555]: master offset    -512275 s2 freq -753209 path delay    799557
ptp4l[8221.556]: master offset     424457 s2 freq -659112 path delay    682843
ptp4l[8222.557]: master offset     175689 s2 freq -683813 path delay    682843
ptp4l[8223.557]: master offset    -192882 s2 freq -720863 path delay    682843
ptp4l[8224.558]: master offset     105987 s2 freq -690870 path delay    737121
ptp4l[8225.558]: master offset    -231492 s2 freq -724849 path delay    727199
ptp4l[8226.559]: master offset     625262 s2 freq -638549 path delay    601933
ptp4l[8227.559]: master offset     159247 s2 freq -684991 path delay    601933
ptp4l[8228.561]: master offset     245593 s2 freq -676111 path delay    701048
ptp4l[8229.561]: master offset    -247072 s2 freq -725624 path delay    717018
ptp4l[8230.562]: master offset     184628 s2 freq -682270 path delay    717018
ptp4l[8231.561]: master offset    -294319 s2 freq -730459 path delay    842206
ptp4l[8232.564]: master offset     225264 s2 freq -678275 path delay    842206
ptp4l[8233.563]: master offset       2084 s2 freq -700591 path delay    842206
ptp4l[8234.565]: master offset     176366 s2 freq -682987 path delay    842206
ptp4l[8235.565]: master offset    -411910 s2 freq -742226 path delay    853663
ptp4l[8236.567]: master offset      68555 s2 freq -694111 path delay    853663
ptp4l[8237.566]: master offset    -440718 s2 freq -745479 path delay    885198
ptp4l[8238.568]: master offset     100398 s2 freq -691267 path delay    885198
ptp4l[8239.568]: master offset    -423429 s2 freq -744073 path delay    886226
ptp4l[8240.569]: master offset     162565 s2 freq -685311 path delay    886226
ptp4l[8241.570]: master offset    1399939 s2 freq -560174 path delay    886226
ptp4l[8242.571]: master offset     205593 s2 freq -679403 path delay    886226
ptp4l[8243.571]: master offset    -338391 s2 freq -734140 path delay    900281
ptp4l[8244.573]: master offset      93177 s2 freq -690890 path delay    900281
ptp4l[8245.573]: master offset    -180370 s2 freq -718425 path delay    900281
ptp4l[8246.574]: master offset     194379 s2 freq -680755 path delay    965753
ptp4l[8247.575]: master offset      -4702 s2 freq -700668 path delay    878693
ptp4l[8248.576]: master offset      88649 s2 freq -691244 path delay    813919
ptp4l[8249.576]: master offset    -558936 s2 freq -756562 path delay    886706
ptp4l[8250.577]: master offset     -56522 s2 freq -706377 path delay    886706
ptp4l[8251.576]: master offset    -667421 s2 freq -768134 path delay    886706
ptp4l[8252.579]: master offset     -36143 s2 freq -705043 path delay    807877
ptp4l[8253.579]: master offset    -423732 s2 freq -744225 path delay    807877
ptp4l[8254.581]: master offset     513559 s2 freq -649983 path delay    716633
ptp4l[8255.580]: master offset     -92192 s2 freq -710650 path delay    716633
ptp4l[8256.581]: master offset      29066 s2 freq -698495 path delay    716633
ptp4l[8257.581]: master offset    -169798 s2 freq -718551 path delay    716633
ptp4l[8258.581]: master offset     138019 s2 freq -687632 path delay    716633
ptp4l[8259.582]: master offset    -234188 s2 freq -725086 path delay    806912
ptp4l[8260.583]: master offset     340238 s2 freq -667304 path delay    806912
ptp4l[8261.583]: master offset    -241098 s2 freq -725678 path delay    813122
ptp4l[8262.585]: master offset     822386 s2 freq -618508 path delay    813122
ptp4l[8263.584]: master offset     133806 s2 freq -687232 path delay    871298
ptp4l[8264.587]: master offset     476192 s2 freq -652517 path delay    871298
ptp4l[8265.586]: master offset    -375309 s2 freq -738042 path delay    874474
ptp4l[8266.589]: master offset     401218 s2 freq -659988 path delay    874474
ptp4l[8267.589]: master offset    -730213 s2 freq -773862 path delay    928302
ptp4l[8268.591]: master offset     -39897 s2 freq -704870 path delay    918598
ptp4l[8269.590]: master offset    -499710 s2 freq -751351 path delay    923253
ptp4l[8270.592]: master offset     -54269 s2 freq -706861 path delay    923253
ptp4l[8271.592]: master offset    -396155 s2 freq -741446 path delay    911620
ptp4l[8272.593]: master offset    -563132 s2 freq -758707 path delay    900701
ptp4l[8273.593]: master offset     -79063 s2 freq -710379 path delay    900701
ptp4l[8274.595]: master offset     -48277 s2 freq -707349 path delay    900701
ptp4l[8275.594]: master offset    -429260 s2 freq -745876 path delay    900701
ptp4l[8276.595]: master offset    -183608 s2 freq -721495 path delay    853526
ptp4l[8277.595]: master offset    -339642 s2 freq -737438 path delay    853526
ptp4l[8278.597]: master offset    1020756 s2 freq -600377 path delay    853526
ptp4l[8279.596]: master offset    -191436 s2 freq -721788 path delay    853526
ptp4l[8280.599]: master offset    -152403 s2 freq -718037 path delay    815336
ptp4l[8281.599]: master offset    -321431 s2 freq -735261 path delay    815336
ptp4l[8282.598]: master offset    -194044 s2 freq -722716 path delay   1072840
ptp4l[8283.598]: master offset    -796684 s2 freq -783777 path delay   1206926
ptp4l[8284.600]: master offset     -57228 s2 freq -709889 path delay   1206926
ptp4l[8285.602]: master offset    1443963 s2 freq -558326 path delay   1072840
ptp4l[8286.602]: master offset     -48550 s2 freq -707626 path delay   1206926
ptp4l[8287.601]: master offset    -744775 s2 freq -777993 path delay   1206926
ptp4l[8288.603]: master offset     212453 s2 freq -682058 path delay   1072840
ptp4l[8289.604]: master offset    -385524 s2 freq -742241 path delay   1072840
ptp4l[8290.604]: master offset    -317759 s2 freq -735782 path delay   1072840
ptp4l[8291.605]: master offset    -565634 s2 freq -761135 path delay    983671
ptp4l[8292.606]: master offset    -179218 s2 freq -722673 path delay    897563
ptp4l[8293.606]: master offset    -349348 s2 freq -740035 path delay    897563
ptp4l[8294.607]: master offset     -87829 s2 freq -713971 path delay    897563
ptp4l[8295.608]: master offset    -114961 s2 freq -716799 path delay    895417
ptp4l[8296.609]: master offset    -101355 s2 freq -715540 path delay    854555
ptp4l[8297.609]: master offset    -289802 s2 freq -734674 path delay    801494
ptp4l[8298.610]: master offset     -41851 s2 freq -709921 path delay    762509
ptp4l[8299.611]: master offset     -21415 s2 freq -707899 path delay    762509
ptp4l[8300.611]: master offset     145955 s2 freq -691016 path delay    762509
ptp4l[8301.612]: master offset    -167719 s2 freq -722551 path delay    807706
ptp4l[8302.613]: master offset     412670 s2 freq -664100 path delay    701923
ptp4l[8303.613]: master offset    -252446 s2 freq -730864 path delay    701923
ptp4l[8304.614]: master offset     136970 s2 freq -691785 path delay    699436
ptp4l[8305.614]: master offset     -46491 s2 freq -710178 path delay    699436
ptp4l[8306.617]: master offset     127602 s2 freq -692641 path delay    703914
ptp4l[8307.619]: master offset        607 s2 freq -705340 path delay    703914
ptp4l[8308.618]: master offset      84134 s2 freq -696903 path delay    703914
ptp4l[8309.619]: master offset    -105655 s2 freq -715987 path delay    694109
ptp4l[8310.621]: master offset     -84152 s2 freq -713921 path delay    703914
ptp4l[8311.621]: master offset     437434 s2 freq -661325 path delay    703914
ptp4l[8312.623]: master offset     162464 s2 freq -688660 path delay    711781
ptp4l[8313.623]: master offset     -62730 s2 freq -711242 path delay    862136
ptp4l[8314.625]: master offset    -104101 s2 freq -715483 path delay    936351
ptp4l[8315.626]: master offset    -394319 s2 freq -744899 path delay    936351
ptp4l[8316.627]: master offset     -13135 s2 freq -706794 path delay    862136
ptp4l[8317.628]: master offset    -296435 s2 freq -735420 path delay    862136
ptp4l[8318.629]: master offset     301151 s2 freq -675361 path delay    815009
ptp4l[8319.631]: master offset    -277213 s2 freq -733474 path delay    919857
ptp4l[8320.631]: master offset    -144673 s2 freq -720365 path delay    919857
ptp4l[8321.633]: master offset    -349541 s2 freq -741201 path delay    919857
ptp4l[8322.633]: master offset      31058 s2 freq -703110 path delay    815009
ptp4l[8323.634]: master offset     680044 s2 freq -637532 path delay    882333
ptp4l[8324.635]: master offset     276218 s2 freq -677638 path delay    882333
ptp4l[8325.637]: master offset      41522 s2 freq -701066 path delay    989900
ptp4l[8326.637]: master offset    -266959 s2 freq -732181 path delay    994702
ptp4l[8327.637]: master offset     -78786 s2 freq -713443 path delay   1053380
ptp4l[8328.639]: master offset    -387173 s2 freq -744669 path delay    994702
ptp4l[8329.639]: master offset    -415576 s2 freq -747924 path delay    994702
ptp4l[8330.640]: master offset     -90354 s2 freq -715493 path delay    931920
ptp4l[8331.640]: master offset    -308205 s2 freq -737586 path delay    871101
ptp4l[8332.641]: master offset      54035 s2 freq -701308 path delay    843245
ptp4l[8333.641]: master offset    -452933 s2 freq -752458 path delay    843245
ptp4l[8334.643]: master offset     231463 s2 freq -683786 path delay    732807
ptp4l[8335.644]: master offset    1041797 s2 freq -601711 path delay    766243
ptp4l[8336.645]: master offset     -37808 s2 freq -709710 path delay    872260
ptp4l[8337.645]: master offset    -636510 s2 freq -770216 path delay    872260
ptp4l[8338.647]: master offset      58208 s2 freq -700686 path delay    887335
ptp4l[8339.648]: master offset      76782 s2 freq -698752 path delay    887335
ptp4l[8340.649]: master offset     164536 s2 freq -689812 path delay    887335
ptp4l[8341.650]: master offset    -154385 s2 freq -721859 path delay    921048
ptp4l[8342.651]: master offset     -32925 s2 freq -709746 path delay    921048
ptp4l[8343.651]: master offset    -558342 s2 freq -762846 path delay    921048
ptp4l[8344.652]: master offset     424880 s2 freq -664099 path delay    921048
ptp4l[8345.653]: master offset    -475470 s2 freq -754609 path delay    977681
ptp4l[8346.653]: master offset    -106075 s2 freq -717776 path delay    977681
ptp4l[8347.654]: master offset     -63837 s2 freq -713616 path delay    977681
ptp4l[8348.657]: master offset    1860442 s2 freq -519327 path delay    977681
ptp4l[8349.657]: master offset     380590 s2 freq -666932 path delay   1070664
ptp4l[8350.656]: master offset    -318054 s2 freq -737114 path delay   1070664
ptp4l[8351.656]: master offset    -698541 s2 freq -775862 path delay   1169410
ptp4l[8352.657]: master offset    -405376 s2 freq -746950 path delay   1169410
ptp4l[8353.657]: master offset    -386710 s2 freq -745471 path delay   1169410
ptp4l[8354.658]: master offset    -165728 s2 freq -723538 path delay   1169410
ptp4l[8355.658]: master offset    -594582 s2 freq -767018 path delay   1071366
ptp4l[8356.659]: master offset      84147 s2 freq -699061 path delay   1071366
ptp4l[8357.659]: master offset    -359269 s2 freq -743762 path delay   1050955
ptp4l[8358.659]: master offset    -524261 s2 freq -760785 path delay   1191478
ptp4l[8359.660]: master offset    -499926 s2 freq -758852 path delay   1191478
ptp4l[8360.660]: master offset    -592004 s2 freq -768652 path delay   1191478
ptp4l[8361.661]: master offset     142159 s2 freq -695093 path delay    960605
ptp4l[8362.663]: master offset    -117258 s2 freq -721152 path delay    960605
ptp4l[8363.662]: master offset     -42432 s2 freq -713712 path delay    960605
ptp4l[8364.664]: master offset     -68906 s2 freq -716428 path delay    981131
ptp4l[8365.665]: master offset    -295647 s2 freq -739398 path delay    981131
ptp4l[8366.666]: master offset    -141295 s2 freq -724104 path delay    981131
ptp4l[8367.667]: master offset    -363420 s2 freq -746680 path delay    981131
ptp4l[8368.668]: master offset    -177346 s2 freq -728250 path delay    869086
ptp4l[8369.669]: master offset    -127692 s2 freq -723412 path delay    869086
ptp4l[8370.669]: master offset    -223291 s2 freq -733195 path delay    862179
ptp4l[8371.670]: master offset    -310856 s2 freq -742263 path delay    862179
ptp4l[8372.671]: master offset     -64076 s2 freq -717649 path delay    862179
ptp4l[8373.671]: master offset    -219269 s2 freq -733387 path delay    862179
ptp4l[8374.673]: master offset     309159 s2 freq -680235 path delay    809356
ptp4l[8375.673]: master offset    -267623 s2 freq -738181 path delay    793548
ptp4l[8376.674]: master offset     -98726 s2 freq -721390 path delay    793548
ptp4l[8377.675]: master offset      56038 s2 freq -705858 path delay    778712
ptp4l[8378.676]: master offset      24827 s2 freq -708954 path delay    764355
ptp4l[8379.676]: master offset    -189357 s2 freq -730562 path delay    744953
ptp4l[8380.680]: master offset     268859 s2 freq -684471 path delay    744953
ptp4l[8381.683]: master offset      24896 s2 freq -708843 path delay    764355
ptp4l[8382.683]: master offset     244371 s2 freq -686651 path delay    764355
ptp4l[8383.685]: master offset     596932 s2 freq -650798 path delay    764355
ptp4l[8384.686]: master offset     534485 s2 freq -656508 path delay    776440
ptp4l[8385.688]: master offset     -78867 s2 freq -717922 path delay    783056
ptp4l[8386.688]: master offset      66625 s2 freq -703306 path delay    826112
ptp4l[8387.689]: master offset     655403 s2 freq -643773 path delay    826112
ptp4l[8388.690]: master offset     -74078 s2 freq -716795 path delay    916544
ptp4l[8389.692]: master offset    -314245 s2 freq -741126 path delay    916544
ptp4l[8390.693]: master offset    -108338 s2 freq -720644 path delay    962638
ptp4l[8391.694]: master offset    -410851 s2 freq -751306 path delay   1009618
ptp4l[8392.695]: master offset    -306285 s2 freq -741156 path delay   1009618
ptp4l[8393.696]: master offset    -397632 s2 freq -750688 path delay   1089163
ptp4l[8394.697]: master offset     140040 s2 freq -696781 path delay   1089163
ptp4l[8395.697]: master offset    -362918 s2 freq -747440 path delay   1118326
ptp4l[8396.699]: master offset    -292907 s2 freq -740731 path delay   1118326
ptp4l[8397.700]: master offset    -280306 s2 freq -739752 path delay   1063063
ptp4l[8398.703]: master offset    -136623 s2 freq -725520 path delay   1063063
ptp4l[8399.705]: master offset     -66605 s2 freq -718585 path delay   1063063
ptp4l[8400.706]: master offset    -119356 s2 freq -723979 path delay   1118326
ptp4l[8401.707]: master offset    -388138 s2 freq -751246 path delay   1118326
ptp4l[8402.708]: master offset    -258758 s2 freq -738566 path delay    954006
ptp4l[8403.711]: master offset    1019336 s2 freq -609738 path delay    954006
ptp4l[8404.711]: master offset     -98077 s2 freq -721577 path delay    983169
ptp4l[8405.713]: master offset    -404343 s2 freq -752608 path delay    983169
ptp4l[8406.713]: master offset    -635971 s2 freq -776407 path delay    841322
ptp4l[8407.716]: master offset      20496 s2 freq -710739 path delay    802196
ptp4l[8408.717]: master offset     -74263 s2 freq -720290 path delay    802196
ptp4l[8409.718]: master offset      69769 s2 freq -705817 path delay    773288
ptp4l[8410.718]: master offset    -496262 s2 freq -762916 path delay    773288
ptp4l[8411.721]: master offset     -88249 s2 freq -722203 path delay    744441
ptp4l[8412.723]: master offset     135796 s2 freq -699663 path delay    744441
ptp4l[8413.726]: master offset     -66909 s2 freq -720000 path delay    759263
ptp4l[8414.728]: master offset     -26729 s2 freq -716009 path delay    737719
ptp4l[8415.729]: master offset     232349 s2 freq -689869 path delay    758815
ptp4l[8416.732]: master offset     707497 s2 freq -641646 path delay    815135
ptp4l[8417.733]: master offset     374013 s2 freq -674621 path delay    938908
ptp4l[8418.735]: master offset      23059 s2 freq -709693 path delay    980956
ptp4l[8419.736]: master offset     345736 s2 freq -677080 path delay    980956
ptp4l[8420.735]: master offset    -164648 s2 freq -728283 path delay   1022286
ptp4l[8421.736]: master offset     -73206 s2 freq -719212 path delay    980956
ptp4l[8422.738]: master offset    -320456 s2 freq -744257 path delay    980956
ptp4l[8423.738]: master offset    -287707 s2 freq -741270 path delay    971543
ptp4l[8424.738]: master offset    -189453 s2 freq -731634 path delay   1036929
ptp4l[8425.740]: master offset    -234316 s2 freq -736355 path delay   1036929
ptp4l[8426.744]: master offset     927115 s2 freq -619284 path delay    971543
ptp4l[8427.745]: master offset    -324004 s2 freq -744720 path delay    971543
ptp4l[8428.748]: master offset     -76956 s2 freq -720093 path delay    901695
ptp4l[8429.748]: master offset    -286327 s2 freq -741316 path delay    824320
ptp4l[8430.751]: master offset      33950 s2 freq -709254 path delay    824320
ptp4l[8431.753]: master offset    -213837 s2 freq -734247 path delay    802370
ptp4l[8432.754]: master offset      87994 s2 freq -703976 path delay    773385
ptp4l[8433.755]: master offset    -329279 s2 freq -746032 path delay    733308
ptp4l[8434.757]: master offset     709847 s2 freq -641410 path delay    682439
ptp4l[8435.756]: master offset    -432139 s2 freq -756041 path delay    682439
ptp4l[8436.757]: master offset     -90414 s2 freq -721959 path delay    653794
ptp4l[8437.758]: master offset     -55692 s2 freq -718542 path delay    653794
ptp4l[8438.760]: master offset     224478 s2 freq -690301 path delay    653794
ptp4l[8439.760]: master offset      16624 s2 freq -711069 path delay    674714
ptp4l[8440.763]: master offset     -24736 s2 freq -715230 path delay    674714
ptp4l[8441.763]: master offset     127735 s2 freq -699855 path delay    674714
ptp4l[8442.766]: master offset    1164173 s2 freq -595047 path delay    674714
ptp4l[8443.768]: master offset     386726 s2 freq -672405 path delay    674714
