ptp4l[12734.922]: port 1: INITIALIZING to LISTENING on INIT_COMPLETE
ptp4l[12734.922]: port 0: INITIALIZING to LISTENING on INIT_COMPLETE
ptp4l[12738.080]: port 1: new foreign master 92065f.fffe.8106e9-2
ptp4l[12742.105]: selected best master clock feba28.fffe.1e53d1
ptp4l[12742.106]: foreign master not using PTP timescale
ptp4l[12742.106]: port 1: LISTENING to UNCALIBRATED on RS_SLAVE
ptp4l[12745.102]: rms 815115 max 955441 freq +2565949 +/-   0 delay 1414641 +/-   0
ptp4l[12747.113]: rms 413167 max 572344 freq +2565949 +/-   0 delay 635512 +/- 247376
ptp4l[12749.108]: rms 896209 max 1155815 freq +2565949 +/-   0 delay 445158 +/- 22307
ptp4l[12751.117]: rms 342445 max 478811 freq +2565949 +/-   0 delay 525660 +/- 6072
ptp4l[12753.122]: rms 120899 max 142022 freq +2565949 +/-   0 delay 543877 +/-   0
ptp4l[12755.112]: rms 185069 max 192444 freq +2565949 +/-   0 delay 594742 +/- 33516
ptp4l[12757.112]: rms 325206 max 358504 freq +2565949 +/-   0 delay 645606 +/-   0
ptp4l[12759.131]: rms 608961 max 852015 freq +2565949 +/-   0 delay 645606 +/-   0
ptp4l[12761.130]: rms 781443 max 1101180 freq +2679408 +/- 4713 delay 724728 +/- 7050
ptp4l[12761.130]: port 1: UNCALIBRATED to SLAVE on MASTER_CLOCK_SELECTED
ptp4l[12763.139]: rms 744221 max 1034548 freq +2717165 +/- 61919 delay 717678 +/-   0
ptp4l[12765.127]: rms 1072005 max 1373358 freq +2778096 +/- 36242 delay 817681 +/- 70713
ptp4l[12767.138]: rms 317807 max 397070 freq +2646854 +/- 9524 delay 961374 +/-   0
ptp4l[12769.141]: rms 302015 max 406705 freq +2649707 +/- 13747 delay 961374 +/-   0
ptp4l[12771.143]: rms 495996 max 683059 freq +2633607 +/- 26096 delay 885338 +/- 76036
ptp4l[12773.131]: rms 327400 max 375496 freq +2670511 +/- 32507 delay 691859 +/-   0
ptp4l[12775.142]: rms 382395 max 535184 freq +2644337 +/- 22838 delay 691859 +/-   0
ptp4l[12777.153]: rms 52710 max 69991 freq +2672666 +/- 4795 delay 623675 +/- 26519
ptp4l[12779.155]: rms 1259061 max 1779040 freq +2760960 +/- 93545 delay 535585 +/- 17804
ptp4l[12781.156]: rms 1070599 max 1434233 freq +2774245 +/- 47213 delay 510406 +/-   0
ptp4l[12783.157]: rms 214730 max 269763 freq +2699320 +/- 6446 delay 618528 +/- 32892
ptp4l[12785.163]: rms 147366 max 167720 freq +2681236 +/- 14633 delay 665760 +/-   0
ptp4l[12787.157]: rms 206501 max 283736 freq +2661119 +/- 10872 delay 655155 +/- 7499
ptp4l[12789.176]: rms 132761 max 161637 freq +2665553 +/- 3258 delay 635352 +/-   0
ptp4l[12797.833]: port 1: SLAVE to LISTENING on ANNOUNCE_RECEIPT_TIMEOUT_EXPIRES
ptp4l[12797.833]: selected local clock 1e97e1.fffe.663d68 as best master
ptp4l[12805.351]: selected local clock 1e97e1.fffe.663d68 as best master
ptp4l[12812.480]: selected local clock 1e97e1.fffe.663d68 as best master
ptp4l[12816.204]: selected best master clock feba28.fffe.1e53d1
ptp4l[12816.205]: foreign master not using PTP timescale
ptp4l[12816.205]: port 1: LISTENING to UNCALIBRATED on RS_SLAVE
ptp4l[12818.218]: rms 407016 max 575227 freq +2706345 +/- 30095 delay 480629 +/- 110964
ptp4l[12818.219]: port 1: UNCALIBRATED to SLAVE on MASTER_CLOCK_SELECTED
ptp4l[12820.219]: rms 1840592 max 2601174 freq +2541347 +/- 125149 delay 1739969 +/- 1363497
ptp4l[12822.230]: rms 355678 max 463215 freq +2689941 +/- 33063 delay 374770 +/- 1702
ptp4l[12824.232]: rms 517035 max 690532 freq +2699561 +/- 46669 delay 381485 +/- 9598
ptp4l[12826.231]: rms 237848 max 336142 freq +2693458 +/- 17429 delay 376472 +/-   0
ptp4l[12828.230]: rms 116923 max 144536 freq +2680575 +/- 11283 delay 383992 +/- 10924
ptp4l[12830.237]: rms 854539 max 1140502 freq +2755673 +/- 36842 delay 396245 +/- 8120
ptp4l[12832.238]: rms 189595 max 199935 freq +2677879 +/- 19030 delay 481366 +/-   0
ptp4l[12834.243]: rms 494317 max 631329 freq +2695881 +/- 46727 delay 577244 +/- 36161
ptp4l[12836.244]: rms 143706 max 178601 freq +2683386 +/- 13827 delay 717930 +/- 76962
ptp4l[12838.245]: rms 363895 max 378489 freq +2642359 +/- 1679 delay 853380 +/-   0
ptp4l[12840.239]: rms 3738808 max 5272670 freq +2924635 +/- 286038 delay 819238 +/- 34142
ptp4l[12842.233]: rms 441212 max 505220 freq +2639217 +/- 7205 delay 784983 +/-   0
ptp4l[12844.254]: rms 615894 max 831541 freq +2711308 +/- 54953 delay 683121 +/- 30966
ptp4l[12846.243]: rms 510114 max 627806 freq +2697179 +/- 49337 delay 657749 +/-   0
ptp4l[12848.251]: rms 169345 max 238621 freq +2670289 +/- 11031 delay 657749 +/-   0
ptp4l[12850.253]: rms 233222 max 314370 freq +2704085 +/- 10887 delay 545903 +/- 8123
ptp4l[12852.265]: rms 601013 max 789230 freq +2707852 +/- 55395 delay 536430 +/-   0
ptp4l[12854.260]: rms 185005 max 259354 freq +2669152 +/- 11373 delay 556155 +/-  80
ptp4l[12856.263]: rms 161557 max 185060 freq +2667535 +/- 2646 delay 508861 +/- 27273
ptp4l[12858.258]: rms 568953 max 804119 freq +2722970 +/- 41641 delay 655778 +/- 38987
ptp4l[12860.263]: rms 332519 max 467963 freq +2662903 +/- 25950 delay 724240 +/- 40894
ptp4l[12862.268]: rms 877363 max 1207582 freq +2730939 +/- 74776 delay 765134 +/-   0
ptp4l[12864.271]: rms 718503 max 887505 freq +2754922 +/- 19388 delay 804798 +/- 39664
ptp4l[12866.269]: rms 516149 max 715483 freq +2714813 +/- 43361 delay 875274 +/- 21788
ptp4l[12868.277]: rms 435707 max 601887 freq +2723985 +/- 23430 delay 878903 +/-   0
ptp4l[12870.274]: rms 392275 max 552233 freq +2656774 +/- 25243 delay 887278 +/- 8375
ptp4l[12872.270]: rms 308151 max 434918 freq +2663385 +/- 20585 delay 766625 +/- 59930
ptp4l[12874.266]: rms 405234 max 534119 freq +2648725 +/- 16587 delay 826555 +/-   0
ptp4l[12876.284]: rms 350634 max 494583 freq +2662395 +/- 26762 delay 846675 +/- 34849
ptp4l[12878.289]: rms 154443 max 218397 freq +2696370 +/- 10779 delay 611941 +/- 55751
ptp4l[12880.283]: rms 255031 max 304506 freq +2660077 +/- 5713 delay 580888 +/- 19616
ptp4l[12882.291]: rms 1040376 max 1428218 freq +2775505 +/- 53560 delay 567018 +/-   0
ptp4l[12884.288]: rms 157390 max 209622 freq +2672125 +/- 6701 delay 496012 +/-   0
ptp4l[12886.282]: rms 131983 max 147045 freq +2673022 +/- 1678 delay 510894 +/- 8592
ptp4l[12888.295]: rms 71838 max 101468 freq +2681183 +/- 5377 delay 542323 +/-   0
ptp4l[12890.292]: rms 81763 max 107021 freq +2678284 +/- 3140 delay 523255 +/- 34554
ptp4l[12892.293]: rms 248424 max 344438 freq +2664878 +/- 13933 delay 486433 +/-   0
ptp4l[12894.271]: rms 222455 max 314599 freq +2669530 +/- 15916 delay 494176 +/- 7743
ptp4l[12896.278]: rms 216493 max 296385 freq +2666192 +/- 11129 delay 469836 +/- 20215
ptp4l[12898.282]: rms 501310 max 666654 freq +2706064 +/- 45728 delay 411261 +/-   0
ptp4l[12900.304]: rms 52859 max 59078 freq +2684479 +/- 5274 delay 411261 +/-   0
ptp4l[12902.298]: rms 51513 max 71195 freq +2680703 +/- 2780 delay 357708 +/- 9435
ptp4l[12904.299]: rms 228409 max 317992 freq +2704111 +/- 13033 delay 376786 +/- 12616
ptp4l[12906.302]: rms 103728 max 121771 freq +2687379 +/- 10239 delay 407474 +/- 12278
ptp4l[12908.301]: rms 1324280 max 1821586 freq +2800312 +/- 69110 delay 400035 +/- 13717
ptp4l[12910.302]: rms 734897 max 1002464 freq +2752309 +/- 36912 delay 489594 +/- 11564
ptp4l[12912.309]: rms 303064 max 307695 freq +2689600 +/- 30452 delay 600998 +/- 53054
ptp4l[12914.308]: rms 209957 max 261102 freq +2668588 +/- 6116 delay 684244 +/-   0
ptp4l[12916.310]: rms 149182 max 185481 freq +2674088 +/- 4340 delay 630111 +/- 6967
ptp4l[12918.308]: rms 67808 max 93744 freq +2682532 +/- 3724 delay 630111 +/- 6967
ptp4l[12920.312]: rms 750250 max 900204 freq +2762283 +/- 17381 delay 648532 +/-   0
ptp4l[12922.294]: rms 267614 max 277749 freq +2662506 +/- 1172 delay 606056 +/- 43374
ptp4l[12924.321]: rms 57951 max 68239 freq +2694881 +/- 1120 delay 515003 +/- 28669
ptp4l[12926.320]: rms 125679 max 171498 freq +2700264 +/- 6327 delay 521375 +/-   0
ptp4l[12929.322]: rms 136196 max 192007 freq +2700002 +/- 8831 delay 582919 +/-   0
ptp4l[12931.318]: rms 87226 max 107360 freq +2687324 +/- 8459 delay 585212 +/- 2294
ptp4l[12933.333]: rms 172748 max 215545 freq +2706351 +/- 5135 delay 617137 +/-   0
ptp4l[12935.327]: rms 973072 max 1371695 freq +2753571 +/- 74791 delay 617137 +/-   0
ptp4l[12937.334]: rms 278703 max 394138 freq +2671215 +/- 19830 delay 653102 +/-   0
ptp4l[12939.327]: rms 330904 max 431863 freq +2659800 +/- 12797 delay 653102 +/-   0
ptp4l[12941.325]: rms 542303 max 761225 freq +2733728 +/- 33345 delay 603310 +/-   0
ptp4l[12943.334]: rms 179399 max 230494 freq +2697277 +/- 16941 delay 483086 +/- 11402
ptp4l[12945.325]: rms 56616 max 67787 freq +2685559 +/- 1237 delay 486774 +/- 20586
ptp4l[12947.335]: rms 175224 max 225432 freq +2707690 +/- 6240 delay 498482 +/-   0
ptp4l[12949.344]: rms 163123 max 225194 freq +2700206 +/- 13875 delay 498482 +/-   0
ptp4l[12951.341]: rms 135119 max 189547 freq +2680755 +/- 8362 delay 500761 +/- 3223
ptp4l[12953.345]: rms 4521186 max 6393903 freq +3018230 +/- 318902 delay 525226 +/- 19908
ptp4l[12955.339]: rms 846493 max 1007066 freq +2781623 +/- 18495 delay 566758 +/- 21624
ptp4l[12957.364]: rms 371169 max 456348 freq +2663039 +/- 9719 delay 611849 +/-   0
ptp4l[12959.352]: rms 171162 max 238500 freq +2688761 +/- 14112 delay 626093 +/- 20145
ptp4l[12961.349]: rms 155601 max 220051 freq +2687319 +/- 11045 delay 611849 +/-   0
ptp4l[12963.367]: rms 142299 max 200724 freq +2688878 +/- 10857 delay 560755 +/- 26406
ptp4l[12965.375]: rms 956859 max 1303159 freq +2745308 +/- 84040 delay 525214 +/-   0
ptp4l[12967.358]: rms 139684 max 187787 freq +2692551 +/- 12486 delay 531440 +/- 10368
ptp4l[12969.368]: rms 684399 max 946138 freq +2736855 +/- 57610 delay 526918 +/- 11854
ptp4l[12971.366]: rms 189719 max 203318 freq +2698119 +/- 19007 delay 515064 +/-   0
ptp4l[12973.370]: rms 262521 max 277694 freq +2697901 +/- 26329 delay 555582 +/- 29058
ptp4l[12975.376]: rms 247121 max 275945 freq +2674715 +/- 3212 delay 591980 +/- 22358
ptp4l[12977.376]: rms 52717 max 64901 freq +2693949 +/- 1443 delay 507504 +/- 7627
ptp4l[12979.377]: rms 620080 max 846176 freq +2729988 +/- 54241 delay 446466 +/-   0
ptp4l[12981.380]: rms 165947 max 197935 freq +2683185 +/- 3691 delay 518291 +/-   0
ptp4l[12983.380]: rms 823837 max 1162727 freq +2762326 +/- 54397 delay 446466 +/-   0
ptp4l[12985.380]: rms 219013 max 261553 freq +2678855 +/- 4913 delay 454615 +/- 49004
