ptp4l[12731.520]: port 1: INITIALIZING to LISTENING on INIT_COMPLETE
ptp4l[12731.520]: port 2: INITIALIZING to LISTENING on INIT_COMPLETE
ptp4l[12731.520]: port 0: INITIALIZING to LISTENING on INIT_COMPLETE
ptp4l[12735.518]: port 1: new foreign master feba28.fffe.1e53d1-1
ptp4l[12738.065]: port 2: LISTENING to MASTER on ANNOUNCE_RECEIPT_TIMEOUT_EXPIRES
ptp4l[12738.066]: selected local clock 92065f.fffe.8106e9 as best master
ptp4l[12738.066]: port 2: assuming the grand master role
ptp4l[12738.972]: port 1: LISTENING to MASTER on ANNOUNCE_RECEIPT_TIMEOUT_EXPIRES
ptp4l[12738.973]: selected local clock 92065f.fffe.8106e9 as best master
ptp4l[12738.973]: port 1: assuming the grand master role
ptp4l[12738.973]: port 2: assuming the grand master role
ptp4l[12739.521]: selected best master clock feba28.fffe.1e53d1
ptp4l[12739.521]: foreign master not using PTP timescale
ptp4l[12739.521]: port 1: MASTER to UNCALIBRATED on RS_SLAVE
ptp4l[12741.524]: master offset    -453399 s0 freq +2565949 path delay    680304
ptp4l[12742.528]: master offset    4142863 s0 freq +2565949 path delay    669372
ptp4l[12743.524]: master offset    -529664 s0 freq +2565949 path delay    680304
ptp4l[12744.525]: master offset    -393680 s0 freq +2565949 path delay    669372
ptp4l[12745.526]: master offset     -81223 s0 freq +2565949 path delay    658441
ptp4l[12746.526]: master offset     192042 s0 freq +2565949 path delay    658441
ptp4l[12747.526]: master offset     511689 s0 freq +2565949 path delay    680304
ptp4l[12748.527]: master offset      20734 s0 freq +2565949 path delay    726869
ptp4l[12749.527]: master offset    -362654 s0 freq +2565949 path delay    723086
ptp4l[12750.529]: master offset      99630 s0 freq +2565949 path delay    723086
ptp4l[12751.529]: master offset     -65200 s0 freq +2565949 path delay    748260
ptp4l[12752.532]: master offset     632506 s0 freq +2565949 path delay    779523
ptp4l[12753.531]: master offset    -428840 s0 freq +2565949 path delay    779523
ptp4l[12754.532]: master offset     130690 s0 freq +2565949 path delay    779523
ptp4l[12755.531]: master offset    -568784 s0 freq +2565949 path delay    779523
ptp4l[12756.532]: master offset    -225267 s0 freq +2565949 path delay    779523
ptp4l[12757.534]: master offset    1033221 s1 freq +2658566 path delay    696430
ptp4l[12758.536]: master offset      79045 s2 freq +2666549 path delay    696430
ptp4l[12758.536]: port 1: UNCALIBRATED to SLAVE on MASTER_CLOCK_SELECTED
ptp4l[12759.534]: master offset    -503446 s2 freq +2607797 path delay    696430
ptp4l[12760.536]: master offset     241260 s2 freq +2682509 path delay    628450
ptp4l[12761.535]: master offset    -150943 s2 freq +2643137 path delay    628450
ptp4l[12762.537]: master offset     111976 s2 freq +2669541 path delay    545149
ptp4l[12763.538]: master offset    -122162 s2 freq +2646005 path delay    545149
ptp4l[12764.539]: master offset     237938 s2 freq +2682253 path delay    628450
ptp4l[12765.539]: master offset    -240142 s2 freq +2634205 path delay    628450
ptp4l[12766.542]: master offset     446897 s2 freq +2703356 path delay    577583
ptp4l[12767.541]: master offset    -405914 s2 freq +2617669 path delay    628450
ptp4l[12768.544]: master offset     859451 s2 freq +2745065 path delay    628450
ptp4l[12769.542]: master offset    -533163 s2 freq +2605270 path delay    743227
ptp4l[12770.545]: master offset     147003 s2 freq +2673434 path delay    701903
ptp4l[12771.551]: master offset    1955635 s2 freq +2856253 path delay    701903
ptp4l[12772.552]: master offset    1338388 s2 freq +2795866 path delay    993583
ptp4l[12773.551]: master offset    -659467 s2 freq +2595421 path delay    993583
ptp4l[12774.554]: master offset    -273850 s2 freq +2633709 path delay    993583
ptp4l[12775.553]: master offset    -272304 s2 freq +2633591 path delay    993583
ptp4l[12776.555]: master offset     -81107 s2 freq +2652630 path delay    993583
ptp4l[12777.555]: master offset      91711 s2 freq +2670004 path delay   1106655
ptp4l[12778.555]: master offset    -412096 s2 freq +2619211 path delay   1106655
ptp4l[12779.555]: master offset    -597550 s2 freq +2600068 path delay    993583
ptp4l[12780.557]: master offset    -119098 s2 freq +2647794 path delay    993583
ptp4l[12781.556]: master offset    -773876 s2 freq +2581542 path delay    995935
ptp4l[12782.558]: master offset     216149 s2 freq +2680761 path delay    853906
ptp4l[12783.558]: master offset    -458172 s2 freq +2612871 path delay    890962
ptp4l[12784.560]: master offset      42515 s2 freq +2662982 path delay    890962
ptp4l[12785.563]: master offset    -199764 s2 freq +2638554 path delay    806600
ptp4l[12786.562]: master offset    -223161 s2 freq +2635991 path delay    739818
ptp4l[12787.561]: master offset    -338284 s2 freq +2624141 path delay    621116
ptp4l[12788.562]: master offset     396926 s2 freq +2698059 path delay    583208
ptp4l[12789.561]: master offset    -368824 s2 freq +2621115 path delay    583208
ptp4l[12790.562]: master offset     -26566 s2 freq +2655314 path delay    557350
ptp4l[12791.162]: timed out while polling for tx timestamp
ptp4l[12791.163]: increasing tx_timestamp_timeout may correct this issue, but it is likely caused by a driver bug
ptp4l[12791.163]: port 2: send sync failed
ptp4l[12791.163]: port 2: MASTER to FAULTY on FAULT_DETECTED (FT_UNSPECIFIED)
ptp4l[12791.562]: master offset     -47592 s2 freq +2653164 path delay    583208
ptp4l[12792.565]: master offset     255976 s2 freq +2683777 path delay    583208
ptp4l[12793.564]: master offset    -356194 s2 freq +2622203 path delay    583208
ptp4l[12794.567]: master offset      16813 s2 freq +2659521 path delay    571141
ptp4l[12795.567]: master offset    -204760 s2 freq +2637159 path delay    592892
ptp4l[12796.567]: master offset     205719 s2 freq +2678413 path delay    572224
ptp4l[12797.567]: master offset     114598 s2 freq +2669415 path delay    572224
ptp4l[12798.570]: master offset    -145682 s2 freq +2643241 path delay    656814
ptp4l[12799.571]: master offset     134380 s2 freq +2671382 path delay    656814
ptp4l[12800.573]: master offset      11476 s2 freq +2659103 path delay    696586
ptp4l[12801.573]: master offset    -317430 s2 freq +2625895 path delay    696586
ptp4l[12802.575]: master offset     -32818 s2 freq +2654323 path delay    696586
ptp4l[12803.576]: master offset    1140567 s2 freq +2772802 path delay    696586
ptp4l[12804.576]: master offset     105351 s2 freq +2669386 path delay    696586
ptp4l[12805.576]: master offset    -407165 s2 freq +2617727 path delay    728762
ptp4l[12806.578]: master offset     394971 s2 freq +2698336 path delay    700321
ptp4l[12807.164]: port 2: FAULTY to LISTENING on INIT_COMPLETE
ptp4l[12807.578]: master offset    -415675 s2 freq +2616856 path delay    700321
ptp4l[12808.581]: master offset     416332 s2 freq +2700473 path delay    700321
ptp4l[12809.581]: master offset    -367929 s2 freq +2621679 path delay    700321
ptp4l[12810.585]: master offset    2732718 s2 freq +2934476 path delay    624997
ptp4l[12811.586]: master offset     492506 s2 freq +2710947 path delay    624997
ptp4l[12812.588]: master offset     268283 s2 freq +2688793 path delay    624997
ptp4l[12813.587]: master offset    -560722 s2 freq +2605332 path delay    703753
ptp4l[12814.184]: port 2: LISTENING to MASTER on ANNOUNCE_RECEIPT_TIMEOUT_EXPIRES
ptp4l[12814.184]: selected best master clock feba28.fffe.1e53d1
ptp4l[12814.184]: foreign master not using PTP timescale
ptp4l[12814.588]: master offset     417568 s2 freq +2703579 path delay    703753
ptp4l[12815.589]: master offset    -155863 s2 freq +2646080 path delay    703753
ptp4l[12816.588]: master offset    -559376 s2 freq +2605169 path delay    703753
ptp4l[12817.590]: master offset      40811 s2 freq +2665229 path delay    624576
ptp4l[12818.595]: master offset    2306132 s2 freq +2894067 path delay    624576
ptp4l[12819.593]: master offset     431844 s2 freq +2707070 path delay    888583
ptp4l[12820.593]: master offset    -203997 s2 freq +2643282 path delay    888583
ptp4l[12821.594]: master offset    -175211 s2 freq +2645985 path delay    686939
ptp4l[12822.594]: master offset    -181161 s2 freq +2645209 path delay    686939
ptp4l[12823.595]: master offset    -352309 s2 freq +2627742 path delay    645626
ptp4l[12824.597]: master offset     344282 s2 freq +2697745 path delay    645626
ptp4l[12825.599]: master offset     887864 s2 freq +2752991 path delay    686939
ptp4l[12826.597]: master offset    -545030 s2 freq +2609157 path delay    810610
ptp4l[12827.601]: master offset     704389 s2 freq +2734803 path delay    686939
ptp4l[12828.602]: master offset    -250002 s2 freq +2639114 path delay   1030621
ptp4l[12829.610]: master offset     397172 s2 freq +2704229 path delay   1030621
ptp4l[12830.609]: master offset    -552508 s2 freq +2608708 path delay   1030621
ptp4l[12831.610]: master offset    -541818 s2 freq +2609235 path delay   1030621
ptp4l[12832.612]: master offset      36409 s2 freq +2667094 path delay   1030621
ptp4l[12833.613]: master offset    -406961 s2 freq +2622351 path delay   1030621
ptp4l[12834.612]: master offset    -685388 s2 freq +2593822 path delay    938341
ptp4l[12835.613]: master offset    -388661 s2 freq +2623106 path delay    938341
ptp4l[12836.615]: master offset    -381427 s2 freq +2623448 path delay    916952
ptp4l[12837.616]: master offset    -685316 s2 freq +2592374 path delay    916952
ptp4l[12838.634]: master offset    -566255 s2 freq +2603714 path delay    916952
ptp4l[12839.634]: master offset    -369622 s2 freq +2623008 path delay    845987
ptp4l[12840.638]: master offset     -46271 s2 freq +2655297 path delay    845987
ptp4l[12841.634]: master offset    -334744 s2 freq +2626115 path delay    797474
ptp4l[12842.636]: master offset     -92079 s2 freq +2650289 path delay    771037
ptp4l[12843.635]: master offset    -355145 s2 freq +2623627 path delay    771037
ptp4l[12844.637]: master offset    -184899 s2 freq +2640467 path delay    763877
ptp4l[12845.637]: master offset    -414108 s2 freq +2617132 path delay    681122
ptp4l[12846.637]: master offset    -262505 s2 freq +2632030 path delay    598197
ptp4l[12847.640]: master offset     128853 s2 freq +2671294 path delay    559422
ptp4l[12848.643]: master offset     544196 s2 freq +2713373 path delay    524081
ptp4l[12849.641]: master offset    -306751 s2 freq +2627971 path delay    524081
ptp4l[12850.644]: master offset    2277884 s2 freq +2888713 path delay    505331
ptp4l[12851.644]: master offset    1602047 s2 freq +2822731 path delay    515211
ptp4l[12852.643]: master offset    -142868 s2 freq +2648097 path delay    515211
ptp4l[12853.645]: master offset     155899 s2 freq +2678129 path delay    481720
ptp4l[12854.645]: master offset      65471 s2 freq +2669152 path delay    440680
ptp4l[12855.645]: master offset     339232 s2 freq +2696867 path delay    440680
ptp4l[12856.656]: master offset    1962707 s2 freq +2861178 path delay    481720
ptp4l[12857.647]: master offset    -153879 s2 freq +2649365 path delay    515211
ptp4l[12858.648]: master offset     197953 s2 freq +2684746 path delay    532999
ptp4l[12859.649]: master offset    1162222 s2 freq +2782335 path delay    532999
ptp4l[12860.650]: master offset      52574 s2 freq +2671423 path delay    863088
ptp4l[12861.649]: master offset    -651629 s2 freq +2600351 path delay    872757
ptp4l[12862.650]: master offset     -83572 s2 freq +2657073 path delay    578462
ptp4l[12863.652]: master offset     -44613 s2 freq +2660925 path delay    578462
ptp4l[12864.655]: master offset     367436 s2 freq +2702497 path delay    723737
ptp4l[12865.654]: master offset    -245408 s2 freq +2640967 path delay    966352
ptp4l[12866.654]: master offset    -104167 s2 freq +2654987 path delay    966352
ptp4l[12867.657]: master offset    2609175 s2 freq +2928930 path delay    581825
ptp4l[12868.655]: master offset     -75737 s2 freq +2660364 path delay    581825
ptp4l[12869.657]: master offset     -87955 s2 freq +2659054 path delay    551251
ptp4l[12870.657]: master offset     210821 s2 freq +2689142 path delay    551251
ptp4l[12871.656]: master offset    -465024 s2 freq +2621093 path delay    551251
ptp4l[12872.658]: master offset      65768 s2 freq +2674238 path delay    572915
ptp4l[12873.658]: master offset    -308291 s2 freq +2636523 path delay    601216
ptp4l[12874.661]: master offset     999020 s2 freq +2768254 path delay    601216
ptp4l[12875.660]: master offset     495078 s2 freq +2718354 path delay    601216
ptp4l[12876.661]: master offset     215148 s2 freq +2690577 path delay    672606
ptp4l[12877.662]: master offset    -112599 s2 freq +2657689 path delay    728926
ptp4l[12878.663]: master offset     -23230 s2 freq +2666603 path delay    672606
ptp4l[12879.664]: master offset    -230704 s2 freq +2645625 path delay    672606
ptp4l[12880.665]: master offset     657646 s2 freq +2735118 path delay    672606
ptp4l[12881.665]: master offset    -148592 s2 freq +2654345 path delay    672606
ptp4l[12882.669]: master offset    2903800 s2 freq +2962488 path delay    672606
ptp4l[12883.669]: master offset     937181 s2 freq +2766763 path delay    737718
ptp4l[12884.668]: master offset    -159895 s2 freq +2656896 path delay    737718
ptp4l[12885.670]: master offset    2080981 s2 freq +2883064 path delay    653893
ptp4l[12886.669]: master offset    -140269 s2 freq +2660799 path delay    653893
ptp4l[12887.671]: master offset      88262 s2 freq +2683741 path delay    555920
ptp4l[12888.672]: master offset      63487 s2 freq +2681327 path delay    589303
ptp4l[12889.673]: master offset     294304 s2 freq +2704703 path delay    596100
ptp4l[12890.674]: master offset     -46702 s2 freq +2670555 path delay    596100
ptp4l[12891.675]: master offset     -74685 s2 freq +2667682 path delay    589303
ptp4l[12892.679]: master offset    2993063 s2 freq +2977450 path delay    555920
ptp4l[12893.679]: master offset     535243 s2 freq +2732203 path delay    595919
ptp4l[12894.679]: master offset     194645 s2 freq +2698338 path delay    595919
ptp4l[12895.680]: master offset    -163197 s2 freq +2662391 path delay    616272
ptp4l[12896.681]: master offset    -153051 s2 freq +2663252 path delay    563001
ptp4l[12897.682]: master offset     208595 s2 freq +2699626 path delay    522912
ptp4l[12898.683]: master offset     -26116 s2 freq +2676128 path delay    522912
ptp4l[12899.683]: master offset    -115677 s2 freq +2667057 path delay    522912
ptp4l[12900.684]: master offset     -12499 s2 freq +2677362 path delay    504261
ptp4l[12901.684]: master offset    -188609 s2 freq +2659562 path delay    504261
ptp4l[12902.684]: master offset     -71966 s2 freq +2671155 path delay    504261
ptp4l[12903.685]: master offset      84552 s2 freq +2686891 path delay    504261
ptp4l[12904.686]: master offset    -195856 s2 freq +2658654 path delay    636251
ptp4l[12905.687]: master offset    -122722 s2 freq +2665845 path delay    696848
ptp4l[12906.687]: master offset     180404 s2 freq +2696338 path delay    696848
ptp4l[12907.688]: master offset    -259498 s2 freq +2652088 path delay    821963
ptp4l[12908.687]: master offset    -629657 s2 freq +2614443 path delay    821963
ptp4l[12909.687]: master offset    -495394 s2 freq +2627374 path delay    821963
ptp4l[12910.690]: master offset     719268 s2 freq +2749559 path delay    821963
ptp4l[12911.692]: master offset     -62451 s2 freq +2671325 path delay    821963
ptp4l[12912.690]: master offset    -472574 s2 freq +2629840 path delay    780419
ptp4l[12913.693]: master offset     311943 s2 freq +2708604 path delay    780419
ptp4l[12914.694]: master offset     299399 s2 freq +2707649 path delay    725947
ptp4l[12915.695]: master offset    -111847 s2 freq +2666412 path delay    725947
ptp4l[12916.703]: master offset    7090878 s2 freq +3393775 path delay    725947
ptp4l[12917.696]: master offset     -93401 s2 freq +2675254 path delay    725947
ptp4l[12918.697]: master offset     188596 s2 freq +2703642 path delay    725947
ptp4l[12919.698]: master offset     338273 s2 freq +2718948 path delay    849831
ptp4l[12920.698]: master offset    -189696 s2 freq +2665962 path delay    887626
ptp4l[12921.699]: master offset    -332027 s2 freq +2651397 path delay    887626
ptp4l[12922.701]: master offset    1813056 s2 freq +2867718 path delay    808823
ptp4l[12923.700]: master offset      60826 s2 freq +2692556 path delay    808823
ptp4l[12924.703]: master offset    1450990 s2 freq +2833023 path delay    808823
ptp4l[12925.703]: master offset     142787 s2 freq +2702346 path delay    983005
ptp4l[12926.705]: master offset     560769 s2 freq +2744705 path delay    996421
ptp4l[12927.705]: master offset    -190639 s2 freq +2669373 path delay    996421
ptp4l[12928.707]: master offset    -296549 s2 freq +2658486 path delay   1010776
ptp4l[12929.707]: master offset    -422738 s2 freq +2645444 path delay   1010776
ptp4l[12930.708]: master offset      21392 s2 freq +2689878 path delay   1010776
ptp4l[12931.709]: master offset    -292735 s2 freq +2658173 path delay    887804
ptp4l[12932.709]: master offset    -103221 s2 freq +2677021 path delay    887804
ptp4l[12933.711]: master offset    -207695 s2 freq +2666366 path delay    887804
ptp4l[12934.712]: master offset      89280 s2 freq +2696153 path delay    887804
ptp4l[12935.712]: master offset    -463783 s2 freq +2640383 path delay    860034
ptp4l[12936.713]: master offset    -155044 s2 freq +2671102 path delay    887804
ptp4l[12937.714]: master offset     -72379 s2 freq +2679296 path delay    887804
ptp4l[12938.714]: master offset    -109105 s2 freq +2675514 path delay    850577
ptp4l[12939.713]: master offset    -615742 s2 freq +2624235 path delay    850577
ptp4l[12940.715]: master offset     126001 s2 freq +2698535 path delay    804666
ptp4l[12941.716]: master offset    -102002 s2 freq +2675633 path delay    764292
ptp4l[12942.718]: master offset     190849 s2 freq +2705109 path delay    764292
ptp4l[12943.718]: master offset     426426 s2 freq +2729093 path delay    719413
ptp4l[12944.718]: master offset    -111448 s2 freq +2675194 path delay    769552
ptp4l[12945.718]: master offset    -472893 s2 freq +2638577 path delay    769552
ptp4l[12946.721]: master offset     151372 s2 freq +2701154 path delay    712454
ptp4l[12947.721]: master offset    -147782 s2 freq +2671091 path delay    712454
ptp4l[12948.722]: master offset     557749 s2 freq +2742202 path delay    712454
ptp4l[12949.722]: master offset    -198226 s2 freq +2666406 path delay    774657
ptp4l[12950.724]: master offset      97275 s2 freq +2696054 path delay    828645
ptp4l[12951.724]: master offset    -258298 s2 freq +2660238 path delay    828645
ptp4l[12952.730]: master offset    -419099 s2 freq +2643739 path delay    828645
ptp4l[12953.732]: master offset     339236 s2 freq +2719912 path delay    782894
ptp4l[12954.732]: master offset      34092 s2 freq +2689431 path delay    782894
ptp4l[12955.732]: master offset    -172855 s2 freq +2668564 path delay    782726
ptp4l[12956.734]: master offset      52285 s2 freq +2691130 path delay    755649
ptp4l[12957.734]: master offset    -172711 s2 freq +2668458 path delay    755649
ptp4l[12958.735]: master offset     154550 s2 freq +2701338 path delay    755649
ptp4l[12959.736]: master offset     542536 s2 freq +2740680 path delay    755649
ptp4l[12960.735]: master offset    -203607 s2 freq +2665862 path delay    794272
ptp4l[12961.737]: master offset    -282074 s2 freq +2657733 path delay    794272
ptp4l[12962.738]: master offset    1221182 s2 freq +2809280 path delay    775829
ptp4l[12963.737]: master offset    -320383 s2 freq +2654803 path delay    799015
ptp4l[12964.739]: master offset    -263389 s2 freq +2660239 path delay    792104
ptp4l[12965.738]: master offset    -370132 s2 freq +2649194 path delay    768918
ptp4l[12966.740]: master offset     337803 s2 freq +2720326 path delay    736934
ptp4l[12967.741]: master offset     -91901 s2 freq +2677263 path delay    751238
ptp4l[12968.740]: master offset    -540827 s2 freq +2631830 path delay    751238
ptp4l[12969.743]: master offset     -71190 s2 freq +2678722 path delay    751238
ptp4l[12970.742]: master offset    -445933 s2 freq +2640802 path delay    751238
ptp4l[12971.742]: master offset    -497197 s2 freq +2635179 path delay    680822
ptp4l[12972.743]: master offset     490831 s2 freq +2734472 path delay    680822
ptp4l[12973.745]: master offset      26834 s2 freq +2688099 path delay    693033
ptp4l[12974.744]: master offset    -343838 s2 freq +2650688 path delay    694688
ptp4l[12975.746]: master offset    1538913 s2 freq +2840502 path delay    694688
ptp4l[12976.746]: master offset     294210 s2 freq +2716326 path delay    816621
ptp4l[12977.746]: master offset    -295279 s2 freq +2657082 path delay    816621
ptp4l[12978.747]: master offset       5891 s2 freq +2687205 path delay    694688
ptp4l[12979.747]: master offset    -198449 s2 freq +2666572 path delay    694688
ptp4l[12980.747]: master offset    -325765 s2 freq +2653515 path delay    694688
ptp4l[12981.749]: master offset    -167646 s2 freq +2669159 path delay    694688
ptp4l[12982.750]: master offset      98248 s2 freq +2695847 path delay    552912
ptp4l[12983.751]: master offset    -138953 s2 freq +2671988 path delay    552912
ptp4l[12984.753]: master offset     747201 s2 freq +2761351 path delay    529073
ptp4l[12985.756]: master offset    -466406 s2 freq +2639523 path delay    530194
