ptp4l[5512.215]: port 1: INITIALIZING to LISTENING on INIT_COMPLETE
ptp4l[5512.215]: port 0: INITIALIZING to LISTENING on INIT_COMPLETE
ptp4l[5516.711]: port 1: new foreign master 52f47d.fffe.5c4925-2
ptp4l[5518.761]: selected local clock 760005.fffe.f584cd as best master
ptp4l[5520.712]: selected best master clock 1a7d0a.fffe.178750
ptp4l[5520.712]: foreign master not using PTP timescale
ptp4l[5520.712]: port 1: LISTENING to UNCALIBRATED on RS_SLAVE
ptp4l[5522.719]: rms 192001 max 230506 freq -500000 +/-   0 delay 760476 +/- 179464
ptp4l[5524.720]: rms 27787 max 38510 freq -500000 +/-   0 delay 623414 +/- 45364
ptp4l[5526.721]: rms 641157 max 895765 freq -500000 +/-   0 delay 583744 +/- 16151
ptp4l[5528.722]: rms 299460 max 423021 freq -500000 +/-   0 delay 583059 +/- 16836
ptp4l[5530.724]: rms 378569 max 535125 freq -500000 +/-   0 delay 566223 +/-   0
ptp4l[5533.726]: rms 419140 max 592215 freq -500000 +/-   0 delay 561697 +/- 19265
ptp4l[5535.726]: rms 145982 max 164603 freq -500000 +/-   0 delay 558085 +/-   0
ptp4l[5537.728]: rms 114879 max 158708 freq -506118 +/- 6118 delay 589650 +/- 4516
ptp4l[5538.728]: port 1: UNCALIBRATED to SLAVE on MASTER_CLOCK_SELECTED
ptp4l[5539.728]: rms 134275 max 135224 freq -512206 +/- 13495 delay 589650 +/- 4516
ptp4l[5541.729]: rms 216771 max 293658 freq -492813 +/- 10239 delay 639080 +/- 44914
ptp4l[5543.730]: rms 224288 max 300194 freq -532335 +/- 9837 delay 703733 +/-   0
ptp4l[5545.729]: rms 127361 max 173692 freq -505915 +/- 11155 delay 611185 +/-   0
ptp4l[5547.732]: rms 323695 max 417211 freq -523893 +/- 30374 delay 607352 +/- 3833
ptp4l[5549.737]: rms 139972 max 189386 freq -519108 +/- 12378 delay 603519 +/-   0
ptp4l[5551.737]: rms 509515 max 716343 freq -480285 +/- 40069 delay 603519 +/-   0
ptp4l[5553.739]: rms 698032 max 959488 freq -475235 +/- 60060 delay 603519 +/-   0
ptp4l[5555.736]: rms 189510 max 265056 freq -526532 +/- 11402 delay 630186 +/-   0
ptp4l[5557.750]: rms 141365 max 188410 freq -517661 +/- 12797 delay 663320 +/-   0
ptp4l[5559.741]: rms 211072 max 230819 freq -513763 +/- 21099 delay 647534 +/- 22324
ptp4l[5561.747]: rms 287332 max 396899 freq -527433 +/- 24245 delay 679477 +/- 16157
ptp4l[5563.742]: rms 1573168 max 2224561 freq -397913 +/- 110725 delay 693329 +/- 12660
ptp4l[5565.745]: rms 183144 max 193783 freq -510849 +/- 18367 delay 715257 +/-   0
ptp4l[5567.747]: rms 968922 max 1365232 freq -434115 +/- 62338 delay 715257 +/-   0
ptp4l[5569.744]: rms 528223 max 584465 freq -561485 +/- 5729 delay 647309 +/- 38711
ptp4l[5571.746]: rms 288085 max 322680 freq -538214 +/- 3859 delay 484190 +/- 21728
ptp4l[5573.747]: rms 146412 max 196815 freq -523090 +/- 6593 delay 295674 +/- 113459
ptp4l[5575.747]: rms 38130 max 53147 freq -513237 +/- 2197 delay 148678 +/- 1776
ptp4l[5577.748]: rms 48342 max 66579 freq -512739 +/- 4113 delay 141797 +/- 2568
ptp4l[5579.749]: rms 33728 max 39254 freq -510813 +/- 3331 delay 130647 +/-   0
ptp4l[5581.750]: rms 35960 max 43773 freq -509301 +/- 3505 delay 125020 +/-   0
ptp4l[5583.750]: rms 14279 max 17091 freq -511588 +/- 311 delay 125020 +/-   0
ptp4l[5585.753]: rms 38204 max 45146 freq -509435 +/- 3764 delay 125020 +/-   0
ptp4l[5587.752]: rms 27681 max 27848 freq -510183 +/- 2782 delay 127646 +/- 2418
ptp4l[5589.754]: rms 32584 max 36810 freq -509740 +/- 3245 delay 125124 +/- 104
ptp4l[5591.756]: rms 29129 max 35278 freq -513050 +/- 690 delay 129338 +/- 2280
ptp4l[5593.756]: rms 82136 max 113962 freq -505624 +/- 6879 delay 132558 +/- 2043
ptp4l[5595.756]: rms 16342 max 23086 freq -508910 +/- 1100 delay 131283 +/-   0
ptp4l[5597.756]: rms 33243 max 36966 freq -513469 +/- 381 delay 137307 +/-   0
ptp4l[5599.757]: rms 28037 max 28680 freq -510263 +/- 2817 delay 131354 +/- 2760
ptp4l[5601.760]: rms 27033 max 32734 freq -510857 +/- 2634 delay 127448 +/- 958
ptp4l[5603.760]: rms 16451 max 18311 freq -511856 +/- 191 delay 124030 +/- 1571
ptp4l[5605.760]: rms 100949 max 142455 freq -503514 +/- 7662 delay 123760 +/-   0
ptp4l[5607.761]: rms 38149 max 45304 freq -509303 +/- 3753 delay 122936 +/- 824
ptp4l[5609.762]: rms 46256 max 55287 freq -505506 +/- 1044 delay 125635 +/-   0
ptp4l[5611.763]: rms 27110 max 30161 freq -509675 +/- 2707 delay 125400 +/- 235
ptp4l[5613.763]: rms 20215 max 24688 freq -510516 +/- 1962 delay 131866 +/-   0
ptp4l[5615.764]: rms 34089 max 38588 freq -509520 +/- 3394 delay 137088 +/- 1532
ptp4l[5617.767]: rms 36801 max 45775 freq -511069 +/- 3539 delay 147656 +/-   0
ptp4l[5619.768]: rms 42805 max 45856 freq -514340 +/- 297 delay 147656 +/-   0
ptp4l[5621.768]: rms 57515 max 66545 freq -509116 +/- 5699 delay 141856 +/- 5800
ptp4l[5623.769]: rms 85813 max 120199 freq -503148 +/- 5234 delay 142184 +/- 4758
ptp4l[5625.770]: rms 29096 max 41135 freq -511981 +/- 2108 delay 161166 +/- 5936
ptp4l[5627.766]: rms 50761 max 69510 freq -514426 +/- 2570 delay 163324 +/- 3778
ptp4l[5629.769]: rms 39938 max 56454 freq -512854 +/- 2910 delay 147801 +/-   0
ptp4l[5631.771]: rms 39360 max 54309 freq -513503 +/- 2099 delay 153441 +/-   0
ptp4l[5633.773]: rms 17185 max 20782 freq -508491 +/- 419 delay 147801 +/-   0
ptp4l[5635.773]: rms 32631 max 44196 freq -508595 +/- 2896 delay 153441 +/-   0
ptp4l[5637.768]: rms 32528 max 36717 freq -513387 +/- 469 delay 153441 +/-   0
ptp4l[5639.773]: rms 25244 max 29953 freq -510730 +/- 2479 delay 141164 +/- 6306
ptp4l[5641.772]: rms 22181 max 31368 freq -508588 +/- 1562 delay 147995 +/- 2986
ptp4l[5643.774]: rms 15857 max 18271 freq -510438 +/- 1570 delay 144836 +/- 244
ptp4l[5645.774]: rms 20332 max 24630 freq -510655 +/- 1986 delay 143256 +/- 1236
ptp4l[5647.772]: rms 26059 max 35068 freq -508961 +/- 2326 delay 142020 +/-   0
ptp4l[5649.775]: rms 63579 max 74214 freq -508995 +/- 6286 delay 144727 +/-   0
ptp4l[5651.774]: rms 40928 max 57881 freq -513069 +/- 2907 delay 143889 +/- 1869
ptp4l[5653.774]: rms 41410 max 58479 freq -513328 +/- 2766 delay 142020 +/-   0
ptp4l[5655.774]: rms 7425 max 10497 freq -510767 +/- 543 delay 142020 +/-   0
ptp4l[5657.776]: rms 5218 max 7328 freq -509846 +/- 327 delay 139329 +/-   0
ptp4l[5659.777]: rms 473568 max 669639 freq -475883 +/- 33276 delay 140383 +/-   0
ptp4l[5661.776]: rms 372929 max 385680 freq -471748 +/- 1490 delay 148626 +/-   0
ptp4l[5663.779]: rms 1128256 max 1558126 freq -412002 +/- 60547 delay 190155 +/-   0
ptp4l[5665.780]: rms 198554 max 236738 freq -487225 +/- 4211 delay 355802 +/- 60251
ptp4l[5667.781]: rms 223223 max 315422 freq -491264 +/- 16573 delay 487646 +/- 52477
ptp4l[5669.783]: rms 346617 max 484075 freq -485725 +/- 28305 delay 556727 +/-   0
ptp4l[5671.782]: rms 352788 max 437064 freq -540170 +/- 10041 delay 677776 +/- 54851
ptp4l[5673.785]: rms 400585 max 405970 freq -547157 +/- 745 delay 615816 +/-   0
ptp4l[5675.783]: rms 401998 max 469405 freq -547442 +/- 7274 delay 482087 +/- 10076
ptp4l[5677.784]: rms 168170 max 237761 freq -520506 +/- 11603 delay 321300 +/- 64737
ptp4l[5679.783]: rms 83484 max 114741 freq -512786 +/- 7142 delay 202596 +/-   0
ptp4l[5681.786]: rms 57073 max 74000 freq -503046 +/- 2126 delay 202596 +/-   0
ptp4l[5683.789]: rms 893115 max 1261199 freq -448121 +/- 67114 delay 200613 +/-   0
ptp4l[5685.790]: rms 429887 max 602325 freq -472501 +/- 26291 delay 200613 +/-   0
ptp4l[5687.791]: rms 385701 max 540497 freq -482586 +/- 30733 delay 220195 +/- 10234
ptp4l[5689.793]: rms 3467380 max 4903602 freq -257753 +/- 247054 delay 249551 +/- 13989
ptp4l[5691.794]: rms 388179 max 511893 freq -465095 +/- 15935 delay 308742 +/- 18119
ptp4l[5693.795]: rms 346280 max 432939 freq -466712 +/- 10089 delay 453965 +/- 51604
ptp4l[5695.797]: rms 137879 max 159077 freq -502106 +/- 13648 delay 627805 +/- 46528
ptp4l[5697.797]: rms 179932 max 233965 freq -506614 +/- 16751 delay 694119 +/-   0
ptp4l[5699.796]: rms 459270 max 472709 freq -546457 +/- 1601 delay 694119 +/-   0
ptp4l[5701.799]: rms 287272 max 401770 freq -518234 +/- 23132 delay 674333 +/-   0
ptp4l[5703.801]: rms 2616755 max 3135450 freq -242540 +/- 60058 delay 674333 +/-   0
ptp4l[5705.801]: rms 384287 max 533843 freq -528394 +/- 21551 delay 681962 +/-   0
ptp4l[5707.803]: rms 462655 max 634712 freq -456507 +/- 24109 delay 674603 +/- 3706
ptp4l[5709.802]: rms 560477 max 587894 freq -552700 +/- 2547 delay 678309 +/-   0
ptp4l[5711.803]: rms 439104 max 454118 freq -541523 +/- 1755 delay 657098 +/-   0
ptp4l[5713.805]: rms 214532 max 231965 freq -496125 +/- 21492 delay 657098 +/-   0
ptp4l[5715.807]: rms 417875 max 466319 freq -455766 +/- 5398 delay 661331 +/-   0
ptp4l[5717.809]: rms 376431 max 531524 freq -468642 +/- 25356 delay 661331 +/-   0
ptp4l[5719.809]: rms 282536 max 399492 freq -517202 +/- 19586 delay 482668 +/- 132281
ptp4l[5721.813]: rms 1223518 max 1724373 freq -402458 +/- 79916 delay 390838 +/- 11042
ptp4l[5723.813]: rms 229488 max 318784 freq -514311 +/- 12865 delay 602476 +/- 89294
ptp4l[5725.814]: rms 289537 max 395359 freq -469814 +/- 14387 delay 683239 +/- 84585
ptp4l[5727.816]: rms 784618 max 1076769 freq -454147 +/- 67776 delay 788604 +/-   0
ptp4l[5729.819]: rms 364178 max 512834 freq -517806 +/- 28038 delay 716679 +/-   0
ptp4l[5731.820]: rms 249911 max 353428 freq -512518 +/- 17692 delay 672608 +/- 7646
ptp4l[5733.820]: rms 238984 max 259540 freq -496932 +/- 23931 delay 665271 +/-   0
ptp4l[5735.825]: rms 2180052 max 3082813 freq -335717 +/- 152173 delay 528866 +/- 38687
ptp4l[5737.827]: rms 950950 max 1292634 freq -445435 +/- 83833 delay 583578 +/-   0
ptp4l[5739.826]: rms 50380 max 67997 freq -495408 +/- 2325 delay 576040 +/- 7538
ptp4l[5741.842]: rms 243055 max 326847 freq -479876 +/- 21826 delay 603436 +/- 53843
ptp4l[5743.830]: rms 225085 max 316517 freq -508443 +/- 14293 delay 619248 +/- 48570
ptp4l[5745.834]: rms 941867 max 1257410 freq -449999 +/- 85473 delay 547738 +/-   0
ptp4l[5747.834]: rms 1129186 max 1596733 freq -410035 +/- 81038 delay 619248 +/- 48570
ptp4l[5749.829]: rms 500546 max 504328 freq -488829 +/- 50305 delay 726936 +/- 59118
ptp4l[5751.835]: rms 533854 max 678831 freq -540009 +/- 17254 delay 698217 +/-   0
ptp4l[5753.847]: rms 800479 max 1038246 freq -459546 +/- 74698 delay 698217 +/-   0
ptp4l[5755.846]: rms 1182984 max 1605068 freq -384003 +/- 57462 delay 590860 +/-   0
ptp4l[5757.846]: rms 1114509 max 1541241 freq -426039 +/- 94328 delay 657634 +/- 105221
ptp4l[5759.851]: rms 237961 max 259076 freq -488202 +/- 23800 delay 508829 +/-   0
ptp4l[5761.853]: rms 85761 max 118127 freq -490443 +/- 7340 delay 443458 +/-   0
