ptp4l[5508.822]: port 1: INITIALIZING to LISTENING on INIT_COMPLETE
ptp4l[5508.822]: port 2: INITIALIZING to LISTENING on INIT_COMPLETE
ptp4l[5508.822]: port 0: INITIALIZING to LISTENING on INIT_COMPLETE
ptp4l[5511.992]: port 1: new foreign master 1a7d0a.fffe.178750-1
ptp4l[5514.963]: port 1: LISTENING to MASTER on ANNOUNCE_RECEIPT_TIMEOUT_EXPIRES
ptp4l[5514.963]: selected local clock 52f47d.fffe.5c4925 as best master
ptp4l[5514.963]: port 1: assuming the grand master role
ptp4l[5515.994]: selected best master clock 1a7d0a.fffe.178750
ptp4l[5515.995]: foreign master not using PTP timescale
ptp4l[5515.995]: port 1: MASTER to UNCALIBRATED on RS_SLAVE
ptp4l[5516.704]: port 2: LISTENING to MASTER on ANNOUNCE_RECEIPT_TIMEOUT_EXPIRES
ptp4l[5516.704]: selected best master clock 1a7d0a.fffe.178750
ptp4l[5516.704]: foreign master not using PTP timescale
ptp4l[5517.998]: master offset    -311085 s0 freq -500000 path delay    687502
ptp4l[5518.998]: master offset       9031 s0 freq -500000 path delay    588187
ptp4l[5519.997]: master offset    -336723 s0 freq -500000 path delay    540003
ptp4l[5520.999]: master offset     890284 s0 freq -500000 path delay    488872
ptp4l[5521.999]: master offset      43098 s0 freq -500000 path delay    540003
ptp4l[5523.000]: master offset     106291 s0 freq -500000 path delay    540003
ptp4l[5523.999]: master offset     -69940 s0 freq -500000 path delay    591135
ptp4l[5525.005]: master offset    2338509 s0 freq -500000 path delay    576208
ptp4l[5526.003]: master offset    -148785 s0 freq -500000 path delay    591135
ptp4l[5527.005]: master offset     209414 s0 freq -500000 path delay    615912
ptp4l[5528.005]: master offset     -32031 s0 freq -500000 path delay    637678
ptp4l[5529.005]: master offset    -319182 s0 freq -500000 path delay    637678
ptp4l[5530.005]: master offset    -469420 s0 freq -500000 path delay    645962
ptp4l[5531.007]: master offset     132884 s0 freq -500000 path delay    637678
ptp4l[5532.006]: master offset    -366804 s0 freq -500000 path delay    637678
ptp4l[5533.008]: master offset     117884 s0 freq -500000 path delay    411034
ptp4l[5534.009]: master offset    -162705 s1 freq -490728 path delay    411034
ptp4l[5535.008]: master offset     216399 s2 freq -468871 path delay    411034
ptp4l[5535.008]: port 1: UNCALIBRATED to SLAVE on MASTER_CLOCK_SELECTED
ptp4l[5536.008]: master offset     134304 s2 freq -476947 path delay    411034
ptp4l[5537.010]: master offset     402812 s2 freq -449693 path delay    411034
ptp4l[5538.008]: master offset    -226335 s2 freq -512834 path delay    416390
ptp4l[5539.009]: master offset     -71250 s2 freq -497397 path delay    416390
ptp4l[5540.009]: master offset    -228917 s2 freq -513392 path delay    466828
ptp4l[5541.011]: master offset    1195807 s2 freq -369724 path delay    466828
ptp4l[5542.010]: master offset    -198035 s2 freq -509306 path delay    697495
ptp4l[5543.011]: master offset      -8339 s2 freq -490345 path delay    722935
ptp4l[5544.010]: master offset    -456962 s2 freq -535664 path delay    722935
ptp4l[5545.012]: master offset      94154 s2 freq -480459 path delay    722935
ptp4l[5546.012]: master offset    -438802 s2 freq -534193 path delay    683006
ptp4l[5547.013]: master offset     220953 s2 freq -467997 path delay    683006
ptp4l[5548.013]: master offset    -322184 s2 freq -522632 path delay    738431
ptp4l[5549.016]: master offset      45652 s2 freq -485803 path delay    738431
ptp4l[5550.014]: master offset    -409357 s2 freq -531713 path delay    698503
ptp4l[5551.016]: master offset     -45914 s2 freq -495415 path delay    698503
ptp4l[5552.016]: master offset    -171623 s2 freq -508158 path delay    612525
ptp4l[5553.018]: master offset     298254 s2 freq -460872 path delay    612525
ptp4l[5554.017]: master offset    -393893 s2 freq -530480 path delay    612525
ptp4l[5555.019]: master offset     317328 s2 freq -459041 path delay    611233
ptp4l[5556.019]: master offset    -224768 s2 freq -513475 path delay    641951
ptp4l[5557.021]: master offset     195694 s2 freq -471233 path delay    611233
ptp4l[5558.021]: master offset      55186 s2 freq -485229 path delay    611233
ptp4l[5559.022]: master offset     358369 s2 freq -454552 path delay    611233
ptp4l[5560.022]: master offset    -156584 s2 freq -506204 path delay    628150
ptp4l[5561.023]: master offset       4417 s2 freq -490100 path delay    684212
ptp4l[5562.022]: master offset    -334827 s2 freq -524359 path delay    684212
ptp4l[5563.023]: master offset    -143687 s2 freq -505389 path delay    684212
ptp4l[5564.023]: master offset    -175500 s2 freq -508745 path delay    621378
ptp4l[5565.026]: master offset     439797 s2 freq -446776 path delay    585579
ptp4l[5566.025]: master offset    -250112 s2 freq -516017 path delay    621378
ptp4l[5567.027]: master offset     173078 s2 freq -473525 path delay    585579
ptp4l[5568.025]: master offset    -485821 s2 freq -539900 path delay    585579
ptp4l[5569.025]: master offset    -377976 s2 freq -529494 path delay    545654
ptp4l[5570.025]: master offset    -346316 s2 freq -526674 path delay    470176
ptp4l[5571.026]: master offset    -354489 s2 freq -527846 path delay    470176
ptp4l[5572.025]: master offset    -216760 s2 freq -514290 path delay    288924
ptp4l[5573.026]: master offset     -11780 s2 freq -493804 path delay    159067
ptp4l[5574.026]: master offset     -52214 s2 freq -497899 path delay    134840
ptp4l[5575.026]: master offset      27119 s2 freq -489939 path delay    134840
ptp4l[5576.026]: master offset      -4138 s2 freq -493069 path delay    145169
ptp4l[5577.027]: master offset       8150 s2 freq -491832 path delay    143970
ptp4l[5578.027]: master offset     -15374 s2 freq -494200 path delay    146857
ptp4l[5579.028]: master offset       7055 s2 freq -491950 path delay    146857
ptp4l[5580.028]: master offset     -11327 s2 freq -493799 path delay    149397
ptp4l[5581.028]: master offset     -59935 s2 freq -498720 path delay    149606
ptp4l[5582.029]: master offset     -34923 s2 freq -496254 path delay    149606
ptp4l[5583.030]: master offset       9559 s2 freq -491796 path delay    149606
ptp4l[5584.030]: master offset     -41165 s2 freq -496909 path delay    150221
ptp4l[5585.032]: master offset      68704 s2 freq -485854 path delay    148908
ptp4l[5586.032]: master offset       -333 s2 freq -492758 path delay    148908
ptp4l[5587.032]: master offset      -7669 s2 freq -493499 path delay    148908
ptp4l[5588.033]: master offset     -12474 s2 freq -493992 path delay    148793
ptp4l[5589.033]: master offset       7829 s2 freq -491954 path delay    148793
ptp4l[5590.033]: master offset     -10942 s2 freq -493842 path delay    149596
ptp4l[5591.034]: master offset      10830 s2 freq -491654 path delay    147709
ptp4l[5592.035]: master offset      -7149 s2 freq -493459 path delay    149596
ptp4l[5593.036]: master offset       9902 s2 freq -491744 path delay    149596
ptp4l[5594.037]: master offset     -57675 s2 freq -498559 path delay    149596
ptp4l[5595.038]: master offset      -1813 s2 freq -492975 path delay    149596
ptp4l[5596.038]: master offset      65566 s2 freq -486172 path delay    148876
ptp4l[5597.039]: master offset      19440 s2 freq -490765 path delay    151648
ptp4l[5598.040]: master offset      -1957 s2 freq -492906 path delay    152743
ptp4l[5599.040]: master offset       4962 s2 freq -492209 path delay    150743
ptp4l[5600.041]: master offset      -7712 s2 freq -493485 path delay    150743
ptp4l[5601.042]: master offset        909 s2 freq -492622 path delay    149335
ptp4l[5602.043]: master offset     -12974 s2 freq -494023 path delay    149335
ptp4l[5603.044]: master offset       2201 s2 freq -492503 path delay    149335
ptp4l[5604.045]: master offset     -11848 s2 freq -493920 path delay    149335
ptp4l[5605.045]: master offset      -2469 s2 freq -492984 path delay    149336
ptp4l[5606.045]: master offset      -5182 s2 freq -493261 path delay    149336
ptp4l[5607.046]: master offset     -12349 s2 freq -493990 path delay    149336
ptp4l[5608.046]: master offset      -1563 s2 freq -492913 path delay    147887
ptp4l[5609.047]: master offset      44293 s2 freq -488283 path delay    147887
ptp4l[5610.048]: master offset       3315 s2 freq -492378 path delay    150096
ptp4l[5611.049]: master offset       7860 s2 freq -491915 path delay    150096
ptp4l[5612.050]: master offset      -8628 s2 freq -493573 path delay    152368
ptp4l[5613.051]: master offset      13050 s2 freq -491392 path delay    152368
ptp4l[5614.051]: master offset      -8628 s2 freq -493568 path delay    152368
ptp4l[5615.052]: master offset      -1530 s2 freq -492860 path delay    153441
ptp4l[5616.052]: master offset     265729 s2 freq -465868 path delay    153441
ptp4l[5617.053]: master offset      -9742 s2 freq -493425 path delay    154150
ptp4l[5618.054]: master offset      41752 s2 freq -488234 path delay    157058
ptp4l[5619.055]: master offset      11487 s2 freq -491249 path delay    157058
ptp4l[5620.056]: master offset     -38778 s2 freq -496314 path delay    161174
ptp4l[5621.056]: master offset     -26741 s2 freq -495137 path delay    157058
ptp4l[5622.057]: master offset     -40179 s2 freq -496521 path delay    154150
ptp4l[5623.057]: master offset     281238 s2 freq -464098 path delay    154150
ptp4l[5624.057]: master offset     285955 s2 freq -463341 path delay    158266
ptp4l[5625.057]: master offset     -41582 s2 freq -496136 path delay    196244
ptp4l[5626.057]: master offset     -51900 s2 freq -497220 path delay    156411
ptp4l[5627.057]: master offset     -10168 s2 freq -493057 path delay    156411
ptp4l[5628.057]: master offset      -4064 s2 freq -492450 path delay    147512
ptp4l[5629.057]: master offset       8392 s2 freq -491196 path delay    148522
ptp4l[5630.057]: master offset     -33130 s2 freq -495382 path delay    148522
ptp4l[5631.057]: master offset      -4782 s2 freq -492552 path delay    148522
ptp4l[5632.058]: master offset     -53432 s2 freq -497470 path delay    153983
ptp4l[5633.058]: master offset      -3906 s2 freq -492521 path delay    148522
ptp4l[5634.058]: master offset       4034 s2 freq -491723 path delay    141790
ptp4l[5635.059]: master offset     120094 s2 freq -479997 path delay    141790
ptp4l[5636.058]: master offset     -10546 s2 freq -493072 path delay    144405
ptp4l[5637.059]: master offset      10330 s2 freq -490974 path delay    135661
ptp4l[5638.059]: master offset     -19955 s2 freq -494022 path delay    137933
ptp4l[5639.059]: master offset      33572 s2 freq -488636 path delay    137933
ptp4l[5640.059]: master offset      43544 s2 freq -487595 path delay    139966
ptp4l[5641.059]: master offset      -5649 s2 freq -492520 path delay    143552
ptp4l[5642.059]: master offset     -45752 s2 freq -496576 path delay    143552
ptp4l[5643.059]: master offset     -47001 s2 freq -496748 path delay    141883
ptp4l[5644.059]: master offset      12029 s2 freq -490833 path delay    141883
ptp4l[5645.059]: master offset      45170 s2 freq -487474 path delay    141883
ptp4l[5646.059]: master offset      -8942 s2 freq -492894 path delay    143552
ptp4l[5647.059]: master offset      -6607 s2 freq -492667 path delay    143552
ptp4l[5648.059]: master offset      12778 s2 freq -490716 path delay    143552
ptp4l[5649.059]: master offset     -28617 s2 freq -494884 path delay    143552
ptp4l[5650.059]: master offset      -9235 s2 freq -492955 path delay    143552
ptp4l[5651.060]: master offset      46818 s2 freq -487303 path delay    147865
ptp4l[5652.061]: master offset     -32557 s2 freq -495273 path delay    153911
ptp4l[5653.061]: master offset     -16924 s2 freq -493727 path delay    153911
ptp4l[5654.061]: master offset      17365 s2 freq -490280 path delay    150804
ptp4l[5655.061]: master offset     -31159 s2 freq -495164 path delay    150804
ptp4l[5656.061]: master offset      16603 s2 freq -490371 path delay    139143
ptp4l[5657.061]: master offset     -54475 s2 freq -497533 path delay    139143
ptp4l[5658.061]: master offset       7682 s2 freq -491310 path delay    137100
ptp4l[5659.061]: master offset      18896 s2 freq -490170 path delay    137100
ptp4l[5660.068]: master offset     434027 s2 freq -448223 path delay    137100
ptp4l[5661.069]: master offset     744942 s2 freq -416386 path delay    137100
ptp4l[5662.071]: master offset     498323 s2 freq -440550 path delay    137100
ptp4l[5663.071]: master offset     326229 s2 freq -457433 path delay    137100
ptp4l[5664.073]: master offset     570786 s2 freq -432406 path delay    138757
ptp4l[5665.074]: master offset     486040 s2 freq -440395 path delay    245105
ptp4l[5666.075]: master offset      10847 s2 freq -487903 path delay    499612
ptp4l[5667.076]: master offset     -13580 s2 freq -490360 path delay    572197
ptp4l[5668.078]: master offset      93589 s2 freq -479549 path delay    614539
ptp4l[5669.079]: master offset     -17107 s2 freq -490636 path delay    651182
ptp4l[5670.080]: master offset      65104 s2 freq -482350 path delay    651182
ptp4l[5671.081]: master offset      88989 s2 freq -479872 path delay    647235
ptp4l[5672.083]: master offset     103047 s2 freq -478363 path delay    635193
ptp4l[5673.083]: master offset     298025 s2 freq -458568 path delay    635193
ptp4l[5674.082]: master offset    -475647 s2 freq -536410 path delay    635193
ptp4l[5675.082]: master offset    -464280 s2 freq -535738 path delay    603399
ptp4l[5676.082]: master offset    -446898 s2 freq -534447 path delay    603399
ptp4l[5677.083]: master offset    -260537 s2 freq -516071 path delay    576289
ptp4l[5678.083]: master offset    -147244 s2 freq -504889 path delay    461863
ptp4l[5679.083]: master offset    -207148 s2 freq -511087 path delay    461863
ptp4l[5680.084]: master offset     -12354 s2 freq -491620 path delay    240302
ptp4l[5681.085]: master offset     -68841 s2 freq -497337 path delay    235925
ptp4l[5682.085]: master offset     -53071 s2 freq -495813 path delay    193975
ptp4l[5683.085]: master offset     -80917 s2 freq -498679 path delay    193975
ptp4l[5684.085]: master offset     -34692 s2 freq -494091 path delay    187958
ptp4l[5685.086]: master offset     -31435 s2 freq -493797 path delay    193975
ptp4l[5686.086]: master offset     459789 s2 freq -444214 path delay    187958
ptp4l[5687.086]: master offset     172788 s2 freq -472742 path delay    187958
ptp4l[5688.086]: master offset     -48345 s2 freq -494903 path delay    187958
ptp4l[5689.086]: master offset      92329 s2 freq -480744 path delay    182101
ptp4l[5690.086]: master offset      80610 s2 freq -481835 path delay    182101
ptp4l[5691.089]: master offset     369318 s2 freq -452595 path delay    213462
ptp4l[5692.088]: master offset    -126396 s2 freq -502293 path delay    395684
ptp4l[5693.088]: master offset     -72161 s2 freq -496941 path delay    395684
ptp4l[5694.090]: master offset     135525 s2 freq -476037 path delay    414862
ptp4l[5695.091]: master offset     -47396 s2 freq -494377 path delay    542526
ptp4l[5696.092]: master offset    -253635 s2 freq -515254 path delay    486624
ptp4l[5697.093]: master offset      43934 s2 freq -485453 path delay    536036
ptp4l[5698.095]: master offset     474668 s2 freq -441905 path delay    536036
ptp4l[5699.094]: master offset    -427685 s2 freq -532568 path delay    536036
ptp4l[5700.097]: master offset      62459 s2 freq -483491 path delay    536036
ptp4l[5701.097]: master offset     254350 s2 freq -464048 path delay    536036
ptp4l[5702.098]: master offset     -78521 s2 freq -497414 path delay    525158
ptp4l[5703.099]: master offset      -5875 s2 freq -490155 path delay    525158
ptp4l[5704.098]: master offset    -357639 s2 freq -525689 path delay    498789
ptp4l[5705.099]: master offset      12387 s2 freq -488674 path delay    525158
ptp4l[5706.100]: master offset     -60715 s2 freq -496045 path delay    525158
ptp4l[5707.102]: master offset     286689 s2 freq -461018 path delay    531155
ptp4l[5708.103]: master offset     526135 s2 freq -436547 path delay    531155
ptp4l[5709.102]: master offset    -451313 s2 freq -534743 path delay    591557
ptp4l[5710.103]: master offset    -352070 s2 freq -525171 path delay    522413
ptp4l[5711.103]: master offset    -300919 s2 freq -520357 path delay    522413
ptp4l[5712.105]: master offset     254434 s2 freq -464567 path delay    443320
ptp4l[5713.106]: master offset     426630 s2 freq -446921 path delay    443320
ptp4l[5714.106]: master offset      28112 s2 freq -486744 path delay    443320
ptp4l[5715.106]: master offset     235477 s2 freq -465772 path delay    572687
ptp4l[5716.107]: master offset    -109646 s2 freq -500394 path delay    572687
ptp4l[5717.109]: master offset     516570 s2 freq -437256 path delay    570967
ptp4l[5718.110]: master offset     -68544 s2 freq -495836 path delay    615244
ptp4l[5719.110]: master offset    -244122 s2 freq -513638 path delay    530108
ptp4l[5720.111]: master offset      86751 s2 freq -480464 path delay    411038
ptp4l[5721.112]: master offset     359694 s2 freq -452810 path delay    492884
ptp4l[5722.112]: master offset     104091 s2 freq -478266 path delay    565292
ptp4l[5723.113]: master offset     168948 s2 freq -471612 path delay    598956
ptp4l[5724.114]: master offset     -99289 s2 freq -498535 path delay    598956
ptp4l[5725.116]: master offset     459841 s2 freq -442162 path delay    565292
ptp4l[5726.115]: master offset     295374 s2 freq -458313 path delay    565292
ptp4l[5727.116]: master offset     -27178 s2 freq -490595 path delay    565292
ptp4l[5728.115]: master offset    -359921 s2 freq -524230 path delay    565292
ptp4l[5729.116]: master offset    -145236 s2 freq -502906 path delay    492884
ptp4l[5730.117]: master offset      -3686 s2 freq -488755 path delay    492884
ptp4l[5731.118]: master offset      71066 s2 freq -481209 path delay    598956
ptp4l[5732.118]: master offset    -377305 s2 freq -526423 path delay    598956
ptp4l[5733.120]: master offset     224401 s2 freq -466028 path delay    560512
ptp4l[5734.120]: master offset    -238356 s2 freq -512542 path delay    562609
ptp4l[5735.122]: master offset     -15008 s2 freq -490222 path delay    562609
ptp4l[5736.121]: master offset    -319115 s2 freq -520952 path delay    562609
ptp4l[5737.122]: master offset     -15404 s2 freq -490597 path delay    467976
ptp4l[5738.124]: master offset      72288 s2 freq -481755 path delay    562609
ptp4l[5739.124]: master offset     800361 s2 freq -408147 path delay    562609
ptp4l[5740.125]: master offset     187344 s2 freq -469262 path delay    562609
ptp4l[5741.127]: master offset     -46264 s2 freq -492669 path delay    637060
ptp4l[5742.126]: master offset    -400577 s2 freq -528501 path delay    637060
ptp4l[5743.128]: master offset     190474 s2 freq -469205 path delay    637060
ptp4l[5744.128]: master offset    -431994 s2 freq -531884 path delay    637060
ptp4l[5745.128]: master offset    -543843 s2 freq -543613 path delay    637060
ptp4l[5746.132]: master offset    1064143 s2 freq -381750 path delay    637060
ptp4l[5747.132]: master offset    -145242 s2 freq -502834 path delay    716430
ptp4l[5748.132]: master offset    -227774 s2 freq -511315 path delay    716430
ptp4l[5749.133]: master offset    -153622 s2 freq -504053 path delay    642878
ptp4l[5750.133]: master offset    -385781 s2 freq -527655 path delay    642878
ptp4l[5751.134]: master offset    -471180 s2 freq -536666 path delay    602837
ptp4l[5752.133]: master offset    -168075 s2 freq -506523 path delay    351129
ptp4l[5753.136]: master offset     748252 s2 freq -414143 path delay    351129
ptp4l[5754.138]: master offset      -8519 s2 freq -489828 path delay    516665
ptp4l[5755.141]: master offset     654393 s2 freq -422883 path delay    645180
ptp4l[5756.139]: master offset    -387388 s2 freq -527448 path delay    645180
ptp4l[5757.143]: master offset    2487607 s2 freq -237461 path delay    479644
ptp4l[5758.141]: master offset    -264364 s2 freq -512922 path delay    479644
ptp4l[5759.148]: master offset    1608674 s2 freq -324010 path delay    479644
ptp4l[5760.148]: master offset    1495439 s2 freq -333838 path delay    479644
ptp4l[5761.149]: master offset    -223425 s2 freq -505948 path delay    685107
ptp4l[5762.149]: master offset    -243137 s2 freq -508162 path delay    685107
