--- 16:01:26 ---
     remote           refid      st t when poll reach   delay   offset   jitter
===============================================================================
 serverntp       .INIT.          16 u    -   64    0   0.0000   0.0000   0.0001
--- 16:01:45 ---
     remote           refid      st t when poll reach   delay   offset   jitter
===============================================================================
 serverntp       .INIT.          16 u    -   64    0   0.0000   0.0000   0.0001
--- 16:02:00 ---
     remote           refid      st t when poll reach   delay   offset   jitter
===============================================================================
 serverntp       .INIT.          16 u    -   64    0   0.0000   0.0000   0.0001
--- 16:02:15 ---
     remote           refid      st t when poll reach   delay   offset   jitter
===============================================================================
 serverntp       .INIT.          16 u    -   64    0   0.0000   0.0000   0.0001
--- 16:02:30 ---
     remote           refid      st t when poll reach   delay   offset   jitter
===============================================================================
 serverntp       .INIT.          16 u    -   64    0   0.0000   0.0000   0.0001
--- 16:02:50 ---
     remote           refid      st t when poll reach   delay   offset   jitter
===============================================================================
 serverntp       .INIT.          16 u    -   64    0   0.0000   0.0000   0.0001
--- 16:03:05 ---
     remote           refid      st t when poll reach   delay   offset   jitter
===============================================================================
 serverntp       .INIT.          16 u    -   64    0   0.0000   0.0000   0.0001
--- 16:03:20 ---
     remote           refid      st t when poll reach   delay   offset   jitter
===============================================================================
 serverntp       .INIT.          16 u    -   64    0   0.0000   0.0000   0.0001
--- 16:03:35 ---
     remote           refid      st t when poll reach   delay   offset   jitter
===============================================================================
 serverntp       .INIT.          16 u    -   64    0   0.0000   0.0000   0.0001
--- 16:03:55 ---
     remote           refid      st t when poll reach   delay   offset   jitter
===============================================================================
 serverntp       .INIT.          16 u    -   64    0   0.0000   0.0000   0.0001
--- 16:04:11 ---
     remote           refid      st t when poll reach   delay   offset   jitter
===============================================================================
 serverntp       .INIT.          16 u    -   64    0   0.0000   0.0000   0.0001
--- 16:04:26 ---
     remote           refid      st t when poll reach   delay   offset   jitter
===============================================================================
 serverntp       .INIT.          16 u    -   64    0   0.0000   0.0000   0.0001
--- 16:04:41 ---
     remote           refid      st t when poll reach   delay   offset   jitter
===============================================================================
 serverntp       .INIT.          16 u    -   64    0   0.0000   0.0000   0.0001
--- 16:05:01 ---
     remote           refid      st t when poll reach   delay   offset   jitter
===============================================================================
 serverntp       .INIT.          16 u    -   64    0   0.0000   0.0000   0.0001
--- 16:05:16 ---
     remote           refid      st t when poll reach   delay   offset   jitter
===============================================================================
 serverntp       .INIT.          16 u    -   64    0   0.0000   0.0000   0.0001
--- 16:05:31 ---
     remote           refid      st t when poll reach   delay   offset   jitter
===============================================================================
 serverntp       .INIT.          16 u    -   64    0   0.0000   0.0000   0.0001
--- 16:05:46 ---
     remote           refid      st t when poll reach   delay   offset   jitter
===============================================================================
 serverntp       .INIT.          16 u    -   64    0   0.0000   0.0000   0.0001
--- 16:06:06 ---
     remote           refid      st t when poll reach   delay   offset   jitter
===============================================================================
 serverntp       .INIT.          16 u    -   64    0   0.0000   0.0000   0.0001
--- 16:06:21 ---
     remote           refid      st t when poll reach   delay   offset   jitter
===============================================================================
 serverntp       .INIT.          16 u    -   64    0   0.0000   0.0000   0.0001
--- 16:06:36 ---
     remote           refid      st t when poll reach   delay   offset   jitter
===============================================================================
 serverntp       .INIT.          16 u    -   64    0   0.0000   0.0000   0.0001
--- 16:06:51 ---
     remote           refid      st t when poll reach   delay   offset   jitter
===============================================================================
 serverntp       .INIT.          16 u    -   64    0   0.0000   0.0000   0.0001
--- 16:07:11 ---
     remote           refid      st t when poll reach   delay   offset   jitter
===============================================================================
 serverntp       127.127.1.0      9 u    4   64    1   0.6508   0.1193   0.0000
--- 16:07:26 ---
     remote           refid      st t when poll reach   delay   offset   jitter
===============================================================================
 serverntp       127.127.1.0      9 u   19   64    1   0.6508   0.1193   0.0000
--- 16:07:41 ---
     remote           refid      st t when poll reach   delay   offset   jitter
===============================================================================
 serverntp       127.127.1.0      9 u   34   64    1   0.6508   0.1193   0.0000
--- 16:07:56 ---
     remote           refid      st t when poll reach   delay   offset   jitter
===============================================================================
 serverntp       127.127.1.0      9 u   49   64    1   0.6508   0.1193   0.0000
--- 16:08:16 ---
     remote           refid      st t when poll reach   delay   offset   jitter
===============================================================================
 serverntp       127.127.1.0      9 u    -   64    3   0.3148   0.0155   0.1038
--- 16:08:31 ---
     remote           refid      st t when poll reach   delay   offset   jitter
===============================================================================
 serverntp       127.127.1.0      9 u   15   64    3   0.3148   0.0155   0.1038
--- 16:08:46 ---
     remote           refid      st t when poll reach   delay   offset   jitter
===============================================================================
 serverntp       127.127.1.0      9 u   30   64    3   0.3148   0.0155   0.1038
--- 16:09:01 ---
     remote           refid      st t when poll reach   delay   offset   jitter
===============================================================================
 serverntp       127.127.1.0      9 u   45   64    3   0.3148   0.0155   0.1038
--- 16:09:21 ---
     remote           refid      st t when poll reach   delay   offset   jitter
===============================================================================
 serverntp       127.127.1.0      9 u   65   64    3   0.3148   0.0155   0.1038
--- 16:09:36 ---
     remote           refid      st t when poll reach   delay   offset   jitter
===============================================================================
 serverntp       127.127.1.0      9 u   11   64    7   1.1801   0.3296   0.2673
--- 16:09:51 ---
     remote           refid      st t when poll reach   delay   offset   jitter
===============================================================================
 serverntp       127.127.1.0      9 u   26   64    7   1.1801   0.3296   0.2673
--- 16:10:06 ---
     remote           refid      st t when poll reach   delay   offset   jitter
===============================================================================
 serverntp       127.127.1.0      9 u   41   64    7   1.1801   0.3296   0.2673
--- 16:10:26 ---
     remote           refid      st t when poll reach   delay   offset   jitter
===============================================================================
 serverntp       127.127.1.0      9 u   61   64    7   1.1801   0.3296   0.2673
--- 16:10:41 ---
     remote           refid      st t when poll reach   delay   offset   jitter
===============================================================================
*serverntp       127.127.1.0      9 u    5   64   17   1.6105   0.3887   0.2679
--- 16:10:56 ---
     remote           refid      st t when poll reach   delay   offset   jitter
===============================================================================
*serverntp       127.127.1.0      9 u   20   64   17   1.6105   0.3887   0.2679
--- 16:11:11 ---
     remote           refid      st t when poll reach   delay   offset   jitter
===============================================================================
*serverntp       127.127.1.0      9 u   35   64   17   1.6105   0.3887   0.2679
--- 16:11:31 ---
     remote           refid      st t when poll reach   delay   offset   jitter
===============================================================================
*serverntp       127.127.1.0      9 u   55   64   17   1.6105   0.3887   0.2679
--- 16:11:46 ---
     remote           refid      st t when poll reach   delay   offset   jitter
===============================================================================
*serverntp       127.127.1.0      9 u   70   64   17   1.6105   0.3887   0.2679
--- 16:12:01 ---
     remote           refid      st t when poll reach   delay   offset   jitter
===============================================================================
*serverntp       127.127.1.0      9 u   14   64   37   1.6003   0.4017   0.2420
--- 16:12:16 ---
     remote           refid      st t when poll reach   delay   offset   jitter
===============================================================================
*serverntp       127.127.1.0      9 u   29   64   37   1.6003   0.4017   0.2420
--- 16:12:35 ---
     remote           refid      st t when poll reach   delay   offset   jitter
===============================================================================
*serverntp       127.127.1.0      9 u   48   64   37   1.6003   0.4017   0.2420
--- 16:12:50 ---
     remote           refid      st t when poll reach   delay   offset   jitter
===============================================================================
*serverntp       127.127.1.0      9 u   63   64   37   1.6003   0.4017   0.2420
--- 16:13:06 ---
     remote           refid      st t when poll reach   delay   offset   jitter
===============================================================================
*serverntp       127.127.1.0      9 u   10   64   77   2.0377   0.5595   0.3454
--- 16:13:21 ---
     remote           refid      st t when poll reach   delay   offset   jitter
===============================================================================
*serverntp       127.127.1.0      9 u   25   64   77   2.0377   0.5595   0.3454
--- 16:13:41 ---
     remote           refid      st t when poll reach   delay   offset   jitter
===============================================================================
*serverntp       127.127.1.0      9 u   45   64   77   2.0377   0.5595   0.3454
--- 16:13:56 ---
     remote           refid      st t when poll reach   delay   offset   jitter
===============================================================================
*serverntp       127.127.1.0      9 u   60   64   77   2.0377   0.5595   0.3454
--- 16:14:11 ---
     remote           refid      st t when poll reach   delay   offset   jitter
===============================================================================
*serverntp       127.127.1.0      9 u    5   64  177   1.5606   0.1031   0.2702
--- 16:14:26 ---
     remote           refid      st t when poll reach   delay   offset   jitter
===============================================================================
*serverntp       127.127.1.0      9 u   20   64  177   1.5606   0.1031   0.2702
--- 16:14:46 ---
     remote           refid      st t when poll reach   delay   offset   jitter
===============================================================================
*serverntp       127.127.1.0      9 u   40   64  177   1.5606   0.1031   0.2702
--- 16:15:01 ---
     remote           refid      st t when poll reach   delay   offset   jitter
===============================================================================
*serverntp       127.127.1.0      9 u   55   64  177   1.5606   0.1031   0.2702
--- 16:15:16 ---
     remote           refid      st t when poll reach   delay   offset   jitter
===============================================================================
*serverntp       127.127.1.0      9 u   70   64  177   1.5606   0.1031   0.2702
--- 16:15:31 ---
     remote           refid      st t when poll reach   delay   offset   jitter
===============================================================================
*serverntp       127.127.1.0      9 u   14   64  377   0.6445   0.0827   0.2646
--- 16:15:50 ---
     remote           refid      st t when poll reach   delay   offset   jitter
===============================================================================
*serverntp       127.127.1.0      9 u   34   64  377   0.6445   0.0827   0.2646
--- 16:16:05 ---
     remote           refid      st t when poll reach   delay   offset   jitter
===============================================================================
*serverntp       127.127.1.0      9 u   49   64  377   0.6445   0.0827   0.2646
--- 16:16:21 ---
     remote           refid      st t when poll reach   delay   offset   jitter
===============================================================================
*serverntp       127.127.1.0      9 u   64   64  377   0.6445   0.0827   0.2646
--- 16:16:36 ---
     remote           refid      st t when poll reach   delay   offset   jitter
===============================================================================
*serverntp       127.127.1.0      9 u    8   64  377   1.2237   0.3481   0.2037
--- 16:16:55 ---
     remote           refid      st t when poll reach   delay   offset   jitter
===============================================================================
*serverntp       127.127.1.0      9 u   27   64  377   1.2237   0.3481   0.2037
--- 16:17:10 ---
     remote           refid      st t when poll reach   delay   offset   jitter
===============================================================================
*serverntp       127.127.1.0      9 u   42   64  377   1.2237   0.3481   0.2037
--- 16:17:25 ---
     remote           refid      st t when poll reach   delay   offset   jitter
===============================================================================
*serverntp       127.127.1.0      9 u   57   64  377   1.2237   0.3481   0.2037
--- 16:17:40 ---
     remote           refid      st t when poll reach   delay   offset   jitter
===============================================================================
*serverntp       127.127.1.0      9 u    3   64  377   0.6445   0.0827   0.3189
--- 16:18:00 ---
     remote           refid      st t when poll reach   delay   offset   jitter
===============================================================================
*serverntp       127.127.1.0      9 u   22   64  377   0.6445   0.0827   0.3189
--- 16:18:15 ---
     remote           refid      st t when poll reach   delay   offset   jitter
===============================================================================
*serverntp       127.127.1.0      9 u   38   64  377   0.6445   0.0827   0.3189
--- 16:18:30 ---
     remote           refid      st t when poll reach   delay   offset   jitter
===============================================================================
*serverntp       127.127.1.0      9 u   53   64  377   0.6445   0.0827   0.3189
--- 16:18:45 ---
     remote           refid      st t when poll reach   delay   offset   jitter
===============================================================================
*serverntp       127.127.1.0      9 u   68   64  377   0.6445   0.0827   0.3189
--- 16:19:05 ---
     remote           refid      st t when poll reach   delay   offset   jitter
===============================================================================
*serverntp       127.127.1.0      9 u   16   64  377   0.6445   0.0827   0.3528
--- 16:19:20 ---
     remote           refid      st t when poll reach   delay   offset   jitter
===============================================================================
*serverntp       127.127.1.0      9 u   31   64  377   0.6445   0.0827   0.3528
--- 16:19:35 ---
     remote           refid      st t when poll reach   delay   offset   jitter
===============================================================================
*serverntp       127.127.1.0      9 u   46   64  377   0.6445   0.0827   0.3528
--- 16:19:50 ---
     remote           refid      st t when poll reach   delay   offset   jitter
===============================================================================
*serverntp       127.127.1.0      9 u   61   64  377   0.6445   0.0827   0.3528
--- 16:20:10 ---
     remote           refid      st t when poll reach   delay   offset   jitter
===============================================================================
*serverntp       127.127.1.0      9 u    7   64  377   0.6445   0.0827   0.3436
--- 16:20:25 ---
     remote           refid      st t when poll reach   delay   offset   jitter
===============================================================================
*serverntp       127.127.1.0      9 u   23   64  377   0.6445   0.0827   0.3436
--- 16:20:40 ---
     remote           refid      st t when poll reach   delay   offset   jitter
===============================================================================
*serverntp       127.127.1.0      9 u   38   64  377   0.6445   0.0827   0.3436
--- 16:20:55 ---
     remote           refid      st t when poll reach   delay   offset   jitter
===============================================================================
*serverntp       127.127.1.0      9 u   53   64  377   0.6445   0.0827   0.3436
--- 16:21:14 ---
     remote           refid      st t when poll reach   delay   offset   jitter
===============================================================================
*serverntp       127.127.1.0      9 u    4   64  377   0.6445   0.0827   0.3395
--- 16:21:29 ---
     remote           refid      st t when poll reach   delay   offset   jitter
===============================================================================
*serverntp       127.127.1.0      9 u   19   64  377   0.6445   0.0827   0.3395
--- 16:21:45 ---
     remote           refid      st t when poll reach   delay   offset   jitter
===============================================================================
*serverntp       127.127.1.0      9 u   34   64  377   0.6445   0.0827   0.3395
--- 16:22:00 ---
     remote           refid      st t when poll reach   delay   offset   jitter
===============================================================================
*serverntp       127.127.1.0      9 u   49   64  377   0.6445   0.0827   0.3395
--- 16:22:20 ---
     remote           refid      st t when poll reach   delay   offset   jitter
===============================================================================
*serverntp       127.127.1.0      9 u   69   64  377   0.6445   0.0827   0.3395
--- 16:22:35 ---
     remote           refid      st t when poll reach   delay   offset   jitter
===============================================================================
*serverntp       127.127.1.0      9 u   13   64  377   0.6445   0.0827   0.3006
--- 16:22:50 ---
     remote           refid      st t when poll reach   delay   offset   jitter
===============================================================================
*serverntp       127.127.1.0      9 u   28   64  377   0.6445   0.0827   0.3006
--- 16:23:05 ---
     remote           refid      st t when poll reach   delay   offset   jitter
===============================================================================
*serverntp       127.127.1.0      9 u   43   64  377   0.6445   0.0827   0.3006
--- 16:23:24 ---
     remote           refid      st t when poll reach   delay   offset   jitter
===============================================================================
*serverntp       127.127.1.0      9 u   62   64  377   0.6445   0.0827   0.3006
--- 16:23:39 ---
     remote           refid      st t when poll reach   delay   offset   jitter
===============================================================================
*serverntp       127.127.1.0      9 u    9   64  377   0.6445   0.0827   0.3205
--- 16:23:54 ---
     remote           refid      st t when poll reach   delay   offset   jitter
===============================================================================
*serverntp       127.127.1.0      9 u   24   64  377   0.6445   0.0827   0.3205
--- 16:24:09 ---
     remote           refid      st t when poll reach   delay   offset   jitter
===============================================================================
*serverntp       127.127.1.0      9 u   39   64  377   0.6445   0.0827   0.3205
--- 16:24:29 ---
     remote           refid      st t when poll reach   delay   offset   jitter
===============================================================================
*serverntp       127.127.1.0      9 u   59   64  377   0.6445   0.0827   0.3205
--- 16:24:44 ---
     remote           refid      st t when poll reach   delay   offset   jitter
===============================================================================
*serverntp       127.127.1.0      9 u    4   64  377   1.0739   0.3028   1.3764
--- 16:24:59 ---
     remote           refid      st t when poll reach   delay   offset   jitter
===============================================================================
*serverntp       127.127.1.0      9 u   20   64  377   1.0739   0.3028   1.3764
--- 16:25:14 ---
     remote           refid      st t when poll reach   delay   offset   jitter
===============================================================================
*serverntp       127.127.1.0      9 u   35   64  377   1.0739   0.3028   1.3764
--- 16:25:34 ---
     remote           refid      st t when poll reach   delay   offset   jitter
===============================================================================
*serverntp       127.127.1.0      9 u   54   64  377   1.0739   0.3028   1.3764
--- 16:25:49 ---
     remote           refid      st t when poll reach   delay   offset   jitter
===============================================================================
*serverntp       127.127.1.0      9 u   69   64  377   1.0739   0.3028   1.3764
--- 16:26:04 ---
     remote           refid      st t when poll reach   delay   offset   jitter
===============================================================================
*serverntp       127.127.1.0      9 u   14   64  377   1.0739   0.3028   1.3763
--- 16:26:19 ---
     remote           refid      st t when poll reach   delay   offset   jitter
===============================================================================
*serverntp       127.127.1.0      9 u   29   64  377   1.0739   0.3028   1.3763
--- 16:26:39 ---
     remote           refid      st t when poll reach   delay   offset   jitter
===============================================================================
*serverntp       127.127.1.0      9 u   49   64  377   1.0739   0.3028   1.3763
--- 16:26:54 ---
     remote           refid      st t when poll reach   delay   offset   jitter
===============================================================================
*serverntp       127.127.1.0      9 u   64   64  377   1.0739   0.3028   1.3763
--- 16:27:09 ---
     remote           refid      st t when poll reach   delay   offset   jitter
===============================================================================
*serverntp       127.127.1.0      9 u    9   64  377   0.5556   0.1339   1.4531
--- 16:27:24 ---
     remote           refid      st t when poll reach   delay   offset   jitter
===============================================================================
*serverntp       127.127.1.0      9 u   24   64  377   0.5556   0.1339   1.4531
--- 16:27:44 ---
     remote           refid      st t when poll reach   delay   offset   jitter
===============================================================================
*serverntp       127.127.1.0      9 u   44   64  377   0.5556   0.1339   1.4531
--- 16:27:59 ---
     remote           refid      st t when poll reach   delay   offset   jitter
===============================================================================
*serverntp       127.127.1.0      9 u   59   64  377   0.5556   0.1339   1.4531
--- 16:28:14 ---
     remote           refid      st t when poll reach   delay   offset   jitter
===============================================================================
*serverntp       127.127.1.0      9 u    5   64  377   0.5556   0.1339   1.4514
