ptp4l[12650.406]: port 1: INITIALIZING to LISTENING on INIT_COMPLETE
ptp4l[12650.406]: port 2: INITIALIZING to LISTENING on INIT_COMPLETE
ptp4l[12650.406]: port 0: INITIALIZING to LISTENING on INIT_COMPLETE
ptp4l[12653.835]: port 1: new foreign master ca4b70.fffe.bd7601-1
ptp4l[12656.427]: port 1: LISTENING to MASTER on ANNOUNCE_RECEIPT_TIMEOUT_EXPIRES
ptp4l[12656.427]: selected local clock 2e73be.fffe.6fab77 as best master
ptp4l[12656.428]: port 1: assuming the grand master role
ptp4l[12657.839]: selected best master clock ca4b70.fffe.bd7601
ptp4l[12657.839]: foreign master not using PTP timescale
ptp4l[12657.840]: port 1: MASTER to UNCALIBRATED on RS_SLAVE
ptp4l[12657.948]: port 2: LISTENING to MASTER on ANNOUNCE_RECEIPT_TIMEOUT_EXPIRES
ptp4l[12657.948]: selected best master clock ca4b70.fffe.bd7601
ptp4l[12657.948]: foreign master not using PTP timescale
ptp4l[12659.840]: master offset     399244 s0 freq +118153 path delay   1176986
ptp4l[12660.841]: master offset    -385964 s0 freq +118153 path delay   1151665
ptp4l[12661.839]: master offset    -893998 s0 freq +118153 path delay   1126345
ptp4l[12662.842]: master offset    -495294 s0 freq +118153 path delay   1126345
ptp4l[12663.842]: master offset    -685283 s0 freq +118153 path delay    988997
ptp4l[12664.845]: master offset      10701 s0 freq +118153 path delay    988997
ptp4l[12665.844]: master offset    -534093 s0 freq +118153 path delay    851649
ptp4l[12666.846]: master offset      49187 s0 freq +118153 path delay    833870
ptp4l[12667.845]: master offset    -535403 s0 freq +118153 path delay    816092
ptp4l[12668.846]: master offset       6854 s0 freq +118153 path delay    816092
ptp4l[12669.846]: master offset    -457369 s0 freq +118153 path delay    798336
ptp4l[12670.848]: master offset      86086 s0 freq +118153 path delay    752731
ptp4l[12671.847]: master offset    -287916 s0 freq +118153 path delay    752731
ptp4l[12672.848]: master offset     -41801 s0 freq +118153 path delay    661000
ptp4l[12673.848]: master offset    -523000 s0 freq +118153 path delay    715958
ptp4l[12674.850]: master offset     434512 s0 freq +118153 path delay    645836
ptp4l[12675.850]: master offset    -106203 s1 freq  +86584 path delay    645836
ptp4l[12676.850]: master offset      37896 s2 freq  +90411 path delay    645836
ptp4l[12676.851]: port 1: UNCALIBRATED to SLAVE on MASTER_CLOCK_SELECTED
ptp4l[12677.850]: master offset    -211796 s2 freq  +65230 path delay    629425
ptp4l[12678.851]: master offset    -226410 s2 freq  +63543 path delay    629425
ptp4l[12679.851]: master offset    -181729 s2 freq  +67829 path delay    526166
ptp4l[12680.852]: master offset     216485 s2 freq +107867 path delay    483914
ptp4l[12681.853]: master offset     -96057 s2 freq  +76517 path delay    483914
ptp4l[12682.853]: master offset     492031 s2 freq +135817 path delay    481739
ptp4l[12683.852]: master offset    -249625 s2 freq  +61402 path delay    481739
ptp4l[12684.854]: master offset     289595 s2 freq +115614 path delay    481739
ptp4l[12685.853]: master offset    -248585 s2 freq  +61547 path delay    481739
ptp4l[12686.855]: master offset     -74342 s2 freq  +78897 path delay    481739
ptp4l[12687.855]: master offset      95502 s2 freq  +95977 path delay    481739
ptp4l[12688.858]: master offset     113656 s2 freq  +97906 path delay    504738
ptp4l[12689.858]: master offset      -9411 s2 freq  +85590 path delay    518875
ptp4l[12690.859]: master offset     926589 s2 freq +180117 path delay    532071
ptp4l[12691.861]: master offset     615813 s2 freq +149655 path delay    552835
ptp4l[12692.863]: master offset     249794 s2 freq +113303 path delay    634589
ptp4l[12693.862]: master offset    -189081 s2 freq  +69226 path delay    634589
ptp4l[12694.868]: master offset     638597 s2 freq +152632 path delay    634589
ptp4l[12695.868]: master offset    -179037 s2 freq  +70690 path delay    634589
ptp4l[12696.869]: master offset      95293 s2 freq  +98218 path delay    634589
ptp4l[12697.870]: master offset    -269621 s2 freq  +61457 path delay    725578
ptp4l[12698.873]: master offset    1238451 s2 freq +213503 path delay    725578
ptp4l[12699.873]: master offset    -437195 s2 freq  +45501 path delay    914192
ptp4l[12700.873]: master offset    -452692 s2 freq  +43499 path delay    799511
ptp4l[12701.875]: master offset    -206760 s2 freq  +67885 path delay    630216
ptp4l[12702.876]: master offset      20598 s2 freq  +90642 path delay    561264
ptp4l[12703.875]: master offset    -427151 s2 freq  +45440 path delay    561264
ptp4l[12704.876]: master offset    -303252 s2 freq  +57526 path delay    494702
ptp4l[12705.876]: master offset    -379169 s2 freq  +49555 path delay    494702
ptp4l[12706.877]: master offset    -107439 s2 freq  +76621 path delay    494702
ptp4l[12707.877]: master offset    -270877 s2 freq  +60006 path delay    460152
ptp4l[12708.877]: master offset    -275751 s2 freq  +59243 path delay    460152
ptp4l[12709.877]: master offset    -176321 s2 freq  +69010 path delay    356682
ptp4l[12710.877]: master offset    -203582 s2 freq  +66080 path delay    356682
ptp4l[12711.878]: master offset     -78671 s2 freq  +78493 path delay    264156
ptp4l[12712.879]: master offset     158297 s2 freq +102348 path delay    217961
ptp4l[12713.878]: master offset    -103138 s2 freq  +76101 path delay    217961
ptp4l[12714.879]: master offset       2104 s2 freq  +86627 path delay    174881
ptp4l[12715.880]: master offset       9198 s2 freq  +87346 path delay    166663
ptp4l[12716.880]: master offset      73984 s2 freq  +93898 path delay    166663
ptp4l[12717.881]: master offset     122345 s2 freq  +98857 path delay    174881
ptp4l[12718.881]: master offset     -18970 s2 freq  +84706 path delay    198911
ptp4l[12719.881]: master offset       -437 s2 freq  +86559 path delay    185380
ptp4l[12720.883]: master offset     348450 s2 freq +121796 path delay    185380
ptp4l[12721.882]: master offset     -28263 s2 freq  +84097 path delay    215690
ptp4l[12722.885]: master offset     267129 s2 freq +113903 path delay    281117
ptp4l[12723.884]: master offset    -133360 s2 freq  +73721 path delay    281117
ptp4l[12724.887]: master offset    1453846 s2 freq +233895 path delay    241756
ptp4l[12725.886]: master offset      13031 s2 freq  +89827 path delay    241756
ptp4l[12726.889]: master offset     523026 s2 freq +141349 path delay    218285
ptp4l[12727.886]: master offset     -76926 s2 freq  +81277 path delay    239275
ptp4l[12728.887]: master offset     -57673 s2 freq  +83145 path delay    218285
ptp4l[12729.887]: master offset     -30229 s2 freq  +85859 path delay    218285
ptp4l[12730.889]: master offset     543322 s2 freq +143758 path delay    239275
ptp4l[12731.888]: master offset     -85177 s2 freq  +80822 path delay    239275
ptp4l[12732.891]: master offset    1437647 s2 freq +234543 path delay    218285
ptp4l[12733.890]: master offset     -60260 s2 freq  +84692 path delay    218285
ptp4l[12734.891]: master offset     282376 s2 freq +119238 path delay    207257
ptp4l[12735.891]: master offset     -35660 s2 freq  +87398 path delay    207257
ptp4l[12736.896]: master offset     159718 s2 freq +107096 path delay    207257
ptp4l[12737.896]: master offset     -56616 s2 freq  +85406 path delay    207257
ptp4l[12738.901]: master offset    1398495 s2 freq +232315 path delay    205993
ptp4l[12739.899]: master offset     -77045 s2 freq  +84684 path delay    205993
ptp4l[12740.901]: master offset     677634 s2 freq +160830 path delay    188763
ptp4l[12741.900]: master offset    -155248 s2 freq  +77386 path delay    272900
ptp4l[12742.904]: master offset    1222565 s2 freq +216390 path delay    272900
ptp4l[12743.902]: master offset     -64995 s2 freq  +87569 path delay    305390
ptp4l[12744.905]: master offset     485746 s2 freq +143129 path delay    319982
ptp4l[12745.903]: master offset    -137099 s2 freq  +80708 path delay    319982
ptp4l[12746.905]: master offset      -5508 s2 freq  +93861 path delay    319982
ptp4l[12747.904]: master offset     -45342 s2 freq  +89832 path delay    319982
ptp4l[12748.906]: master offset      13595 s2 freq  +95740 path delay    323252
ptp4l[12749.905]: master offset    -183210 s2 freq  +75876 path delay    376562
ptp4l[12750.908]: master offset     587875 s2 freq +153572 path delay    508710
ptp4l[12751.906]: master offset    -318498 s2 freq  +62617 path delay    508710
ptp4l[12752.908]: master offset      75414 s2 freq +102083 path delay    508710
ptp4l[12753.907]: master offset    -335836 s2 freq  +60622 path delay    458991
