ptp4l[12797.912]: port 1: INITIALIZING to LISTENING on INIT_COMPLETE
ptp4l[12797.912]: port 2: INITIALIZING to LISTENING on INIT_COMPLETE
ptp4l[12797.912]: port 0: INITIALIZING to LISTENING on INIT_COMPLETE
ptp4l[12801.228]: port 1: new foreign master b69c03.fffe.efaccd-1
ptp4l[12804.015]: port 1: LISTENING to MASTER on ANNOUNCE_RECEIPT_TIMEOUT_EXPIRES
ptp4l[12804.015]: selected local clock 1a4545.fffe.bf9e5c as best master
ptp4l[12804.015]: port 1: assuming the grand master role
ptp4l[12804.125]: port 2: LISTENING to MASTER on ANNOUNCE_RECEIPT_TIMEOUT_EXPIRES
ptp4l[12804.125]: selected local clock 1a4545.fffe.bf9e5c as best master
ptp4l[12804.125]: port 1: assuming the grand master role
ptp4l[12804.125]: port 2: assuming the grand master role
ptp4l[12805.230]: selected best master clock b69c03.fffe.efaccd
ptp4l[12805.231]: foreign master not using PTP timescale
ptp4l[12805.231]: port 1: MASTER to UNCALIBRATED on RS_SLAVE
ptp4l[12807.233]: master offset    -526918 s0 freq  -82463 path delay    926493
ptp4l[12808.234]: master offset    -217069 s0 freq  -82463 path delay    512594
ptp4l[12809.234]: master offset     -58557 s0 freq  -82463 path delay    512594
ptp4l[12810.235]: master offset     210434 s0 freq  -82463 path delay    632094
ptp4l[12811.235]: master offset     193933 s0 freq  -82463 path delay    678014
ptp4l[12812.235]: master offset    -461245 s0 freq  -82463 path delay    723934
ptp4l[12813.235]: master offset    -175598 s0 freq  -82463 path delay    678014
ptp4l[12814.238]: master offset    1146095 s0 freq  -82463 path delay    678014
ptp4l[12815.236]: master offset    -495457 s0 freq  -82463 path delay    723934
ptp4l[12816.238]: master offset     413492 s0 freq  -82463 path delay    678014
ptp4l[12817.236]: master offset    -401658 s0 freq  -82463 path delay    678014
ptp4l[12818.238]: master offset     648512 s0 freq  -82463 path delay    645220
ptp4l[12819.238]: master offset    -362030 s0 freq  -82463 path delay    691140
ptp4l[12820.240]: master offset     281128 s0 freq  -82463 path delay    782793
ptp4l[12821.239]: master offset     265772 s0 freq  -82463 path delay    761521
ptp4l[12822.240]: master offset    -258594 s0 freq  -82463 path delay    845559
ptp4l[12823.242]: master offset    -344434 s1 freq  -71061 path delay    816432
ptp4l[12824.242]: master offset    -184429 s2 freq  -89689 path delay    816432
ptp4l[12824.243]: port 1: UNCALIBRATED to SLAVE on MASTER_CLOCK_SELECTED
ptp4l[12825.241]: master offset    -539719 s2 freq -125757 path delay    816432
ptp4l[12826.244]: master offset    1589213 s2 freq  +88725 path delay    816432
ptp4l[12827.242]: master offset     -46430 s2 freq  -74886 path delay    845559
ptp4l[12828.244]: master offset     -92678 s2 freq  -79603 path delay    845559
ptp4l[12829.244]: master offset       3536 s2 freq  -69978 path delay    852841
ptp4l[12830.245]: master offset    -199013 s2 freq  -90432 path delay    861295
ptp4l[12831.245]: master offset    -380446 s2 freq -108956 path delay    863990
ptp4l[12832.246]: master offset      14764 s2 freq  -69420 path delay    863990
ptp4l[12833.247]: master offset      23510 s2 freq  -68522 path delay    855536
ptp4l[12834.247]: master offset     276111 s2 freq  -42986 path delay    855536
ptp4l[12835.246]: master offset    -639270 s2 freq -135163 path delay    863990
ptp4l[12836.246]: master offset    -626480 s2 freq -134511 path delay    863990
ptp4l[12837.247]: master offset    -418607 s2 freq -114142 path delay    863990
ptp4l[12838.248]: master offset     -48572 s2 freq  -77187 path delay    814552
ptp4l[12839.247]: master offset    -221383 s2 freq  -94690 path delay    814552
ptp4l[12840.248]: master offset     -13732 s2 freq  -73938 path delay    808192
ptp4l[12841.248]: master offset    -377897 s2 freq -110733 path delay    808192
ptp4l[12842.248]: master offset    -468202 s2 freq -120231 path delay    808192
ptp4l[12843.249]: master offset    -220670 s2 freq  -95699 path delay    808192
ptp4l[12844.249]: master offset      -1632 s2 freq  -73797 path delay    808192
ptp4l[12845.249]: master offset    -368983 s2 freq -110901 path delay    808192
ptp4l[12846.250]: master offset     673269 s2 freq   -6002 path delay    808192
ptp4l[12847.249]: master offset    -645935 s2 freq -138569 path delay    808192
ptp4l[12848.251]: master offset     -16853 s2 freq  -75677 path delay    756741
ptp4l[12849.251]: master offset    -538968 s2 freq -128428 path delay    774980
ptp4l[12850.252]: master offset     118353 s2 freq  -62577 path delay    682543
ptp4l[12851.252]: master offset    -240247 s2 freq  -98677 path delay    682543
ptp4l[12852.254]: master offset    1077327 s2 freq  +34157 path delay    678265
ptp4l[12853.254]: master offset     812923 s2 freq   +8530 path delay    737626
ptp4l[12854.255]: master offset      20319 s2 freq  -70710 path delay    887413
ptp4l[12855.255]: master offset    -563508 s2 freq -129657 path delay   1045176
ptp4l[12856.257]: master offset     -34762 s2 freq  -76817 path delay   1127829
ptp4l[12857.256]: master offset    -649082 s2 freq -138898 path delay   1200500
ptp4l[12858.258]: master offset     198213 s2 freq  -53970 path delay   1145953
ptp4l[12859.258]: master offset     655461 s2 freq   -7590 path delay   1085590
ptp4l[12860.258]: master offset    -371579 s2 freq -110665 path delay   1110197
ptp4l[12861.258]: master offset    -562493 s2 freq -130319 path delay   1069835
ptp4l[12862.262]: master offset    2233429 s2 freq +151506 path delay   1069835
ptp4l[12863.260]: master offset    -463780 s2 freq -118678 path delay   1069835
ptp4l[12864.260]: master offset    -337832 s2 freq -106421 path delay   1018125
ptp4l[12865.260]: master offset    -394667 s2 freq -112500 path delay    936872
ptp4l[12866.262]: master offset     229999 s2 freq  -49803 path delay    936872
ptp4l[12867.262]: master offset    -485959 s2 freq -121885 path delay   1011084
ptp4l[12868.263]: master offset     477609 s2 freq  -25050 path delay   1011084
ptp4l[12869.262]: master offset    -764807 s2 freq -150057 path delay   1038437
ptp4l[12870.265]: master offset     270606 s2 freq  -46245 path delay   1011084
ptp4l[12871.265]: master offset    -362324 s2 freq -109900 path delay   1038437
ptp4l[12872.266]: master offset    -236073 s2 freq  -97511 path delay    970204
ptp4l[12873.266]: master offset    -689787 s2 freq -143572 path delay    970204
ptp4l[12874.267]: master offset     -84835 s2 freq  -83162 path delay    970204
ptp4l[12875.268]: master offset    -200984 s2 freq  -94978 path delay    885522
ptp4l[12876.270]: master offset    1071864 s2 freq  +33379 path delay    858569
ptp4l[12877.269]: master offset    -504403 s2 freq -124752 path delay    858569
ptp4l[12878.271]: master offset     -36813 s2 freq  -78030 path delay    858569
ptp4l[12879.271]: master offset     -24006 s2 freq  -76773 path delay    830014
ptp4l[12880.272]: master offset     -54138 s2 freq  -79841 path delay    782944
ptp4l[12881.272]: master offset    -460229 s2 freq -120910 path delay    782944
ptp4l[12882.274]: master offset      99279 s2 freq  -64860 path delay    782944
ptp4l[12883.274]: master offset    -282520 s2 freq -103322 path delay    782944
ptp4l[12884.281]: master offset    5781056 s2 freq +508816 path delay    741086
ptp4l[12885.283]: master offset    7176952 s2 freq +655583 path delay    808289
ptp4l[12886.277]: master offset    -584777 s2 freq -121175 path delay    876156
ptp4l[12887.293]: master offset    1894610 s2 freq +128659 path delay    829086
ptp4l[12888.293]: master offset    1345244 s2 freq  +75067 path delay    829086
ptp4l[12889.291]: master offset    -603847 s2 freq -120446 path delay    829086
ptp4l[12890.292]: master offset    -420174 s2 freq -102499 path delay    769724
ptp4l[12891.294]: master offset     307979 s2 freq  -29375 path delay    769724
ptp4l[12892.295]: master offset     581695 s2 freq   -1422 path delay    769724
ptp4l[12893.296]: master offset     -47682 s2 freq  -64407 path delay    868040
ptp4l[12894.298]: master offset    1048840 s2 freq  +46294 path delay    868040
ptp4l[12895.299]: master offset    -440326 s2 freq -103063 path delay   1172297
ptp4l[12896.299]: master offset    -582665 s2 freq -117880 path delay   1172297
ptp4l[12897.299]: master offset    -316397 s2 freq  -91570 path delay    868040
ptp4l[12898.301]: master offset     195778 s2 freq  -40156 path delay    879794
ptp4l[12899.301]: master offset    -407110 s2 freq -100852 path delay    952913
ptp4l[12900.303]: master offset     143031 s2 freq  -45695 path delay    952913
ptp4l[12901.304]: master offset    -277460 s2 freq  -88022 path delay    980991
