ptp4l[7303.554]: port 1: INITIALIZING to LISTENING on INIT_COMPLETE
ptp4l[7303.554]: port 0: INITIALIZING to LISTENING on INIT_COMPLETE
ptp4l[7306.418]: port 1: new foreign master 766e83.fffe.b359e2-2
ptp4l[7310.345]: selected local clock c6f3e3.fffe.015028 as best master
ptp4l[7310.421]: selected best master clock 4a6b06.fffe.b3b531
ptp4l[7310.421]: foreign master not using PTP timescale
ptp4l[7310.421]: port 1: LISTENING to UNCALIBRATED on RS_SLAVE
ptp4l[7313.439]: rms 247037 max 336151 freq -266053 +/-   0 delay 465348 +/- 32966
ptp4l[7315.440]: rms 19222 max 24736 freq -266053 +/-   0 delay 486567 +/-   0
ptp4l[7317.443]: rms 142767 max 200814 freq -266053 +/-   0 delay 480621 +/- 9103
ptp4l[7319.448]: rms 456564 max 641962 freq -266053 +/-   0 delay 488505 +/-   0
ptp4l[7321.458]: rms 2806721 max 3946519 freq -266053 +/-   0 delay 585687 +/- 62762
ptp4l[7323.455]: rms 227159 max 281951 freq -266053 +/-   0 delay 650970 +/- 6028
ptp4l[7325.458]: rms 292266 max 396604 freq -266053 +/-   0 delay 626509 +/- 18433
ptp4l[7327.459]: rms 230162 max 320559 freq -266053 +/-   0 delay 585426 +/- 22650
ptp4l[7329.460]: rms 297858 max 420022 freq -217242 +/- 1613 delay 540455 +/-   0
ptp4l[7329.460]: port 1: UNCALIBRATED to SLAVE on MASTER_CLOCK_SELECTED
ptp4l[7331.463]: rms 184377 max 259884 freq -233148 +/- 11923 delay 513601 +/- 16405
ptp4l[7333.466]: rms 212227 max 298686 freq -235824 +/- 13447 delay 471362 +/-   0
ptp4l[7335.471]: rms 184214 max 240815 freq -236733 +/- 7022 delay 485126 +/- 15150
ptp4l[7337.472]: rms 115704 max 138910 freq -231224 +/- 2578 delay 464463 +/- 14301
ptp4l[7339.475]: rms 110321 max 137289 freq -223151 +/- 10639 delay 438633 +/-   0
ptp4l[7341.475]: rms 179186 max 210022 freq -216686 +/- 17696 delay 434509 +/- 4124
ptp4l[7343.479]: rms 57716 max 59538 freq -220209 +/- 5797 delay 430385 +/-   0
ptp4l[7345.482]: rms 169170 max 223738 freq -227128 +/- 15465 delay 473854 +/- 21654
ptp4l[7347.491]: rms 875981 max 1203317 freq -144350 +/- 46044 delay 523654 +/-   0
ptp4l[7349.492]: rms 458622 max 635422 freq -192797 +/- 38338 delay 585270 +/- 22930
ptp4l[7351.494]: rms 512114 max 571452 freq -211965 +/- 51105 delay 611848 +/- 40677
ptp4l[7353.496]: rms 302899 max 390097 freq -246838 +/- 10568 delay 611848 +/- 40677
ptp4l[7355.500]: rms 175024 max 235107 freq -210491 +/- 15664 delay 541766 +/- 18112
ptp4l[7357.502]: rms 515996 max 716333 freq -189338 +/- 43134 delay 437859 +/- 35207
ptp4l[7359.503]: rms 239877 max 266559 freq -193647 +/- 2732 delay 402652 +/-   0
ptp4l[7361.506]: rms 214999 max 276343 freq -237785 +/- 7614 delay 546166 +/- 54494
ptp4l[7363.507]: rms 120417 max 125585 freq -229978 +/- 471 delay 654573 +/-   0
ptp4l[7365.511]: rms 217992 max 281285 freq -238723 +/- 7692 delay 654573 +/-   0
ptp4l[7367.513]: rms 206547 max 248966 freq -238825 +/- 4733 delay 681436 +/- 16694
ptp4l[7369.516]: rms 373117 max 468152 freq -254984 +/- 11113 delay 656371 +/- 1798
ptp4l[7371.516]: rms 153636 max 193010 freq -204690 +/- 4758 delay 548856 +/- 16651
ptp4l[7373.516]: rms 394947 max 457521 freq -226388 +/- 39055 delay 539338 +/- 23311
ptp4l[7375.518]: rms 230812 max 326142 freq -235156 +/- 17141 delay 467628 +/-   0
ptp4l[7377.519]: rms 238042 max 308713 freq -242207 +/- 8656 delay 423644 +/- 33471
ptp4l[7379.521]: rms 184624 max 249423 freq -228784 +/- 16456 delay 457115 +/-   0
ptp4l[7381.521]: rms 165450 max 181794 freq -236991 +/- 1815 delay 363544 +/- 35641
ptp4l[7383.522]: rms 59441 max 84037 freq -224976 +/- 4141 delay 282405 +/-   0
ptp4l[7385.524]: rms 318960 max 448218 freq -195492 +/- 20100 delay 230665 +/- 6527
ptp4l[7387.524]: rms 364224 max 510992 freq -190879 +/- 22275 delay 226726 +/- 676
ptp4l[7389.524]: rms 194280 max 224761 freq -216156 +/- 19218 delay 269014 +/-   0
ptp4l[7391.527]: rms 279301 max 393461 freq -197931 +/- 18133 delay 227402 +/-   0
ptp4l[7393.528]: rms 119220 max 140374 freq -221586 +/- 11735 delay 255170 +/-   0
ptp4l[7395.531]: rms 1143770 max 1580979 freq -121292 +/- 61781 delay 324532 +/- 23887
ptp4l[7397.534]: rms 284028 max 317951 freq -188657 +/- 3502 delay 433436 +/-   0
ptp4l[7399.535]: rms 101580 max 137381 freq -225831 +/- 4748 delay 543507 +/- 9665
ptp4l[7401.534]: rms 146362 max 200769 freq -224580 +/- 12581 delay 619803 +/-   0
ptp4l[7403.537]: rms 291403 max 339756 freq -211771 +/- 28819 delay 619803 +/-   0
ptp4l[7405.541]: rms 197532 max 276624 freq -233002 +/- 11864 delay 640144 +/- 23108
ptp4l[7407.542]: rms 163541 max 165867 freq -217563 +/- 16433 delay 541871 +/- 19432
ptp4l[7409.542]: rms 239387 max 285466 freq -212113 +/- 23516 delay 513995 +/- 3447
ptp4l[7411.542]: rms 146637 max 162934 freq -202374 +/- 1814 delay 517442 +/-   0
ptp4l[7413.546]: rms 969007 max 1367743 freq -152118 +/- 73321 delay 517442 +/-   0
ptp4l[7415.547]: rms 796001 max 1009877 freq -139205 +/- 26130 delay 593091 +/-   0
ptp4l[7417.550]: rms 961268 max 1316892 freq -130351 +/- 49631 delay 649630 +/- 56540
ptp4l[7419.553]: rms 434115 max 464088 freq -209037 +/- 43501 delay 916879 +/- 136493
ptp4l[7421.553]: rms 650015 max 779096 freq -276720 +/- 14316 delay 902870 +/-   0
ptp4l[7423.554]: rms 1181493 max 1478216 freq -178689 +/- 113596 delay 830012 +/- 72858
ptp4l[7425.552]: rms 701705 max 761462 freq -206915 +/- 70272 delay 902870 +/-   0
ptp4l[7427.557]: rms 1522770 max 2071145 freq -77370 +/- 73766 delay 996741 +/- 93871
ptp4l[7429.558]: rms 602735 max 684355 freq -201485 +/- 59968 delay 937695 +/- 152917
ptp4l[7431.559]: rms 286372 max 339586 freq -238415 +/- 5835 delay 743073 +/-   0
ptp4l[7433.559]: rms 514811 max 611244 freq -221712 +/- 50536 delay 779646 +/-   0
ptp4l[7435.560]: rms 430697 max 608876 freq -240950 +/- 31274 delay 757056 +/- 135623
ptp4l[7437.564]: rms 580995 max 790167 freq -182906 +/- 51167 delay 580691 +/- 58418
ptp4l[7439.563]: rms 175753 max 214049 freq -228052 +/- 4322 delay 528174 +/- 21272
ptp4l[7441.563]: rms 197203 max 251352 freq -229952 +/- 6652 delay 538084 +/- 3086
ptp4l[7443.565]: rms 294396 max 406981 freq -227792 +/- 24782 delay 511578 +/-   0
ptp4l[7445.569]: rms 105772 max 149109 freq -204865 +/- 8126 delay 535296 +/-   0
ptp4l[7447.570]: rms 93668 max 100077 freq -221137 +/- 621 delay 517572 +/- 5994
ptp4l[7449.571]: rms 104626 max 138823 freq -207343 +/- 9527 delay 484142 +/-   0
ptp4l[7451.578]: rms 731796 max 1025934 freq -152556 +/- 44426 delay 523566 +/-   0
ptp4l[7453.573]: rms 245738 max 337459 freq -231864 +/- 12890 delay 534607 +/- 7807
ptp4l[7455.575]: rms 250851 max 325764 freq -187301 +/- 9195 delay 540128 +/-   0
ptp4l[7457.574]: rms 245445 max 323278 freq -233314 +/- 10005 delay 555479 +/-   0
ptp4l[7459.575]: rms 347670 max 392015 freq -245971 +/- 4614 delay 555479 +/-   0
ptp4l[7461.575]: rms 348487 max 408869 freq -246428 +/- 6548 delay 475018 +/- 80462
ptp4l[7463.576]: rms 139587 max 195163 freq -204022 +/- 11339 delay 187076 +/- 9616
ptp4l[7465.577]: rms 773951 max 1058387 freq -144523 +/- 39501 delay 182863 +/-   0
ptp4l[7467.578]: rms 247671 max 348301 freq -230337 +/- 15739 delay 403112 +/- 92832
ptp4l[7469.577]: rms 326327 max 382761 freq -243787 +/- 6118 delay 495944 +/-   0
ptp4l[7471.581]: rms 296099 max 355044 freq -182568 +/- 6540 delay 372503 +/- 2630
ptp4l[7473.581]: rms 51133 max 65276 freq -206427 +/- 1741 delay 368783 +/-   0
ptp4l[7475.589]: rms 2442411 max 3453272 freq -40658 +/- 178150 delay 447442 +/-   0
ptp4l[7477.583]: rms 630464 max 842354 freq -179634 +/- 56876 delay 678252 +/- 76378
ptp4l[7479.588]: rms 283231 max 372830 freq -233694 +/- 11247 delay 754630 +/-   0
ptp4l[7481.586]: rms 586076 max 587635 freq -267291 +/- 450 delay 754630 +/-   0
ptp4l[7483.587]: rms 360616 max 507220 freq -237525 +/- 22681 delay 671986 +/- 63092
ptp4l[7485.590]: rms 85443 max 114893 freq -217287 +/- 3855 delay 515698 +/- 47661
ptp4l[7487.591]: rms 122099 max 161414 freq -220969 +/- 5085 delay 508851 +/-   0
ptp4l[7489.594]: rms 78425 max 91333 freq -217748 +/- 1389 delay 457362 +/- 12493
ptp4l[7491.594]: rms 178905 max 252943 freq -197589 +/- 13064 delay 475029 +/-   0
ptp4l[7493.599]: rms 151926 max 214411 freq -199697 +/- 11519 delay 475029 +/-   0
ptp4l[7495.599]: rms 100068 max 137375 freq -218342 +/- 5152 delay 498941 +/- 16660
ptp4l[7497.599]: rms 386000 max 486862 freq -197795 +/- 36931 delay 448517 +/-   0
ptp4l[7499.600]: rms 145963 max 168663 freq -206958 +/- 14443 delay 501898 +/-   0
ptp4l[7501.601]: rms 43933 max 55488 freq -205259 +/- 1363 delay 554783 +/-   0
ptp4l[7503.608]: rms 822654 max 1163163 freq -151896 +/- 59935 delay 548450 +/- 6334
ptp4l[7505.604]: rms 948090 max 1085840 freq -113178 +/- 14570 delay 557836 +/-   0
ptp4l[7507.607]: rms 138126 max 150149 freq -207615 +/- 13830 delay 581291 +/-   0
ptp4l[7509.608]: rms 222336 max 313539 freq -223616 +/- 14482 delay 581291 +/-   0
ptp4l[7511.608]: rms 178114 max 239705 freq -214926 +/- 15975 delay 571460 +/-   0
ptp4l[7513.611]: rms 202494 max 283474 freq -219174 +/- 16347 delay 568828 +/- 3188
ptp4l[7515.612]: rms 190130 max 220333 freq -226193 +/- 3234 delay 565640 +/-   0
ptp4l[7517.613]: rms 186515 max 251485 freq -224391 +/- 8556 delay 505706 +/- 26452
ptp4l[7519.615]: rms 232028 max 294848 freq -185644 +/- 7689 delay 532158 +/-   0
ptp4l[7521.621]: rms 53062 max 61377 freq -212750 +/- 889 delay 564548 +/- 3005
ptp4l[7523.619]: rms 125790 max 143908 freq -209602 +/- 12477 delay 542206 +/- 2152
ptp4l[7525.621]: rms 55415 max 78143 freq -203899 +/- 4207 delay 566474 +/- 36006
ptp4l[7527.621]: rms 513619 max 684993 freq -160374 +/- 22047 delay 657814 +/- 36026
ptp4l[7529.623]: rms 254504 max 354202 freq -221421 +/- 20938 delay 693841 +/-   0
ptp4l[7531.624]: rms 211722 max 257157 freq -227683 +/- 5318 delay 654007 +/- 32219
ptp4l[7533.626]: rms 1897681 max 2683658 freq -69456 +/- 133220 delay 686226 +/-   0
ptp4l[7535.628]: rms 134285 max 165290 freq -201005 +/- 13023 delay 686226 +/-   0
ptp4l[7537.629]: rms 251713 max 280964 freq -229847 +/- 3260 delay 565197 +/- 47700
ptp4l[7539.631]: rms 289974 max 409772 freq -183500 +/- 19892 delay 507628 +/-   0
ptp4l[7541.631]: rms 110364 max 155519 freq -195987 +/- 7110 delay 562608 +/-   0
ptp4l[7543.631]: rms 492785 max 693412 freq -165845 +/- 31534 delay 580009 +/-   0
ptp4l[7545.633]: rms 672617 max 931017 freq -166583 +/- 56768 delay 597292 +/-   0
ptp4l[7547.638]: rms 143127 max 148116 freq -203361 +/- 14378 delay 623607 +/- 22475
ptp4l[7549.638]: rms 156222 max 184543 freq -218473 +/- 3093 delay 681651 +/-   0
ptp4l[7551.641]: rms 54649 max 76569 freq -206608 +/- 4359 delay 782563 +/- 83418
ptp4l[7553.638]: rms 356443 max 488838 freq -234261 +/- 18534 delay 732599 +/- 42697
