ptp4l[7300.150]: port 1: INITIALIZING to LISTENING on INIT_COMPLETE
ptp4l[7300.150]: port 2: INITIALIZING to LISTENING on INIT_COMPLETE
ptp4l[7300.150]: port 0: INITIALIZING to LISTENING on INIT_COMPLETE
ptp4l[7303.518]: port 1: new foreign master 4a6b06.fffe.b3b531-1
ptp4l[7306.408]: port 2: LISTENING to MASTER on ANNOUNCE_RECEIPT_TIMEOUT_EXPIRES
ptp4l[7306.408]: selected local clock 766e83.fffe.b359e2 as best master
ptp4l[7306.408]: port 2: assuming the grand master role
ptp4l[7307.445]: port 1: LISTENING to MASTER on ANNOUNCE_RECEIPT_TIMEOUT_EXPIRES
ptp4l[7307.446]: selected local clock 766e83.fffe.b359e2 as best master
ptp4l[7307.446]: port 1: assuming the grand master role
ptp4l[7307.446]: port 2: assuming the grand master role
ptp4l[7307.524]: selected best master clock 4a6b06.fffe.b3b531
ptp4l[7307.524]: foreign master not using PTP timescale
ptp4l[7307.524]: port 1: MASTER to UNCALIBRATED on RS_SLAVE
ptp4l[7308.529]: master offset   -1500670 s0 freq -266053 path delay   1850054
ptp4l[7309.530]: master offset    -322408 s0 freq -266053 path delay   1212936
ptp4l[7310.532]: master offset     267405 s0 freq -266053 path delay    940000
ptp4l[7311.532]: master offset    -702729 s0 freq -266053 path delay    958130
ptp4l[7312.536]: master offset     761661 s0 freq -266053 path delay    940000
ptp4l[7313.536]: master offset      62683 s0 freq -266053 path delay    958130
ptp4l[7314.536]: master offset    -375558 s0 freq -266053 path delay    940000
ptp4l[7315.535]: master offset    -364284 s0 freq -266053 path delay    879171
ptp4l[7316.536]: master offset    -407723 s0 freq -266053 path delay    757274
ptp4l[7317.536]: master offset    -423622 s0 freq -266053 path delay    636012
ptp4l[7318.536]: master offset    -217849 s0 freq -266053 path delay    597450
ptp4l[7319.537]: master offset     573058 s0 freq -266053 path delay    464509
ptp4l[7320.538]: master offset    1385442 s0 freq -266053 path delay    464509
ptp4l[7321.537]: master offset     572225 s0 freq -266053 path delay    464509
ptp4l[7322.538]: master offset     -54540 s0 freq -266053 path delay    464509
ptp4l[7323.538]: master offset    -184910 s0 freq -266053 path delay    464509
ptp4l[7324.539]: master offset      54685 s1 freq -168877 path delay    440617
ptp4l[7325.539]: master offset    -318346 s2 freq -201030 path delay    440617
ptp4l[7325.539]: port 1: UNCALIBRATED to SLAVE on MASTER_CLOCK_SELECTED
ptp4l[7326.541]: master offset      82626 s2 freq -160850 path delay    411765
ptp4l[7327.541]: master offset    -236667 s2 freq -193016 path delay    440617
ptp4l[7328.543]: master offset     -70798 s2 freq -176500 path delay    464509
ptp4l[7329.543]: master offset     366605 s2 freq -132393 path delay    527587
ptp4l[7330.543]: master offset    -146035 s2 freq -183803 path delay    527587
ptp4l[7331.547]: master offset    1729485 s2 freq   +5478 path delay    582360
ptp4l[7332.545]: master offset    -159079 s2 freq -183537 path delay    607024
ptp4l[7333.547]: master offset     269588 s2 freq -140401 path delay    607024
ptp4l[7334.547]: master offset    -132867 s2 freq -180779 path delay    607024
ptp4l[7335.549]: master offset     346028 s2 freq -132544 path delay    607024
ptp4l[7336.550]: master offset    -291658 s2 freq -196604 path delay    607024
ptp4l[7337.551]: master offset     879482 s2 freq  -78611 path delay    607024
ptp4l[7338.551]: master offset     -61476 s2 freq -172768 path delay    627804
ptp4l[7339.552]: master offset     131149 s2 freq -153374 path delay    607024
ptp4l[7340.554]: master offset    -132782 s2 freq -179900 path delay    603059
ptp4l[7341.554]: master offset     169386 s2 freq -149514 path delay    603059
ptp4l[7342.555]: master offset    -276516 s2 freq -194381 path delay    627804
ptp4l[7343.556]: master offset    -376001 s2 freq -204705 path delay    612510
ptp4l[7344.557]: master offset    -164193 s2 freq -183688 path delay    612510
ptp4l[7345.557]: master offset    -388808 s2 freq -206539 path delay    549175
ptp4l[7346.559]: master offset     -84136 s2 freq -176156 path delay    504591
ptp4l[7347.559]: master offset     183768 s2 freq -149182 path delay    504591
ptp4l[7348.560]: master offset    -124616 s2 freq -180145 path delay    504591
ptp4l[7349.561]: master offset     394450 s2 freq -127843 path delay    504591
ptp4l[7350.562]: master offset    -180453 s2 freq -185514 path delay    549175
ptp4l[7351.562]: master offset    -336474 s2 freq -201453 path delay    549175
ptp4l[7352.563]: master offset    -174509 s2 freq -185431 path delay    608621
ptp4l[7353.565]: master offset     976334 s2 freq  -69370 path delay    570031
ptp4l[7354.564]: master offset    -328108 s2 freq -200143 path delay    570031
ptp4l[7355.564]: master offset     762630 s2 freq  -90306 path delay    483527
ptp4l[7356.565]: master offset     -60579 s2 freq -172688 path delay    570031
ptp4l[7357.565]: master offset     385079 s2 freq -127737 path delay    562101
ptp4l[7358.566]: master offset     -49533 s2 freq -171247 path delay    648481
ptp4l[7359.566]: master offset      64534 s2 freq -159776 path delay    648481
ptp4l[7360.568]: master offset      56309 s2 freq -160542 path delay    616637
ptp4l[7361.567]: master offset    -461932 s2 freq -212828 path delay    616637
ptp4l[7362.568]: master offset    -139360 s2 freq -180711 path delay    616637
ptp4l[7363.568]: master offset    -455764 s2 freq -212807 path delay    587294
ptp4l[7364.570]: master offset    -333982 s2 freq -200963 path delay    587294
ptp4l[7365.569]: master offset    -454596 s2 freq -213479 path delay    587294
ptp4l[7366.571]: master offset    -123806 s2 freq -180523 path delay    587294
ptp4l[7367.573]: master offset     787195 s2 freq  -88636 path delay    548867
ptp4l[7368.574]: master offset    -357643 s2 freq -203477 path delay    607626
ptp4l[7369.574]: master offset     -45114 s2 freq -172270 path delay    607626
ptp4l[7370.575]: master offset    -137861 s2 freq -181682 path delay    522316
ptp4l[7371.575]: master offset    -263015 s2 freq -194461 path delay    522316
ptp4l[7372.575]: master offset    -329771 s2 freq -201466 path delay    456430
ptp4l[7373.579]: master offset     840886 s2 freq  -83559 path delay    358839
ptp4l[7374.577]: master offset    -292363 s2 freq -197177 path delay    470694
ptp4l[7375.577]: master offset    -103262 s2 freq -178370 path delay    267845
ptp4l[7376.578]: master offset      13017 s2 freq -166729 path delay    267845
ptp4l[7377.578]: master offset    -130691 s2 freq -181230 path delay    240342
ptp4l[7378.582]: master offset     448387 s2 freq -122874 path delay    240342
ptp4l[7379.580]: master offset    -234523 s2 freq -191400 path delay    320711
ptp4l[7380.580]: master offset     -88031 s2 freq -176839 path delay    320711
ptp4l[7381.580]: master offset    -109310 s2 freq -179076 path delay    249969
ptp4l[7382.580]: master offset     -56385 s2 freq -173840 path delay    249969
ptp4l[7383.580]: master offset     -92891 s2 freq -177583 path delay    249969
ptp4l[7384.582]: master offset     184606 s2 freq -149649 path delay    264907
ptp4l[7385.582]: master offset      28603 s2 freq -165221 path delay    346796
ptp4l[7386.586]: master offset    1655196 s2 freq    -906 path delay    437032
ptp4l[7387.583]: master offset     -92333 s2 freq -175751 path delay    437032
ptp4l[7388.587]: master offset    2753784 s2 freq +111614 path delay    408339
ptp4l[7389.584]: master offset    -276350 s2 freq -191676 path delay    408339
ptp4l[7390.585]: master offset    -172246 s2 freq -181437 path delay    408339
ptp4l[7391.586]: master offset    1197826 s2 freq  -43232 path delay    339534
ptp4l[7392.585]: master offset    -150032 s2 freq -178168 path delay    339534
ptp4l[7393.586]: master offset      87719 s2 freq -154305 path delay    251477
ptp4l[7394.589]: master offset     559878 s2 freq -106530 path delay    328758
ptp4l[7395.587]: master offset    -198307 s2 freq -182546 path delay    390301
ptp4l[7396.589]: master offset      78622 s2 freq -154775 path delay    475647
ptp4l[7397.589]: master offset    -405064 s2 freq -203549 path delay    555551
ptp4l[7398.590]: master offset    -299658 s2 freq -193308 path delay    555551
ptp4l[7399.590]: master offset    -174416 s2 freq -180958 path delay    479942
ptp4l[7400.592]: master offset     -83640 s2 freq -171964 path delay    479942
ptp4l[7401.592]: master offset    -232722 s2 freq -187105 path delay    500904
ptp4l[7402.594]: master offset     156796 s2 freq -147996 path delay    500904
ptp4l[7403.595]: master offset     486651 s2 freq -114524 path delay    500904
ptp4l[7404.596]: master offset      36464 s2 freq -159506 path delay    584813
ptp4l[7405.595]: master offset      98755 s2 freq -153178 path delay    584813
ptp4l[7406.596]: master offset    -126289 s2 freq -175809 path delay    584813
ptp4l[7407.596]: master offset     682866 s2 freq  -94211 path delay    571136
ptp4l[7408.596]: master offset    -345671 s2 freq -197410 path delay    595063
ptp4l[7409.597]: master offset      25355 s2 freq -160282 path delay    612182
ptp4l[7410.598]: master offset    -215185 s2 freq -184551 path delay    612182
ptp4l[7411.598]: master offset     297152 s2 freq -133021 path delay    640828
ptp4l[7412.599]: master offset    -232858 s2 freq -186254 path delay    667331
ptp4l[7413.600]: master offset     535972 s2 freq -108835 path delay    667331
ptp4l[7414.601]: master offset    -212547 s2 freq -183900 path delay    691584
ptp4l[7415.602]: master offset     809796 s2 freq  -80856 path delay    691584
ptp4l[7416.603]: master offset    -127534 s2 freq -174716 path delay    742520
ptp4l[7417.603]: master offset    -447772 s2 freq -207188 path delay    691584
ptp4l[7418.607]: master offset     542829 s2 freq -107585 path delay    691584
ptp4l[7419.607]: master offset    -323866 s2 freq -194578 path delay    691584
ptp4l[7420.606]: master offset    -617567 s2 freq -224566 path delay    742520
ptp4l[7421.606]: master offset    -520128 s2 freq -215342 path delay    742520
ptp4l[7422.606]: master offset    -580000 s2 freq -221909 path delay    709121
ptp4l[7423.607]: master offset    -229365 s2 freq -187075 path delay    647642
ptp4l[7424.608]: master offset    -353858 s2 freq -199878 path delay    625433
ptp4l[7425.610]: master offset     605783 s2 freq -103309 path delay    507077
ptp4l[7426.611]: master offset     -79242 s2 freq -171890 path delay    507077
ptp4l[7427.611]: master offset    -209720 s2 freq -185148 path delay    488804
ptp4l[7428.613]: master offset     726135 s2 freq  -90836 path delay    419790
ptp4l[7429.613]: master offset     -87326 s2 freq -172270 path delay    419790
ptp4l[7430.615]: master offset     479157 s2 freq -115142 path delay    387680
ptp4l[7431.615]: master offset      -1549 s2 freq -163214 path delay    387680
ptp4l[7432.614]: master offset    -190084 s2 freq -182258 path delay    387680
ptp4l[7433.614]: master offset    -245739 s2 freq -188069 path delay    387680
ptp4l[7434.618]: master offset    2823277 s2 freq +121656 path delay    387680
ptp4l[7435.615]: master offset    -264702 s2 freq -187407 path delay    472204
ptp4l[7436.615]: master offset    -206517 s2 freq -181795 path delay    472204
ptp4l[7437.617]: master offset     965193 s2 freq  -63659 path delay    472204
ptp4l[7438.617]: master offset     -89532 s2 freq -169221 path delay    472204
ptp4l[7439.617]: master offset    -214897 s2 freq -181972 path delay    472204
ptp4l[7440.619]: master offset     706992 s2 freq  -89076 path delay    395296
ptp4l[7441.618]: master offset    -127650 s2 freq -172668 path delay    395296
ptp4l[7442.619]: master offset    -116351 s2 freq -171654 path delay    395296
ptp4l[7443.619]: master offset     -47767 s2 freq -164844 path delay    395296
ptp4l[7444.621]: master offset     -48350 s2 freq -164951 path delay    403467
ptp4l[7445.621]: master offset    -120751 s2 freq -172311 path delay    432229
ptp4l[7446.623]: master offset     596624 s2 freq  -99977 path delay    432229
ptp4l[7447.623]: master offset     -80943 s2 freq -167815 path delay    432229
ptp4l[7448.624]: master offset      87097 s2 freq -150924 path delay    451301
ptp4l[7449.625]: master offset    1308456 s2 freq  -27479 path delay    451301
ptp4l[7450.626]: master offset     363554 s2 freq -121606 path delay    521333
ptp4l[7451.625]: master offset    -333337 s2 freq -191629 path delay    521333
ptp4l[7452.627]: master offset    1483856 s2 freq   -8425 path delay    521333
ptp4l[7453.625]: master offset    -554935 s2 freq -212859 path delay    704388
ptp4l[7454.627]: master offset    -375871 s2 freq -195329 path delay    704388
ptp4l[7455.627]: master offset    -217165 s2 freq -179675 path delay    551398
ptp4l[7456.629]: master offset      94973 s2 freq -148367 path delay    416308
ptp4l[7457.628]: master offset    -266346 s2 freq -184765 path delay    408006
ptp4l[7458.628]: master offset     -52902 s2 freq -163473 path delay    383568
ptp4l[7459.628]: master offset    -258663 s2 freq -184308 path delay    383568
ptp4l[7460.628]: master offset    -169248 s2 freq -175536 path delay    354795
ptp4l[7461.628]: master offset    -132196 s2 freq -171963 path delay    308280
ptp4l[7462.630]: master offset     894464 s2 freq  -68402 path delay    225402
ptp4l[7463.630]: master offset      16103 s2 freq -156222 path delay    225402
ptp4l[7464.634]: master offset    1564552 s2 freq    +187 path delay    225402
ptp4l[7465.631]: master offset     -26673 s2 freq -158962 path delay    225402
ptp4l[7466.633]: master offset     347772 s2 freq -121170 path delay    203180
ptp4l[7467.632]: master offset      87685 s2 freq -147091 path delay    249648
ptp4l[7468.633]: master offset     -65644 s2 freq -162489 path delay    249648
ptp4l[7469.633]: master offset     -21441 s2 freq -158091 path delay    211111
ptp4l[7470.635]: master offset    1332952 s2 freq  -21318 path delay    211111
ptp4l[7471.635]: master offset     693717 s2 freq  -84548 path delay    263755
ptp4l[7472.635]: master offset     170041 s2 freq -136746 path delay    494681
ptp4l[7473.635]: master offset     490685 s2 freq -104191 path delay    635003
ptp4l[7474.636]: master offset     -20000 s2 freq -155279 path delay    720445
ptp4l[7475.638]: master offset    1240415 s2 freq  -27997 path delay    701068
ptp4l[7476.637]: master offset     477178 s2 freq -103844 path delay    772976
ptp4l[7477.637]: master offset     201546 s2 freq -131205 path delay    772976
ptp4l[7478.638]: master offset      63607 s2 freq -144936 path delay    749342
ptp4l[7479.638]: master offset    -476805 s2 freq -199454 path delay    798835
ptp4l[7480.637]: master offset    -655713 s2 freq -218000 path delay    798835
ptp4l[7481.637]: master offset    -626164 s2 freq -215671 path delay    798835
ptp4l[7482.637]: master offset    -648162 s2 freq -218519 path delay    769485
ptp4l[7483.638]: master offset    -480132 s2 freq -202197 path delay    769485
ptp4l[7484.639]: master offset     -68712 s2 freq -161123 path delay    689516
ptp4l[7485.639]: master offset    -414957 s2 freq -196163 path delay    689516
ptp4l[7486.640]: master offset    -227377 s2 freq -177632 path delay    560032
ptp4l[7487.640]: master offset    -406789 s2 freq -195980 path delay    560032
ptp4l[7488.642]: master offset     -13747 s2 freq -156690 path delay    393872
ptp4l[7489.642]: master offset    1048857 s2 freq  -49380 path delay    393872
ptp4l[7490.644]: master offset     197878 s2 freq -134280 path delay    393872
ptp4l[7491.644]: master offset     -94358 s2 freq -163598 path delay    393872
ptp4l[7492.644]: master offset      -8666 s2 freq -155038 path delay    393872
ptp4l[7493.644]: master offset     -69686 s2 freq -161209 path delay    393872
ptp4l[7494.646]: master offset     106089 s2 freq -143526 path delay    342553
ptp4l[7495.646]: master offset     -44656 s2 freq -158645 path delay    342553
ptp4l[7496.648]: master offset     167650 s2 freq -137247 path delay    342553
ptp4l[7497.648]: master offset     627031 s2 freq  -90682 path delay    359377
ptp4l[7498.650]: master offset     109713 s2 freq -142304 path delay    359377
ptp4l[7499.650]: master offset    -143983 s2 freq -167817 path delay    420169
ptp4l[7500.650]: master offset     329442 s2 freq -120145 path delay    420169
ptp4l[7501.651]: master offset    -153356 s2 freq -168579 path delay    516932
ptp4l[7502.650]: master offset    -106431 s2 freq -163992 path delay    492471
ptp4l[7503.650]: master offset    -240573 s2 freq -177647 path delay    492471
ptp4l[7504.651]: master offset      30071 s2 freq -150553 path delay    429558
ptp4l[7505.651]: master offset    -139094 s2 freq -167608 path delay    430589
ptp4l[7506.653]: master offset     189031 s2 freq -134607 path delay    430589
ptp4l[7507.653]: master offset    -106882 s2 freq -164305 path delay    494051
ptp4l[7508.654]: master offset      37409 s2 freq -149839 path delay    494051
ptp4l[7509.654]: master offset    -119723 s2 freq -165671 path delay    494051
ptp4l[7510.660]: master offset     132536 s2 freq -140313 path delay    457206
ptp4l[7511.657]: master offset    1264067 s2 freq  -25896 path delay    457206
ptp4l[7512.658]: master offset     101407 s2 freq -142060 path delay    457206
ptp4l[7513.657]: master offset    -136010 s2 freq -165938 path delay    477549
ptp4l[7514.660]: master offset     -13859 s2 freq -153737 path delay    477549
ptp4l[7515.659]: master offset    -196319 s2 freq -172179 path delay    506055
ptp4l[7516.661]: master offset     -11982 s2 freq -153758 path delay    506055
ptp4l[7517.660]: master offset    -308569 s2 freq -183725 path delay    535784
ptp4l[7518.662]: master offset     -52857 s2 freq -158206 path delay    535784
ptp4l[7519.662]: master offset    -199616 s2 freq -173082 path delay    516464
ptp4l[7520.663]: master offset     -43613 s2 freq -157525 path delay    516464
ptp4l[7521.668]: master offset     -59349 s2 freq -159158 path delay    535784
ptp4l[7522.669]: master offset     -65155 s2 freq -159804 path delay    516464
ptp4l[7523.669]: master offset    -180298 s2 freq -171499 path delay    524616
ptp4l[7524.670]: master offset      53250 s2 freq -148091 path delay    524616
ptp4l[7525.672]: master offset     655879 s2 freq  -87172 path delay    524616
ptp4l[7526.673]: master offset    1201664 s2 freq  -31392 path delay    524616
ptp4l[7527.672]: master offset    -125491 s2 freq -164233 path delay    577699
ptp4l[7528.674]: master offset    -239275 s2 freq -175850 path delay    649207
ptp4l[7529.675]: master offset    -262880 s2 freq -178474 path delay    649207
ptp4l[7530.677]: master offset     -85832 s2 freq -160855 path delay    649207
ptp4l[7531.678]: master offset    -232723 s2 freq -175776 path delay    719419
ptp4l[7532.679]: master offset    -285030 s2 freq -181292 path delay    719419
ptp4l[7533.680]: master offset    -328708 s2 freq -185989 path delay    899032
ptp4l[7534.684]: master offset    1886638 s2 freq  +37433 path delay    719419
ptp4l[7535.686]: master offset    1322344 s2 freq  -17675 path delay    899032
ptp4l[7536.686]: master offset    1604660 s2 freq  +12162 path delay    899032
ptp4l[7537.685]: master offset    -563537 s2 freq -205221 path delay    899032
ptp4l[7538.687]: master offset    1211740 s2 freq  -26482 path delay    750284
ptp4l[7539.688]: master offset     859592 s2 freq  -60837 path delay   1106521
ptp4l[7540.689]: master offset     581580 s2 freq  -88057 path delay   1363288
ptp4l[7541.689]: master offset     322737 s2 freq -113618 path delay   1456582
ptp4l[7542.689]: master offset     433625 s2 freq -102096 path delay   1456582
ptp4l[7543.691]: master offset    -942847 s2 freq -240686 path delay   1456582
ptp4l[7544.692]: master offset     -10861 s2 freq -147498 path delay   1363288
ptp4l[7545.694]: master offset    -603913 s2 freq -207407 path delay   1363288
ptp4l[7546.694]: master offset    -240342 s2 freq -171291 path delay   1211775
ptp4l[7547.695]: master offset    -693264 s2 freq -217276 path delay    990204
ptp4l[7548.696]: master offset    -288110 s2 freq -177049 path delay    928376
ptp4l[7549.697]: master offset    -472801 s2 freq -195991 path delay    888390
ptp4l[7550.699]: master offset     -39753 s2 freq -152726 path delay    888390
ptp4l[7551.700]: master offset    -362474 s2 freq -185360 path delay    779850
ptp4l[7552.700]: master offset    -492747 s2 freq -198880 path delay    779850
ptp4l[7553.700]: master offset    -546081 s2 freq -204760 path delay    686450
