--- 14:43:04 ---
     remote           refid      st t when poll reach   delay   offset   jitter
===============================================================================
 boundary1       .INIT.          16 u    -   64    0   0.0000   0.0000   0.0001
--- 14:43:19 ---
     remote           refid      st t when poll reach   delay   offset   jitter
===============================================================================
 boundary1       .INIT.          16 u    -   64    0   0.0000   0.0000   0.0001
--- 14:43:34 ---
     remote           refid      st t when poll reach   delay   offset   jitter
===============================================================================
 boundary1       .INIT.          16 u    -   64    0   0.0000   0.0000   0.0001
--- 14:43:49 ---
     remote           refid      st t when poll reach   delay   offset   jitter
===============================================================================
 boundary1       .INIT.          16 u    -   64    0   0.0000   0.0000   0.0001
--- 14:44:05 ---
     remote           refid      st t when poll reach   delay   offset   jitter
===============================================================================
 boundary1       .INIT.          16 u    -   64    0   0.0000   0.0000   0.0001
--- 14:44:20 ---
     remote           refid      st t when poll reach   delay   offset   jitter
===============================================================================
 boundary1       .INIT.          16 u    -   64    0   0.0000   0.0000   0.0001
--- 14:44:35 ---
     remote           refid      st t when poll reach   delay   offset   jitter
===============================================================================
 boundary1       .INIT.          16 u    -   64    0   0.0000   0.0000   0.0001
--- 14:44:50 ---
     remote           refid      st t when poll reach   delay   offset   jitter
===============================================================================
 boundary1       .INIT.          16 u    -   64    0   0.0000   0.0000   0.0001
--- 14:45:05 ---
     remote           refid      st t when poll reach   delay   offset   jitter
===============================================================================
 boundary1       .INIT.          16 u    -   64    0   0.0000   0.0000   0.0001
--- 14:45:20 ---
     remote           refid      st t when poll reach   delay   offset   jitter
===============================================================================
 boundary1       .INIT.          16 u    -   64    0   0.0000   0.0000   0.0001
--- 14:45:35 ---
     remote           refid      st t when poll reach   delay   offset   jitter
===============================================================================
 boundary1       .INIT.          16 u    -   64    0   0.0000   0.0000   0.0001
--- 14:45:50 ---
     remote           refid      st t when poll reach   delay   offset   jitter
===============================================================================
 boundary1       .INIT.          16 u    -   64    0   0.0000   0.0000   0.0001
--- 14:46:05 ---
     remote           refid      st t when poll reach   delay   offset   jitter
===============================================================================
 boundary1       .INIT.          16 u    -   64    0   0.0000   0.0000   0.0001
--- 14:46:20 ---
     remote           refid      st t when poll reach   delay   offset   jitter
===============================================================================
 boundary1       .INIT.          16 u    -   64    0   0.0000   0.0000   0.0001
--- 14:46:35 ---
     remote           refid      st t when poll reach   delay   offset   jitter
===============================================================================
 boundary1       .INIT.          16 u    -   64    0   0.0000   0.0000   0.0001
--- 14:46:50 ---
     remote           refid      st t when poll reach   delay   offset   jitter
===============================================================================
 boundary1       .INIT.          16 u    -   64    0   0.0000   0.0000   0.0001
--- 14:47:05 ---
     remote           refid      st t when poll reach   delay   offset   jitter
===============================================================================
 boundary1       .INIT.          16 u    -   64    0   0.0000   0.0000   0.0001
--- 14:47:20 ---
     remote           refid      st t when poll reach   delay   offset   jitter
===============================================================================
 boundary1       .INIT.          16 u    -   64    0   0.0000   0.0000   0.0001
--- 14:47:35 ---
     remote           refid      st t when poll reach   delay   offset   jitter
===============================================================================
 boundary1       .INIT.          16 u    -   64    0   0.0000   0.0000   0.0001
--- 14:47:50 ---
     remote           refid      st t when poll reach   delay   offset   jitter
===============================================================================
 boundary1       .INIT.          16 u    -   64    0   0.0000   0.0000   0.0001
--- 14:48:06 ---
     remote           refid      st t when poll reach   delay   offset   jitter
===============================================================================
 boundary1       .INIT.          16 u    -   64    0   0.0000   0.0000   0.0001
--- 14:48:21 ---
     remote           refid      st t when poll reach   delay   offset   jitter
===============================================================================
 boundary1       .INIT.          16 u    -   64    0   0.0000   0.0000   0.0001
--- 14:48:36 ---
     remote           refid      st t when poll reach   delay   offset   jitter
===============================================================================
 boundary1       .INIT.          16 u    -   64    0   0.0000   0.0000   0.0001
--- 14:48:51 ---
     remote           refid      st t when poll reach   delay   offset   jitter
===============================================================================
 boundary1       .INIT.          16 u    -   64    0   0.0000   0.0000   0.0001
--- 14:49:06 ---
     remote           refid      st t when poll reach   delay   offset   jitter
===============================================================================
 boundary1       .INIT.          16 u    -   64    0   0.0000   0.0000   0.0001
--- 14:49:21 ---
     remote           refid      st t when poll reach   delay   offset   jitter
===============================================================================
 boundary1       .INIT.          16 u    -   64    0   0.0000   0.0000   0.0001
--- 14:49:36 ---
     remote           refid      st t when poll reach   delay   offset   jitter
===============================================================================
 boundary1       .INIT.          16 u    -   64    0   0.0000   0.0000   0.0001
--- 14:49:51 ---
     remote           refid      st t when poll reach   delay   offset   jitter
===============================================================================
 boundary1       .INIT.          16 u    -   64    0   0.0000   0.0000   0.0001
--- 14:50:06 ---
     remote           refid      st t when poll reach   delay   offset   jitter
===============================================================================
 boundary1       .INIT.          16 u    -   64    0   0.0000   0.0000   0.0001
--- 14:50:21 ---
     remote           refid      st t when poll reach   delay   offset   jitter
===============================================================================
 boundary1       .INIT.          16 u    -   64    0   0.0000   0.0000   0.0001
--- 14:50:36 ---
     remote           refid      st t when poll reach   delay   offset   jitter
===============================================================================
 boundary1       .INIT.          16 u    -   64    0   0.0000   0.0000   0.0001
--- 14:50:51 ---
     remote           refid      st t when poll reach   delay   offset   jitter
===============================================================================
 boundary1       .INIT.          16 u    -   64    0   0.0000   0.0000   0.0001
--- 14:51:06 ---
     remote           refid      st t when poll reach   delay   offset   jitter
===============================================================================
 boundary1       .INIT.          16 u    -   64    0   0.0000   0.0000   0.0001
--- 14:51:21 ---
     remote           refid      st t when poll reach   delay   offset   jitter
===============================================================================
 boundary1       .INIT.          16 u    -   64    0   0.0000   0.0000   0.0001
--- 14:51:36 ---
     remote           refid      st t when poll reach   delay   offset   jitter
===============================================================================
 boundary1       .INIT.          16 u    -   64    0   0.0000   0.0000   0.0001
--- 14:51:52 ---
     remote           refid      st t when poll reach   delay   offset   jitter
===============================================================================
 boundary1       .INIT.          16 u    -   64    0   0.0000   0.0000   0.0001
--- 14:52:07 ---
     remote           refid      st t when poll reach   delay   offset   jitter
===============================================================================
 boundary1       .INIT.          16 u    -   64    0   0.0000   0.0000   0.0001
--- 14:52:22 ---
     remote           refid      st t when poll reach   delay   offset   jitter
===============================================================================
*boundary1       10.0.10.4       10 u    5   64    1   7.4059  -2.9827   1.4405
--- 14:52:37 ---
     remote           refid      st t when poll reach   delay   offset   jitter
===============================================================================
*boundary1       10.0.10.4       10 u   20   64    1   7.4059  -2.9827   1.4405
--- 14:52:52 ---
     remote           refid      st t when poll reach   delay   offset   jitter
===============================================================================
*boundary1       10.0.10.4       10 u   35   64    1   7.4059  -2.9827   1.4405
--- 14:53:07 ---
     remote           refid      st t when poll reach   delay   offset   jitter
===============================================================================
*boundary1       10.0.10.4       10 u   50   64    1   7.4059  -2.9827   1.4405
--- 14:53:22 ---
     remote           refid      st t when poll reach   delay   offset   jitter
===============================================================================
*boundary1       10.0.10.4       10 u    6   64    3   7.2392  -2.8118   1.2682
--- 14:53:37 ---
     remote           refid      st t when poll reach   delay   offset   jitter
===============================================================================
*boundary1       10.0.10.4       10 u   21   64    3   7.2392  -2.8118   1.2682
--- 14:53:52 ---
     remote           refid      st t when poll reach   delay   offset   jitter
===============================================================================
*boundary1       10.0.10.4       10 u   36   64    3   7.2392  -2.8118   1.2682
--- 14:54:07 ---
     remote           refid      st t when poll reach   delay   offset   jitter
===============================================================================
*boundary1       10.0.10.4       10 u   51   64    3   7.2392  -2.8118   1.2682
--- 14:54:22 ---
     remote           refid      st t when poll reach   delay   offset   jitter
===============================================================================
*boundary1       10.0.10.4       10 u   66   64    3   7.2392  -2.8118   1.2682
--- 14:54:37 ---
     remote           refid      st t when poll reach   delay   offset   jitter
===============================================================================
*boundary1       10.0.10.4       10 u   12   64    7   7.7162  -3.2704   1.3417
--- 14:54:52 ---
     remote           refid      st t when poll reach   delay   offset   jitter
===============================================================================
*boundary1       10.0.10.4       10 u   27   64    7   7.7162  -3.2704   1.3417
--- 14:55:07 ---
     remote           refid      st t when poll reach   delay   offset   jitter
===============================================================================
*boundary1       10.0.10.4       10 u   42   64    7   7.7162  -3.2704   1.3417
--- 14:55:22 ---
     remote           refid      st t when poll reach   delay   offset   jitter
===============================================================================
*boundary1       10.0.10.4       10 u   57   64    7   7.7162  -3.2704   1.3417
--- 14:55:37 ---
     remote           refid      st t when poll reach   delay   offset   jitter
===============================================================================
*boundary1       10.0.10.4       10 u    6   64   17   8.5644  -3.4811   1.4405
--- 14:55:53 ---
     remote           refid      st t when poll reach   delay   offset   jitter
===============================================================================
*boundary1       10.0.10.4       10 u   21   64   17   8.5644  -3.4811   1.4405
--- 14:56:08 ---
     remote           refid      st t when poll reach   delay   offset   jitter
===============================================================================
*boundary1       10.0.10.4       10 u   36   64   17   8.5644  -3.4811   1.4405
--- 14:56:23 ---
     remote           refid      st t when poll reach   delay   offset   jitter
===============================================================================
*boundary1       10.0.10.4       10 u   52   64   17   8.5644  -3.4811   1.4405
--- 14:56:38 ---
     remote           refid      st t when poll reach   delay   offset   jitter
===============================================================================
*boundary1       10.0.10.4       10 u    -   64   37  10.0527  -4.1396   1.0339
--- 14:56:53 ---
     remote           refid      st t when poll reach   delay   offset   jitter
===============================================================================
*boundary1       10.0.10.4       10 u   15   64   37  10.0527  -4.1396   1.0339
--- 14:57:08 ---
     remote           refid      st t when poll reach   delay   offset   jitter
===============================================================================
*boundary1       10.0.10.4       10 u   30   64   37  10.0527  -4.1396   1.0339
--- 14:57:23 ---
     remote           refid      st t when poll reach   delay   offset   jitter
===============================================================================
*boundary1       10.0.10.4       10 u   45   64   37  10.0527  -4.1396   1.0339
--- 14:57:38 ---
     remote           refid      st t when poll reach   delay   offset   jitter
===============================================================================
*boundary1       10.0.10.4       10 u   60   64   37  10.0527  -4.1396   1.0339
--- 14:57:53 ---
     remote           refid      st t when poll reach   delay   offset   jitter
===============================================================================
*boundary1       10.0.10.4       10 u    6   64   77   7.4590  -2.9347   0.5497
--- 14:58:08 ---
     remote           refid      st t when poll reach   delay   offset   jitter
===============================================================================
*boundary1       10.0.10.4       10 u   21   64   77   7.4590  -2.9347   0.5497
--- 14:58:23 ---
     remote           refid      st t when poll reach   delay   offset   jitter
===============================================================================
*boundary1       10.0.10.4       10 u   36   64   77   7.4590  -2.9347   0.5497
--- 14:58:38 ---
     remote           refid      st t when poll reach   delay   offset   jitter
===============================================================================
*boundary1       10.0.10.4       10 u   51   64   77   7.4590  -2.9347   0.5497
--- 14:58:53 ---
     remote           refid      st t when poll reach   delay   offset   jitter
===============================================================================
*boundary1       10.0.10.4       10 u    -   64  177   7.8054  -3.0248   0.4959
--- 14:59:08 ---
     remote           refid      st t when poll reach   delay   offset   jitter
===============================================================================
*boundary1       10.0.10.4       10 u   15   64  177   7.8054  -3.0248   0.4959
--- 14:59:23 ---
     remote           refid      st t when poll reach   delay   offset   jitter
===============================================================================
*boundary1       10.0.10.4       10 u   30   64  177   7.8054  -3.0248   0.4959
--- 14:59:39 ---
     remote           refid      st t when poll reach   delay   offset   jitter
===============================================================================
*boundary1       10.0.10.4       10 u   45   64  177   7.8054  -3.0248   0.4959
--- 14:59:54 ---
     remote           refid      st t when poll reach   delay   offset   jitter
===============================================================================
*boundary1       10.0.10.4       10 u   60   64  177   7.8054  -3.0248   0.4959
--- 15:00:09 ---
     remote           refid      st t when poll reach   delay   offset   jitter
===============================================================================
*boundary1       10.0.10.4       10 u   10   64  377   7.7729  -3.0620   0.4578
--- 15:00:24 ---
     remote           refid      st t when poll reach   delay   offset   jitter
===============================================================================
*boundary1       10.0.10.4       10 u   25   64  377   7.7729  -3.0620   0.4578
--- 15:00:39 ---
     remote           refid      st t when poll reach   delay   offset   jitter
===============================================================================
*boundary1       10.0.10.4       10 u   40   64  377   7.7729  -3.0620   0.4578
--- 15:00:54 ---
     remote           refid      st t when poll reach   delay   offset   jitter
===============================================================================
*boundary1       10.0.10.4       10 u   55   64  377   7.7729  -3.0620   0.4578
--- 15:01:09 ---
     remote           refid      st t when poll reach   delay   offset   jitter
===============================================================================
*boundary1       10.0.10.4       10 u    4   64  377   7.7032  -3.0431   0.4647
--- 15:01:24 ---
     remote           refid      st t when poll reach   delay   offset   jitter
===============================================================================
*boundary1       10.0.10.4       10 u   19   64  377   7.7032  -3.0431   0.4647
--- 15:01:39 ---
     remote           refid      st t when poll reach   delay   offset   jitter
===============================================================================
*boundary1       10.0.10.4       10 u   34   64  377   7.7032  -3.0431   0.4647
--- 15:01:54 ---
     remote           refid      st t when poll reach   delay   offset   jitter
===============================================================================
*boundary1       10.0.10.4       10 u   49   64  377   7.7032  -3.0431   0.4647
--- 15:02:09 ---
     remote           refid      st t when poll reach   delay   offset   jitter
===============================================================================
*boundary1       10.0.10.4       10 u   64   64  377   7.7032  -3.0431   0.4647
--- 15:02:24 ---
     remote           refid      st t when poll reach   delay   offset   jitter
===============================================================================
*boundary1       10.0.10.4       10 u   13   64  377   7.0183  -2.6958   0.7022
--- 15:02:39 ---
     remote           refid      st t when poll reach   delay   offset   jitter
===============================================================================
*boundary1       10.0.10.4       10 u   28   64  377   7.0183  -2.6958   0.7022
--- 15:02:54 ---
     remote           refid      st t when poll reach   delay   offset   jitter
===============================================================================
*boundary1       10.0.10.4       10 u   43   64  377   7.0183  -2.6958   0.7022
--- 15:03:09 ---
     remote           refid      st t when poll reach   delay   offset   jitter
===============================================================================
*boundary1       10.0.10.4       10 u   58   64  377   7.0183  -2.6958   0.7022
--- 15:03:25 ---
     remote           refid      st t when poll reach   delay   offset   jitter
===============================================================================
*boundary1       10.0.10.4       10 u    5   64  377   7.0183  -2.6958   0.7325
--- 15:03:40 ---
     remote           refid      st t when poll reach   delay   offset   jitter
===============================================================================
*boundary1       10.0.10.4       10 u   20   64  377   7.0183  -2.6958   0.7325
--- 15:03:55 ---
     remote           refid      st t when poll reach   delay   offset   jitter
===============================================================================
*boundary1       10.0.10.4       10 u   35   64  377   7.0183  -2.6958   0.7325
--- 15:04:10 ---
     remote           refid      st t when poll reach   delay   offset   jitter
===============================================================================
*boundary1       10.0.10.4       10 u   51   64  377   7.0183  -2.6958   0.7325
--- 15:04:25 ---
     remote           refid      st t when poll reach   delay   offset   jitter
===============================================================================
*boundary1       10.0.10.4       10 u   66   64  377   7.0183  -2.6958   0.7325
--- 15:04:40 ---
     remote           refid      st t when poll reach   delay   offset   jitter
===============================================================================
*boundary1       10.0.10.4       10 u   14   64  377   7.0183  -2.6958   0.6877
--- 15:04:55 ---
     remote           refid      st t when poll reach   delay   offset   jitter
===============================================================================
*boundary1       10.0.10.4       10 u   29   64  377   7.0183  -2.6958   0.6877
--- 15:05:10 ---
     remote           refid      st t when poll reach   delay   offset   jitter
===============================================================================
*boundary1       10.0.10.4       10 u   44   64  377   7.0183  -2.6958   0.6877
--- 15:05:25 ---
     remote           refid      st t when poll reach   delay   offset   jitter
===============================================================================
*boundary1       10.0.10.4       10 u   59   64  377   7.0183  -2.6958   0.6877
--- 15:05:40 ---
     remote           refid      st t when poll reach   delay   offset   jitter
===============================================================================
*boundary1       10.0.10.4       10 u    8   64  377   6.3313  -2.5861   0.5152
--- 15:05:55 ---
     remote           refid      st t when poll reach   delay   offset   jitter
===============================================================================
*boundary1       10.0.10.4       10 u   23   64  377   6.3313  -2.5861   0.5152
--- 15:06:10 ---
     remote           refid      st t when poll reach   delay   offset   jitter
===============================================================================
*boundary1       10.0.10.4       10 u   38   64  377   6.3313  -2.5861   0.5152
--- 15:06:25 ---
     remote           refid      st t when poll reach   delay   offset   jitter
===============================================================================
*boundary1       10.0.10.4       10 u   53   64  377   6.3313  -2.5861   0.5152
--- 15:06:40 ---
     remote           refid      st t when poll reach   delay   offset   jitter
===============================================================================
*boundary1       10.0.10.4       10 u    1   64  377   6.3313  -2.5861   0.5052
--- 15:06:55 ---
     remote           refid      st t when poll reach   delay   offset   jitter
===============================================================================
*boundary1       10.0.10.4       10 u   16   64  377   6.3313  -2.5861   0.5052
--- 15:07:10 ---
     remote           refid      st t when poll reach   delay   offset   jitter
===============================================================================
*boundary1       10.0.10.4       10 u   31   64  377   6.3313  -2.5861   0.5052
--- 15:07:26 ---
     remote           refid      st t when poll reach   delay   offset   jitter
===============================================================================
*boundary1       10.0.10.4       10 u   46   64  377   6.3313  -2.5861   0.5052
--- 15:07:41 ---
     remote           refid      st t when poll reach   delay   offset   jitter
===============================================================================
*boundary1       10.0.10.4       10 u   61   64  377   6.3313  -2.5861   0.5052
--- 15:07:56 ---
     remote           refid      st t when poll reach   delay   offset   jitter
===============================================================================
*boundary1       10.0.10.4       10 u    8   64  377   6.3313  -2.5861   0.4781
