ptp4l[6699.190]: port 1: INITIALIZING to LISTENING on INIT_COMPLETE
ptp4l[6699.190]: port 2: INITIALIZING to LISTENING on INIT_COMPLETE
ptp4l[6699.190]: port 0: INITIALIZING to LISTENING on INIT_COMPLETE
ptp4l[6702.348]: port 1: new foreign master c2b817.fffe.e20dca-1
ptp4l[6706.168]: port 2: LISTENING to MASTER on ANNOUNCE_RECEIPT_TIMEOUT_EXPIRES
ptp4l[6706.169]: selected local clock 6e4a38.fffe.a49403 as best master
ptp4l[6706.169]: port 2: assuming the grand master role
ptp4l[6706.351]: selected best master clock c2b817.fffe.e20dca
ptp4l[6706.351]: foreign master not using PTP timescale
ptp4l[6706.352]: port 1: LISTENING to UNCALIBRATED on RS_SLAVE
ptp4l[6708.353]: master offset     919595 s0 freq +116920 path delay    901959
ptp4l[6709.354]: master offset     -87938 s0 freq +116920 path delay    901959
ptp4l[6710.354]: master offset     436671 s0 freq +116920 path delay    835906
ptp4l[6711.355]: master offset    -231966 s0 freq +116920 path delay    901959
ptp4l[6712.355]: master offset    -184568 s0 freq +116920 path delay    901959
ptp4l[6713.356]: master offset     -36600 s0 freq +116920 path delay    835906
ptp4l[6714.357]: master offset     186258 s0 freq +116920 path delay    835906
ptp4l[6715.356]: master offset     -28617 s0 freq +116920 path delay    901959
ptp4l[6716.355]: master offset    -664865 s0 freq +116920 path delay    932745
ptp4l[6717.357]: master offset    -170103 s0 freq +116920 path delay    963531
ptp4l[6718.358]: master offset     785529 s0 freq +116920 path delay    963531
ptp4l[6719.358]: master offset    -153491 s0 freq +116920 path delay   1000695
ptp4l[6720.359]: master offset    -384311 s0 freq +116920 path delay   1057389
ptp4l[6721.360]: master offset      92796 s0 freq +116920 path delay   1057389
ptp4l[6722.359]: master offset    -671650 s0 freq +116920 path delay   1082308
ptp4l[6723.362]: master offset    -576843 s0 freq +116920 path delay   1020225
ptp4l[6724.360]: master offset    -705905 s1 freq  +15381 path delay   1020225
ptp4l[6725.361]: master offset    -168321 s2 freq   -1619 path delay   1020225
ptp4l[6725.362]: port 1: UNCALIBRATED to SLAVE on MASTER_CLOCK_SELECTED
ptp4l[6726.361]: master offset    -535641 s2 freq  -38887 path delay   1020225
ptp4l[6727.363]: master offset    -384227 s2 freq  -24130 path delay   1020225
ptp4l[6728.363]: master offset    -159924 s2 freq   -1859 path delay    882525
ptp4l[6729.363]: master offset     182087 s2 freq  +32524 path delay    831158
ptp4l[6730.363]: master offset    -280102 s2 freq  -13975 path delay    732869
ptp4l[6731.363]: master offset    -349301 s2 freq  -21244 path delay    630295
ptp4l[6732.363]: master offset    -369131 s2 freq  -23597 path delay    630295
ptp4l[6733.364]: master offset    -205208 s2 freq   -7410 path delay    615606
ptp4l[6734.365]: master offset      99635 s2 freq  +23174 path delay    615606
ptp4l[6735.367]: master offset     167241 s2 freq  +30102 path delay    615606
ptp4l[6736.365]: master offset    -170297 s2 freq   -3822 path delay    615606
ptp4l[6737.367]: master offset     216018 s2 freq  +35026 path delay    615606
ptp4l[6738.367]: master offset    -103981 s2 freq   +2922 path delay    644972
ptp4l[6739.369]: master offset    1951383 s2 freq +210410 path delay    644972
ptp4l[6740.368]: master offset     -37369 s2 freq  +11497 path delay    730999
ptp4l[6741.369]: master offset     261682 s2 freq  +41664 path delay    757220
ptp4l[6742.368]: master offset    -598499 s2 freq  -44953 path delay    919254
ptp4l[6743.370]: master offset    -146378 s2 freq    +113 path delay    919254
ptp4l[6744.370]: master offset    -435517 s2 freq  -29236 path delay    919254
ptp4l[6745.372]: master offset     -35595 s2 freq  +10720 path delay    919254
ptp4l[6746.372]: master offset    -457997 s2 freq  -31978 path delay    919254
ptp4l[6747.374]: master offset    -162376 s2 freq   -2578 path delay    992959
ptp4l[6748.374]: master offset    -522721 s2 freq  -39136 path delay    992959
ptp4l[6749.376]: master offset     175636 s2 freq  +30876 path delay    917043
ptp4l[6750.376]: master offset    -421623 s2 freq  -29272 path delay    831521
ptp4l[6751.378]: master offset     161463 s2 freq  +29198 path delay    831521
ptp4l[6752.378]: master offset     -16426 s2 freq  +11393 path delay    836699
ptp4l[6753.378]: master offset    -389908 s2 freq  -26345 path delay    813691
ptp4l[6754.378]: master offset    -347197 s2 freq  -22421 path delay    813691
ptp4l[6755.380]: master offset     786209 s2 freq  +91706 path delay    764290
ptp4l[6756.379]: master offset    -488403 s2 freq  -36244 path delay    818869
ptp4l[6757.383]: master offset     113082 s2 freq  +24018 path delay    818869
ptp4l[6758.383]: master offset    -251871 s2 freq  -12730 path delay    818869
ptp4l[6759.385]: master offset     272837 s2 freq  +40014 path delay    816495
ptp4l[6760.385]: master offset    -136513 s2 freq   -1057 path delay    816495
ptp4l[6761.387]: master offset     142503 s2 freq  +26987 path delay    816495
ptp4l[6762.387]: master offset      95963 s2 freq  +22429 path delay    844925
ptp4l[6763.387]: master offset     190196 s2 freq  +32042 path delay    844925
ptp4l[6764.388]: master offset    -245211 s2 freq  -11744 path delay    881719
ptp4l[6765.388]: master offset    -330025 s2 freq  -20555 path delay    881719
ptp4l[6766.389]: master offset    -257320 s2 freq  -13542 path delay    844925
ptp4l[6767.390]: master offset    -202501 s2 freq   -8263 path delay    844925
ptp4l[6768.389]: master offset    -386811 s2 freq  -27080 path delay    817848
ptp4l[6769.391]: master offset     -83276 s2 freq   +3190 path delay    844925
ptp4l[6770.391]: master offset    -269629 s2 freq  -15715 path delay    844925
ptp4l[6771.391]: master offset     -13537 s2 freq   +9880 path delay    881719
ptp4l[6772.392]: master offset    -252722 s2 freq  -14291 path delay    881719
ptp4l[6773.393]: master offset     -48664 s2 freq   +6066 path delay    835018
ptp4l[6774.392]: master offset    -347919 s2 freq  -24207 path delay    835018
ptp4l[6775.393]: master offset    -325754 s2 freq  -22316 path delay    835018
ptp4l[6776.394]: master offset     711200 s2 freq  +82090 path delay    736112
ptp4l[6777.395]: master offset    1094568 s2 freq +121522 path delay    736112
ptp4l[6778.396]: master offset     692180 s2 freq  +81975 path delay    736112
ptp4l[6779.396]: master offset     183447 s2 freq  +31285 path delay    764088
ptp4l[6780.396]: master offset    -106814 s2 freq   +2152 path delay    783891
ptp4l[6781.396]: master offset      60339 s2 freq  +18928 path delay    800563
ptp4l[6782.396]: master offset    -332248 s2 freq  -20663 path delay    800563
ptp4l[6783.397]: master offset    -219696 s2 freq   -9628 path delay    800563
ptp4l[6784.397]: master offset    -210011 s2 freq   -8869 path delay    800563
ptp4l[6785.400]: master offset    1430221 s2 freq +156584 path delay    881536
ptp4l[6786.398]: master offset    -347838 s2 freq  -21569 path delay    993289
ptp4l[6787.400]: master offset     -65059 s2 freq   +6643 path delay    993289
ptp4l[6788.399]: master offset    -295016 s2 freq  -16647 path delay    928904
ptp4l[6789.401]: master offset    -309159 s2 freq  -18371 path delay    928904
ptp4l[6790.402]: master offset     188961 s2 freq  +31630 path delay    928904
ptp4l[6791.405]: master offset      83164 s2 freq  +21134 path delay    990344
ptp4l[6792.406]: master offset    2036907 s2 freq +218545 path delay    990344
ptp4l[6793.406]: master offset     922222 s2 freq +107999 path delay    990344
ptp4l[6794.405]: master offset    -471783 s2 freq  -31874 path delay   1046078
ptp4l[6795.405]: master offset    -351509 s2 freq  -20198 path delay    990344
ptp4l[6796.406]: master offset    -241323 s2 freq   -9420 path delay    990344
ptp4l[6797.406]: master offset    -221625 s2 freq   -7672 path delay    909085
ptp4l[6798.407]: master offset    -451665 s2 freq  -31128 path delay    924267
ptp4l[6799.407]: master offset     255824 s2 freq  +39877 path delay    924267
ptp4l[6800.407]: master offset    -512494 s2 freq  -37468 path delay    924267
ptp4l[6801.410]: master offset    2162815 s2 freq +232226 path delay    765696
ptp4l[6802.408]: master offset    -327540 s2 freq  -17137 path delay    765696
ptp4l[6803.350]: timed out while polling for tx timestamp
ptp4l[6803.350]: increasing tx_timestamp_timeout may correct this issue, but it is likely caused by a driver bug
ptp4l[6803.350]: port 2: send sync failed
ptp4l[6803.350]: port 2: MASTER to FAULTY on FAULT_DETECTED (FT_UNSPECIFIED)
ptp4l[6803.411]: master offset     121227 s2 freq  +27861 path delay    675453
ptp4l[6804.410]: master offset    -382569 s2 freq  -22901 path delay    701602
ptp4l[6805.412]: master offset     707660 s2 freq  +86829 path delay    661913
ptp4l[6806.411]: master offset    -262403 s2 freq  -10439 path delay    992585
ptp4l[6807.414]: master offset       3423 s2 freq  +16147 path delay   1129755
ptp4l[6808.413]: master offset    -699701 s2 freq  -54865 path delay   1231317
ptp4l[6809.417]: master offset    -685098 s2 freq  -54090 path delay   1097496
ptp4l[6810.419]: master offset     301455 s2 freq  +44867 path delay   1097496
ptp4l[6811.419]: master offset      41078 s2 freq  +18870 path delay   1097496
ptp4l[6812.420]: master offset    -399307 s2 freq  -25568 path delay   1068252
ptp4l[6813.420]: master offset    -116119 s2 freq   +2635 path delay    970724
ptp4l[6814.420]: master offset    -743616 s2 freq  -60858 path delay    935823
ptp4l[6815.420]: master offset    -583780 s2 freq  -45459 path delay    904675
ptp4l[6816.423]: master offset     349903 s2 freq  +48260 path delay    841996
ptp4l[6817.423]: master offset     321318 s2 freq  +45722 path delay    781379
ptp4l[6818.429]: master offset    6256330 s2 freq +645480 path delay    904675
ptp4l[6819.353]: port 2: FAULTY to LISTENING on INIT_COMPLETE
ptp4l[6819.428]: master offset    -200459 s2 freq    -399 path delay    909418
ptp4l[6820.430]: master offset     -71931 s2 freq  +12381 path delay    902640
ptp4l[6821.430]: master offset    -464979 s2 freq  -27388 path delay    902640
ptp4l[6822.432]: master offset     369770 s2 freq  +56456 path delay    902640
ptp4l[6823.432]: master offset    -323416 s2 freq  -13186 path delay    931049
ptp4l[6824.433]: master offset      29547 s2 freq  +22140 path delay    931049
ptp4l[6825.435]: master offset      57439 s2 freq  +24987 path delay    942081
ptp4l[6826.436]: master offset     -69311 s2 freq  +12243 path delay    942081
ptp4l[6827.039]: port 2: LISTENING to MASTER on ANNOUNCE_RECEIPT_TIMEOUT_EXPIRES
ptp4l[6827.039]: selected best master clock c2b817.fffe.e20dca
ptp4l[6827.040]: foreign master not using PTP timescale
ptp4l[6827.437]: master offset      37324 s2 freq  +22943 path delay    942081
ptp4l[6828.439]: master offset    -231389 s2 freq   -4159 path delay    942081
ptp4l[6829.439]: master offset    -564779 s2 freq  -38063 path delay    921322
ptp4l[6830.442]: master offset     657393 s2 freq  +84811 path delay    798538
ptp4l[6831.444]: master offset     764090 s2 freq  +96245 path delay    798538
ptp4l[6832.446]: master offset    -193741 s2 freq    +268 path delay    798538
ptp4l[6833.446]: master offset    1191296 s2 freq +139963 path delay    820550
ptp4l[6834.445]: master offset    -335437 s2 freq  -13045 path delay    820550
ptp4l[6835.448]: master offset    1907265 s2 freq +213132 path delay    820550
ptp4l[6836.449]: master offset    -426790 s2 freq  -20700 path delay    889095
ptp4l[6837.449]: master offset    -107747 s2 freq  +11096 path delay    889095
ptp4l[6838.451]: master offset     -79954 s2 freq  +13796 path delay    889095
ptp4l[6839.452]: master offset     -75590 s2 freq  +14157 path delay    831471
ptp4l[6840.452]: master offset    -456857 s2 freq  -24427 path delay    841522
ptp4l[6841.453]: master offset    -473367 s2 freq  -26551 path delay    841522
ptp4l[6842.454]: master offset    -531244 s2 freq  -32870 path delay   1079185
ptp4l[6843.454]: master offset    -343589 s2 freq  -14448 path delay    872569
ptp4l[6844.457]: master offset    -271373 s2 freq   -7498 path delay    872569
ptp4l[6845.457]: master offset    -521159 s2 freq  -32998 path delay    834173
ptp4l[6846.460]: master offset     544442 s2 freq  +74107 path delay    766291
ptp4l[6847.460]: master offset     704704 s2 freq  +90838 path delay    872569
ptp4l[6848.461]: master offset     -80615 s2 freq  +12225 path delay   1045330
ptp4l[6849.463]: master offset    -509614 s2 freq  -31185 path delay    958319
ptp4l[6850.465]: master offset    3176501 s2 freq +340604 path delay    958319
ptp4l[6851.464]: master offset     -61850 s2 freq  +16707 path delay   1144175
ptp4l[6852.466]: master offset    -466311 s2 freq  -24206 path delay   1144175
ptp4l[6853.467]: master offset      93304 s2 freq  +31849 path delay   1057164
ptp4l[6854.471]: master offset    1100359 s2 freq +133655 path delay   1057164
ptp4l[6855.470]: master offset    -671477 s2 freq  -44200 path delay   1487827
ptp4l[6856.470]: master offset    -720373 s2 freq  -49810 path delay   1487827
ptp4l[6857.470]: master offset    -630788 s2 freq  -41483 path delay   1487827
ptp4l[6858.473]: master offset    -324218 s2 freq  -11150 path delay   1487827
ptp4l[6859.476]: master offset     884942 s2 freq +110651 path delay   1575404
ptp4l[6860.477]: master offset    -586555 s2 freq  -37085 path delay   1531305
ptp4l[6861.477]: master offset    -395636 s2 freq  -18389 path delay   1487827
ptp4l[6862.480]: master offset    -786646 s2 freq  -58276 path delay   1487827
ptp4l[6863.480]: master offset    -737759 s2 freq  -54126 path delay   1487827
ptp4l[6864.483]: master offset     623664 s2 freq  +82640 path delay   1487827
ptp4l[6865.483]: master offset     -93468 s2 freq  +10834 path delay   1449166
ptp4l[6866.482]: master offset    -119309 s2 freq   +8130 path delay   1224443
ptp4l[6867.483]: master offset    -897258 s2 freq  -70562 path delay   1224443
ptp4l[6868.486]: master offset     -18018 s2 freq  +17344 path delay    986004
ptp4l[6869.486]: master offset    -509776 s2 freq  -32341 path delay    986004
ptp4l[6870.489]: master offset    -269193 s2 freq   -8552 path delay    937719
ptp4l[6871.490]: master offset    -421149 s2 freq  -24169 path delay    860007
ptp4l[6872.491]: master offset    -245919 s2 freq   -6892 path delay    860007
ptp4l[6873.492]: master offset      -8811 s2 freq  +16810 path delay    816846
ptp4l[6874.494]: master offset     933735 s2 freq +111998 path delay    816846
ptp4l[6875.494]: master offset     -81794 s2 freq  +10364 path delay    816846
ptp4l[6876.494]: master offset      33004 s2 freq  +21877 path delay    816846
ptp4l[6877.496]: master offset      46381 s2 freq  +23261 path delay    761597
ptp4l[6878.497]: master offset      85305 s2 freq  +27238 path delay    761597
ptp4l[6879.499]: master offset     129577 s2 freq  +31795 path delay    816602
ptp4l[6880.501]: master offset    -113810 s2 freq   +7343 path delay    834917
ptp4l[6881.502]: master offset    -104892 s2 freq   +8129 path delay    872559
ptp4l[6882.503]: master offset    -330878 s2 freq  -14800 path delay    872559
ptp4l[6883.507]: master offset    3156321 s2 freq +337076 path delay    872559
ptp4l[6884.506]: master offset     334998 s2 freq  +55279 path delay    961975
ptp4l[6885.507]: master offset      54055 s2 freq  +27239 path delay   1017976
ptp4l[6886.511]: master offset    1489591 s2 freq +172282 path delay   1029837
ptp4l[6887.509]: master offset    -326149 s2 freq   -9618 path delay   1049867
ptp4l[6888.511]: master offset     -52258 s2 freq  +17719 path delay   1049867
ptp4l[6889.514]: master offset    1978755 s2 freq +222799 path delay   1049867
ptp4l[6890.515]: master offset    2070811 s2 freq +234075 path delay   1196927
ptp4l[6891.516]: master offset     144483 s2 freq  +41587 path delay   1196927
ptp4l[6892.521]: master offset    3170096 s2 freq +347318 path delay   1196927
ptp4l[6893.520]: master offset    -534130 s2 freq  -23639 path delay   1472137
ptp4l[6894.524]: master offset    1186079 s2 freq +149568 path delay   1472137
ptp4l[6895.525]: master offset      35955 s2 freq  +34592 path delay   1472137
ptp4l[6896.527]: master offset     621768 s2 freq  +93795 path delay   1496332
ptp4l[6897.529]: master offset    -672572 s2 freq  -36312 path delay   1496332
ptp4l[6898.532]: master offset     530484 s2 freq  +84524 path delay   1496332
ptp4l[6899.534]: master offset    -423595 s2 freq  -11307 path delay   1646625
ptp4l[6900.535]: master offset   -1111576 s2 freq  -81217 path delay   1459432
ptp4l[6901.538]: master offset    -627683 s2 freq  -33455 path delay   1249370
ptp4l[6902.540]: master offset    -432103 s2 freq  -14329 path delay   1073952
ptp4l[6903.541]: master offset    -236697 s2 freq   +4975 path delay   1073952
ptp4l[6904.543]: master offset    -298793 s2 freq   -1534 path delay   1059234
ptp4l[6905.542]: master offset    -317927 s2 freq   -3765 path delay   1059234
ptp4l[6906.545]: master offset    -273236 s2 freq    +431 path delay    927912
ptp4l[6907.547]: master offset     290942 s2 freq  +57140 path delay    927912
ptp4l[6908.546]: master offset    -318964 s2 freq   -4170 path delay    936890
ptp4l[6909.548]: master offset      58999 s2 freq  +33685 path delay    892390
ptp4l[6910.550]: master offset    1663046 s2 freq +195753 path delay    860028
ptp4l[6911.551]: master offset      67035 s2 freq  +36219 path delay    860028
ptp4l[6912.552]: master offset     106139 s2 freq  +40236 path delay    913803
ptp4l[6913.554]: master offset     381246 s2 freq  +68128 path delay    904606
ptp4l[6914.554]: master offset    -119682 s2 freq  +17915 path delay    904606
ptp4l[6915.555]: master offset      87656 s2 freq  +38736 path delay    947360
ptp4l[6916.558]: master offset    -297735 s2 freq    -100 path delay    947360
ptp4l[6917.557]: master offset    -661215 s2 freq  -37110 path delay    947360
ptp4l[6918.559]: master offset    -362362 s2 freq   -7587 path delay    947360
ptp4l[6919.561]: master offset     -40508 s2 freq  +24558 path delay    947360
ptp4l[6920.562]: master offset     -73053 s2 freq  +21231 path delay    947360
ptp4l[6921.564]: master offset      81181 s2 freq  +36735 path delay    907747
ptp4l[6922.567]: master offset    -375841 s2 freq   -9343 path delay    907747
ptp4l[6923.568]: master offset     172283 s2 freq  +45642 path delay    907747
ptp4l[6924.570]: master offset    -503409 s2 freq  -22431 path delay   1001565
ptp4l[6925.573]: master offset     104681 s2 freq  +38483 path delay   1001565
ptp4l[6926.573]: master offset     381960 s2 freq  +66593 path delay    919607
ptp4l[6927.575]: master offset     213952 s2 freq  +50006 path delay    942641
ptp4l[6928.577]: master offset    -260098 s2 freq   +2341 path delay   1031885
ptp4l[6929.577]: master offset    -443838 s2 freq  -16477 path delay   1031885
ptp4l[6930.578]: master offset     -71068 s2 freq  +20729 path delay   1031885
ptp4l[6931.579]: master offset    -640890 s2 freq  -36894 path delay   1031885
ptp4l[6932.580]: master offset    -709342 s2 freq  -44449 path delay   1031885
ptp4l[6933.584]: master offset    -356593 s2 freq   -9530 path delay    944891
ptp4l[6934.586]: master offset     206228 s2 freq  +46958 path delay    773099
ptp4l[6935.587]: master offset    -312280 s2 freq   -5205 path delay    773099
ptp4l[6936.589]: master offset     484220 s2 freq  +74929 path delay    695285
ptp4l[6937.589]: master offset     -59843 s2 freq  +20463 path delay    695285
ptp4l[6938.592]: master offset      84100 s2 freq  +34941 path delay    695285
ptp4l[6939.594]: master offset      68495 s2 freq  +33449 path delay    695285
ptp4l[6940.595]: master offset      21184 s2 freq  +28739 path delay    706962
ptp4l[6941.596]: master offset     197237 s2 freq  +46542 path delay    706962
ptp4l[6942.598]: master offset     -40993 s2 freq  +22678 path delay    743035
ptp4l[6943.599]: master offset    -285890 s2 freq   -2098 path delay    817771
ptp4l[6944.601]: master offset      48105 s2 freq  +31350 path delay    817771
ptp4l[6945.602]: master offset     812033 s2 freq +108555 path delay    825170
ptp4l[6946.604]: master offset     686853 s2 freq  +96724 path delay    884176
ptp4l[6947.605]: master offset      43676 s2 freq  +32450 path delay    952892
ptp4l[6948.607]: master offset     459342 s2 freq  +74476 path delay    952892
ptp4l[6949.609]: master offset     239079 s2 freq  +52688 path delay    952892
ptp4l[6950.610]: master offset    -663605 s2 freq  -38244 path delay   1007655
ptp4l[6951.613]: master offset     227460 s2 freq  +51090 path delay   1007655
ptp4l[6952.614]: master offset    -367560 s2 freq   -8779 path delay   1006007
