--- 07:16:23 ---
     remote           refid      st t when poll reach   delay   offset   jitter
===============================================================================
 boundary1       .INIT.          16 u    -   64    0   0.0000   0.0000   0.0002
--- 07:16:38 ---
     remote           refid      st t when poll reach   delay   offset   jitter
===============================================================================
 boundary1       .INIT.          16 u    -   64    0   0.0000   0.0000   0.0002
--- 07:16:54 ---
     remote           refid      st t when poll reach   delay   offset   jitter
===============================================================================
 boundary1       .INIT.          16 u    -   64    0   0.0000   0.0000   0.0002
--- 07:17:09 ---
     remote           refid      st t when poll reach   delay   offset   jitter
===============================================================================
 boundary1       .INIT.          16 u    -   64    0   0.0000   0.0000   0.0002
--- 07:17:24 ---
     remote           refid      st t when poll reach   delay   offset   jitter
===============================================================================
 boundary1       .INIT.          16 u    -   64    0   0.0000   0.0000   0.0002
--- 07:17:39 ---
     remote           refid      st t when poll reach   delay   offset   jitter
===============================================================================
 boundary1       .INIT.          16 u    -   64    0   0.0000   0.0000   0.0002
--- 07:17:54 ---
     remote           refid      st t when poll reach   delay   offset   jitter
===============================================================================
 boundary1       .INIT.          16 u    -   64    0   0.0000   0.0000   0.0002
--- 07:18:09 ---
     remote           refid      st t when poll reach   delay   offset   jitter
===============================================================================
 boundary1       .INIT.          16 u    -   64    0   0.0000   0.0000   0.0002
--- 07:18:24 ---
     remote           refid      st t when poll reach   delay   offset   jitter
===============================================================================
 boundary1       .INIT.          16 u    -   64    0   0.0000   0.0000   0.0002
--- 07:18:39 ---
     remote           refid      st t when poll reach   delay   offset   jitter
===============================================================================
 boundary1       .INIT.          16 u    -   64    0   0.0000   0.0000   0.0002
--- 07:18:54 ---
     remote           refid      st t when poll reach   delay   offset   jitter
===============================================================================
 boundary1       .INIT.          16 u    -   64    0   0.0000   0.0000   0.0002
--- 07:19:09 ---
     remote           refid      st t when poll reach   delay   offset   jitter
===============================================================================
 boundary1       .INIT.          16 u    -   64    0   0.0000   0.0000   0.0002
--- 07:19:24 ---
     remote           refid      st t when poll reach   delay   offset   jitter
===============================================================================
 boundary1       .INIT.          16 u    -   64    0   0.0000   0.0000   0.0002
--- 07:19:39 ---
     remote           refid      st t when poll reach   delay   offset   jitter
===============================================================================
 boundary1       .INIT.          16 u    -   64    0   0.0000   0.0000   0.0002
--- 07:19:54 ---
     remote           refid      st t when poll reach   delay   offset   jitter
===============================================================================
 boundary1       .INIT.          16 u    -   64    0   0.0000   0.0000   0.0002
--- 07:20:09 ---
     remote           refid      st t when poll reach   delay   offset   jitter
===============================================================================
 boundary1       .INIT.          16 u    -   64    0   0.0000   0.0000   0.0002
--- 07:20:24 ---
     remote           refid      st t when poll reach   delay   offset   jitter
===============================================================================
 boundary1       .INIT.          16 u    -   64    0   0.0000   0.0000   0.0002
--- 07:20:40 ---
     remote           refid      st t when poll reach   delay   offset   jitter
===============================================================================
 boundary1       .INIT.          16 u    -   64    0   0.0000   0.0000   0.0002
--- 07:20:55 ---
     remote           refid      st t when poll reach   delay   offset   jitter
===============================================================================
 boundary1       .INIT.          16 u    -   64    0   0.0000   0.0000   0.0002
--- 07:21:10 ---
     remote           refid      st t when poll reach   delay   offset   jitter
===============================================================================
 boundary1       .INIT.          16 u    -   64    0   0.0000   0.0000   0.0002
--- 07:21:25 ---
     remote           refid      st t when poll reach   delay   offset   jitter
===============================================================================
 boundary1       .INIT.          16 u    -   64    0   0.0000   0.0000   0.0002
--- 07:21:40 ---
     remote           refid      st t when poll reach   delay   offset   jitter
===============================================================================
 boundary1       .INIT.          16 u    -   64    0   0.0000   0.0000   0.0002
--- 07:21:55 ---
     remote           refid      st t when poll reach   delay   offset   jitter
===============================================================================
 boundary1       .INIT.          16 u    -   64    0   0.0000   0.0000   0.0002
--- 07:22:10 ---
     remote           refid      st t when poll reach   delay   offset   jitter
===============================================================================
 boundary1       .INIT.          16 u    -   64    0   0.0000   0.0000   0.0002
--- 07:22:25 ---
     remote           refid      st t when poll reach   delay   offset   jitter
===============================================================================
 boundary1       .INIT.          16 u    -   64    0   0.0000   0.0000   0.0002
--- 07:22:40 ---
     remote           refid      st t when poll reach   delay   offset   jitter
===============================================================================
 boundary1       .INIT.          16 u    -   64    0   0.0000   0.0000   0.0002
--- 07:22:55 ---
     remote           refid      st t when poll reach   delay   offset   jitter
===============================================================================
 boundary1       .INIT.          16 u    -   64    0   0.0000   0.0000   0.0002
--- 07:23:10 ---
     remote           refid      st t when poll reach   delay   offset   jitter
===============================================================================
 boundary1       .INIT.          16 u    -   64    0   0.0000   0.0000   0.0002
--- 07:23:25 ---
     remote           refid      st t when poll reach   delay   offset   jitter
===============================================================================
 boundary1       .INIT.          16 u    -   64    0   0.0000   0.0000   0.0002
--- 07:23:40 ---
     remote           refid      st t when poll reach   delay   offset   jitter
===============================================================================
 boundary1       .INIT.          16 u    -   64    0   0.0000   0.0000   0.0002
--- 07:23:55 ---
     remote           refid      st t when poll reach   delay   offset   jitter
===============================================================================
 boundary1       .INIT.          16 u    -   64    0   0.0000   0.0000   0.0002
--- 07:24:10 ---
     remote           refid      st t when poll reach   delay   offset   jitter
===============================================================================
 boundary1       .INIT.          16 u    -   64    0   0.0000   0.0000   0.0002
--- 07:24:25 ---
     remote           refid      st t when poll reach   delay   offset   jitter
===============================================================================
 boundary1       .INIT.          16 u    -   64    0   0.0000   0.0000   0.0002
--- 07:24:41 ---
     remote           refid      st t when poll reach   delay   offset   jitter
===============================================================================
 boundary1       .INIT.          16 u    -   64    0   0.0000   0.0000   0.0002
--- 07:24:56 ---
     remote           refid      st t when poll reach   delay   offset   jitter
===============================================================================
 boundary1       .INIT.          16 u    -   64    0   0.0000   0.0000   0.0002
--- 07:25:11 ---
     remote           refid      st t when poll reach   delay   offset   jitter
===============================================================================
 boundary1       .INIT.          16 u    -   64    0   0.0000   0.0000   0.0002
--- 07:25:26 ---
     remote           refid      st t when poll reach   delay   offset   jitter
===============================================================================
 boundary1       .INIT.          16 u    -   64    0   0.0000   0.0000   0.0002
--- 07:25:41 ---
     remote           refid      st t when poll reach   delay   offset   jitter
===============================================================================
 boundary1       10.0.10.4       10 u    1  128    1  69.4776 -32.0652   8.0056
--- 07:25:56 ---
     remote           refid      st t when poll reach   delay   offset   jitter
===============================================================================
*boundary1       10.0.10.4       10 u   10   64    1   1.5056   0.5582  32.5031
--- 07:26:11 ---
     remote           refid      st t when poll reach   delay   offset   jitter
===============================================================================
*boundary1       10.0.10.4       10 u   25   64    1   1.5056   0.5582  32.5031
--- 07:26:26 ---
     remote           refid      st t when poll reach   delay   offset   jitter
===============================================================================
*boundary1       10.0.10.4       10 u   40   64    1   1.5056   0.5582  32.5031
--- 07:26:41 ---
     remote           refid      st t when poll reach   delay   offset   jitter
===============================================================================
*boundary1       10.0.10.4       10 u   55   64    1   1.5056   0.5582  32.5031
--- 07:26:56 ---
     remote           refid      st t when poll reach   delay   offset   jitter
===============================================================================
*boundary1       10.0.10.4       10 u   12   64    3   0.9456   0.2579  29.4013
--- 07:27:11 ---
     remote           refid      st t when poll reach   delay   offset   jitter
===============================================================================
*boundary1       10.0.10.4       10 u   27   64    3   0.9456   0.2579  29.4013
--- 07:27:26 ---
     remote           refid      st t when poll reach   delay   offset   jitter
===============================================================================
*boundary1       10.0.10.4       10 u   42   64    3   0.9456   0.2579  29.4013
--- 07:27:41 ---
     remote           refid      st t when poll reach   delay   offset   jitter
===============================================================================
*boundary1       10.0.10.4       10 u   57   64    3   0.9456   0.2579  29.4013
--- 07:27:56 ---
     remote           refid      st t when poll reach   delay   offset   jitter
===============================================================================
*boundary1       10.0.10.4       10 u    3   64    7   1.2430   0.3821  27.3236
--- 07:28:11 ---
     remote           refid      st t when poll reach   delay   offset   jitter
===============================================================================
*boundary1       10.0.10.4       10 u   19   64    7   1.2430   0.3821  27.3236
--- 07:28:26 ---
     remote           refid      st t when poll reach   delay   offset   jitter
===============================================================================
*boundary1       10.0.10.4       10 u   34   64    7   1.2430   0.3821  27.3236
--- 07:28:42 ---
     remote           refid      st t when poll reach   delay   offset   jitter
===============================================================================
*boundary1       10.0.10.4       10 u   49   64    7   1.2430   0.3821  27.3236
--- 07:28:57 ---
     remote           refid      st t when poll reach   delay   offset   jitter
===============================================================================
*boundary1       10.0.10.4       10 u   64   64    7   1.2430   0.3821  27.3236
--- 07:29:12 ---
     remote           refid      st t when poll reach   delay   offset   jitter
===============================================================================
*boundary1       10.0.10.4       10 u   13   64   17   1.7257   0.4163  23.8860
--- 07:29:27 ---
     remote           refid      st t when poll reach   delay   offset   jitter
===============================================================================
*boundary1       10.0.10.4       10 u   28   64   17   1.7257   0.4163  23.8860
--- 07:29:42 ---
     remote           refid      st t when poll reach   delay   offset   jitter
===============================================================================
*boundary1       10.0.10.4       10 u   43   64   17   1.7257   0.4163  23.8860
--- 07:29:57 ---
     remote           refid      st t when poll reach   delay   offset   jitter
===============================================================================
*boundary1       10.0.10.4       10 u   58   64   17   1.7257   0.4163  23.8860
--- 07:30:12 ---
     remote           refid      st t when poll reach   delay   offset   jitter
===============================================================================
*boundary1       10.0.10.4       10 u    7   64   37   0.8178   0.0883  22.2476
--- 07:30:27 ---
     remote           refid      st t when poll reach   delay   offset   jitter
===============================================================================
*boundary1       10.0.10.4       10 u   22   64   37   0.8178   0.0883  22.2476
--- 07:30:42 ---
     remote           refid      st t when poll reach   delay   offset   jitter
===============================================================================
*boundary1       10.0.10.4       10 u   37   64   37   0.8178   0.0883  22.2476
--- 07:30:57 ---
     remote           refid      st t when poll reach   delay   offset   jitter
===============================================================================
*boundary1       10.0.10.4       10 u   52   64   37   0.8178   0.0883  22.2476
--- 07:31:12 ---
     remote           refid      st t when poll reach   delay   offset   jitter
===============================================================================
*boundary1       10.0.10.4       10 u    1   64   77  78.3077 -37.7086  32.2378
--- 07:31:27 ---
     remote           refid      st t when poll reach   delay   offset   jitter
===============================================================================
*boundary1       10.0.10.4       10 u   16   64   77  78.3077 -37.7086  32.2378
--- 07:31:42 ---
     remote           refid      st t when poll reach   delay   offset   jitter
===============================================================================
*boundary1       10.0.10.4       10 u   31   64   77  78.3077 -37.7086  32.2378
--- 07:31:57 ---
     remote           refid      st t when poll reach   delay   offset   jitter
===============================================================================
*boundary1       10.0.10.4       10 u   46   64   77  78.3077 -37.7086  32.2378
--- 07:32:12 ---
     remote           refid      st t when poll reach   delay   offset   jitter
===============================================================================
*boundary1       10.0.10.4       10 u   61   64   77  78.3077 -37.7086  32.2378
--- 07:32:28 ---
     remote           refid      st t when poll reach   delay   offset   jitter
===============================================================================
*boundary1       10.0.10.4       10 u   11   64  177  67.1554 -32.6870  28.0395
--- 07:32:43 ---
     remote           refid      st t when poll reach   delay   offset   jitter
===============================================================================
*boundary1       10.0.10.4       10 u   26   64  177  67.1554 -32.6870  28.0395
--- 07:32:58 ---
     remote           refid      st t when poll reach   delay   offset   jitter
===============================================================================
*boundary1       10.0.10.4       10 u   41   64  177  67.1554 -32.6870  28.0395
--- 07:33:13 ---
     remote           refid      st t when poll reach   delay   offset   jitter
===============================================================================
*boundary1       10.0.10.4       10 u   56   64  177  67.1554 -32.6870  28.0395
--- 07:33:28 ---
     remote           refid      st t when poll reach   delay   offset   jitter
===============================================================================
*boundary1       10.0.10.4       10 u    3   64  377  45.9631 -21.8742  20.1255
--- 07:33:43 ---
     remote           refid      st t when poll reach   delay   offset   jitter
===============================================================================
*boundary1       10.0.10.4       10 u   18   64  377  45.9631 -21.8742  20.1255
--- 07:33:58 ---
     remote           refid      st t when poll reach   delay   offset   jitter
===============================================================================
*boundary1       10.0.10.4       10 u   33   64  377  45.9631 -21.8742  20.1255
--- 07:34:13 ---
     remote           refid      st t when poll reach   delay   offset   jitter
===============================================================================
*boundary1       10.0.10.4       10 u   48   64  377  45.9631 -21.8742  20.1255
--- 07:34:28 ---
     remote           refid      st t when poll reach   delay   offset   jitter
===============================================================================
*boundary1       10.0.10.4       10 u   63   64  377  45.9631 -21.8742  20.1255
--- 07:34:43 ---
     remote           refid      st t when poll reach   delay   offset   jitter
===============================================================================
*boundary1       10.0.10.4       10 u   12   64  377   1.6465   0.6303  20.9997
--- 07:34:58 ---
     remote           refid      st t when poll reach   delay   offset   jitter
===============================================================================
*boundary1       10.0.10.4       10 u   27   64  377   1.6465   0.6303  20.9997
--- 07:35:13 ---
     remote           refid      st t when poll reach   delay   offset   jitter
===============================================================================
*boundary1       10.0.10.4       10 u   42   64  377   1.6465   0.6303  20.9997
--- 07:35:28 ---
     remote           refid      st t when poll reach   delay   offset   jitter
===============================================================================
*boundary1       10.0.10.4       10 u   57   64  377   1.6465   0.6303  20.9997
--- 07:35:43 ---
     remote           refid      st t when poll reach   delay   offset   jitter
===============================================================================
*boundary1       10.0.10.4       10 u    6   64  377  57.8372 -27.7149  21.7650
--- 07:35:58 ---
     remote           refid      st t when poll reach   delay   offset   jitter
===============================================================================
*boundary1       10.0.10.4       10 u   21   64  377  57.8372 -27.7149  21.7650
--- 07:36:14 ---
     remote           refid      st t when poll reach   delay   offset   jitter
===============================================================================
*boundary1       10.0.10.4       10 u   37   64  377  57.8372 -27.7149  21.7650
--- 07:36:29 ---
     remote           refid      st t when poll reach   delay   offset   jitter
===============================================================================
*boundary1       10.0.10.4       10 u   52   64  377  57.8372 -27.7149  21.7650
--- 07:36:44 ---
     remote           refid      st t when poll reach   delay   offset   jitter
===============================================================================
*boundary1       10.0.10.4       10 u   67   64  377  57.8372 -27.7149  21.7650
--- 07:36:59 ---
     remote           refid      st t when poll reach   delay   offset   jitter
===============================================================================
*boundary1       10.0.10.4       10 u   14   64  377   0.8178   0.0883  26.3229
--- 07:37:14 ---
     remote           refid      st t when poll reach   delay   offset   jitter
===============================================================================
*boundary1       10.0.10.4       10 u   29   64  377   0.8178   0.0883  26.3229
--- 07:37:29 ---
     remote           refid      st t when poll reach   delay   offset   jitter
===============================================================================
*boundary1       10.0.10.4       10 u   44   64  377   0.8178   0.0883  26.3229
--- 07:37:44 ---
     remote           refid      st t when poll reach   delay   offset   jitter
===============================================================================
*boundary1       10.0.10.4       10 u   59   64  377   0.8178   0.0883  26.3229
--- 07:37:59 ---
     remote           refid      st t when poll reach   delay   offset   jitter
===============================================================================
*boundary1       10.0.10.4       10 u   74   64  376   0.8178   0.0883  26.3229
--- 07:38:14 ---
     remote           refid      st t when poll reach   delay   offset   jitter
===============================================================================
*boundary1       10.0.10.4       10 u   89   64  376   0.8178   0.0883  26.3229
--- 07:38:29 ---
     remote           refid      st t when poll reach   delay   offset   jitter
===============================================================================
*boundary1       10.0.10.4       10 u  104   64  376   0.8178   0.0883  26.3229
--- 07:38:44 ---
     remote           refid      st t when poll reach   delay   offset   jitter
===============================================================================
*boundary1       10.0.10.4       10 u  119   64  376   0.8178   0.0883  26.3229
--- 07:38:59 ---
     remote           refid      st t when poll reach   delay   offset   jitter
===============================================================================
*boundary1       10.0.10.4       10 u    -   64  375   0.8178   0.0883  27.6831
--- 07:39:14 ---
     remote           refid      st t when poll reach   delay   offset   jitter
===============================================================================
*boundary1       10.0.10.4       10 u   15   64  375   0.8178   0.0883  27.6831
--- 07:39:29 ---
     remote           refid      st t when poll reach   delay   offset   jitter
===============================================================================
*boundary1       10.0.10.4       10 u   30   64  375   0.8178   0.0883  27.6831
--- 07:39:44 ---
     remote           refid      st t when poll reach   delay   offset   jitter
===============================================================================
*boundary1       10.0.10.4       10 u   45   64  375   0.8178   0.0883  27.6831
--- 07:39:59 ---
     remote           refid      st t when poll reach   delay   offset   jitter
===============================================================================
*boundary1       10.0.10.4       10 u   61   64  375   0.8178   0.0883  27.6831
--- 07:40:15 ---
     remote           refid      st t when poll reach   delay   offset   jitter
===============================================================================
*boundary1       10.0.10.4       10 u   10   64  373   1.6465   0.6303  31.6638
--- 07:40:30 ---
     remote           refid      st t when poll reach   delay   offset   jitter
===============================================================================
*boundary1       10.0.10.4       10 u   25   64  373   1.6465   0.6303  31.6638
--- 07:40:45 ---
     remote           refid      st t when poll reach   delay   offset   jitter
===============================================================================
*boundary1       10.0.10.4       10 u   40   64  373   1.6465   0.6303  31.6638
--- 07:41:00 ---
     remote           refid      st t when poll reach   delay   offset   jitter
===============================================================================
*boundary1       10.0.10.4       10 u   55   64  373   1.6465   0.6303  31.6638
--- 07:41:15 ---
     remote           refid      st t when poll reach   delay   offset   jitter
===============================================================================
*boundary1       10.0.10.4       10 u   70   64  366   1.6465   0.6303  31.6638
