ptp4l[13923.700]: port 1: INITIALIZING to LISTENING on INIT_COMPLETE
ptp4l[13923.700]: port 0: INITIALIZING to LISTENING on INIT_COMPLETE
ptp4l[13926.467]: port 1: new foreign master be9060.fffe.3d2c15-2
ptp4l[13930.486]: selected best master clock ae97c9.fffe.4d569a
ptp4l[13930.486]: foreign master not using PTP timescale
ptp4l[13930.486]: port 1: LISTENING to UNCALIBRATED on RS_SLAVE
ptp4l[13933.497]: rms 477841 max 668191 freq -5725138 +/-   0 delay 725594 +/-   0
ptp4l[13935.505]: rms 313066 max 379825 freq -5725138 +/-   0 delay 919366 +/- 68509
ptp4l[13937.501]: rms 115855 max 154324 freq -5725138 +/-   0 delay 725594 +/-   0
ptp4l[13939.502]: rms 112335 max 158804 freq -5725138 +/-   0 delay 672428 +/- 17722
ptp4l[13941.517]: rms 178057 max 224658 freq -5725138 +/-   0 delay 672428 +/- 17722
ptp4l[13943.514]: rms 341121 max 368102 freq -5725138 +/-   0 delay 610006 +/- 20023
ptp4l[13945.501]: rms 126292 max 178594 freq -5725138 +/-   0 delay 589644 +/-   0
ptp4l[13947.533]: rms 379610 max 496694 freq -5725138 +/-   0 delay 606079 +/-   0
ptp4l[13949.529]: rms 149120 max 204964 freq -5718001 +/- 10351 delay 606079 +/-   0
ptp4l[13949.529]: port 1: UNCALIBRATED to SLAVE on MASTER_CLOCK_SELECTED
ptp4l[13951.535]: rms 951898 max 1279548 freq -5641766 +/- 42853 delay 632010 +/- 21340
ptp4l[13953.536]: rms 182032 max 248829 freq -5710426 +/- 9109 delay 659395 +/-   0
ptp4l[13955.538]: rms 139038 max 184536 freq -5720152 +/- 12655 delay 691324 +/- 7356
ptp4l[13957.537]: rms 21247 max 22479 freq -5725878 +/- 2131 delay 684655 +/- 11181
ptp4l[13959.547]: rms 6042348 max 8540162 freq -5309655 +/- 445904 delay 763248 +/-   0
ptp4l[13961.555]: rms 256434 max 303102 freq -5712616 +/- 25262 delay 794576 +/- 34118
ptp4l[13963.557]: rms 153249 max 189198 freq -5721827 +/- 14840 delay 794576 +/- 34118
ptp4l[13965.563]: rms 116255 max 157342 freq -5723261 +/- 10330 delay 831221 +/-   0
ptp4l[13967.569]: rms 215012 max 263731 freq -5712050 +/- 20830 delay 836470 +/- 12613
ptp4l[13969.560]: rms 294068 max 353455 freq -5746770 +/- 6893 delay 827551 +/-   0
ptp4l[13971.557]: rms 250121 max 353725 freq -5700264 +/- 17673 delay 712635 +/- 49720
ptp4l[13973.567]: rms 344232 max 405503 freq -5710885 +/- 33878 delay 653476 +/-   0
ptp4l[13975.575]: rms 180816 max 187170 freq -5699489 +/- 741 delay 665929 +/- 32078
ptp4l[13977.570]: rms 678208 max 866080 freq -5652711 +/- 23131 delay 769240 +/- 30736
ptp4l[13979.570]: rms 160412 max 218711 freq -5708215 +/- 14057 delay 877773 +/- 26008
ptp4l[13981.584]: rms 375348 max 530772 freq -5743465 +/- 26172 delay 983153 +/- 39686
ptp4l[13983.586]: rms 572500 max 746533 freq -5770249 +/- 22031 delay 1002996 +/-   0
ptp4l[13985.590]: rms 345846 max 457170 freq -5703405 +/- 31778 delay 895263 +/-   0
ptp4l[13987.598]: rms 450141 max 626639 freq -5679978 +/- 26038 delay 794305 +/-   0
ptp4l[13989.592]: rms 1026517 max 1427439 freq -5657156 +/- 84723 delay 794305 +/-   0
ptp4l[13991.607]: rms 1482817 max 1971233 freq -5579411 +/- 63779 delay 747971 +/- 2645
ptp4l[13993.590]: rms 230562 max 315814 freq -5732840 +/- 11893 delay 750616 +/-   0
ptp4l[13995.590]: rms 7966 max 10262 freq -5712871 +/- 751 delay 750616 +/-   0
ptp4l[13997.617]: rms 387996 max 545302 freq -5682253 +/- 24182 delay 750616 +/-   0
ptp4l[13999.616]: rms 155295 max 209798 freq -5719960 +/- 13770 delay 715930 +/- 40922
ptp4l[14001.627]: rms 525505 max 660691 freq -5661805 +/- 15850 delay 658467 +/-   0
ptp4l[14003.630]: rms 154908 max 212589 freq -5703513 +/- 13301 delay 694908 +/-   0
ptp4l[14005.622]: rms 119611 max 169120 freq -5719975 +/- 8630 delay 674016 +/-   0
ptp4l[14007.632]: rms 182665 max 245452 freq -5703239 +/- 16340 delay 681017 +/- 28754
ptp4l[14009.633]: rms 155308 max 165554 freq -5695803 +/- 1144 delay 723636 +/-   0
ptp4l[14011.632]: rms 230016 max 292254 freq -5733258 +/- 7617 delay 671071 +/- 11999
ptp4l[14013.636]: rms 169581 max 211987 freq -5706502 +/- 16263 delay 659178 +/-   0
ptp4l[14015.634]: rms 395465 max 552477 freq -5688083 +/- 32246 delay 642430 +/-   0
ptp4l[14017.632]: rms 522307 max 601247 freq -5658839 +/- 8909 delay 642430 +/-   0
ptp4l[14019.649]: rms 211177 max 231497 freq -5688720 +/- 2046 delay 652974 +/- 10544
ptp4l[14021.651]: rms 110759 max 143406 freq -5699179 +/- 4092 delay 676378 +/-   0
ptp4l[14023.646]: rms 5399809 max 7628771 freq -5306676 +/- 368098 delay 657979 +/- 18399
ptp4l[14025.659]: rms 344341 max 463583 freq -5670440 +/- 15956 delay 725145 +/-   0
ptp4l[14027.657]: rms 517130 max 731131 freq -5663045 +/- 36063 delay 725145 +/-   0
ptp4l[14029.661]: rms 38127 max 53819 freq -5702644 +/- 2883 delay 700762 +/- 24384
ptp4l[14031.665]: rms 305866 max 416799 freq -5715559 +/- 26683 delay 671721 +/- 21363
ptp4l[14033.667]: rms 726208 max 933748 freq -5674421 +/- 68283 delay 771126 +/-   0
ptp4l[14035.670]: rms 265943 max 267322 freq -5672947 +/-   6 delay 659074 +/- 6210
ptp4l[14037.670]: rms 134740 max 181531 freq -5705621 +/- 12064 delay 751821 +/- 37518
ptp4l[14039.678]: rms 227079 max 242701 freq -5701063 +/- 22771 delay 707199 +/- 25587
ptp4l[14041.686]: rms 425343 max 594681 freq -5664666 +/- 25164 delay 725292 +/-   0
ptp4l[14043.694]: rms 183895 max 258738 freq -5687152 +/- 14379 delay 735986 +/- 31303
ptp4l[14045.679]: rms 153432 max 205745 freq -5684741 +/- 6944 delay 726900 +/-   0
ptp4l[14047.693]: rms 840098 max 1180383 freq -5644990 +/- 65836 delay 773384 +/- 46484
ptp4l[14049.687]: rms 102320 max 123633 freq -5687249 +/- 2484 delay 726900 +/-   0
ptp4l[14051.702]: rms 175751 max 244983 freq -5682515 +/- 10130 delay 731073 +/- 239
ptp4l[14053.706]: rms 226657 max 320333 freq -5679920 +/- 15433 delay 701112 +/- 7698
ptp4l[14055.717]: rms 111511 max 157526 freq -5688850 +/- 8251 delay 706555 +/-   0
ptp4l[14057.708]: rms 223340 max 261330 freq -5674073 +/- 4108 delay 733790 +/- 16691
ptp4l[14059.719]: rms 433631 max 613129 freq -5665572 +/- 31565 delay 723509 +/- 1116
ptp4l[14061.725]: rms 272175 max 383920 freq -5674343 +/- 17800 delay 749751 +/- 28175
ptp4l[14063.727]: rms 90118 max 99238 freq -5695931 +/- 9000 delay 678373 +/-   0
ptp4l[14065.708]: rms 161572 max 215744 freq -5687871 +/- 14659 delay 629875 +/-   0
ptp4l[14067.724]: rms 1113699 max 1456347 freq -5590225 +/- 42530 delay 649310 +/- 19436
ptp4l[14069.730]: rms 288572 max 385609 freq -5705389 +/- 26154 delay 776346 +/-   0
ptp4l[14071.723]: rms 279293 max 304122 freq -5690478 +/- 27960 delay 839604 +/-   0
ptp4l[14073.737]: rms 220004 max 248692 freq -5670805 +/- 2993 delay 835214 +/- 2992
ptp4l[14075.749]: rms 209214 max 295004 freq -5706396 +/- 15894 delay 833218 +/- 996
ptp4l[14077.739]: rms 135588 max 161115 freq -5706234 +/- 2805 delay 834214 +/-   0
ptp4l[14079.743]: rms 199423 max 266809 freq -5684219 +/- 18043 delay 765214 +/- 57033
ptp4l[14081.754]: rms 175218 max 243761 freq -5678176 +/- 9939 delay 678305 +/- 13592
ptp4l[14083.752]: rms 457906 max 639530 freq -5654813 +/- 26837 delay 664713 +/-   0
ptp4l[14085.752]: rms 443574 max 477098 freq -5695148 +/- 44458 delay 689336 +/-   0
ptp4l[14087.773]: rms 109816 max 123021 freq -5680836 +/- 1364 delay 659966 +/-   0
ptp4l[14089.774]: rms 50823 max 62186 freq -5692981 +/- 4942 delay 745182 +/- 38496
ptp4l[14091.775]: rms 387027 max 546792 freq -5662584 +/- 26104 delay 833508 +/- 39764
ptp4l[14093.772]: rms 68643 max 84588 freq -5689225 +/- 6635 delay 894369 +/- 37023
ptp4l[14095.774]: rms 159048 max 224448 freq -5679013 +/- 10600 delay 882655 +/-   0
ptp4l[14097.774]: rms 533139 max 716336 freq -5642686 +/- 24413 delay 913774 +/- 31120
ptp4l[14099.778]: rms 177071 max 248840 freq -5701042 +/- 13969 delay 1029582 +/- 45890
ptp4l[14101.784]: rms 418372 max 591666 freq -5719931 +/- 29953 delay 927508 +/- 50916
ptp4l[14103.794]: rms 404642 max 571618 freq -5720955 +/- 27522 delay 978423 +/-   0
ptp4l[14105.808]: rms 64698 max 74935 freq -5692422 +/- 6409 delay 862244 +/-   0
ptp4l[14107.813]: rms 104390 max 120271 freq -5701795 +/- 1690 delay 819524 +/-   0
ptp4l[14109.809]: rms 444954 max 460484 freq -5692926 +/- 44698 delay 819524 +/-   0
ptp4l[14111.815]: rms 522532 max 737605 freq -5651689 +/- 34611 delay 735694 +/-   0
ptp4l[14113.820]: rms 355643 max 375098 freq -5654763 +/- 2189 delay 672945 +/- 57883
ptp4l[14115.826]: rms 423299 max 435818 freq -5647131 +/- 1066 delay 656869 +/-   0
ptp4l[14117.829]: rms 569035 max 781761 freq -5659495 +/- 49025 delay 738460 +/- 27160
ptp4l[14119.829]: rms 316602 max 439961 freq -5662011 +/- 17801 delay 765620 +/-   0
ptp4l[14121.841]: rms 602449 max 839862 freq -5638404 +/- 35250 delay 747152 +/- 18468
ptp4l[14123.843]: rms 283160 max 362307 freq -5660144 +/- 9768 delay 749440 +/-   0
ptp4l[14125.838]: rms 610295 max 724862 freq -5673895 +/- 60031 delay 770201 +/- 4581
ptp4l[14127.844]: rms 1695810 max 2398168 freq -5563124 +/- 118988 delay 795767 +/-   0
ptp4l[14129.857]: rms 1205894 max 1704560 freq -5595138 +/- 83418 delay 785686 +/- 10082
ptp4l[14131.868]: rms 2724640 max 3853135 freq -5486266 +/- 193282 delay 809498 +/- 55233
ptp4l[14133.852]: rms 449992 max 526382 freq -5723119 +/- 8700 delay 1078128 +/-   0
ptp4l[14135.852]: rms 455588 max 537365 freq -5724447 +/- 9363 delay 1078128 +/-   0
ptp4l[14137.865]: rms 395257 max 534003 freq -5715467 +/- 18706 delay 999894 +/- 78234
ptp4l[14139.868]: rms 138976 max 180176 freq -5693927 +/- 5044 delay 890824 +/- 53412
ptp4l[14141.880]: rms 563030 max 791600 freq -5636676 +/- 35682 delay 778176 +/-   0
ptp4l[14143.867]: rms 413206 max 566854 freq -5701540 +/- 35724 delay 711361 +/-   0
ptp4l[14145.880]: rms 431786 max 610185 freq -5650646 +/- 31696 delay 661599 +/-   0
ptp4l[14147.886]: rms 2840200 max 3438337 freq -5399781 +/- 67060 delay 619721 +/- 41878
ptp4l[14149.881]: rms 243401 max 251836 freq -5649784 +/- 741 delay 661599 +/-   0
ptp4l[14151.881]: rms 188929 max 252939 freq -5682375 +/- 17078 delay 711361 +/-   0
ptp4l[14153.881]: rms 502149 max 543074 freq -5724963 +/- 4046 delay 701227 +/-   0
ptp4l[14155.869]: rms 672131 max 934409 freq -5636309 +/- 55525 delay 607246 +/-   0
ptp4l[14157.890]: rms 293986 max 370882 freq -5702711 +/- 9335
ptp4l[14159.896]: rms 981345 max 1339009 freq -5588242 +/- 48524 delay 723953 +/- 82524
ptp4l[14161.892]: rms 890779 max 1153932 freq -5588881 +/- 32175 delay 751978 +/- 42543
ptp4l[14163.895]: rms 554303 max 770705 freq -5717820 +/- 31759 delay 956964 +/-   0
ptp4l[14165.889]: rms 496089 max 695422 freq -5712356 +/- 30483 delay 896553 +/-   0
ptp4l[14167.895]: rms 613248 max 633106 freq -5735518 +/- 1723 delay 896553 +/-   0
ptp4l[14169.896]: rms 372524 max 436753 freq -5667126 +/- 36715 delay 668290 +/- 28022
