ptp4l[13920.298]: port 1: INITIALIZING to LISTENING on INIT_COMPLETE
ptp4l[13920.298]: port 2: INITIALIZING to LISTENING on INIT_COMPLETE
ptp4l[13920.298]: port 0: INITIALIZING to LISTENING on INIT_COMPLETE
ptp4l[13924.084]: port 1: new foreign master ae97c9.fffe.4d569a-1
ptp4l[13926.449]: port 2: LISTENING to MASTER on ANNOUNCE_RECEIPT_TIMEOUT_EXPIRES
ptp4l[13926.449]: selected local clock be9060.fffe.3d2c15 as best master
ptp4l[13926.449]: port 2: assuming the grand master role
ptp4l[13927.561]: port 1: LISTENING to MASTER on ANNOUNCE_RECEIPT_TIMEOUT_EXPIRES
ptp4l[13927.561]: selected local clock be9060.fffe.3d2c15 as best master
ptp4l[13927.561]: port 1: assuming the grand master role
ptp4l[13927.561]: port 2: assuming the grand master role
ptp4l[13928.086]: selected best master clock ae97c9.fffe.4d569a
ptp4l[13928.087]: foreign master not using PTP timescale
ptp4l[13928.087]: port 1: MASTER to UNCALIBRATED on RS_SLAVE
ptp4l[13929.089]: master offset    -211558 s0 freq -5725139 path delay    861257
ptp4l[13930.094]: master offset     196361 s0 freq -5725139 path delay    555537
ptp4l[13931.096]: master offset    -132958 s0 freq -5725139 path delay    708397
ptp4l[13932.096]: master offset    -411770 s0 freq -5725139 path delay    587019
ptp4l[13933.097]: master offset    -173022 s0 freq -5725139 path delay    555537
ptp4l[13934.097]: master offset    -298582 s0 freq -5725139 path delay    555537
ptp4l[13935.099]: master offset      78162 s0 freq -5725139 path delay    527209
ptp4l[13936.099]: master offset    -262606 s0 freq -5725139 path delay    555537
ptp4l[13937.101]: master offset     123329 s0 freq -5725139 path delay    572043
ptp4l[13938.101]: master offset    -149759 s0 freq -5725139 path delay    572043
ptp4l[13939.103]: master offset     179646 s0 freq -5725139 path delay    572043
ptp4l[13940.102]: master offset    -245638 s0 freq -5725139 path delay    572043
ptp4l[13941.106]: master offset     203741 s0 freq -5725139 path delay    572043
ptp4l[13942.104]: master offset    -448796 s0 freq -5725139 path delay    590530
ptp4l[13943.107]: master offset         83 s0 freq -5725139 path delay    590530
ptp4l[13944.107]: master offset    -412413 s0 freq -5725139 path delay    664033
ptp4l[13945.110]: master offset      14872 s2 freq -5710925 path delay    664033
ptp4l[13945.110]: port 1: UNCALIBRATED to SLAVE on MASTER_CLOCK_SELECTED
ptp4l[13946.109]: master offset    -476041 s2 freq -5759005 path delay    700817
ptp4l[13947.112]: master offset      78436 s2 freq -5703479 path delay    700817
ptp4l[13948.111]: master offset    -456520 s2 freq -5757431 path delay    699482
ptp4l[13949.116]: master offset     265807 s2 freq -5684932 path delay    699482
ptp4l[13950.114]: master offset    -266761 s2 freq -5738456 path delay    641178
ptp4l[13951.115]: master offset    -325043 s2 freq -5744609 path delay    641178
ptp4l[13952.115]: master offset    -246740 s2 freq -5737025 path delay    641178
ptp4l[13953.118]: master offset    -260311 s2 freq -5738643 path delay    641178
ptp4l[13954.126]: master offset    -315510 s2 freq -5744478 path delay    554829
ptp4l[13955.122]: master offset      72665 s2 freq -5705588 path delay    641178
ptp4l[13956.123]: master offset    -319047 s2 freq -5745078 path delay    641178
ptp4l[13957.127]: master offset    -169541 s2 freq -5730297 path delay    674582
ptp4l[13958.128]: master offset    -413763 s2 freq -5755133 path delay    674582
ptp4l[13959.132]: master offset     479774 s2 freq -5665300 path delay    674582
ptp4l[13960.134]: master offset     -75081 s2 freq -5720860 path delay    828896
ptp4l[13961.137]: master offset    -159913 s2 freq -5729503 path delay    828896
ptp4l[13962.138]: master offset    -452658 s2 freq -5759231 path delay    868677
ptp4l[13963.140]: master offset     192357 s2 freq -5694537 path delay    828896
ptp4l[13964.142]: master offset    -291372 s2 freq -5743201 path delay    828896
ptp4l[13965.142]: master offset    -127123 s2 freq -5726903 path delay    828896
ptp4l[13966.144]: master offset    -359973 s2 freq -5750548 path delay    828896
ptp4l[13967.146]: master offset     -69558 s2 freq -5721576 path delay    828896
ptp4l[13968.145]: master offset     -40653 s2 freq -5718726 path delay    828896
ptp4l[13969.152]: master offset     303122 s2 freq -5684046 path delay    861651
ptp4l[13970.156]: master offset    1059758 s2 freq -5607322 path delay    861651
ptp4l[13971.155]: master offset    -242696 s2 freq -5737811 path delay    861651
ptp4l[13972.158]: master offset    -435464 s2 freq -5757523 path delay    881080
ptp4l[13973.160]: master offset    -262561 s2 freq -5740495 path delay    861651
ptp4l[13974.162]: master offset    -495309 s2 freq -5764265 path delay    861651
ptp4l[13975.162]: master offset    -438340 s2 freq -5759007 path delay    734393
ptp4l[13976.163]: master offset      21766 s2 freq -5712974 path delay    734393
ptp4l[13977.165]: master offset    -276103 s2 freq -5743037 path delay    786442
ptp4l[13978.165]: master offset    -399024 s2 freq -5755728 path delay    786442
ptp4l[13979.169]: master offset    -253583 s2 freq -5741438 path delay    653776
ptp4l[13980.172]: master offset      26031 s2 freq -5713450 path delay    653776
ptp4l[13981.175]: master offset     157377 s2 freq -5700158 path delay    653776
ptp4l[13982.178]: master offset      11506 s2 freq -5714734 path delay    653776
ptp4l[13983.179]: master offset    -208920 s2 freq -5736986 path delay    571115
ptp4l[13984.184]: master offset    1984787 s2 freq -5515630 path delay    508111
ptp4l[13985.186]: master offset    2782631 s2 freq -5433063 path delay    526070
ptp4l[13986.185]: master offset    -265480 s2 freq -5738140 path delay    623164
ptp4l[13987.189]: master offset       7707 s2 freq -5710813 path delay    623164
ptp4l[13988.189]: master offset    -193613 s2 freq -5731139 path delay    633335
ptp4l[13989.190]: master offset    -208774 s2 freq -5732864 path delay    633335
ptp4l[13990.193]: master offset     -83781 s2 freq -5720448 path delay    633335
ptp4l[13991.195]: master offset     249291 s2 freq -5686892 path delay    713444
ptp4l[13992.197]: master offset      65538 s2 freq -5705201 path delay    713444
ptp4l[13993.200]: master offset      26771 s2 freq -5709051 path delay    683729
ptp4l[13994.201]: master offset    -316842 s2 freq -5743730 path delay    683729
ptp4l[13995.204]: master offset    -191345 s2 freq -5731371 path delay    760747
ptp4l[13996.210]: master offset    5032697 s2 freq -5203934 path delay    683729
ptp4l[13997.206]: master offset    -263866 s2 freq -5733854 path delay    683729
ptp4l[13998.209]: master offset      56531 s2 freq -5701758 path delay    618257
ptp4l[13999.210]: master offset    -193303 s2 freq -5726935 path delay    582606
ptp4l[14000.213]: master offset     -33136 s2 freq -5710951 path delay    582606
ptp4l[14001.214]: master offset     745182 s2 freq -5632374 path delay    582606
ptp4l[14002.215]: master offset    -153894 s2 freq -5722436 path delay    582606
ptp4l[14003.217]: master offset     217161 s2 freq -5685113 path delay    687289
ptp4l[14004.220]: master offset    -614602 s2 freq -5768904 path delay    983700
ptp4l[14005.221]: master offset      95782 s2 freq -5697770 path delay    983700
ptp4l[14006.222]: master offset    -557709 s2 freq -5763677 path delay   1093125
ptp4l[14007.225]: master offset    -471862 s2 freq -5755564 path delay   1093125
ptp4l[14008.226]: master offset    -521458 s2 freq -5761045 path delay   1093125
ptp4l[14009.227]: master offset    -661513 s2 freq -5775712 path delay   1093125
ptp4l[14010.230]: master offset    -409423 s2 freq -5750912 path delay    913276
ptp4l[14011.235]: master offset    2069284 s2 freq -5500972 path delay    802859
ptp4l[14012.236]: master offset    -142338 s2 freq -5722277 path delay    802859
ptp4l[14013.237]: master offset    -165456 s2 freq -5724754 path delay    784123
ptp4l[14014.240]: master offset    -291319 s2 freq -5737632 path delay    784123
ptp4l[14015.241]: master offset    -346494 s2 freq -5743496 path delay    662584
ptp4l[14016.243]: master offset    -110049 s2 freq -5719961 path delay    606091
ptp4l[14017.245]: master offset      65863 s2 freq -5702304 path delay    606091
ptp4l[14018.246]: master offset     -97564 s2 freq -5718745 path delay    610152
ptp4l[14019.249]: master offset     130997 s2 freq -5695757 path delay    610152
ptp4l[14020.251]: master offset    -372649 s2 freq -5746495 path delay    634758
ptp4l[14021.253]: master offset     -64936 s2 freq -5715788 path delay    595947
ptp4l[14022.253]: master offset    -247851 s2 freq -5734328 path delay    595947
ptp4l[14023.255]: master offset     100675 s2 freq -5699374 path delay    542035
ptp4l[14024.256]: master offset     943347 s2 freq -5614164 path delay    542035
ptp4l[14025.256]: master offset     864794 s2 freq -5621154 path delay    542035
ptp4l[14026.256]: master offset    -298559 s2 freq -5737788 path delay    577084
ptp4l[14027.258]: master offset    -358135 s2 freq -5744104 path delay    577084
ptp4l[14028.259]: master offset    -303491 s2 freq -5738943 path delay    542035
ptp4l[14029.261]: master offset    -134938 s2 freq -5722223 path delay    547778
ptp4l[14030.261]: master offset    -353719 s2 freq -5744455 path delay    547778
ptp4l[14031.266]: master offset    1155489 s2 freq -5592378 path delay    547778
ptp4l[14032.267]: master offset    -152743 s2 freq -5723354 path delay    615402
ptp4l[14033.274]: master offset     311725 s2 freq -5676596 path delay    615402
ptp4l[14034.273]: master offset    -503879 s2 freq -5758660 path delay    631567
ptp4l[14035.276]: master offset    -243419 s2 freq -5732857 path delay    631567
ptp4l[14036.282]: master offset      19648 s2 freq -5706531 path delay    631567
ptp4l[14037.288]: master offset    1388494 s2 freq -5568258 path delay    631567
ptp4l[14038.291]: master offset    1445680 s2 freq -5561094 path delay    668799
ptp4l[14039.289]: master offset    -424000 s2 freq -5748486 path delay    668799
ptp4l[14040.297]: master offset    1701860 s2 freq -5534198 path delay    668799
ptp4l[14041.297]: master offset    -357512 s2 freq -5740492 path delay    668799
ptp4l[14042.297]: master offset    -406109 s2 freq -5745758 path delay    602219
ptp4l[14043.306]: master offset    1190402 s2 freq -5584917 path delay    602219
ptp4l[14044.313]: master offset    -315544 s2 freq -5735827 path delay    859822
ptp4l[14045.314]: master offset    -679889 s2 freq -5772941 path delay    915766
ptp4l[14046.320]: master offset     847198 s2 freq -5619385 path delay    695386
ptp4l[14047.325]: master offset    -416296 s2 freq -5746151 path delay    695386
ptp4l[14048.333]: master offset      19043 s2 freq -5702598 path delay    551195
ptp4l[14049.336]: master offset    -495576 s2 freq -5754556 path delay    693278
ptp4l[14050.343]: master offset    -210387 s2 freq -5726247 path delay    775288
ptp4l[14051.342]: master offset    -616976 s2 freq -5767523 path delay    749222
ptp4l[14052.355]: master offset    9156464 s2 freq -4781023 path delay    630853
ptp4l[14053.349]: master offset    -131247 s2 freq -5709925 path delay    630853
ptp4l[14054.346]: master offset    -233520 s2 freq -5720386 path delay    630853
ptp4l[14055.348]: master offset     -81499 s2 freq -5705265 path delay    630853
ptp4l[14056.349]: master offset    -255204 s2 freq -5722891 path delay    773180
ptp4l[14057.353]: master offset     712113 s2 freq -5625447 path delay    855181
ptp4l[14058.354]: master offset    -433802 s2 freq -5740472 path delay    855181
ptp4l[14059.357]: master offset    -143265 s2 freq -5711562 path delay    714711
ptp4l[14060.360]: master offset    -224003 s2 freq -5719860 path delay    714711
ptp4l[14061.360]: master offset     -98559 s2 freq -5707414 path delay    531787
ptp4l[14062.362]: master offset     360095 s2 freq -5661188 path delay    531787
ptp4l[14063.365]: master offset       1111 s2 freq -5697086 path delay    531787
ptp4l[14064.366]: master offset     -92888 s2 freq -5706578 path delay    531787
ptp4l[14065.369]: master offset      47161 s2 freq -5692526 path delay    677867
ptp4l[14066.371]: master offset      95280 s2 freq -5687619 path delay    571565
ptp4l[14067.374]: master offset     490671 s2 freq -5647589 path delay    571565
ptp4l[14068.376]: master offset     260513 s2 freq -5670345 path delay    571565
ptp4l[14069.377]: master offset     456058 s2 freq -5650334 path delay    613733
ptp4l[14070.378]: master offset      66896 s2 freq -5689183 path delay    613733
ptp4l[14071.381]: master offset    1108335 s2 freq -5583931 path delay    623974
ptp4l[14072.382]: master offset    -319545 s2 freq -5727039 path delay    743809
ptp4l[14073.383]: master offset     426707 s2 freq -5651987 path delay    729434
ptp4l[14074.386]: master offset     183759 s2 freq -5676098 path delay    729434
ptp4l[14075.389]: master offset     262857 s2 freq -5667925 path delay    717219
ptp4l[14076.388]: master offset    -569523 s2 freq -5751733 path delay    769501
ptp4l[14077.392]: master offset     246517 s2 freq -5669882 path delay    769501
ptp4l[14078.395]: master offset    -151077 s2 freq -5709793 path delay    769501
ptp4l[14079.396]: master offset     144520 s2 freq -5680088 path delay    755416
ptp4l[14080.396]: master offset     165098 s2 freq -5677866 path delay    769501
ptp4l[14081.398]: master offset    -157971 s2 freq -5710330 path delay    769501
ptp4l[14082.399]: master offset    -189345 s2 freq -5713657 path delay    769501
ptp4l[14083.402]: master offset    -231406 s2 freq -5718095 path delay    769501
ptp4l[14084.403]: master offset    -234100 s2 freq -5718598 path delay    778760
ptp4l[14085.403]: master offset     258276 s2 freq -5669102 path delay    778760
ptp4l[14086.406]: master offset     938701 s2 freq -5600121 path delay    778306
ptp4l[14087.409]: master offset    -301813 s2 freq -5724474 path delay    806119
ptp4l[14088.409]: master offset     298456 s2 freq -5664149 path delay    806119
ptp4l[14089.409]: master offset    -455804 s2 freq -5740031 path delay    806119
ptp4l[14090.412]: master offset    -159497 s2 freq -5710560 path delay    806119
ptp4l[14091.412]: master offset    -411417 s2 freq -5736163 path delay    778306
ptp4l[14092.416]: master offset    2167021 s2 freq -5476152 path delay    778306
ptp4l[14093.419]: master offset     984320 s2 freq -5593438 path delay    778306
ptp4l[14094.419]: master offset     -27806 s2 freq -5694678 path delay    778306
ptp4l[14095.422]: master offset    -412654 s2 freq -5733576 path delay    778306
ptp4l[14096.423]: master offset    -206370 s2 freq -5713154 path delay    759362
ptp4l[14097.424]: master offset    -213830 s2 freq -5714114 path delay    759362
ptp4l[14098.428]: master offset       4986 s2 freq -5692227 path delay    654825
ptp4l[14099.429]: master offset     -18049 s2 freq -5694549 path delay    604281
ptp4l[14100.431]: master offset     410778 s2 freq -5651255 path delay    604281
ptp4l[14101.435]: master offset    1488523 s2 freq -5541992 path delay    687371
ptp4l[14102.432]: master offset    -699403 s2 freq -5761484 path delay    878217
ptp4l[14103.436]: master offset     959143 s2 freq -5594670 path delay    878217
ptp4l[14104.438]: master offset    -298570 s2 freq -5720740 path delay    878217
ptp4l[14105.439]: master offset    -267566 s2 freq -5717907 path delay    743130
ptp4l[14106.442]: master offset    -330458 s2 freq -5724527 path delay    743130
ptp4l[14107.444]: master offset    -112135 s2 freq -5702807 path delay    743130
ptp4l[14108.447]: master offset    -235796 s2 freq -5715409 path delay    743130
ptp4l[14109.449]: master offset    -230127 s2 freq -5715072 path delay    705338
ptp4l[14110.450]: master offset     553302 s2 freq -5636176 path delay    491697
ptp4l[14111.451]: master offset      70611 s2 freq -5684374 path delay    491697
ptp4l[14112.452]: master offset     -29752 s2 freq -5694440 path delay    491697
ptp4l[14113.451]: master offset    -221678 s2 freq -5713855 path delay    491697
ptp4l[14114.454]: master offset     -27727 s2 freq -5694487 path delay    526824
ptp4l[14115.455]: master offset    -172261 s2 freq -5709113 path delay    549043
ptp4l[14116.459]: master offset     180286 s2 freq -5673678 path delay    610195
ptp4l[14117.460]: master offset       8640 s2 freq -5690834 path delay    703108
ptp4l[14118.462]: master offset     285114 s2 freq -5662901 path delay    703108
ptp4l[14119.463]: master offset    -138590 s2 freq -5705410 path delay    756433
ptp4l[14120.466]: master offset    -235365 s2 freq -5715323 path delay    756433
ptp4l[14121.467]: master offset    -542578 s2 freq -5746587 path delay    869380
ptp4l[14122.469]: master offset    -395070 s2 freq -5732231 path delay    869380
ptp4l[14123.470]: master offset    -338480 s2 freq -5726911 path delay    696121
ptp4l[14124.472]: master offset    -118777 s2 freq -5705059 path delay    626379
ptp4l[14125.476]: master offset     363179 s2 freq -5656501 path delay    626379
ptp4l[14126.478]: master offset     451844 s2 freq -5647182 path delay    656175
ptp4l[14127.486]: master offset    -114492 s2 freq -5703930 path delay    656175
ptp4l[14128.489]: master offset     -75650 s2 freq -5700122 path delay    541490
ptp4l[14129.489]: master offset        586 s2 freq -5692498 path delay    479332
ptp4l[14130.492]: master offset     381847 s2 freq -5653990 path delay    479332
ptp4l[14131.492]: master offset    -481339 s2 freq -5740790 path delay    589198
ptp4l[14132.499]: master offset    1846292 s2 freq -5506180 path delay    589198
ptp4l[14133.499]: master offset     764326 s2 freq -5613612 path delay    589198
ptp4l[14134.498]: master offset    -379870 s2 freq -5728412 path delay    699944
ptp4l[14135.500]: master offset    -170645 s2 freq -5707660 path delay    699944
ptp4l[14136.505]: master offset      73885 s2 freq -5683133 path delay    699944
ptp4l[14137.506]: master offset    -162037 s2 freq -5706887 path delay    726055
ptp4l[14138.508]: master offset      28543 s2 freq -5687801 path delay    699944
ptp4l[14139.509]: master offset    -152844 s2 freq -5706092 path delay    699944
ptp4l[14140.513]: master offset    -172790 s2 freq -5708260 path delay    700358
ptp4l[14141.517]: master offset     950741 s2 freq -5594956 path delay    726469
ptp4l[14142.518]: master offset    -225891 s2 freq -5712845 path delay    766024
ptp4l[14143.522]: master offset    1314027 s2 freq -5557539 path delay    726469
ptp4l[14144.530]: master offset    8478252 s2 freq -4832638 path delay    766024
ptp4l[14145.526]: master offset    1912106 s2 freq -5487341 path delay    766024
ptp4l[14146.529]: master offset      15495 s2 freq -5676987 path delay    942669
ptp4l[14147.543]: master offset    6060689 s2 freq -5066406 path delay    942669
ptp4l[14148.538]: master offset    -366884 s2 freq -5709531 path delay   1112270
ptp4l[14149.539]: master offset    -460482 s2 freq -5719351 path delay   1178473
ptp4l[14150.541]: master offset    -379358 s2 freq -5711618 path delay   1178473
ptp4l[14151.538]: master offset    -961165 s2 freq -5770760 path delay   1178473
ptp4l[14152.539]: master offset    -676922 s2 freq -5743012 path delay   1178473
ptp4l[14153.539]: master offset    -953022 s2 freq -5771575 path delay   1178473
ptp4l[14154.539]: master offset    -780705 s2 freq -5755124 path delay    927708
ptp4l[14155.540]: master offset    -668604 s2 freq -5744583 path delay    927708
ptp4l[14156.540]: master offset    -758668 s2 freq -5754348 path delay    927708
ptp4l[14157.545]: master offset    2268980 s2 freq -5449314 path delay    445847
ptp4l[14158.546]: master offset    2250803 s2 freq -5448881 path delay    445847
ptp4l[14159.547]: master offset     176037 s2 freq -5656182 path delay    445847
ptp4l[14160.549]: master offset     478877 s2 freq -5625419 path delay    445847
ptp4l[14161.548]: master offset    -300712 s2 freq -5703678 path delay    445847
ptp4l[14162.551]: master offset     -90360 s2 freq -5682734 path delay    445847
ptp4l[14163.552]: master offset     -17113 s2 freq -5675426 path delay    391647
ptp4l[14164.552]: master offset      57356 s2 freq -5667922 path delay    339622
ptp4l[14165.554]: master offset     165961 s2 freq -5656895 path delay    338137
ptp4l[14166.555]: master offset     -83231 s2 freq -5681898 path delay    435995
ptp4l[14167.559]: master offset     361555 s2 freq -5637058 path delay    435995
ptp4l[14168.558]: master offset    -219642 s2 freq -5695397 path delay    502295
ptp4l[14169.562]: master offset    1288607 s2 freq -5543283 path delay    502295
ptp4l[14170.562]: master offset     140194 s2 freq -5657984 path delay    588396
ptp4l[14170.893]: timed out while polling for tx timestamp
ptp4l[14170.893]: increasing tx_timestamp_timeout may correct this issue, but it is likely caused by a driver bug
ptp4l[14170.893]: port 2: send sync failed
ptp4l[14170.893]: port 2: MASTER to FAULTY on FAULT_DETECTED (FT_UNSPECIFIED)
ptp4l[14171.562]: master offset    -306811 s2 freq -5702992 path delay    588396
ptp4l[14172.564]: master offset      83916 s2 freq -5663835 path delay    588396
ptp4l[14173.569]: master offset    3148014 s2 freq -5354277 path delay    584927
