ptp4l[15743.019]: port 1: INITIALIZING to LISTENING on INIT_COMPLETE
ptp4l[15743.019]: port 0: INITIALIZING to LISTENING on INIT_COMPLETE
ptp4l[15746.519]: port 1: new foreign master 12772f.fffe.d88983-2
ptp4l[15750.759]: selected local clock d65db9.fffe.c12878 as best master
ptp4l[15757.483]: selected local clock d65db9.fffe.c12878 as best master
ptp4l[15764.933]: selected local clock d65db9.fffe.c12878 as best master
ptp4l[15771.654]: selected local clock d65db9.fffe.c12878 as best master
ptp4l[15773.885]: selected best master clock bafdcf.fffe.cf0d4b
ptp4l[15773.885]: foreign master not using PTP timescale
ptp4l[15773.885]: port 1: LISTENING to UNCALIBRATED on RS_SLAVE
ptp4l[15781.194]: port 1: UNCALIBRATED to LISTENING on ANNOUNCE_RECEIPT_TIMEOUT_EXPIRES
ptp4l[15781.194]: selected local clock d65db9.fffe.c12878 as best master
ptp4l[15787.557]: selected local clock d65db9.fffe.c12878 as best master
ptp4l[15794.827]: selected local clock d65db9.fffe.c12878 as best master
ptp4l[15801.767]: selected local clock d65db9.fffe.c12878 as best master
ptp4l[15809.422]: selected local clock d65db9.fffe.c12878 as best master
ptp4l[15816.786]: selected local clock d65db9.fffe.c12878 as best master
ptp4l[15823.985]: selected local clock d65db9.fffe.c12878 as best master
ptp4l[15831.495]: selected local clock d65db9.fffe.c12878 as best master
ptp4l[15838.902]: selected local clock d65db9.fffe.c12878 as best master
ptp4l[15846.890]: selected local clock d65db9.fffe.c12878 as best master
ptp4l[15853.645]: selected local clock d65db9.fffe.c12878 as best master
ptp4l[15861.458]: selected local clock d65db9.fffe.c12878 as best master
ptp4l[15869.042]: selected local clock d65db9.fffe.c12878 as best master
ptp4l[15875.927]: selected local clock d65db9.fffe.c12878 as best master
ptp4l[15882.013]: selected local clock d65db9.fffe.c12878 as best master
ptp4l[15889.614]: selected local clock d65db9.fffe.c12878 as best master
ptp4l[15895.763]: selected local clock d65db9.fffe.c12878 as best master
ptp4l[15903.585]: selected local clock d65db9.fffe.c12878 as best master
ptp4l[15911.381]: selected local clock d65db9.fffe.c12878 as best master
ptp4l[15919.287]: selected local clock d65db9.fffe.c12878 as best master
ptp4l[15925.831]: selected local clock d65db9.fffe.c12878 as best master
ptp4l[15933.077]: selected local clock d65db9.fffe.c12878 as best master
ptp4l[15939.703]: selected local clock d65db9.fffe.c12878 as best master
ptp4l[15945.969]: selected local clock d65db9.fffe.c12878 as best master
ptp4l[15952.523]: selected local clock d65db9.fffe.c12878 as best master
ptp4l[15958.725]: selected local clock d65db9.fffe.c12878 as best master
ptp4l[15966.039]: selected local clock d65db9.fffe.c12878 as best master
ptp4l[15972.372]: selected local clock d65db9.fffe.c12878 as best master
ptp4l[15979.470]: selected local clock d65db9.fffe.c12878 as best master
ptp4l[15986.290]: selected local clock d65db9.fffe.c12878 as best master
ptp4l[15993.427]: selected local clock d65db9.fffe.c12878 as best master
