ptp4l[16036.875]: port 1: INITIALIZING to LISTENING on INIT_COMPLETE
ptp4l[16036.876]: port 2: INITIALIZING to LISTENING on INIT_COMPLETE
ptp4l[16036.876]: port 0: INITIALIZING to LISTENING on INIT_COMPLETE
ptp4l[16041.084]: port 1: new foreign master f63f7f.fffe.3909cf-1
ptp4l[16043.029]: port 1: LISTENING to MASTER on ANNOUNCE_RECEIPT_TIMEOUT_EXPIRES
ptp4l[16043.029]: selected local clock 92ee9e.fffe.457ac3 as best master
ptp4l[16043.029]: port 1: assuming the grand master role
ptp4l[16044.505]: port 2: LISTENING to MASTER on ANNOUNCE_RECEIPT_TIMEOUT_EXPIRES
ptp4l[16044.506]: selected local clock 92ee9e.fffe.457ac3 as best master
ptp4l[16044.506]: port 1: assuming the grand master role
ptp4l[16044.506]: port 2: assuming the grand master role
ptp4l[16045.088]: selected best master clock f63f7f.fffe.3909cf
ptp4l[16045.088]: foreign master not using PTP timescale
ptp4l[16045.088]: port 1: MASTER to UNCALIBRATED on RS_SLAVE
ptp4l[16045.529]: timed out while polling for tx timestamp
ptp4l[16045.530]: increasing tx_timestamp_timeout may correct this issue, but it is likely caused by a driver bug
ptp4l[16045.530]: port 2: send sync failed
ptp4l[16045.530]: port 2: MASTER to FAULTY on FAULT_DETECTED (FT_UNSPECIFIED)
ptp4l[16047.090]: master offset    -631531 s0 freq -500000 path delay   1105660
ptp4l[16048.093]: master offset     194663 s0 freq -500000 path delay    888763
ptp4l[16049.092]: master offset    -560668 s0 freq -500000 path delay    835374
ptp4l[16050.095]: master offset    -235150 s0 freq -500000 path delay    835374
ptp4l[16051.094]: master offset    -354171 s0 freq -500000 path delay    835374
ptp4l[16052.097]: master offset     -41074 s0 freq -500000 path delay    724197
ptp4l[16053.099]: master offset    1393006 s0 freq -500000 path delay    724197
ptp4l[16054.100]: master offset    1577509 s0 freq -500000 path delay    835374
ptp4l[16055.098]: master offset    -487174 s0 freq -500000 path delay    835374
ptp4l[16056.101]: master offset     -12977 s0 freq -500000 path delay    698031
ptp4l[16057.102]: master offset    -362576 s0 freq -500000 path delay    698031
ptp4l[16058.103]: master offset    -441917 s0 freq -500000 path delay    779785
ptp4l[16059.104]: master offset    -443706 s0 freq -500000 path delay    779785
ptp4l[16060.104]: master offset    -438094 s0 freq -500000 path delay    660691
ptp4l[16061.104]: master offset     -80351 s0 freq -500000 path delay    552834
ptp4l[16061.532]: port 2: FAULTY to LISTENING on INIT_COMPLETE
ptp4l[16062.106]: master offset     231476 s0 freq -500000 path delay    552834
ptp4l[16063.107]: master offset    -240281 s1 freq -475560 path delay    582600
ptp4l[16064.107]: master offset    -229307 s2 freq -498720 path delay    582600
ptp4l[16064.107]: port 1: UNCALIBRATED to SLAVE on MASTER_CLOCK_SELECTED
ptp4l[16065.107]: master offset    -258697 s2 freq -501917 path delay    535252
ptp4l[16066.112]: master offset    2035537 s2 freq -270459 path delay    448626
ptp4l[16067.111]: master offset     181128 s2 freq -455718 path delay    448626
ptp4l[16067.554]: port 2: LISTENING to MASTER on ANNOUNCE_RECEIPT_TIMEOUT_EXPIRES
ptp4l[16067.555]: selected best master clock f63f7f.fffe.3909cf
ptp4l[16067.555]: foreign master not using PTP timescale
ptp4l[16068.117]: master offset    3453068 s2 freq -125071 path delay    448626
ptp4l[16068.578]: timed out while polling for tx timestamp
ptp4l[16068.578]: increasing tx_timestamp_timeout may correct this issue, but it is likely caused by a driver bug
ptp4l[16068.578]: port 2: send sync failed
ptp4l[16068.578]: port 2: MASTER to FAULTY on FAULT_DETECTED (FT_UNSPECIFIED)
ptp4l[16069.114]: master offset    -177717 s2 freq -488327 path delay    448626
ptp4l[16070.117]: master offset    1665073 s2 freq -302383 path delay    440163
ptp4l[16071.115]: master offset     -75903 s2 freq -476557 path delay    526789
ptp4l[16072.118]: master offset     165374 s2 freq -452264 path delay    526789
ptp4l[16073.119]: master offset    -218648 s2 freq -490885 path delay    674604
ptp4l[16074.121]: master offset    -419845 s2 freq -511424 path delay    850890
ptp4l[16075.120]: master offset    -457898 s2 freq -515687 path delay    850890
ptp4l[16076.125]: master offset    1493382 s2 freq -319066 path delay   1063686
ptp4l[16077.124]: master offset    -657515 s2 freq -534813 path delay   1063686
ptp4l[16078.127]: master offset    -226723 s2 freq -491961 path delay    850890
ptp4l[16079.129]: master offset    1732922 s2 freq -294263 path delay    850890
ptp4l[16080.130]: master offset     -94835 s2 freq -477134 path delay    850890
ptp4l[16081.132]: master offset     933798 s2 freq -373337 path delay    761760
ptp4l[16082.132]: master offset    -492940 s2 freq -516504 path delay    971952
ptp4l[16083.133]: master offset    -473261 s2 freq -515009 path delay    746152
ptp4l[16084.136]: master offset     102410 s2 freq -457339 path delay    746152
ptp4l[16084.580]: port 2: FAULTY to LISTENING on INIT_COMPLETE
ptp4l[16085.136]: master offset     646508 s2 freq -402283 path delay    799695
ptp4l[16086.135]: master offset    -529669 s2 freq -520430 path delay    799695
ptp4l[16087.137]: master offset    -486058 s2 freq -516555 path delay    746152
ptp4l[16088.138]: master offset    -373251 s2 freq -505648 path delay    746152
ptp4l[16089.139]: master offset    -254862 s2 freq -494064 path delay    746152
ptp4l[16090.140]: master offset     129385 s2 freq -455510 path delay    693980
ptp4l[16090.643]: port 2: LISTENING to MASTER on ANNOUNCE_RECEIPT_TIMEOUT_EXPIRES
ptp4l[16090.644]: selected best master clock f63f7f.fffe.3909cf
ptp4l[16090.644]: foreign master not using PTP timescale
ptp4l[16091.144]: master offset    3901529 s2 freq  -74394 path delay    693980
ptp4l[16092.144]: master offset     -51508 s2 freq -469749 path delay    697806
ptp4l[16093.145]: master offset    1745258 s2 freq -288327 path delay    697806
ptp4l[16093.669]: timed out while polling for tx timestamp
ptp4l[16093.669]: increasing tx_timestamp_timeout may correct this issue, but it is likely caused by a driver bug
ptp4l[16093.669]: port 2: send sync failed
ptp4l[16093.669]: port 2: MASTER to FAULTY on FAULT_DETECTED (FT_UNSPECIFIED)
ptp4l[16094.147]: master offset      82419 s2 freq -454529 path delay    697806
ptp4l[16095.148]: master offset     -30586 s2 freq -465860 path delay    697806
ptp4l[16096.152]: master offset    1376988 s2 freq -323725 path delay    700522
ptp4l[16097.153]: master offset    -100161 s2 freq -471540 path delay    700522
ptp4l[16098.155]: master offset     179059 s2 freq -443439 path delay    744543
ptp4l[16099.156]: master offset    -203189 s2 freq -481867 path delay    694615
ptp4l[16100.165]: master offset    2034575 s2 freq -256056 path delay    694615
ptp4l[16101.166]: master offset     -96225 s2 freq -469233 path delay   1152995
ptp4l[16102.168]: master offset     144239 s2 freq -445042 path delay   1152995
ptp4l[16103.171]: master offset    -759040 s2 freq -536129 path delay   1281189
ptp4l[16104.176]: master offset    2823594 s2 freq -175042 path delay   1281189
ptp4l[16105.174]: master offset   -1083303 s2 freq -566815 path delay   1562554
ptp4l[16106.176]: master offset    -564158 s2 freq -515465 path delay   1281189
ptp4l[16107.178]: master offset    -424243 s2 freq -501897 path delay    883604
ptp4l[16108.181]: master offset     -91499 s2 freq -468714 path delay    818531
ptp4l[16109.184]: master offset     231534 s2 freq -436180 path delay    946726
ptp4l[16109.671]: port 2: FAULTY to LISTENING on INIT_COMPLETE
ptp4l[16110.184]: master offset    -162438 s2 freq -475739 path delay    946726
ptp4l[16111.187]: master offset     897984 s2 freq -368799 path delay    946726
ptp4l[16112.186]: master offset    -701773 s2 freq -529477 path delay   1037248
ptp4l[16113.188]: master offset    -128418 s2 freq -472269 path delay    946726
ptp4l[16114.189]: master offset    -149433 s2 freq -474520 path delay    946726
ptp4l[16115.190]: master offset     790814 s2 freq -379705 path delay    804401
ptp4l[16115.756]: port 2: LISTENING to MASTER on ANNOUNCE_RECEIPT_TIMEOUT_EXPIRES
ptp4l[16115.757]: selected best master clock f63f7f.fffe.3909cf
ptp4l[16115.757]: foreign master not using PTP timescale
ptp4l[16116.190]: master offset    -634934 s2 freq -522915 path delay    845612
ptp4l[16117.191]: master offset    -585935 s2 freq -518601 path delay    845612
ptp4l[16117.781]: timed out while polling for tx timestamp
ptp4l[16117.781]: increasing tx_timestamp_timeout may correct this issue, but it is likely caused by a driver bug
ptp4l[16117.781]: port 2: send sync failed
ptp4l[16117.781]: port 2: MASTER to FAULTY on FAULT_DETECTED (FT_UNSPECIFIED)
ptp4l[16118.192]: master offset     135336 s2 freq -446338 path delay    665496
ptp4l[16119.192]: master offset      71958 s2 freq -452604 path delay    665496
ptp4l[16120.194]: master offset     200470 s2 freq -439552 path delay    553496
ptp4l[16121.194]: master offset     -17052 s2 freq -461322 path delay    553496
ptp4l[16122.196]: master offset     -79268 s2 freq -467623 path delay    628188
ptp4l[16123.196]: master offset      76055 s2 freq -452014 path delay    599719
ptp4l[16124.196]: master offset    -268807 s2 freq -486769 path delay    523089
ptp4l[16125.199]: master offset     545555 s2 freq -404787 path delay    523089
ptp4l[16126.201]: master offset      17547 s2 freq -457571 path delay    523089
ptp4l[16127.201]: master offset    -288565 s2 freq -488470 path delay    523089
ptp4l[16128.204]: master offset     274035 s2 freq -431936 path delay    617692
ptp4l[16129.203]: master offset    -502563 s2 freq -510099 path delay    789812
ptp4l[16130.206]: master offset     123111 s2 freq -447408 path delay    789812
ptp4l[16131.206]: master offset    -461568 s2 freq -506338 path delay    898805
ptp4l[16132.210]: master offset     985443 s2 freq -360651 path delay    915186
ptp4l[16133.212]: master offset     -86304 s2 freq -467912 path delay    915186
ptp4l[16133.784]: port 2: FAULTY to LISTENING on INIT_COMPLETE
ptp4l[16134.214]: master offset    -265009 s2 freq -486048 path delay    898805
ptp4l[16135.216]: master offset    -367380 s2 freq -496652 path delay    898805
ptp4l[16136.218]: master offset    -216008 s2 freq -481731 path delay    898805
ptp4l[16137.220]: master offset    -244673 s2 freq -484842 path delay    855759
ptp4l[16138.223]: master offset    -168376 s2 freq -477381 path delay    826028
ptp4l[16139.222]: master offset    -261758 s2 freq -486981 path delay    826028
ptp4l[16140.225]: master offset     957400 s2 freq -364108 path delay    799371
ptp4l[16141.071]: port 2: LISTENING to MASTER on ANNOUNCE_RECEIPT_TIMEOUT_EXPIRES
ptp4l[16141.072]: selected best master clock f63f7f.fffe.3909cf
ptp4l[16141.072]: foreign master not using PTP timescale
ptp4l[16141.227]: master offset    -373697 s2 freq -497591 path delay    826028
ptp4l[16142.095]: timed out while polling for tx timestamp
ptp4l[16142.095]: increasing tx_timestamp_timeout may correct this issue, but it is likely caused by a driver bug
ptp4l[16142.095]: port 2: send sync failed
ptp4l[16142.096]: port 2: MASTER to FAULTY on FAULT_DETECTED (FT_UNSPECIFIED)
ptp4l[16142.229]: master offset     -27339 s2 freq -462983 path delay    826028
ptp4l[16143.231]: master offset    1492390 s2 freq -309517 path delay    845191
ptp4l[16144.231]: master offset     -84666 s2 freq -467307 path delay    871534
ptp4l[16145.233]: master offset    -167830 s2 freq -475792 path delay    871534
ptp4l[16146.235]: master offset     205763 s2 freq -438227 path delay    965377
ptp4l[16147.236]: master offset    -460118 s2 freq -505275 path delay   1072803
ptp4l[16148.236]: master offset    -700907 s2 freq -530055 path delay   1072803
ptp4l[16149.239]: master offset    -153608 s2 freq -475478 path delay   1072803
ptp4l[16150.240]: master offset    -560123 s2 freq -516690 path delay   1045687
ptp4l[16151.241]: master offset    -542469 s2 freq -515467 path delay   1045687
ptp4l[16152.243]: master offset    -342876 s2 freq -495851 path delay    976286
ptp4l[16153.244]: master offset    -297244 s2 freq -491585 path delay    845766
ptp4l[16154.247]: master offset     146472 s2 freq -447067 path delay    845766
ptp4l[16155.247]: master offset    -405661 s2 freq -502686 path delay    807883
ptp4l[16156.249]: master offset     -82536 s2 freq -470456 path delay    680337
ptp4l[16157.252]: master offset      57435 s2 freq -456401 path delay    777791
ptp4l[16158.099]: port 2: FAULTY to LISTENING on INIT_COMPLETE
ptp4l[16158.254]: master offset     268559 s2 freq -435020 path delay    721184
ptp4l[16159.256]: master offset    -214801 s2 freq -483571 path delay    796262
ptp4l[16160.258]: master offset     -50413 s2 freq -467183 path delay    698809
ptp4l[16161.260]: master offset      28697 s2 freq -459243 path delay    698809
ptp4l[16162.261]: master offset     641598 s2 freq -397311 path delay    698809
ptp4l[16163.263]: master offset     546277 s2 freq -406297 path delay    764452
ptp4l[16164.265]: master offset    -225775 s2 freq -483728 path delay    821058
ptp4l[16165.085]: port 2: LISTENING to MASTER on ANNOUNCE_RECEIPT_TIMEOUT_EXPIRES
ptp4l[16165.085]: selected best master clock f63f7f.fffe.3909cf
ptp4l[16165.085]: foreign master not using PTP timescale
ptp4l[16165.272]: master offset    6472927 s2 freq +192615 path delay    821058
ptp4l[16166.109]: timed out while polling for tx timestamp
ptp4l[16166.109]: increasing tx_timestamp_timeout may correct this issue, but it is likely caused by a driver bug
ptp4l[16166.109]: port 2: send sync failed
ptp4l[16166.110]: port 2: MASTER to FAULTY on FAULT_DETECTED (FT_UNSPECIFIED)
ptp4l[16166.267]: master offset    -115831 s2 freq -466376 path delay    902138
ptp4l[16167.267]: master offset    -428542 s2 freq -498076 path delay    902138
ptp4l[16168.269]: master offset    -286089 s2 freq -484117 path delay    967512
ptp4l[16169.272]: master offset     -94437 s2 freq -465046 path delay    898534
ptp4l[16170.274]: master offset    -279152 s2 freq -483797 path delay   1021789
ptp4l[16171.275]: master offset    -293395 s2 freq -485514 path delay   1021789
ptp4l[16172.277]: master offset    -136308 s2 freq -469942 path delay    814178
ptp4l[16173.280]: master offset    -248694 s2 freq -481429 path delay    792408
ptp4l[16174.282]: master offset     -52349 s2 freq -461847 path delay    792408
ptp4l[16175.282]: master offset    -232719 s2 freq -480117 path delay    787767
ptp4l[16176.284]: master offset      -2126 s2 freq -457060 path delay    759627
ptp4l[16177.286]: master offset     305024 s2 freq -426040 path delay    787767
ptp4l[16178.289]: master offset    -264577 s2 freq -483264 path delay    818771
ptp4l[16179.290]: master offset    -278009 s2 freq -484886 path delay    818771
ptp4l[16180.292]: master offset     424446 s2 freq -414216 path delay    787767
ptp4l[16181.292]: master offset    -306475 s2 freq -487614 path delay    818771
ptp4l[16182.113]: port 2: FAULTY to LISTENING on INIT_COMPLETE
ptp4l[16182.293]: master offset     -25797 s2 freq -459572 path delay    800674
ptp4l[16183.295]: master offset    -178227 s2 freq -474993 path delay    818771
ptp4l[16184.297]: master offset     395431 s2 freq -417232 path delay    818771
ptp4l[16185.297]: master offset    -430451 s2 freq -500251 path delay    821364
ptp4l[16186.300]: master offset    -172925 s2 freq -474671 path delay    807909
ptp4l[16187.300]: master offset    -308514 s2 freq -488539 path delay    831095
ptp4l[16188.303]: master offset      22163 s2 freq -455449 path delay    807909
ptp4l[16188.611]: port 2: LISTENING to MASTER on ANNOUNCE_RECEIPT_TIMEOUT_EXPIRES
ptp4l[16188.612]: selected best master clock f63f7f.fffe.3909cf
ptp4l[16188.612]: foreign master not using PTP timescale
ptp4l[16189.303]: master offset      41936 s2 freq -453430 path delay    764181
ptp4l[16189.636]: timed out while polling for tx timestamp
ptp4l[16189.636]: increasing tx_timestamp_timeout may correct this issue, but it is likely caused by a driver bug
ptp4l[16189.636]: port 2: send sync failed
ptp4l[16189.636]: port 2: MASTER to FAULTY on FAULT_DETECTED (FT_UNSPECIFIED)
ptp4l[16190.304]: master offset     -52066 s2 freq -462882 path delay    807909
ptp4l[16191.313]: master offset    1433795 s2 freq -312862 path delay    807909
ptp4l[16192.308]: master offset     727197 s2 freq -382795 path delay    807909
ptp4l[16193.309]: master offset    -160911 s2 freq -471766 path delay    807909
ptp4l[16194.311]: master offset      77717 s2 freq -447826 path delay    807909
ptp4l[16195.312]: master offset    -224907 s2 freq -478313 path delay    809961
ptp4l[16196.314]: master offset      63229 s2 freq -449436 path delay    770128
ptp4l[16197.316]: master offset     -83319 s2 freq -464174 path delay    781924
ptp4l[16198.317]: master offset    -299451 s2 freq -486087 path delay    781924
ptp4l[16199.318]: master offset     308439 s2 freq -424990 path delay    781924
ptp4l[16200.320]: master offset     -43258 s2 freq -460202 path delay    760729
ptp4l[16201.322]: master offset     416502 s2 freq -413810 path delay    781924
ptp4l[16202.324]: master offset     342463 s2 freq -420871 path delay    800176
ptp4l[16203.324]: master offset    -288461 s2 freq -484252 path delay    800176
ptp4l[16204.327]: master offset     216160 s2 freq -433574 path delay    760729
ptp4l[16205.327]: master offset    -324188 s2 freq -487933 path delay    894269
ptp4l[16205.639]: port 2: FAULTY to LISTENING on INIT_COMPLETE
ptp4l[16206.330]: master offset    -117662 s2 freq -467398 path delay    830917
ptp4l[16207.332]: master offset     -24138 s2 freq -458070 path delay    768652
ptp4l[16208.335]: master offset     514144 s2 freq -403727 path delay    768652
ptp4l[16209.335]: master offset    -124590 s2 freq -467725 path delay    830917
ptp4l[16210.336]: master offset    -465200 s2 freq -502252 path delay    897360
ptp4l[16211.338]: master offset    -154528 s2 freq -471339 path delay    897360
ptp4l[16212.340]: master offset     167439 s2 freq -438975 path delay    703180
ptp4l[16213.211]: port 2: LISTENING to MASTER on ANNOUNCE_RECEIPT_TIMEOUT_EXPIRES
ptp4l[16213.213]: selected best master clock f63f7f.fffe.3909cf
ptp4l[16213.213]: foreign master not using PTP timescale
ptp4l[16213.342]: master offset      27349 s2 freq -452956 path delay    703180
ptp4l[16214.234]: timed out while polling for tx timestamp
ptp4l[16214.234]: increasing tx_timestamp_timeout may correct this issue, but it is likely caused by a driver bug
ptp4l[16214.234]: port 2: send sync failed
ptp4l[16214.234]: port 2: MASTER to FAULTY on FAULT_DETECTED (FT_UNSPECIFIED)
ptp4l[16214.342]: master offset     116716 s2 freq -443903 path delay    720590
ptp4l[16215.345]: master offset    -151979 s2 freq -470925 path delay    778340
ptp4l[16216.349]: master offset     358403 s2 freq -419528 path delay    778340
ptp4l[16217.350]: master offset     184605 s2 freq -436723 path delay    778340
ptp4l[16218.352]: master offset     228099 s2 freq -432146 path delay    778340
ptp4l[16219.355]: master offset     139489 s2 freq -440867 path delay    838767
ptp4l[16220.355]: master offset    -538091 s2 freq -509163 path delay    859191
ptp4l[16221.358]: master offset     -15845 s2 freq -456954 path delay    859191
ptp4l[16222.361]: master offset    -294517 s2 freq -485116 path delay    859191
ptp4l[16223.361]: master offset       2091 s2 freq -455453 path delay    845403
ptp4l[16224.364]: master offset     235506 s2 freq -431876 path delay    845403
ptp4l[16225.363]: master offset    -820337 s2 freq -538281 path delay   1015255
ptp4l[16226.365]: master offset      64326 s2 freq -449750 path delay   1015255
ptp4l[16227.366]: master offset    -212126 s2 freq -477608 path delay    934284
ptp4l[16228.369]: master offset    2148244 s2 freq -239422 path delay    854731
ptp4l[16229.368]: master offset    -372400 s2 freq -491859 path delay    935702
ptp4l[16230.236]: port 2: FAULTY to LISTENING on INIT_COMPLETE
ptp4l[16230.371]: master offset     809208 s2 freq -372889 path delay    935702
ptp4l[16231.370]: master offset    -325683 s2 freq -486704 path delay    935702
ptp4l[16232.372]: master offset    -232568 s2 freq -477625 path delay    935702
ptp4l[16233.373]: master offset    -186385 s2 freq -473193 path delay    935702
ptp4l[16234.376]: master offset    -279516 s2 freq -482786 path delay    935702
ptp4l[16235.377]: master offset    -639972 s2 freq -519471 path delay    826771
ptp4l[16236.380]: master offset     110611 s2 freq -444302 path delay    792596
ptp4l[16237.382]: master offset    -174238 s2 freq -472962 path delay    792596
ptp4l[16237.943]: port 2: LISTENING to MASTER on ANNOUNCE_RECEIPT_TIMEOUT_EXPIRES
ptp4l[16237.944]: selected best master clock f63f7f.fffe.3909cf
ptp4l[16237.944]: foreign master not using PTP timescale
ptp4l[16238.386]: master offset      67830 s2 freq -448687 path delay    772567
ptp4l[16238.969]: timed out while polling for tx timestamp
ptp4l[16238.969]: increasing tx_timestamp_timeout may correct this issue, but it is likely caused by a driver bug
ptp4l[16238.969]: port 2: send sync failed
ptp4l[16238.969]: port 2: MASTER to FAULTY on FAULT_DETECTED (FT_UNSPECIFIED)
ptp4l[16239.387]: master offset    -144555 s2 freq -470070 path delay    792596
ptp4l[16240.396]: master offset    1350745 s2 freq -319189 path delay    792596
ptp4l[16241.395]: master offset    -572276 s2 freq -512064 path delay    792596
ptp4l[16242.400]: master offset     813059 s2 freq -372717 path delay    792596
ptp4l[16243.399]: master offset    -289533 s2 freq -483266 path delay    792596
ptp4l[16244.403]: master offset    2167959 s2 freq -235349 path delay    792596
ptp4l[16245.403]: master offset    -207830 s2 freq -473135 path delay   1081202
ptp4l[16246.405]: master offset    -354066 s2 freq -488113 path delay   1081202
ptp4l[16247.404]: master offset    -843128 s2 freq -537862 path delay   1081202
ptp4l[16248.406]: master offset    -578918 s2 freq -512020 path delay   1352834
ptp4l[16249.405]: master offset   -1115838 s2 freq -566828 path delay   1352834
ptp4l[16250.408]: master offset       6783 s2 freq -454559 path delay    782498
ptp4l[16251.408]: master offset    -428612 s2 freq -498527 path delay    679726
ptp4l[16252.411]: master offset     126009 s2 freq -442939 path delay    679726
ptp4l[16253.411]: master offset     154445 s2 freq -439941 path delay    571460
ptp4l[16254.412]: master offset     316264 s2 freq -423443 path delay    571460
ptp4l[16254.971]: port 2: FAULTY to LISTENING on INIT_COMPLETE
ptp4l[16255.413]: master offset    1157105 s2 freq -338202 path delay    571460
ptp4l[16256.414]: master offset    -124926 s2 freq -466530 path delay    681406
ptp4l[16257.415]: master offset     455833 s2 freq -407998 path delay    681406
ptp4l[16258.418]: master offset     673774 s2 freq -385530 path delay    964144
ptp4l[16259.419]: master offset    -277186 s2 freq -480903 path delay   1108089
ptp4l[16260.420]: master offset     291459 s2 freq -423747 path delay   1108089
ptp4l[16261.420]: master offset    -585117 s2 freq -511990 path delay   1108089
ptp4l[16262.125]: port 2: LISTENING to MASTER on ANNOUNCE_RECEIPT_TIMEOUT_EXPIRES
ptp4l[16262.125]: selected best master clock f63f7f.fffe.3909cf
ptp4l[16262.125]: foreign master not using PTP timescale
ptp4l[16262.421]: master offset    -893256 s2 freq -543697 path delay   1151805
ptp4l[16263.148]: timed out while polling for tx timestamp
ptp4l[16263.148]: increasing tx_timestamp_timeout may correct this issue, but it is likely caused by a driver bug
ptp4l[16263.148]: port 2: send sync failed
ptp4l[16263.148]: port 2: MASTER to FAULTY on FAULT_DETECTED (FT_UNSPECIFIED)
ptp4l[16263.423]: master offset    -643237 s2 freq -519339 path delay   1151805
ptp4l[16264.424]: master offset    -280428 s2 freq -483338 path delay   1019770
ptp4l[16265.425]: master offset    -399470 s2 freq -495642 path delay   1019770
ptp4l[16266.427]: master offset    -331073 s2 freq -489133 path delay   1047094
ptp4l[16267.428]: master offset    -519585 s2 freq -508504 path delay   1031877
ptp4l[16268.428]: master offset    -109783 s2 freq -467634 path delay   1031877
ptp4l[16269.429]: master offset     -28811 s2 freq -459565 path delay    952118
ptp4l[16270.430]: master offset    -389359 s2 freq -496009 path delay    952118
ptp4l[16271.431]: master offset    -311430 s2 freq -488528 path delay    909894
ptp4l[16272.433]: master offset    1133248 s2 freq -342927 path delay    929259
ptp4l[16273.433]: master offset    -328053 s2 freq -489385 path delay    929259
ptp4l[16274.434]: master offset     -65802 s2 freq -463226 path delay    912757
ptp4l[16275.435]: master offset    -308811 s2 freq -487835 path delay    912757
ptp4l[16276.436]: master offset     -92940 s2 freq -466341 path delay    912757
ptp4l[16277.438]: master offset    -103768 s2 freq -467528 path delay    776206
ptp4l[16278.440]: master offset      58863 s2 freq -451206 path delay    912757
ptp4l[16279.150]: port 2: FAULTY to LISTENING on INIT_COMPLETE
ptp4l[16279.447]: master offset    5668964 s2 freq +115473 path delay    912757
ptp4l[16280.444]: master offset     -60189 s2 freq -457502 path delay    912757
ptp4l[16281.449]: master offset    2477109 s2 freq -201295 path delay    855165
ptp4l[16282.458]: master offset    8972893 s2 freq +457256 path delay    926599
ptp4l[16283.454]: master offset    4135003 s2 freq  -22398 path delay    926599
ptp4l[16284.452]: master offset    -290062 s2 freq -465195 path delay   1007370
ptp4l[16285.452]: master offset    -667026 s2 freq -503558 path delay   1124155
ptp4l[16286.080]: port 2: LISTENING to MASTER on ANNOUNCE_RECEIPT_TIMEOUT_EXPIRES
ptp4l[16286.081]: selected best master clock f63f7f.fffe.3909cf
ptp4l[16286.081]: foreign master not using PTP timescale
ptp4l[16286.454]: master offset    -276937 s2 freq -464826 path delay   1124155
ptp4l[16287.105]: timed out while polling for tx timestamp
ptp4l[16287.106]: increasing tx_timestamp_timeout may correct this issue, but it is likely caused by a driver bug
ptp4l[16287.106]: port 2: send sync failed
ptp4l[16287.106]: port 2: MASTER to FAULTY on FAULT_DETECTED (FT_UNSPECIFIED)
ptp4l[16287.456]: master offset    -479580 s2 freq -485570 path delay   1043384
ptp4l[16288.461]: master offset    2519971 s2 freq -183095 path delay   1043384
ptp4l[16289.458]: master offset    -832462 s2 freq -519171 path delay   1228951
ptp4l[16290.458]: master offset    -874713 s2 freq -524270 path delay   1043384
