--- 12:57:02 ---
     remote           refid      st t when poll reach   delay   offset   jitter
===============================================================================
 boundary1       .INIT.          16 u    -   64    0   0.0000   0.0000   0.0001
--- 12:57:17 ---
     remote           refid      st t when poll reach   delay   offset   jitter
===============================================================================
 boundary1       .INIT.          16 u    -   64    0   0.0000   0.0000   0.0001
--- 12:57:32 ---
     remote           refid      st t when poll reach   delay   offset   jitter
===============================================================================
 boundary1       .INIT.          16 u    -   64    0   0.0000   0.0000   0.0001
--- 12:57:47 ---
     remote           refid      st t when poll reach   delay   offset   jitter
===============================================================================
 boundary1       .INIT.          16 u    -   64    0   0.0000   0.0000   0.0001
--- 12:58:02 ---
     remote           refid      st t when poll reach   delay   offset   jitter
===============================================================================
 boundary1       .INIT.          16 u    -   64    0   0.0000   0.0000   0.0001
--- 12:58:17 ---
     remote           refid      st t when poll reach   delay   offset   jitter
===============================================================================
 boundary1       .INIT.          16 u    -   64    0   0.0000   0.0000   0.0001
--- 12:58:33 ---
     remote           refid      st t when poll reach   delay   offset   jitter
===============================================================================
 boundary1       .INIT.          16 u    -   64    0   0.0000   0.0000   0.0001
--- 12:58:48 ---
     remote           refid      st t when poll reach   delay   offset   jitter
===============================================================================
 boundary1       .INIT.          16 u    -   64    0   0.0000   0.0000   0.0001
--- 12:59:03 ---
     remote           refid      st t when poll reach   delay   offset   jitter
===============================================================================
 boundary1       .INIT.          16 u    -   64    0   0.0000   0.0000   0.0001
--- 12:59:18 ---
     remote           refid      st t when poll reach   delay   offset   jitter
===============================================================================
 boundary1       .INIT.          16 u    -   64    0   0.0000   0.0000   0.0001
--- 12:59:33 ---
     remote           refid      st t when poll reach   delay   offset   jitter
===============================================================================
 boundary1       .INIT.          16 u    -   64    0   0.0000   0.0000   0.0001
--- 12:59:48 ---
     remote           refid      st t when poll reach   delay   offset   jitter
===============================================================================
 boundary1       .INIT.          16 u    -   64    0   0.0000   0.0000   0.0001
--- 13:00:03 ---
     remote           refid      st t when poll reach   delay   offset   jitter
===============================================================================
 boundary1       .INIT.          16 u    -   64    0   0.0000   0.0000   0.0001
--- 13:00:18 ---
     remote           refid      st t when poll reach   delay   offset   jitter
===============================================================================
 boundary1       .INIT.          16 u    -   64    0   0.0000   0.0000   0.0001
--- 13:00:33 ---
     remote           refid      st t when poll reach   delay   offset   jitter
===============================================================================
 boundary1       .INIT.          16 u    -   64    0   0.0000   0.0000   0.0001
--- 13:00:48 ---
     remote           refid      st t when poll reach   delay   offset   jitter
===============================================================================
 boundary1       .INIT.          16 u    -   64    0   0.0000   0.0000   0.0001
--- 13:01:03 ---
     remote           refid      st t when poll reach   delay   offset   jitter
===============================================================================
 boundary1       .INIT.          16 u    -   64    0   0.0000   0.0000   0.0001
--- 13:01:18 ---
     remote           refid      st t when poll reach   delay   offset   jitter
===============================================================================
 boundary1       .INIT.          16 u    -   64    0   0.0000   0.0000   0.0001
--- 13:01:33 ---
     remote           refid      st t when poll reach   delay   offset   jitter
===============================================================================
 boundary1       .INIT.          16 u    -   64    0   0.0000   0.0000   0.0001
--- 13:01:48 ---
     remote           refid      st t when poll reach   delay   offset   jitter
===============================================================================
 boundary1       .INIT.          16 u    -   64    0   0.0000   0.0000   0.0001
--- 13:02:03 ---
     remote           refid      st t when poll reach   delay   offset   jitter
===============================================================================
 boundary1       .INIT.          16 u    -   64    0   0.0000   0.0000   0.0001
--- 13:02:19 ---
     remote           refid      st t when poll reach   delay   offset   jitter
===============================================================================
 boundary1       .INIT.          16 u    -   64    0   0.0000   0.0000   0.0001
--- 13:02:34 ---
     remote           refid      st t when poll reach   delay   offset   jitter
===============================================================================
 boundary1       .INIT.          16 u    -   64    0   0.0000   0.0000   0.0001
--- 13:02:49 ---
     remote           refid      st t when poll reach   delay   offset   jitter
===============================================================================
 boundary1       .INIT.          16 u    -   64    0   0.0000   0.0000   0.0001
--- 13:03:04 ---
     remote           refid      st t when poll reach   delay   offset   jitter
===============================================================================
 boundary1       .INIT.          16 u    -   64    0   0.0000   0.0000   0.0001
--- 13:03:19 ---
     remote           refid      st t when poll reach   delay   offset   jitter
===============================================================================
 boundary1       .INIT.          16 u    -   64    0   0.0000   0.0000   0.0001
--- 13:03:34 ---
     remote           refid      st t when poll reach   delay   offset   jitter
===============================================================================
 boundary1       .INIT.          16 u    -   64    0   0.0000   0.0000   0.0001
--- 13:03:49 ---
     remote           refid      st t when poll reach   delay   offset   jitter
===============================================================================
 boundary1       .INIT.          16 u    -   64    0   0.0000   0.0000   0.0001
--- 13:04:04 ---
     remote           refid      st t when poll reach   delay   offset   jitter
===============================================================================
 boundary1       .INIT.          16 u    -   64    0   0.0000   0.0000   0.0001
--- 13:04:19 ---
     remote           refid      st t when poll reach   delay   offset   jitter
===============================================================================
 boundary1       .INIT.          16 u    -   64    0   0.0000   0.0000   0.0001
--- 13:04:34 ---
     remote           refid      st t when poll reach   delay   offset   jitter
===============================================================================
 boundary1       .INIT.          16 u    -   64    0   0.0000   0.0000   0.0001
--- 13:04:49 ---
     remote           refid      st t when poll reach   delay   offset   jitter
===============================================================================
 boundary1       .INIT.          16 u    -   64    0   0.0000   0.0000   0.0001
--- 13:05:04 ---
     remote           refid      st t when poll reach   delay   offset   jitter
===============================================================================
 boundary1       .INIT.          16 u    -   64    0   0.0000   0.0000   0.0001
--- 13:05:19 ---
     remote           refid      st t when poll reach   delay   offset   jitter
===============================================================================
 boundary1       .INIT.          16 u    -   64    0   0.0000   0.0000   0.0001
--- 13:05:52 ---
     remote           refid      st t when poll reach   delay   offset   jitter
===============================================================================
 boundary1       .INIT.          16 u    -   64    0   0.0000   0.0000   0.0001
--- 13:06:07 ---
     remote           refid      st t when poll reach   delay   offset   jitter
===============================================================================
 boundary1       .INIT.          16 u    -   64    0   0.0000   0.0000   0.0001
--- 13:06:22 ---
     remote           refid      st t when poll reach   delay   offset   jitter
===============================================================================
 boundary1       .INIT.          16 u    -   64    0   0.0000   0.0000   0.0001
--- 13:06:37 ---
     remote           refid      st t when poll reach   delay   offset   jitter
===============================================================================
*boundary1       10.0.10.4       10 u    1   64    1   7.6262  -2.5513   0.6163
--- 13:06:52 ---
     remote           refid      st t when poll reach   delay   offset   jitter
===============================================================================
*boundary1       10.0.10.4       10 u   14   64    1   6.4676  -2.4101   0.5101
--- 13:07:07 ---
     remote           refid      st t when poll reach   delay   offset   jitter
===============================================================================
*boundary1       10.0.10.4       10 u   29   64    1   6.4676  -2.4101   0.5101
--- 13:07:23 ---
     remote           refid      st t when poll reach   delay   offset   jitter
===============================================================================
*boundary1       10.0.10.4       10 u   44   64    1   6.4676  -2.4101   0.5101
--- 13:07:38 ---
     remote           refid      st t when poll reach   delay   offset   jitter
===============================================================================
*boundary1       10.0.10.4       10 u    1   64    3   7.9616  -2.2854   0.4635
--- 13:07:53 ---
     remote           refid      st t when poll reach   delay   offset   jitter
===============================================================================
*boundary1       10.0.10.4       10 u   16   64    3   7.9616  -2.2854   0.4635
--- 13:08:08 ---
     remote           refid      st t when poll reach   delay   offset   jitter
===============================================================================
*boundary1       10.0.10.4       10 u   31   64    3   7.9616  -2.2854   0.4635
--- 13:08:23 ---
     remote           refid      st t when poll reach   delay   offset   jitter
===============================================================================
*boundary1       10.0.10.4       10 u   46   64    3   7.9616  -2.2854   0.4635
--- 13:08:38 ---
     remote           refid      st t when poll reach   delay   offset   jitter
===============================================================================
*boundary1       10.0.10.4       10 u   61   64    3   7.9616  -2.2854   0.4635
--- 13:08:53 ---
     remote           refid      st t when poll reach   delay   offset   jitter
===============================================================================
*boundary1       10.0.10.4       10 u    8   64    7  13.3226   1.6615   4.0164
--- 13:09:08 ---
     remote           refid      st t when poll reach   delay   offset   jitter
===============================================================================
*boundary1       10.0.10.4       10 u   23   64    7  13.3226   1.6615   4.0164
--- 13:09:23 ---
     remote           refid      st t when poll reach   delay   offset   jitter
===============================================================================
*boundary1       10.0.10.4       10 u   38   64    7  13.3226   1.6615   4.0164
--- 13:09:38 ---
     remote           refid      st t when poll reach   delay   offset   jitter
===============================================================================
*boundary1       10.0.10.4       10 u   53   64    7  13.3226   1.6615   4.0164
--- 13:09:53 ---
     remote           refid      st t when poll reach   delay   offset   jitter
===============================================================================
*boundary1       10.0.10.4       10 u    2   64   17   6.6127  -2.5267   1.6418
--- 13:10:08 ---
     remote           refid      st t when poll reach   delay   offset   jitter
===============================================================================
*boundary1       10.0.10.4       10 u   17   64   17   6.6127  -2.5267   1.6418
--- 13:10:23 ---
     remote           refid      st t when poll reach   delay   offset   jitter
===============================================================================
*boundary1       10.0.10.4       10 u   32   64   17   6.6127  -2.5267   1.6418
--- 13:10:38 ---
     remote           refid      st t when poll reach   delay   offset   jitter
===============================================================================
*boundary1       10.0.10.4       10 u   47   64   17   6.6127  -2.5267   1.6418
--- 13:10:53 ---
     remote           refid      st t when poll reach   delay   offset   jitter
===============================================================================
*boundary1       10.0.10.4       10 u   62   64   17   6.6127  -2.5267   1.6418
--- 13:11:08 ---
     remote           refid      st t when poll reach   delay   offset   jitter
===============================================================================
*boundary1       10.0.10.4       10 u   10   64   37   9.1909  -3.8422   2.4979
--- 13:11:24 ---
     remote           refid      st t when poll reach   delay   offset   jitter
===============================================================================
*boundary1       10.0.10.4       10 u   25   64   37   9.1909  -3.8422   2.4979
--- 13:11:39 ---
     remote           refid      st t when poll reach   delay   offset   jitter
===============================================================================
*boundary1       10.0.10.4       10 u   40   64   37   9.1909  -3.8422   2.4979
--- 13:11:54 ---
     remote           refid      st t when poll reach   delay   offset   jitter
===============================================================================
*boundary1       10.0.10.4       10 u   55   64   37   9.1909  -3.8422   2.4979
--- 13:12:09 ---
     remote           refid      st t when poll reach   delay   offset   jitter
===============================================================================
*boundary1       10.0.10.4       10 u    4   64   77   6.4576  -2.5214   1.6964
--- 13:12:24 ---
     remote           refid      st t when poll reach   delay   offset   jitter
===============================================================================
*boundary1       10.0.10.4       10 u   19   64   77   6.4576  -2.5214   1.6964
--- 13:12:39 ---
     remote           refid      st t when poll reach   delay   offset   jitter
===============================================================================
*boundary1       10.0.10.4       10 u   34   64   77   6.4576  -2.5214   1.6964
--- 13:12:54 ---
     remote           refid      st t when poll reach   delay   offset   jitter
===============================================================================
*boundary1       10.0.10.4       10 u   50   64   77   6.4576  -2.5214   1.6964
--- 13:13:09 ---
     remote           refid      st t when poll reach   delay   offset   jitter
===============================================================================
*boundary1       10.0.10.4       10 u   65   64   77   6.4576  -2.5214   1.6964
--- 13:13:24 ---
     remote           refid      st t when poll reach   delay   offset   jitter
===============================================================================
*boundary1       10.0.10.4       10 u   14   64  177   7.1265  -3.1747   1.9437
--- 13:13:39 ---
     remote           refid      st t when poll reach   delay   offset   jitter
===============================================================================
*boundary1       10.0.10.4       10 u   29   64  177   7.1265  -3.1747   1.9437
--- 13:13:54 ---
     remote           refid      st t when poll reach   delay   offset   jitter
===============================================================================
*boundary1       10.0.10.4       10 u   44   64  177   7.1265  -3.1747   1.9437
--- 13:14:09 ---
     remote           refid      st t when poll reach   delay   offset   jitter
===============================================================================
*boundary1       10.0.10.4       10 u   59   64  177   7.1265  -3.1747   1.9437
--- 13:14:24 ---
     remote           refid      st t when poll reach   delay   offset   jitter
===============================================================================
*boundary1       10.0.10.4       10 u    6   64  377   5.6059  -2.0574   1.6421
--- 13:14:39 ---
     remote           refid      st t when poll reach   delay   offset   jitter
===============================================================================
*boundary1       10.0.10.4       10 u   21   64  377   5.6059  -2.0574   1.6421
--- 13:14:54 ---
     remote           refid      st t when poll reach   delay   offset   jitter
===============================================================================
*boundary1       10.0.10.4       10 u   36   64  377   5.6059  -2.0574   1.6421
--- 13:15:10 ---
     remote           refid      st t when poll reach   delay   offset   jitter
===============================================================================
*boundary1       10.0.10.4       10 u   51   64  377   5.6059  -2.0574   1.6421
--- 13:15:25 ---
     remote           refid      st t when poll reach   delay   offset   jitter
===============================================================================
*boundary1       10.0.10.4       10 u    -   64  377   8.3297  -2.4157   1.6649
--- 13:15:40 ---
     remote           refid      st t when poll reach   delay   offset   jitter
===============================================================================
*boundary1       10.0.10.4       10 u   15   64  377   8.3297  -2.4157   1.6649
--- 13:15:55 ---
     remote           refid      st t when poll reach   delay   offset   jitter
===============================================================================
*boundary1       10.0.10.4       10 u   30   64  377   8.3297  -2.4157   1.6649
--- 13:16:10 ---
     remote           refid      st t when poll reach   delay   offset   jitter
===============================================================================
*boundary1       10.0.10.4       10 u   45   64  377   8.3297  -2.4157   1.6649
--- 13:16:25 ---
     remote           refid      st t when poll reach   delay   offset   jitter
===============================================================================
*boundary1       10.0.10.4       10 u   60   64  377   8.3297  -2.4157   1.6649
--- 13:16:40 ---
     remote           refid      st t when poll reach   delay   offset   jitter
===============================================================================
*boundary1       10.0.10.4       10 u    9   64  377   7.5073  -2.8743   1.8017
--- 13:16:55 ---
     remote           refid      st t when poll reach   delay   offset   jitter
===============================================================================
*boundary1       10.0.10.4       10 u   25   64  377   7.5073  -2.8743   1.8017
--- 13:17:10 ---
     remote           refid      st t when poll reach   delay   offset   jitter
===============================================================================
*boundary1       10.0.10.4       10 u   40   64  377   7.5073  -2.8743   1.8017
--- 13:17:25 ---
     remote           refid      st t when poll reach   delay   offset   jitter
===============================================================================
*boundary1       10.0.10.4       10 u   55   64  377   7.5073  -2.8743   1.8017
--- 13:17:40 ---
     remote           refid      st t when poll reach   delay   offset   jitter
===============================================================================
*boundary1       10.0.10.4       10 u    2   64  377   5.6059  -2.0574   0.9139
--- 13:17:55 ---
     remote           refid      st t when poll reach   delay   offset   jitter
===============================================================================
*boundary1       10.0.10.4       10 u   17   64  377   5.6059  -2.0574   0.9139
--- 13:18:10 ---
     remote           refid      st t when poll reach   delay   offset   jitter
===============================================================================
*boundary1       10.0.10.4       10 u   32   64  377   5.6059  -2.0574   0.9139
--- 13:18:25 ---
     remote           refid      st t when poll reach   delay   offset   jitter
===============================================================================
*boundary1       10.0.10.4       10 u   47   64  377   5.6059  -2.0574   0.9139
--- 13:18:40 ---
     remote           refid      st t when poll reach   delay   offset   jitter
===============================================================================
*boundary1       10.0.10.4       10 u   62   64  377   5.6059  -2.0574   0.9139
--- 13:18:55 ---
     remote           refid      st t when poll reach   delay   offset   jitter
===============================================================================
*boundary1       10.0.10.4       10 u   10   64  377   5.6059  -2.0574   0.9378
--- 13:19:11 ---
     remote           refid      st t when poll reach   delay   offset   jitter
===============================================================================
*boundary1       10.0.10.4       10 u   25   64  377   5.6059  -2.0574   0.9378
--- 13:19:26 ---
     remote           refid      st t when poll reach   delay   offset   jitter
===============================================================================
*boundary1       10.0.10.4       10 u   40   64  377   5.6059  -2.0574   0.9378
--- 13:19:41 ---
     remote           refid      st t when poll reach   delay   offset   jitter
===============================================================================
*boundary1       10.0.10.4       10 u   55   64  377   5.6059  -2.0574   0.9378
--- 13:19:56 ---
     remote           refid      st t when poll reach   delay   offset   jitter
===============================================================================
*boundary1       10.0.10.4       10 u    4   64  377   5.6059  -2.0574   0.6516
--- 13:20:11 ---
     remote           refid      st t when poll reach   delay   offset   jitter
===============================================================================
*boundary1       10.0.10.4       10 u   19   64  377   5.6059  -2.0574   0.6516
--- 13:20:26 ---
     remote           refid      st t when poll reach   delay   offset   jitter
===============================================================================
*boundary1       10.0.10.4       10 u   34   64  377   5.6059  -2.0574   0.6516
--- 13:20:41 ---
     remote           refid      st t when poll reach   delay   offset   jitter
===============================================================================
*boundary1       10.0.10.4       10 u   49   64  377   5.6059  -2.0574   0.6516
--- 13:20:56 ---
     remote           refid      st t when poll reach   delay   offset   jitter
===============================================================================
*boundary1       10.0.10.4       10 u   65   64  377   5.6059  -2.0574   0.6516
--- 13:21:11 ---
     remote           refid      st t when poll reach   delay   offset   jitter
===============================================================================
*boundary1       10.0.10.4       10 u   14   64  377   5.6059  -2.0574   0.6533
--- 13:21:26 ---
     remote           refid      st t when poll reach   delay   offset   jitter
===============================================================================
*boundary1       10.0.10.4       10 u   29   64  377   5.6059  -2.0574   0.6533
--- 13:21:41 ---
     remote           refid      st t when poll reach   delay   offset   jitter
===============================================================================
*boundary1       10.0.10.4       10 u   44   64  377   5.6059  -2.0574   0.6533
--- 13:21:56 ---
     remote           refid      st t when poll reach   delay   offset   jitter
===============================================================================
*boundary1       10.0.10.4       10 u   59   64  377   5.6059  -2.0574   0.6533
