ptp4l[14974.470]: port 1: INITIALIZING to LISTENING on INIT_COMPLETE
ptp4l[14974.470]: port 2: INITIALIZING to LISTENING on INIT_COMPLETE
ptp4l[14974.470]: port 0: INITIALIZING to LISTENING on INIT_COMPLETE
ptp4l[14977.233]: port 1: new foreign master b63550.fffe.ab1e80-1
ptp4l[14981.235]: selected best master clock b63550.fffe.ab1e80
ptp4l[14981.235]: foreign master not using PTP timescale
ptp4l[14981.235]: port 1: LISTENING to UNCALIBRATED on RS_SLAVE
ptp4l[14981.971]: port 2: LISTENING to MASTER on ANNOUNCE_RECEIPT_TIMEOUT_EXPIRES
ptp4l[14981.971]: selected best master clock b63550.fffe.ab1e80
ptp4l[14981.971]: foreign master not using PTP timescale
ptp4l[14983.237]: master offset    -226393 s0 freq -265397 path delay    470291
ptp4l[14984.239]: master offset     583321 s0 freq -265397 path delay    291077
ptp4l[14985.239]: master offset     -12920 s0 freq -265397 path delay    291077
ptp4l[14986.239]: master offset      52681 s0 freq -265397 path delay    380684
ptp4l[14987.239]: master offset    -145455 s0 freq -265397 path delay    380684
ptp4l[14988.241]: master offset     114885 s0 freq -265397 path delay    333484
ptp4l[14989.242]: master offset     893873 s0 freq -265397 path delay    401887
ptp4l[14990.241]: master offset    -141495 s0 freq -265397 path delay    523138
ptp4l[14991.245]: master offset    -255359 s0 freq -265397 path delay    523138
ptp4l[14992.247]: master offset      19685 s0 freq -265397 path delay    575986
ptp4l[14993.243]: master offset    -395143 s0 freq -265397 path delay    575986
ptp4l[14994.247]: master offset    1849795 s0 freq -265397 path delay    523138
ptp4l[14995.245]: master offset     719815 s0 freq -265397 path delay    613985
ptp4l[14996.251]: master offset     827761 s0 freq -265397 path delay    778035
ptp4l[14997.252]: master offset    -328051 s0 freq -265397 path delay    990159
ptp4l[14998.251]: master offset    -751382 s0 freq -265397 path delay    990159
ptp4l[14999.255]: master offset    1177881 s1 freq -177709 path delay    990159
ptp4l[15000.261]: master offset    -805793 s2 freq -259094 path delay    990159
ptp4l[15000.261]: port 1: UNCALIBRATED to SLAVE on MASTER_CLOCK_SELECTED
ptp4l[15001.263]: master offset     377395 s2 freq -140398 path delay    917524
ptp4l[15002.264]: master offset    -341904 s2 freq -212670 path delay    930111
ptp4l[15003.265]: master offset    -436714 s2 freq -222588 path delay    930111
ptp4l[15004.266]: master offset    -728418 s2 freq -252486 path delay   1013549
ptp4l[15005.265]: master offset    -764175 s2 freq -256826 path delay    930111
ptp4l[15006.274]: master offset    5533287 s2 freq +378453 path delay    723124
ptp4l[15007.268]: master offset    -592325 s2 freq -234700 path delay    723124
ptp4l[15008.270]: master offset      97790 s2 freq -165591 path delay    441307
ptp4l[15009.269]: master offset    -324696 s2 freq -208164 path delay    438157
ptp4l[15010.269]: master offset    -249960 s2 freq -200941 path delay    438157
ptp4l[15011.269]: master offset    -256382 s2 freq -201839 path delay    393974
ptp4l[15012.270]: master offset      82415 s2 freq -167877 path delay    393974
ptp4l[15013.271]: master offset    -153823 s2 freq -191655 path delay    328431
ptp4l[15014.271]: master offset    -146945 s2 freq -191114 path delay    328431
ptp4l[15015.271]: master offset     -97201 s2 freq -186237 path delay    251090
ptp4l[15016.271]: master offset     -67807 s2 freq -183365 path delay    186510
ptp4l[15017.272]: master offset     -43836 s2 freq -181012 path delay    170175
ptp4l[15018.273]: master offset     218131 s2 freq -154597 path delay    164632
ptp4l[15019.274]: master offset     191142 s2 freq -157105 path delay    170175
ptp4l[15020.276]: master offset      69740 s2 freq -169175 path delay    216911
ptp4l[15021.275]: master offset     -11761 s2 freq -177337 path delay    216911
ptp4l[15022.276]: master offset     101614 s2 freq -165898 path delay    216911
ptp4l[15023.278]: master offset     -91793 s2 freq -185330 path delay    305612
ptp4l[15024.281]: master offset     462877 s2 freq -129401 path delay    305612
ptp4l[15025.280]: master offset     -53028 s2 freq -181044 path delay    360509
ptp4l[15026.282]: master offset      24683 s2 freq -173248 path delay    378978
ptp4l[15027.283]: master offset    -220740 s2 freq -198011 path delay    409559
ptp4l[15028.284]: master offset    -107020 s2 freq -186746 path delay    405063
ptp4l[15029.284]: master offset    -187128 s2 freq -194944 path delay    442103
ptp4l[15030.286]: master offset     -16190 s2 freq -177867 path delay    442103
ptp4l[15031.287]: master offset     207899 s2 freq -155250 path delay    442103
ptp4l[15032.289]: master offset      73625 s2 freq -168604 path delay    442103
ptp4l[15033.288]: master offset    -231842 s2 freq -199382 path delay    434549
ptp4l[15034.291]: master offset      98576 s2 freq -166242 path delay    412920
ptp4l[15035.292]: master offset      41203 s2 freq -171938 path delay    412920
ptp4l[15036.293]: master offset      99766 s2 freq -165982 path delay    412920
ptp4l[15037.294]: master offset    1163287 s2 freq  -58467 path delay    401106
ptp4l[15038.294]: master offset     130501 s2 freq -161615 path delay    401106
ptp4l[15039.296]: master offset     -45631 s2 freq -179273 path delay    401106
ptp4l[15040.301]: master offset    1530564 s2 freq  -20123 path delay    412920
ptp4l[15041.298]: master offset     -47261 s2 freq -177953 path delay    421763
ptp4l[15042.300]: master offset    1116605 s2 freq  -60450 path delay    421763
ptp4l[15043.300]: master offset    -184191 s2 freq -190714 path delay    515081
ptp4l[15044.303]: master offset     467218 s2 freq -125106 path delay    515081
ptp4l[15045.304]: master offset    -301350 s2 freq -202264 path delay    602873
ptp4l[15046.305]: master offset    -128822 s2 freq -185140 path delay    602873
ptp4l[15047.306]: master offset     697686 s2 freq -101791 path delay    621777
ptp4l[15048.306]: master offset    -365471 s2 freq -208472 path delay    671711
ptp4l[15049.309]: master offset    -283841 s2 freq -200593 path delay    813712
ptp4l[15050.309]: master offset     122893 s2 freq -159797 path delay    813712
ptp4l[15051.310]: master offset    -186730 s2 freq -190946 path delay    813712
ptp4l[15052.312]: master offset    -269348 s2 freq -199477 path delay    813712
ptp4l[15053.313]: master offset     -50223 s2 freq -177615 path delay    813712
ptp4l[15054.314]: master offset    -264459 s2 freq -199303 path delay    700959
ptp4l[15055.315]: master offset    -333833 s2 freq -206574 path delay    669619
ptp4l[15056.317]: master offset     270306 s2 freq -145890 path delay    621777
ptp4l[15057.318]: master offset    -129461 s2 freq -185996 path delay    621777
ptp4l[15058.319]: master offset    -208741 s2 freq -194133 path delay    604928
ptp4l[15059.320]: master offset     359405 s2 freq -136959 path delay    604928
ptp4l[15060.321]: master offset      99264 s2 freq -162874 path delay    632945
ptp4l[15061.323]: master offset     221585 s2 freq -150420 path delay    614225
ptp4l[15062.323]: master offset     -38681 s2 freq -176485 path delay    614225
ptp4l[15063.323]: master offset    -184539 s2 freq -191256 path delay    563768
ptp4l[15064.326]: master offset     183036 s2 freq -154315 path delay    515685
ptp4l[15065.327]: master offset    1426264 s2 freq  -28566 path delay    515685
ptp4l[15066.328]: master offset     452389 s2 freq -125501 path delay    560424
ptp4l[15067.328]: master offset    -260130 s2 freq -197013 path delay    641546
ptp4l[15068.330]: master offset      63002 s2 freq -164637 path delay    543007
ptp4l[15069.332]: master offset     -79570 s2 freq -178974 path delay    636032
ptp4l[15070.342]: master offset    2729183 s2 freq +104631 path delay    653450
ptp4l[15071.341]: master offset    -268282 s2 freq -195384 path delay    653450
ptp4l[15072.343]: master offset      70615 s2 freq -161424 path delay    636032
ptp4l[15073.346]: master offset    -231733 s2 freq -191890 path delay    628832
ptp4l[15074.348]: master offset    -124273 s2 freq -181269 path delay    628832
ptp4l[15075.350]: master offset      52283 s2 freq -163561 path delay    628832
ptp4l[15076.352]: master offset     -35771 s2 freq -172402 path delay    640735
ptp4l[15077.352]: master offset    -323076 s2 freq -201455 path delay    657990
ptp4l[15078.354]: master offset      33899 s2 freq -165724 path delay    669464
ptp4l[15079.355]: master offset    -257469 s2 freq -195118 path delay    650790
ptp4l[15080.357]: master offset      15538 s2 freq -167802 path delay    650790
ptp4l[15081.358]: master offset     -99891 s2 freq -179445 path delay    634718
ptp4l[15082.361]: master offset     281989 s2 freq -140975 path delay    634718
ptp4l[15083.360]: master offset    -298116 s2 freq -199283 path delay    748558
ptp4l[15084.362]: master offset     294626 s2 freq -139715 path delay    543220
ptp4l[15085.362]: master offset    -229486 s2 freq -192355 path delay    624238
ptp4l[15086.363]: master offset    -117251 s2 freq -181249 path delay    624238
ptp4l[15087.364]: master offset    -189398 s2 freq -188653 path delay    577087
ptp4l[15088.366]: master offset       -421 s2 freq -169756 path delay    577087
ptp4l[15089.368]: master offset     778738 s2 freq  -91061 path delay    577087
ptp4l[15090.368]: master offset    -269856 s2 freq -196191 path delay    848532
ptp4l[15091.372]: master offset     -53605 s2 freq -174619 path delay    979366
ptp4l[15092.372]: master offset    -457532 s2 freq -215469 path delay   1009964
ptp4l[15093.373]: master offset     -76708 s2 freq -177464 path delay   1009964
ptp4l[15094.374]: master offset    -358094 s2 freq -205960 path delay    979366
ptp4l[15095.376]: master offset     798087 s2 freq  -89544 path delay    997949
ptp4l[15096.377]: master offset    -499291 s2 freq -219781 path delay   1021120
ptp4l[15097.377]: master offset    -535655 s2 freq -223953 path delay   1021120
ptp4l[15098.378]: master offset    -442939 s2 freq -215125 path delay   1021120
ptp4l[15099.379]: master offset    -348422 s2 freq -206021 path delay    997949
ptp4l[15100.381]: master offset    -456001 s2 freq -217235 path delay    861055
ptp4l[15101.379]: master offset    -330792 s2 freq -205045 path delay    669696
ptp4l[15102.382]: master offset     200154 s2 freq -151750 path delay    669696
ptp4l[15103.381]: master offset    -310839 s2 freq -203160 path delay    599771
ptp4l[15104.384]: master offset    2437865 s2 freq  +74148 path delay    536065
ptp4l[15105.384]: master offset     -63391 s2 freq -176041 path delay    536065
ptp4l[15106.385]: master offset     577460 s2 freq -111379 path delay    427832
ptp4l[15107.386]: master offset      50739 s2 freq -164000 path delay    500182
ptp4l[15108.387]: master offset      90566 s2 freq -159927 path delay    502398
ptp4l[15109.388]: master offset     -43075 s2 freq -173334 path delay    502398
ptp4l[15110.389]: master offset     219982 s2 freq -146808 path delay    429426
ptp4l[15111.388]: master offset      61338 s2 freq -162611 path delay    470218
ptp4l[15112.389]: master offset      77734 s2 freq -160894 path delay    470218
ptp4l[15113.394]: master offset    4745489 s2 freq +310627 path delay    530661
ptp4l[15114.389]: master offset    -321332 s2 freq -196376 path delay    530661
ptp4l[15115.390]: master offset     -27107 s2 freq -166981 path delay    470218
ptp4l[15116.391]: master offset     173222 s2 freq -146775 path delay    470218
ptp4l[15117.392]: master offset     571035 s2 freq -106423 path delay    530661
ptp4l[15118.393]: master offset    2682897 s2 freq +107447 path delay    586269
ptp4l[15119.391]: master offset    -373811 s2 freq -198598 path delay    805539
ptp4l[15120.393]: master offset      13982 s2 freq -159805 path delay    805539
ptp4l[15121.395]: master offset    1624663 s2 freq   +2888 path delay    805539
ptp4l[15122.394]: master offset    -848025 s2 freq -245229 path delay   1317221
ptp4l[15123.398]: master offset    1302595 s2 freq  -28864 path delay   1317221
ptp4l[15124.400]: master offset     872295 s2 freq  -71022 path delay   1317221
ptp4l[15125.400]: master offset    -824116 s2 freq -241487 path delay   1498267
ptp4l[15126.400]: master offset   -1151962 s2 freq -275424 path delay   1498267
ptp4l[15127.404]: master offset    1737622 s2 freq  +15272 path delay   1385644
ptp4l[15128.403]: master offset     867930 s2 freq  -70829 path delay   1385644
ptp4l[15129.402]: master offset   -1013333 s2 freq -259969 path delay   1385644
ptp4l[15130.404]: master offset    -585870 s2 freq -217808 path delay   1385644
ptp4l[15131.405]: master offset    -200241 s2 freq -179446 path delay    693316
ptp4l[15132.406]: master offset      54608 s2 freq -153906 path delay    693316
ptp4l[15133.406]: master offset    -235675 s2 freq -183170 path delay    622771
ptp4l[15134.409]: master offset    1558837 s2 freq   -2160 path delay    610736
ptp4l[15135.408]: master offset    -195292 s2 freq -177768 path delay    622771
ptp4l[15136.411]: master offset     -52144 s2 freq -163505 path delay    622771
ptp4l[15137.411]: master offset    1222186 s2 freq  -34850 path delay    610736
ptp4l[15138.410]: master offset    -251271 s2 freq -182447 path delay    610736
ptp4l[15139.410]: master offset    -389316 s2 freq -196641 path delay    610736
ptp4l[15140.412]: master offset     444768 s2 freq -112788 path delay    610736
ptp4l[15141.413]: master offset    -192916 s2 freq -176749 path delay    622771
ptp4l[15142.412]: master offset    -408195 s2 freq -198685 path delay    582263
ptp4l[15143.413]: master offset    -250950 s2 freq -183212 path delay    504341
ptp4l[15144.413]: master offset    -345827 s2 freq -193045 path delay    504341
ptp4l[15145.414]: master offset       3054 s2 freq -158154 path delay    455874
ptp4l[15146.415]: master offset     252135 s2 freq -132994 path delay    449025
ptp4l[15147.416]: master offset      93792 s2 freq -148734 path delay    497492
ptp4l[15148.418]: master offset     165653 s2 freq -141383 path delay    497492
ptp4l[15149.417]: master offset    -314499 s2 freq -189712 path delay    608556
ptp4l[15150.419]: master offset     155182 s2 freq -142589 path delay    385803
ptp4l[15151.419]: master offset     204847 s2 freq -137418 path delay    385803
ptp4l[15152.418]: master offset    -278425 s2 freq -186023 path delay    425691
ptp4l[15153.418]: master offset    -216033 s2 freq -180000 path delay    425691
ptp4l[15154.418]: master offset    -246703 s2 freq -183314 path delay    425691
ptp4l[15155.419]: master offset    -269589 s2 freq -185872 path delay    425691
ptp4l[15156.419]: master offset    -283509 s2 freq -187548 path delay    425691
ptp4l[15157.420]: master offset     403046 s2 freq -118489 path delay    356481
ptp4l[15158.420]: master offset    -211679 s2 freq -180173 path delay    356481
ptp4l[15159.420]: master offset     -69846 s2 freq -166060 path delay    248661
ptp4l[15160.420]: master offset     -75042 s2 freq -166654 path delay    180913
ptp4l[15161.420]: master offset     -74863 s2 freq -166711 path delay    161179
ptp4l[15162.421]: master offset     178027 s2 freq -141244 path delay    161179
ptp4l[15163.421]: master offset     112708 s2 freq -147664 path delay    161179
ptp4l[15164.421]: master offset      38724 s2 freq -155023 path delay    161179
ptp4l[15165.421]: master offset      20789 s2 freq -156796 path delay    185024
ptp4l[15166.421]: master offset       9608 s2 freq -157904 path delay    215256
ptp4l[15167.422]: master offset     135034 s2 freq -145227 path delay    215256
ptp4l[15168.421]: master offset     -99700 s2 freq -168800 path delay    215256
ptp4l[15169.422]: master offset     -71234 s2 freq -166025 path delay    231418
ptp4l[15170.423]: master offset      24305 s2 freq -156446 path delay    231418
ptp4l[15171.424]: master offset      78636 s2 freq -150935 path delay    231418
ptp4l[15172.424]: master offset      44949 s2 freq -154258 path delay    244189
ptp4l[15173.425]: master offset      36411 s2 freq -155076 path delay    244189
ptp4l[15174.426]: master offset     689847 s2 freq  -89042 path delay    255313
ptp4l[15175.426]: master offset      26069 s2 freq -155394 path delay    255313
ptp4l[15176.427]: master offset       1651 s2 freq -157834 path delay    272451
ptp4l[15177.427]: master offset     560284 s2 freq -101411 path delay    272451
ptp4l[15178.427]: master offset      -7907 s2 freq -158238 path delay    287378
ptp4l[15179.428]: master offset     -10303 s2 freq -158487 path delay    304945
ptp4l[15180.429]: master offset     -17799 s2 freq -159255 path delay    304945
ptp4l[15181.429]: master offset     -64153 s2 freq -163954 path delay    339785
ptp4l[15182.431]: master offset       1124 s2 freq -157426 path delay    339785
ptp4l[15183.432]: master offset     -86000 s2 freq -166224 path delay    372511
ptp4l[15184.433]: master offset     345895 s2 freq -122689 path delay    388919
ptp4l[15185.433]: master offset     -99907 s2 freq -167369 path delay    388919
ptp4l[15186.435]: master offset     351579 s2 freq -121869 path delay    388919
ptp4l[15187.436]: master offset     -75178 s2 freq -164619 path delay    388919
ptp4l[15188.437]: master offset     -67943 s2 freq -163964 path delay    372511
ptp4l[15189.437]: master offset     -75542 s2 freq -164799 path delay    372511
ptp4l[15190.438]: master offset     -53255 s2 freq -162624 path delay    382493
ptp4l[15191.438]: master offset     -63535 s2 freq -163715 path delay    365976
ptp4l[15192.440]: master offset      86987 s2 freq -148576 path delay    347093
ptp4l[15193.441]: master offset       -795 s2 freq -157355 path delay    322582
ptp4l[15194.441]: master offset     -36081 s2 freq -160920 path delay    322582
ptp4l[15195.442]: master offset      -9402 s2 freq -158261 path delay    363882
ptp4l[15196.443]: master offset     -44916 s2 freq -161858 path delay    389834
ptp4l[15197.445]: master offset      15974 s2 freq -155753 path delay    389834
ptp4l[15198.445]: master offset    -124986 s2 freq -169974 path delay    394154
ptp4l[15199.445]: master offset    -138253 s2 freq -171439 path delay    394154
ptp4l[15200.447]: master offset    -124345 s2 freq -170172 path delay    394154
ptp4l[15201.448]: master offset     -66274 s2 freq -164431 path delay    394154
ptp4l[15202.448]: master offset     -94439 s2 freq -167342 path delay    396592
ptp4l[15203.450]: master offset     -80022 s2 freq -165981 path delay    416728
ptp4l[15204.453]: master offset     249003 s2 freq -132829 path delay    416728
ptp4l[15205.451]: master offset    -185248 s2 freq -176439 path delay    443877
ptp4l[15206.452]: master offset     162893 s2 freq -141463 path delay    443877
ptp4l[15207.453]: master offset    -160045 s2 freq -173916 path delay    463896
ptp4l[15208.456]: master offset    1067300 s2 freq  -50115 path delay    443877
ptp4l[15209.455]: master offset    -170859 s2 freq -174101 path delay    443877
ptp4l[15210.456]: master offset     -71209 s2 freq -164208 path delay    413404
ptp4l[15211.457]: master offset    -109173 s2 freq -168113 path delay    413404
ptp4l[15212.458]: master offset     -97885 s2 freq -167082 path delay    413404
ptp4l[15213.460]: master offset     151070 s2 freq -142036 path delay    413404
ptp4l[15214.461]: master offset     357596 s2 freq -121025 path delay    443877
ptp4l[15215.462]: master offset     229219 s2 freq -133634 path delay    443877
ptp4l[15216.462]: master offset    -215796 s2 freq -178351 path delay    476428
ptp4l[15217.464]: master offset     917257 s2 freq  -64129 path delay    439073
