ptp4l[11545.246]: port 1: INITIALIZING to LISTENING on INIT_COMPLETE
ptp4l[11545.246]: port 0: INITIALIZING to LISTENING on INIT_COMPLETE
ptp4l[11548.427]: port 1: new foreign master 2e2115.fffe.81ad05-2
ptp4l[11551.262]: selected local clock be19d0.fffe.49c390 as best master
ptp4l[11552.425]: selected best master clock a281e9.fffe.f64354
ptp4l[11552.426]: foreign master not using PTP timescale
ptp4l[11552.426]: port 1: LISTENING to UNCALIBRATED on RS_SLAVE
ptp4l[11554.446]: rms 454004 max 637363 freq -601639 +/-   0 delay 499956 +/- 62173
ptp4l[11556.454]: rms 282353 max 306435 freq -601639 +/-   0 delay 586204 +/-   0
ptp4l[11563.856]: port 1: UNCALIBRATED to LISTENING on ANNOUNCE_RECEIPT_TIMEOUT_EXPIRES
ptp4l[11563.856]: selected local clock be19d0.fffe.49c390 as best master
ptp4l[11571.059]: selected local clock be19d0.fffe.49c390 as best master
ptp4l[11577.456]: selected local clock be19d0.fffe.49c390 as best master
ptp4l[11583.157]: selected best master clock a281e9.fffe.f64354
ptp4l[11583.158]: foreign master not using PTP timescale
ptp4l[11583.158]: port 1: LISTENING to UNCALIBRATED on RS_SLAVE
ptp4l[11586.183]: rms 167611 max 179164 freq -635222 +/- 7838 delay 797284 +/- 160944
ptp4l[11586.183]: port 1: UNCALIBRATED to SLAVE on MASTER_CLOCK_SELECTED
ptp4l[11588.176]: rms 479777 max 485628 freq -676230 +/- 832 delay 1245088 +/-   0
ptp4l[11590.181]: rms 787131 max 1050868 freq -593448 +/- 71086 delay 1362536 +/- 13602
ptp4l[11592.186]: rms 722004 max 774176 freq -633678 +/- 72329 delay 1348934 +/-   0
ptp4l[11594.179]: rms 398840 max 559539 freq -652552 +/- 31814 delay 1313194 +/-   0
ptp4l[11596.190]: rms 58528 max 81622 freq -624943 +/- 4775 delay 1289368 +/- 16848
ptp4l[11598.184]: rms 621137 max 646518 freq -565367 +/- 2916 delay 1241868 +/-   0
ptp4l[11600.185]: rms 1736696 max 2381410 freq -537489 +/- 150308 delay 1146414 +/-   0
ptp4l[11602.189]: rms 477803 max 632152 freq -669616 +/- 19554 delay 1061165 +/- 64490
ptp4l[11604.192]: rms 1714101 max 2371244 freq -530685 +/- 143987 delay 1009184 +/- 26464
ptp4l[11606.185]: rms 60058 max 84924 freq -619927 +/- 4179 delay 967714 +/- 30673
ptp4l[11608.184]: rms 719259 max 908797 freq -601647 +/- 68739 delay 723714 +/- 22684
ptp4l[11610.191]: rms 1218416 max 1681036 freq -519596 +/- 65972 delay 723714 +/- 22684
ptp4l[11612.202]: rms 1382328 max 1951071 freq -529442 +/- 104649 delay 746398 +/-   0
ptp4l[11614.179]: rms 266129 max 356948 freq -644129 +/- 11822 delay 777182 +/- 30784
ptp4l[11616.194]: rms 489249 max 681837 freq -591940 +/- 40312 delay 655680 +/-   0
ptp4l[11618.198]: rms 1043348 max 1462775 freq -535439 +/- 63368 delay 655680 +/-   0
ptp4l[11620.201]: rms 333450 max 448011 freq -588024 +/- 15265 delay 707930 +/- 16478
ptp4l[11622.196]: rms 141512 max 168059 freq -620643 +/- 13890 delay 719746 +/-   0
ptp4l[11624.210]: rms 183483 max 202793 freq -615634 +/- 18335 delay 638528 +/- 528
ptp4l[11626.196]: rms 147167 max 201785 freq -604788 +/- 7641 delay 613010 +/-   0
ptp4l[11628.204]: rms 1092875 max 1462233 freq -517951 +/- 48812 delay 613010 +/-   0
ptp4l[11630.192]: rms 1423861 max 2010950 freq -508500 +/- 96347 delay 647024 +/-   0
ptp4l[11632.187]: rms 223388 max 238557 freq -590622 +/- 1469 delay 649622 +/- 2598
ptp4l[11634.212]: rms 355191 max 427973 freq -577777 +/- 8463 delay 632915 +/-   0
ptp4l[11636.207]: rms 1179860 max 1664459 freq -533138 +/- 89137 delay 964285 +/- 286196
ptp4l[11638.211]: rms 1195591 max 1525249 freq -570754 +/- 113511 delay 1290200 +/- 117042
ptp4l[11640.216]: rms 142926 max 201414 freq -620805 +/- 9323 delay 1104208 +/-   0
ptp4l[11642.215]: rms 232120 max 310219 freq -620387 +/- 20932 delay 870576 +/-   0
ptp4l[11644.217]: rms 394749 max 516819 freq -625888 +/- 36500 delay 888528 +/- 143291
ptp4l[11646.218]: rms 329380 max 437631 freq -596533 +/- 30079 delay 673117 +/-   0
ptp4l[11648.217]: rms 405530 max 437451 freq -613798 +/- 40602 delay 784030 +/- 36901
ptp4l[11650.217]: rms 201668 max 284473 freq -625821 +/- 13195 delay 750220 +/- 25986
ptp4l[11652.217]: rms 247726 max 265082 freq -612540 +/- 24822 delay 653891 +/-   0
ptp4l[11654.217]: rms 228525 max 277498 freq -588107 +/- 5509 delay 767743 +/-   0
ptp4l[11662.207]: port 1: SLAVE to LISTENING on ANNOUNCE_RECEIPT_TIMEOUT_EXPIRES
ptp4l[11662.208]: selected local clock be19d0.fffe.49c390 as best master
ptp4l[11669.908]: selected local clock be19d0.fffe.49c390 as best master
ptp4l[11677.233]: selected local clock be19d0.fffe.49c390 as best master
ptp4l[11681.907]: selected best master clock a281e9.fffe.f64354
ptp4l[11681.908]: foreign master not using PTP timescale
ptp4l[11681.908]: port 1: LISTENING to UNCALIBRATED on RS_SLAVE
ptp4l[11683.918]: rms 99077 max 115363 freq -611952 +/- 9802 delay 757710 +/- 62052
ptp4l[11683.918]: port 1: UNCALIBRATED to SLAVE on MASTER_CLOCK_SELECTED
ptp4l[11685.932]: rms 911859 max 1248994 freq -562725 +/- 78656 delay 623933 +/- 53260
ptp4l[11687.925]: rms 146524 max 205000 freq -597308 +/- 8724 delay 601347 +/- 17711
ptp4l[11689.924]: rms 87304 max 112357 freq -600739 +/- 3033 delay 644507 +/-   0
ptp4l[11691.924]: rms 546130 max 703056 freq -557080 +/- 19518 delay 636246 +/- 17569
ptp4l[11693.933]: rms 184279 max 244401 freq -615596 +/- 16866 delay 707552 +/- 10968
ptp4l[11695.933]: rms 87814 max 116498 freq -599908 +/- 3652 delay 698962 +/- 2378
ptp4l[11697.930]: rms 281618 max 396236 freq -585803 +/- 18001 delay 712309 +/- 10968
ptp4l[11699.935]: rms 194673 max 274806 freq -620455 +/- 14709 delay 787192 +/- 63915
ptp4l[11701.938]: rms 104457 max 127902 freq -617913 +/- 2763 delay 730415 +/- 61115
ptp4l[11703.942]: rms 520415 max 716140 freq -563064 +/- 27679 delay 638125 +/- 28579
ptp4l[11705.931]: rms 40156 max 56571 freq -609603 +/- 3106 delay 773181 +/-   0
ptp4l[11707.935]: rms 1493634 max 2066055 freq -523885 +/- 125506 delay 835610 +/- 102390
ptp4l[11709.939]: rms 530999 max 651262 freq -619246 +/- 51582 delay 1033908 +/- 77660
ptp4l[11711.944]: rms 584228 max 615920 freq -664925 +/- 2985 delay 1097734 +/- 19564
ptp4l[11713.926]: rms 302468 max 381708 freq -616299 +/- 28929 delay 896497 +/-   0
ptp4l[11715.951]: rms 153794 max 161583 freq -606169 +/- 15431 delay 727814 +/- 52045
ptp4l[11717.939]: rms 430028 max 597613 freq -570871 +/- 24188 delay 638248 +/-   0
ptp4l[11719.951]: rms 222717 max 292807 freq -627037 +/- 8984 delay 594794 +/- 31850
ptp4l[11721.953]: rms 987710 max 1368339 freq -523323 +/- 55066 delay 601313 +/- 13867
ptp4l[11723.940]: rms 337447 max 455556 freq -574835 +/- 15898 delay 615180 +/-   0
ptp4l[11725.964]: rms 334272 max 445677 freq -619262 +/- 30244 delay 601315 +/- 29226
ptp4l[11727.960]: rms 827946 max 1165698 freq -540295 +/- 53359 delay 580691 +/- 25550
ptp4l[11729.958]: rms 344831 max 482427 freq -582502 +/- 27721 delay 626166 +/- 2231
ptp4l[11731.948]: rms 204775 max 289151 freq -589158 +/- 15267 delay 637544 +/- 12935
ptp4l[11733.967]: rms 422015 max 566924 freq -583328 +/- 37766 delay 731895 +/- 60522
ptp4l[11735.970]: rms 1316965 max 1656333 freq -560978 +/- 125826 delay 1205785 +/- 182911
ptp4l[11737.975]: rms 9012462 max 12713321 freq  +1002 +/- 681407 delay 1433005 +/-   0
ptp4l[11739.979]: rms 587504 max 783442 freq -643502 +/- 25731 delay 1433005 +/-   0
ptp4l[11741.977]: rms 419431 max 421641 freq -590904 +/- 42153 delay 1281496 +/- 173026
ptp4l[11743.977]: rms 370585 max 459421 freq -627059 +/- 10236 delay 1164675 +/-   0
ptp4l[11745.981]: rms 429930 max 604301 freq -618701 +/- 33872 delay 812486 +/- 18703
ptp4l[11747.987]: rms 134661 max 190439 freq -601768 +/- 9609 delay 793783 +/-   0
ptp4l[11756.228]: port 1: SLAVE to LISTENING on ANNOUNCE_RECEIPT_TIMEOUT_EXPIRES
ptp4l[11756.228]: selected local clock be19d0.fffe.49c390 as best master
ptp4l[11763.173]: selected local clock be19d0.fffe.49c390 as best master
ptp4l[11769.973]: selected local clock be19d0.fffe.49c390 as best master
ptp4l[11774.575]: selected best master clock a281e9.fffe.f64354
ptp4l[11774.576]: foreign master not using PTP timescale
ptp4l[11774.576]: port 1: LISTENING to UNCALIBRATED on RS_SLAVE
ptp4l[11776.582]: rms 165279 max 216408 freq -585756 +/- 15281 delay 478453 +/- 262104
ptp4l[11776.582]: port 1: UNCALIBRATED to SLAVE on MASTER_CLOCK_SELECTED
ptp4l[11778.582]: rms 85355 max 99229 freq -590699 +/- 8448 delay 191480 +/-   0
ptp4l[11780.589]: rms 29877 max 40925 freq -594792 +/- 1516 delay 211849 +/- 19079
ptp4l[11782.593]: rms 243394 max 340825 freq -572557 +/- 14803 delay 206729 +/- 5083
ptp4l[11784.594]: rms 53544 max 64620 freq -593139 +/- 5224 delay 221794 +/-   0
ptp4l[11786.574]: rms 57695 max 74203 freq -589791 +/- 5424 delay 231287 +/- 3242
ptp4l[11788.593]: rms 100221 max 119924 freq -601752 +/- 2181 delay 241359 +/- 9660
ptp4l[11790.592]: rms 81634 max 114984 freq -598403 +/- 5227 delay 273800 +/- 21532
ptp4l[11792.592]: rms 77864 max 88903 freq -599958 +/- 1164 delay 248536 +/-   0
ptp4l[11794.598]: rms 45634 max 63985 freq -595984 +/- 2774 delay 212714 +/- 8650
