ptp4l[5192.852]: port 1: INITIALIZING to LISTENING on INIT_COMPLETE
ptp4l[5192.853]: port 2: INITIALIZING to LISTENING on INIT_COMPLETE
ptp4l[5192.853]: port 0: INITIALIZING to LISTENING on INIT_COMPLETE
ptp4l[5196.108]: port 1: new foreign master 52e72c.fffe.0d2a76-1
ptp4l[5198.897]: port 1: LISTENING to MASTER on ANNOUNCE_RECEIPT_TIMEOUT_EXPIRES
ptp4l[5198.898]: selected local clock 3ec19a.fffe.f22d17 as best master
ptp4l[5198.898]: port 1: assuming the grand master role
ptp4l[5200.112]: selected best master clock 52e72c.fffe.0d2a76
ptp4l[5200.112]: foreign master not using PTP timescale
ptp4l[5200.112]: port 1: MASTER to UNCALIBRATED on RS_SLAVE
ptp4l[5200.678]: port 2: LISTENING to MASTER on ANNOUNCE_RECEIPT_TIMEOUT_EXPIRES
ptp4l[5200.678]: selected best master clock 52e72c.fffe.0d2a76
ptp4l[5200.678]: foreign master not using PTP timescale
ptp4l[5202.115]: master offset     744090 s0 freq -1500000 path delay    597546
ptp4l[5203.116]: master offset    -283174 s0 freq -1500000 path delay    736660
ptp4l[5204.116]: master offset    -374852 s0 freq -1500000 path delay    667103
ptp4l[5205.117]: master offset     -50797 s0 freq -1500000 path delay    627879
ptp4l[5206.116]: master offset    -336358 s0 freq -1500000 path delay    627879
ptp4l[5207.118]: master offset    -156513 s0 freq -1500000 path delay    613486
ptp4l[5208.118]: master offset     405609 s0 freq -1500000 path delay    613486
ptp4l[5208.711]: timed out while polling for tx timestamp
ptp4l[5208.711]: increasing tx_timestamp_timeout may correct this issue, but it is likely caused by a driver bug
ptp4l[5208.711]: port 2: send sync failed
ptp4l[5208.711]: port 2: MASTER to FAULTY on FAULT_DETECTED (FT_UNSPECIFIED)
ptp4l[5209.119]: master offset     -39397 s0 freq -1500000 path delay    643819
ptp4l[5210.120]: master offset    1539776 s0 freq -1500000 path delay    643819
ptp4l[5211.121]: master offset     -32563 s0 freq -1500000 path delay    643819
ptp4l[5212.121]: master offset     145115 s0 freq -1500000 path delay    636053
ptp4l[5213.123]: master offset      -2333 s0 freq -1500000 path delay    636053
ptp4l[5214.122]: master offset    -393766 s0 freq -1500000 path delay    650446
ptp4l[5215.125]: master offset     -26089 s0 freq -1500000 path delay    636053
ptp4l[5216.124]: master offset    -373329 s0 freq -1500000 path delay    636053
ptp4l[5217.125]: master offset    -138509 s0 freq -1500000 path delay    662496
ptp4l[5218.125]: master offset    -196271 s1 freq -1558825 path delay    662496
ptp4l[5219.126]: master offset    -174277 s2 freq -1576427 path delay    662496
ptp4l[5219.126]: port 1: UNCALIBRATED to SLAVE on MASTER_CLOCK_SELECTED
ptp4l[5220.126]: master offset     405434 s2 freq -1518050 path delay    662496
ptp4l[5221.128]: master offset    -196160 s2 freq -1578406 path delay    748372
ptp4l[5222.127]: master offset    -142834 s2 freq -1573216 path delay    748372
ptp4l[5223.128]: master offset    -212920 s2 freq -1580437 path delay    780687
ptp4l[5224.128]: master offset    -595773 s2 freq -1619318 path delay    751435
ptp4l[5224.715]: port 2: FAULTY to LISTENING on INIT_COMPLETE
ptp4l[5225.130]: master offset    -297242 s2 freq -1589763 path delay    751435
ptp4l[5226.130]: master offset    -266050 s2 freq -1586909 path delay    749776
ptp4l[5227.132]: master offset    -196650 s2 freq -1580166 path delay    749776
ptp4l[5228.131]: master offset    -502289 s2 freq -1611232 path delay    677774
ptp4l[5229.132]: master offset    -185899 s2 freq -1579779 path delay    677774
ptp4l[5230.132]: master offset    -389319 s2 freq -1600511 path delay    677774
ptp4l[5230.784]: port 2: LISTENING to MASTER on ANNOUNCE_RECEIPT_TIMEOUT_EXPIRES
ptp4l[5230.784]: selected best master clock 52e72c.fffe.0d2a76
ptp4l[5230.784]: foreign master not using PTP timescale
ptp4l[5231.135]: master offset     -22943 s2 freq -1563896 path delay    667598
ptp4l[5232.134]: master offset     -93032 s2 freq -1570998 path delay    604455
ptp4l[5233.135]: master offset    -116440 s2 freq -1573455 path delay    604455
ptp4l[5234.134]: master offset    -442508 s2 freq -1606504 path delay    591784
ptp4l[5235.136]: master offset    -359912 s2 freq -1598605 path delay    572407
ptp4l[5236.136]: master offset    -369060 s2 freq -1599889 path delay    572407
ptp4l[5237.138]: master offset      93943 s2 freq -1553494 path delay    527415
ptp4l[5238.137]: master offset    -269600 s2 freq -1590118 path delay    527415
ptp4l[5239.137]: master offset    -257618 s2 freq -1589178 path delay    527415
ptp4l[5240.138]: master offset    -137340 s2 freq -1577287 path delay    530536
ptp4l[5241.139]: master offset     236733 s2 freq -1539643 path delay    530536
ptp4l[5242.138]: master offset    -372310 s2 freq -1600920 path delay    592748
ptp4l[5243.142]: master offset      -9324 s2 freq -1564630 path delay    503873
ptp4l[5244.140]: master offset    -469917 s2 freq -1611160 path delay    659686
ptp4l[5245.142]: master offset     226667 s2 freq -1541275 path delay    659686
ptp4l[5246.142]: master offset    -495128 s2 freq -1613949 path delay    755851
ptp4l[5247.144]: master offset    1080630 s2 freq -1455293 path delay    755851
ptp4l[5248.142]: master offset    -688956 s2 freq -1632940 path delay    842644
ptp4l[5249.144]: master offset    -497332 s2 freq -1614275 path delay    842644
ptp4l[5250.144]: master offset    -680086 s2 freq -1633231 path delay    842644
ptp4l[5251.144]: master offset    -501953 s2 freq -1615919 path delay    781746
ptp4l[5252.144]: master offset    -633090 s2 freq -1629666 path delay    781746
ptp4l[5253.146]: master offset     593196 s2 freq -1506444 path delay    771745
ptp4l[5254.145]: master offset    -429009 s2 freq -1609094 path delay    913418
ptp4l[5255.147]: master offset    -413271 s2 freq -1607933 path delay    913418
ptp4l[5256.147]: master offset    -535154 s2 freq -1620657 path delay    771745
ptp4l[5257.149]: master offset    -166127 s2 freq -1583920 path delay    771745
ptp4l[5258.148]: master offset    -531697 s2 freq -1621009 path delay    709228
ptp4l[5259.150]: master offset    -104764 s2 freq -1578420 path delay    637011
ptp4l[5260.150]: master offset      61705 s2 freq -1561712 path delay    605526
ptp4l[5261.151]: master offset      -4778 s2 freq -1568365 path delay    605526
ptp4l[5262.150]: master offset    -381155 s2 freq -1606384 path delay    576754
ptp4l[5263.152]: master offset     118767 s2 freq -1556273 path delay    576754
ptp4l[5264.152]: master offset    -329988 s2 freq -1601478 path delay    605526
ptp4l[5265.155]: master offset     221057 s2 freq -1546153 path delay    576754
ptp4l[5266.154]: master offset    -435022 s2 freq -1612196 path delay    605526
ptp4l[5267.157]: master offset    -124418 s2 freq -1581260 path delay    605526
ptp4l[5268.156]: master offset    -376727 s2 freq -1606867 path delay    605526
ptp4l[5269.157]: master offset    -114336 s2 freq -1580743 path delay    560878
ptp4l[5270.157]: master offset     -60525 s2 freq -1575422 path delay    560878
ptp4l[5271.159]: master offset      32294 s2 freq -1566108 path delay    609697
ptp4l[5272.159]: master offset    -300743 s2 freq -1599712 path delay    658720
ptp4l[5273.160]: master offset     -84039 s2 freq -1578126 path delay    658720
ptp4l[5274.159]: master offset    -501812 s2 freq -1620405 path delay    616341
ptp4l[5275.160]: master offset    -274228 s2 freq -1597921 path delay    616341
ptp4l[5276.159]: master offset    -381100 s2 freq -1608989 path delay    531502
ptp4l[5277.161]: master offset     175460 s2 freq -1553158 path delay    473632
ptp4l[5278.161]: master offset     443452 s2 freq -1525915 path delay    473632
ptp4l[5279.174]: master offset    2445994 s2 freq -1323215 path delay    509448
ptp4l[5280.175]: master offset    -199353 s2 freq -1587949 path delay    558471
ptp4l[5281.177]: master offset     -80809 s2 freq -1576175 path delay    496856
ptp4l[5282.177]: master offset    -211742 s2 freq -1589480 path delay    495882
ptp4l[5283.179]: master offset     218457 s2 freq -1546242 path delay    495882
ptp4l[5284.182]: master offset     477507 s2 freq -1519859 path delay    593060
ptp4l[5285.181]: master offset     -13818 s2 freq -1569006 path delay    593060
ptp4l[5286.181]: master offset    -494222 s2 freq -1617540 path delay    593060
ptp4l[5287.182]: master offset     -45235 s2 freq -1572687 path delay    593060
ptp4l[5288.184]: master offset     -77231 s2 freq -1575964 path delay    593060
ptp4l[5289.185]: master offset      -6289 s2 freq -1568876 path delay    658654
ptp4l[5290.187]: master offset    -272442 s2 freq -1595764 path delay    725853
ptp4l[5291.188]: master offset    -128757 s2 freq -1581524 path delay    593060
ptp4l[5292.189]: master offset    -265100 s2 freq -1595423 path delay    628776
ptp4l[5293.191]: master offset     -76890 s2 freq -1576679 path delay    628776
ptp4l[5294.191]: master offset    -124609 s2 freq -1581576 path delay    633743
ptp4l[5295.190]: master offset    -405775 s2 freq -1610098 path delay    633743
ptp4l[5296.193]: master offset     683951 s2 freq -1500441 path delay    622952
ptp4l[5297.194]: master offset     -27898 s2 freq -1571654 path delay    622952
ptp4l[5298.193]: master offset    -225432 s2 freq -1591633 path delay    643129
ptp4l[5299.195]: master offset     -88658 s2 freq -1578044 path delay    643129
ptp4l[5300.196]: master offset    -302550 s2 freq -1599736 path delay    643129
ptp4l[5301.198]: master offset     -15904 s2 freq -1571087 path delay    622952
ptp4l[5302.198]: master offset    -332633 s2 freq -1603093 path delay    643129
ptp4l[5303.198]: master offset    -292205 s2 freq -1599342 path delay    643129
ptp4l[5304.199]: master offset    -249642 s2 freq -1595336 path delay    672550
ptp4l[5305.201]: master offset     147351 s2 freq -1555489 path delay    694975
ptp4l[5306.201]: master offset    -355457 s2 freq -1606125 path delay    761885
ptp4l[5307.203]: master offset    -152630 s2 freq -1585995 path delay    761885
ptp4l[5308.202]: master offset    -500578 s2 freq -1621291 path delay    761885
ptp4l[5309.204]: master offset      12951 s2 freq -1569925 path delay    726503
ptp4l[5310.205]: master offset    -198320 s2 freq -1591250 path delay    726503
ptp4l[5311.206]: master offset    -186140 s2 freq -1590218 path delay    726503
ptp4l[5312.205]: master offset    -179626 s2 freq -1589746 path delay    726503
ptp4l[5313.206]: master offset     -75555 s2 freq -1579415 path delay    622827
ptp4l[5314.206]: master offset    -276844 s2 freq -1599821 path delay    615050
ptp4l[5315.207]: master offset    -134021 s2 freq -1585672 path delay    606380
ptp4l[5316.207]: master offset    -236139 s2 freq -1596120 path delay    592789
ptp4l[5317.207]: master offset    -191383 s2 freq -1591836 path delay    592789
ptp4l[5318.207]: master offset    -463608 s2 freq -1619522 path delay    592789
ptp4l[5319.210]: master offset     245778 s2 freq -1548338 path delay    559192
ptp4l[5320.211]: master offset    1305240 s2 freq -1441086 path delay    554244
ptp4l[5321.209]: master offset    -437757 s2 freq -1615824 path delay    554244
ptp4l[5322.211]: master offset      84727 s2 freq -1563491 path delay    481551
ptp4l[5323.210]: master offset    -150079 s2 freq -1587121 path delay    359122
ptp4l[5324.211]: master offset    -218060 s2 freq -1594138 path delay    347904
ptp4l[5325.211]: master offset    -105278 s2 freq -1582965 path delay    347904
ptp4l[5326.213]: master offset      70062 s2 freq -1565361 path delay    347904
ptp4l[5327.215]: master offset     449023 s2 freq -1527015 path delay    359122
ptp4l[5328.215]: master offset      42014 s2 freq -1567674 path delay    368637
ptp4l[5329.217]: master offset     179235 s2 freq -1553773 path delay    368637
ptp4l[5330.218]: master offset     678184 s2 freq -1503200 path delay    449205
ptp4l[5331.220]: master offset     -37239 s2 freq -1574779 path delay    558233
ptp4l[5332.220]: master offset    -145105 s2 freq -1585711 path delay    558233
ptp4l[5333.220]: master offset     249553 s2 freq -1545996 path delay    588023
ptp4l[5334.221]: master offset    -284731 s2 freq -1599709 path delay    654402
ptp4l[5335.222]: master offset     125552 s2 freq -1558555 path delay    654402
ptp4l[5336.221]: master offset    -355597 s2 freq -1607026 path delay    654402
ptp4l[5337.224]: master offset     493298 s2 freq -1521643 path delay    654402
ptp4l[5338.225]: master offset    -229930 s2 freq -1594196 path delay    714040
ptp4l[5339.227]: master offset    2045391 s2 freq -1364618 path delay    714040
ptp4l[5340.226]: master offset    -488134 s2 freq -1618459 path delay    883424
ptp4l[5341.227]: master offset    -408405 s2 freq -1610894 path delay    821170
ptp4l[5342.228]: master offset    -398254 s2 freq -1610277 path delay    821170
ptp4l[5343.229]: master offset     -64367 s2 freq -1576953 path delay    821170
ptp4l[5344.229]: master offset    -424871 s2 freq -1613428 path delay    821170
ptp4l[5345.230]: master offset     -97258 s2 freq -1580764 path delay    634636
ptp4l[5346.230]: master offset    -261517 s2 freq -1597452 path delay    634636
ptp4l[5347.232]: master offset     -43030 s2 freq -1575646 path delay    590416
ptp4l[5348.232]: master offset    -209217 s2 freq -1592474 path delay    590416
ptp4l[5349.234]: master offset      38868 s2 freq -1567627 path delay    590416
ptp4l[5350.235]: master offset     -50969 s2 freq -1576661 path delay    590416
ptp4l[5351.235]: master offset      54401 s2 freq -1566070 path delay    590416
ptp4l[5352.235]: master offset    -184716 s2 freq -1590166 path delay    590416
ptp4l[5353.237]: master offset    1085170 s2 freq -1462092 path delay    590416
ptp4l[5354.236]: master offset    -281160 s2 freq -1599007 path delay    656622
ptp4l[5355.238]: master offset     706213 s2 freq -1499563 path delay    656622
ptp4l[5356.240]: master offset     384739 s2 freq -1531326 path delay    684753
ptp4l[5357.240]: master offset     -25903 s2 freq -1572416 path delay    715573
ptp4l[5358.241]: master offset    -342202 s2 freq -1604388 path delay    715573
ptp4l[5359.241]: master offset    -226202 s2 freq -1593014 path delay    715573
ptp4l[5360.243]: master offset    -240361 s2 freq -1594670 path delay    715573
ptp4l[5361.242]: master offset    -460918 s2 freq -1617187 path delay    715573
ptp4l[5362.244]: master offset    -170078 s2 freq -1588273 path delay    684753
ptp4l[5363.244]: master offset    -154740 s2 freq -1586894 path delay    660213
ptp4l[5364.246]: master offset    -231491 s2 freq -1594801 path delay    660213
ptp4l[5365.247]: master offset     313708 s2 freq -1539967 path delay    640991
ptp4l[5366.246]: master offset    -438367 s2 freq -1615613 path delay    640991
ptp4l[5367.249]: master offset     -25600 s2 freq -1574362 path delay    640991
ptp4l[5368.249]: master offset     254274 s2 freq -1546120 path delay    615775
ptp4l[5369.250]: master offset       4055 s2 freq -1571138 path delay    615775
ptp4l[5370.250]: master offset    -196903 s2 freq -1591431 path delay    610969
ptp4l[5371.251]: master offset     -35009 s2 freq -1575276 path delay    640991
ptp4l[5372.252]: master offset     -85130 s2 freq -1580374 path delay    669701
ptp4l[5373.254]: master offset      69349 s2 freq -1564856 path delay    661404
ptp4l[5374.254]: master offset    -223696 s2 freq -1594384 path delay    661404
ptp4l[5375.255]: master offset    -211045 s2 freq -1593330 path delay    612728
ptp4l[5376.256]: master offset    -203815 s2 freq -1592811 path delay    612728
ptp4l[5377.258]: master offset     -34668 s2 freq -1575931 path delay    612728
ptp4l[5378.258]: master offset    -186924 s2 freq -1591344 path delay    612728
ptp4l[5379.259]: master offset    -238719 s2 freq -1596762 path delay    612728
ptp4l[5380.260]: master offset    -299680 s2 freq -1603158 path delay    592992
ptp4l[5381.261]: master offset      88430 s2 freq -1564258 path delay    590218
ptp4l[5382.263]: master offset    -166165 s2 freq -1589884 path delay    590218
ptp4l[5383.264]: master offset      29615 s2 freq -1570276 path delay    590218
ptp4l[5384.265]: master offset     666430 s2 freq -1505928 path delay    590218
ptp4l[5385.266]: master offset      73352 s2 freq -1565163 path delay    590218
ptp4l[5386.267]: master offset    -117100 s2 freq -1584325 path delay    596305
ptp4l[5387.268]: master offset     302425 s2 freq -1542070 path delay    596305
ptp4l[5388.269]: master offset      28236 s2 freq -1569461 path delay    623800
ptp4l[5389.271]: master offset      43731 s2 freq -1567868 path delay    623800
ptp4l[5390.270]: master offset    -227808 s2 freq -1595249 path delay    638724
ptp4l[5391.272]: master offset     160720 s2 freq -1556236 path delay    638724
ptp4l[5392.272]: master offset     881809 s2 freq -1483245 path delay    638724
ptp4l[5393.273]: master offset     301168 s2 freq -1541008 path delay    702794
ptp4l[5394.282]: master offset    -259095 s2 freq -1597293 path delay    761946
ptp4l[5395.285]: master offset     218743 s2 freq -1549291 path delay    761946
ptp4l[5396.286]: master offset    1129969 s2 freq -1457038 path delay    765617
ptp4l[5397.287]: master offset      54044 s2 freq -1564577 path delay    780204
ptp4l[5398.288]: master offset     -87116 s2 freq -1578780 path delay    863439
ptp4l[5399.288]: master offset    -400883 s2 freq -1610558 path delay    906928
ptp4l[5400.292]: master offset    -240877 s2 freq -1594798 path delay    906928
ptp4l[5401.294]: master offset     437723 s2 freq -1526500 path delay    937853
ptp4l[5402.295]: master offset     556189 s2 freq -1514097 path delay   1125050
ptp4l[5403.296]: master offset      31418 s2 freq -1566543 path delay   1125050
ptp4l[5404.296]: master offset    -539034 s2 freq -1624127 path delay   1125050
ptp4l[5405.298]: master offset     131434 s2 freq -1556949 path delay   1039987
ptp4l[5406.298]: master offset    -655823 s2 freq -1636330 path delay   1039987
ptp4l[5407.300]: master offset     115205 s2 freq -1559112 path delay    907361
ptp4l[5408.301]: master offset    -283729 s2 freq -1599290 path delay    882752
ptp4l[5409.300]: master offset    -453127 s2 freq -1616683 path delay    764919
ptp4l[5410.304]: master offset    -206151 s2 freq -1592191 path delay    764919
ptp4l[5411.304]: master offset     413109 s2 freq -1529852 path delay    707202
ptp4l[5412.306]: master offset    1028786 s2 freq -1467255 path delay    707202
ptp4l[5413.307]: master offset     921512 s2 freq -1477061 path delay    753954
ptp4l[5414.306]: master offset    -399139 s2 freq -1609526 path delay    882752
ptp4l[5415.308]: master offset     377214 s2 freq -1531513 path delay    753954
ptp4l[5416.309]: master offset    -273872 s2 freq -1596896 path delay    753954
ptp4l[5417.309]: master offset    -162994 s2 freq -1585971 path delay    724146
ptp4l[5418.312]: master offset    -108294 s2 freq -1580609 path delay    712135
ptp4l[5419.314]: master offset      22077 s2 freq -1567550 path delay    712135
ptp4l[5420.314]: master offset    -271123 s2 freq -1597141 path delay    699803
ptp4l[5421.314]: master offset     583139 s2 freq -1511132 path delay    712135
ptp4l[5422.316]: master offset     -14019 s2 freq -1570861 path delay    712135
ptp4l[5423.317]: master offset    -246814 s2 freq -1594388 path delay    753910
ptp4l[5424.318]: master offset    -282331 s2 freq -1598222 path delay    753910
ptp4l[5425.322]: master offset      30732 s2 freq -1566885 path delay    712135
ptp4l[5426.322]: master offset     166502 s2 freq -1553141 path delay    712135
ptp4l[5427.324]: master offset    1714108 s2 freq -1396667 path delay    716270
ptp4l[5428.322]: master offset    -269782 s2 freq -1595325 path delay    716270
ptp4l[5429.324]: master offset     531283 s2 freq -1514688 path delay    716270
ptp4l[5430.324]: master offset    -114843 s2 freq -1579415 path delay    742265
ptp4l[5431.326]: master offset     293383 s2 freq -1538299 path delay    742265
ptp4l[5432.326]: master offset    -345393 s2 freq -1602522 path delay    779904
ptp4l[5433.327]: master offset    -271666 s2 freq -1595421 path delay    779904
ptp4l[5434.328]: master offset     744017 s2 freq -1493109 path delay    779904
ptp4l[5435.327]: master offset    -562107 s2 freq -1624283 path delay    779904
ptp4l[5436.328]: master offset    -625946 s2 freq -1631293 path delay    742265
ptp4l[5437.330]: master offset    -342829 s2 freq -1603324 path delay    742265
ptp4l[5438.331]: master offset    -286160 s2 freq -1597943 path delay    742265
ptp4l[5439.333]: master offset      57437 s2 freq -1563526 path delay    732788
ptp4l[5440.334]: master offset    -293864 s2 freq -1598950 path delay    732251
ptp4l[5441.335]: master offset     -83827 s2 freq -1578030 path delay    693304
ptp4l[5442.337]: master offset    -261439 s2 freq -1596053 path delay    676769
ptp4l[5443.338]: master offset     104073 s2 freq -1559398 path delay    676769
ptp4l[5444.339]: master offset    -259278 s2 freq -1595992 path delay    676769
ptp4l[5445.339]: master offset    -349578 s2 freq -1605372 path delay    675260
ptp4l[5446.338]: master offset    -477164 s2 freq -1618607 path delay    643872
