ptp4l[14818.507]: port 1: INITIALIZING to LISTENING on INIT_COMPLETE
ptp4l[14818.507]: port 2: INITIALIZING to LISTENING on INIT_COMPLETE
ptp4l[14818.507]: port 0: INITIALIZING to LISTENING on INIT_COMPLETE
ptp4l[14822.935]: port 1: new foreign master 865d50.fffe.7fbd62-1
ptp4l[14824.745]: port 2: LISTENING to MASTER on ANNOUNCE_RECEIPT_TIMEOUT_EXPIRES
ptp4l[14824.745]: selected local clock 0ef3b4.fffe.359730 as best master
ptp4l[14824.745]: port 2: assuming the grand master role
ptp4l[14825.770]: timed out while polling for tx timestamp
ptp4l[14825.771]: increasing tx_timestamp_timeout may correct this issue, but it is likely caused by a driver bug
ptp4l[14825.771]: port 2: send sync failed
ptp4l[14825.771]: port 2: MASTER to FAULTY on FAULT_DETECTED (FT_UNSPECIFIED)
ptp4l[14826.293]: port 1: LISTENING to MASTER on ANNOUNCE_RECEIPT_TIMEOUT_EXPIRES
ptp4l[14826.293]: selected local clock 0ef3b4.fffe.359730 as best master
ptp4l[14826.293]: port 1: assuming the grand master role
ptp4l[14826.293]: port 2: assuming the grand master role
ptp4l[14826.936]: selected best master clock 865d50.fffe.7fbd62
ptp4l[14826.937]: foreign master not using PTP timescale
ptp4l[14826.937]: port 1: MASTER to UNCALIBRATED on RS_SLAVE
ptp4l[14828.938]: master offset    -323445 s0 freq -500000 path delay    685271
ptp4l[14829.941]: master offset     -54880 s0 freq -500000 path delay    685094
ptp4l[14830.940]: master offset    -425722 s0 freq -500000 path delay    685271
ptp4l[14831.943]: master offset    -125396 s0 freq -500000 path delay    685271
ptp4l[14832.943]: master offset    -203012 s0 freq -500000 path delay    758008
ptp4l[14833.946]: master offset     -44947 s0 freq -500000 path delay    758008
ptp4l[14834.945]: master offset    -575197 s0 freq -500000 path delay    773997
ptp4l[14835.948]: master offset    -222253 s0 freq -500000 path delay    773997
ptp4l[14836.948]: master offset    -459703 s0 freq -500000 path delay    773997
ptp4l[14837.948]: master offset    -389437 s0 freq -500000 path delay    762354
ptp4l[14838.949]: master offset    -558395 s0 freq -500000 path delay    773997
ptp4l[14839.950]: master offset    -324311 s0 freq -500000 path delay    762354
ptp4l[14840.951]: master offset    -324414 s0 freq -500000 path delay    712383
ptp4l[14841.775]: port 2: FAULTY to LISTENING on INIT_COMPLETE
ptp4l[14841.952]: master offset    -205721 s0 freq -500000 path delay    716730
ptp4l[14842.952]: master offset    -373156 s0 freq -500000 path delay    712842
ptp4l[14843.954]: master offset     -76686 s0 freq -500000 path delay    618007
ptp4l[14844.955]: master offset     -87057 s1 freq -485233 path delay    612785
ptp4l[14845.957]: master offset     283816 s2 freq -456567 path delay    612785
ptp4l[14845.957]: port 1: UNCALIBRATED to SLAVE on MASTER_CLOCK_SELECTED
ptp4l[14846.956]: master offset    -361587 s2 freq -521469 path delay    612785
ptp4l[14847.957]: master offset    -227209 s2 freq -508259 path delay    612785
ptp4l[14848.900]: port 2: LISTENING to MASTER on ANNOUNCE_RECEIPT_TIMEOUT_EXPIRES
ptp4l[14848.901]: selected best master clock 865d50.fffe.7fbd62
ptp4l[14848.901]: foreign master not using PTP timescale
ptp4l[14848.957]: master offset    -339062 s2 freq -519783 path delay    612785
ptp4l[14849.957]: master offset    -364186 s2 freq -522660 path delay    681642
ptp4l[14850.927]: timed out while polling for tx timestamp
ptp4l[14850.927]: increasing tx_timestamp_timeout may correct this issue, but it is likely caused by a driver bug
ptp4l[14850.927]: port 2: send sync failed
ptp4l[14850.927]: port 2: MASTER to FAULTY on FAULT_DETECTED (FT_UNSPECIFIED)
ptp4l[14850.957]: master offset      83389 s2 freq -477819 path delay    639822
ptp4l[14851.957]: master offset      82068 s2 freq -477869 path delay    560156
ptp4l[14852.957]: master offset    -204319 s2 freq -506712 path delay    560156
ptp4l[14853.960]: master offset     138489 s2 freq -472292 path delay    560156
ptp4l[14854.958]: master offset    -360473 s2 freq -522549 path delay    639822
ptp4l[14855.959]: master offset    -173915 s2 freq -504067 path delay    639822
ptp4l[14856.959]: master offset    -208188 s2 freq -507703 path delay    639822
ptp4l[14857.961]: master offset     157327 s2 freq -470994 path delay    649332
ptp4l[14858.961]: master offset    -425351 s2 freq -529687 path delay    649332
ptp4l[14859.963]: master offset    -318031 s2 freq -519273 path delay    649332
ptp4l[14860.965]: master offset    -259524 s2 freq -513682 path delay    561222
ptp4l[14861.967]: master offset     119044 s2 freq -475706 path delay    561222
ptp4l[14862.966]: master offset     -86746 s2 freq -496372 path delay    561222
ptp4l[14863.970]: master offset     409056 s2 freq -446383 path delay    659932
ptp4l[14864.971]: master offset    -435815 s2 freq -531305 path delay    771340
ptp4l[14865.972]: master offset    -178206 s2 freq -505723 path delay    795326
ptp4l[14866.931]: port 2: FAULTY to LISTENING on INIT_COMPLETE
ptp4l[14866.973]: master offset    -402649 s2 freq -528570 path delay    770335
ptp4l[14867.975]: master offset    -318763 s2 freq -520500 path delay    770335
ptp4l[14868.975]: master offset    -391054 s2 freq -528120 path delay    770335
ptp4l[14869.974]: master offset    -628886 s2 freq -552532 path delay    770335
ptp4l[14870.975]: master offset    -458906 s2 freq -535993 path delay    721802
ptp4l[14871.979]: master offset    2307613 s2 freq -257034 path delay    721802
ptp4l[14872.978]: master offset    -266007 s2 freq -514662 path delay    762260
ptp4l[14873.579]: port 2: LISTENING to MASTER on ANNOUNCE_RECEIPT_TIMEOUT_EXPIRES
ptp4l[14873.579]: selected best master clock 865d50.fffe.7fbd62
ptp4l[14873.579]: foreign master not using PTP timescale
ptp4l[14873.977]: master offset    -610766 s2 freq -549748 path delay    762260
ptp4l[14874.977]: master offset    -447905 s2 freq -533910 path delay    611620
ptp4l[14875.601]: timed out while polling for tx timestamp
ptp4l[14875.601]: increasing tx_timestamp_timeout may correct this issue, but it is likely caused by a driver bug
ptp4l[14875.601]: port 2: send sync failed
ptp4l[14875.601]: port 2: MASTER to FAULTY on FAULT_DETECTED (FT_UNSPECIFIED)
ptp4l[14875.978]: master offset    -181604 s2 freq -507462 path delay    528539
ptp4l[14876.978]: master offset    -311388 s2 freq -520751 path delay    528539
ptp4l[14877.981]: master offset     443265 s2 freq -444843 path delay    419893
ptp4l[14878.981]: master offset    -208674 s2 freq -510245 path delay    419893
ptp4l[14879.980]: master offset     285758 s2 freq -460516 path delay    419893
ptp4l[14880.980]: master offset    -281079 s2 freq -517481 path delay    419893
ptp4l[14881.982]: master offset     588337 s2 freq -429951 path delay    419893
ptp4l[14882.981]: master offset    -234736 s2 freq -512493 path delay    483468
ptp4l[14883.983]: master offset     375098 s2 freq -451135 path delay    419893
ptp4l[14884.982]: master offset    -343172 s2 freq -523305 path delay    436714
ptp4l[14885.983]: master offset     -89246 s2 freq -498002 path delay    369851
ptp4l[14886.983]: master offset    -255712 s2 freq -514904 path delay    433426
ptp4l[14887.985]: master offset     127738 s2 freq -476431 path delay    433426
ptp4l[14888.984]: master offset    -142204 s2 freq -503568 path delay    433426
ptp4l[14889.984]: master offset    -172086 s2 freq -506728 path delay    433426
ptp4l[14890.988]: master offset    1900566 s2 freq -297562 path delay    381923
ptp4l[14891.602]: port 2: FAULTY to LISTENING on INIT_COMPLETE
ptp4l[14891.986]: master offset     448324 s2 freq -442338 path delay    381923
ptp4l[14892.990]: master offset    2990860 s2 freq -185093 path delay    381923
ptp4l[14893.988]: master offset     313914 s2 freq -452474 path delay    381923
ptp4l[14894.987]: master offset    -318962 s2 freq -516081 path delay    480410
ptp4l[14895.990]: master offset     142110 s2 freq -469831 path delay    430102
ptp4l[14896.990]: master offset     157628 s2 freq -468122 path delay    513229
ptp4l[14897.822]: port 2: LISTENING to MASTER on ANNOUNCE_RECEIPT_TIMEOUT_EXPIRES
ptp4l[14897.823]: selected best master clock 865d50.fffe.7fbd62
ptp4l[14897.823]: foreign master not using PTP timescale
ptp4l[14897.989]: master offset    -695940 s2 freq -554175 path delay    812036
ptp4l[14898.846]: timed out while polling for tx timestamp
ptp4l[14898.846]: increasing tx_timestamp_timeout may correct this issue, but it is likely caused by a driver bug
ptp4l[14898.846]: port 2: send sync failed
ptp4l[14898.846]: port 2: MASTER to FAULTY on FAULT_DETECTED (FT_UNSPECIFIED)
ptp4l[14898.990]: master offset    -347473 s2 freq -519676 path delay    627503
ptp4l[14899.994]: master offset    -208843 s2 freq -506021 path delay    613053
ptp4l[14900.993]: master offset    -519464 s2 freq -537603 path delay    613053
ptp4l[14901.993]: master offset    -362264 s2 freq -522245 path delay    580048
ptp4l[14902.994]: master offset    -454775 s2 freq -531951 path delay    580048
ptp4l[14903.995]: master offset    -313500 s2 freq -518137 path delay    590522
ptp4l[14904.996]: master offset    -109738 s2 freq -497871 path delay    480054
ptp4l[14905.996]: master offset    -268741 s2 freq -514040 path delay    480054
ptp4l[14906.996]: master offset    -316231 s2 freq -519105 path delay    490529
ptp4l[14907.999]: master offset     360478 s2 freq -451073 path delay    440854
ptp4l[14909.000]: master offset     323046 s2 freq -454494 path delay    505911
ptp4l[14910.001]: master offset    -117443 s2 freq -498660 path delay    505911
ptp4l[14911.002]: master offset      71485 s2 freq -479696 path delay    440854
ptp4l[14912.009]: master offset    1026850 s2 freq -383132 path delay    440854
ptp4l[14913.008]: master offset     -30447 s2 freq -488892 path delay    440854
ptp4l[14914.012]: master offset    1581361 s2 freq -326130 path delay    572483
ptp4l[14914.849]: port 2: FAULTY to LISTENING on INIT_COMPLETE
ptp4l[14915.012]: master offset    1213283 s2 freq -361725 path delay    711803
ptp4l[14916.014]: master offset    -129379 s2 freq -496120 path delay    724957
ptp4l[14917.016]: master offset    -437053 s2 freq -527325 path delay    762381
ptp4l[14918.021]: master offset    3637563 s2 freq -116226 path delay    762381
ptp4l[14919.017]: master offset    -507133 s2 freq -531202 path delay    762381
ptp4l[14920.021]: master offset     -77227 s2 freq -488289 path delay    726155
ptp4l[14921.020]: master offset    -308367 s2 freq -511711 path delay    726155
ptp4l[14921.023]: port 2: LISTENING to MASTER on ANNOUNCE_RECEIPT_TIMEOUT_EXPIRES
ptp4l[14921.023]: selected best master clock 865d50.fffe.7fbd62
ptp4l[14921.023]: foreign master not using PTP timescale
ptp4l[14922.019]: master offset    -378122 s2 freq -519065 path delay    664226
ptp4l[14923.019]: master offset    -382975 s2 freq -519933 path delay    512667
ptp4l[14923.043]: timed out while polling for tx timestamp
ptp4l[14923.043]: increasing tx_timestamp_timeout may correct this issue, but it is likely caused by a driver bug
ptp4l[14923.043]: port 2: send sync failed
ptp4l[14923.043]: port 2: MASTER to FAULTY on FAULT_DETECTED (FT_UNSPECIFIED)
ptp4l[14924.019]: master offset    -203465 s2 freq -502186 path delay    512667
ptp4l[14925.020]: master offset    -114558 s2 freq -493410 path delay    478158
ptp4l[14926.021]: master offset    -124025 s2 freq -494480 path delay    478158
ptp4l[14927.026]: master offset     -71207 s2 freq -489270 path delay    478158
ptp4l[14928.024]: master offset     173080 s2 freq -464668 path delay    353052
ptp4l[14929.024]: master offset     -59625 s2 freq -487998 path delay    353052
ptp4l[14930.027]: master offset     701807 s2 freq -411153 path delay    404191
ptp4l[14931.028]: master offset    1278626 s2 freq -352193 path delay    404191
ptp4l[14932.028]: master offset    -259098 s2 freq -506224 path delay    404191
ptp4l[14933.031]: master offset     243012 s2 freq -455770 path delay    404191
ptp4l[14934.031]: master offset     505703 s2 freq -428995 path delay    461446
ptp4l[14935.030]: master offset    -493564 s2 freq -529416 path delay    704530
ptp4l[14936.035]: master offset    3220130 s2 freq -154826 path delay    704530
ptp4l[14937.033]: master offset    -617581 s2 freq -539215 path delay    845741
ptp4l[14938.034]: master offset    -641673 s2 freq -542266 path delay    845741
ptp4l[14939.038]: master offset    -597164 s2 freq -538412 path delay    969199
ptp4l[14939.056]: port 2: FAULTY to LISTENING on INIT_COMPLETE
ptp4l[14940.035]: master offset    -604169 s2 freq -539717 path delay    969199
ptp4l[14941.037]: master offset    -568508 s2 freq -536719 path delay    845741
ptp4l[14942.037]: master offset    -541995 s2 freq -534610 path delay    845741
ptp4l[14943.039]: master offset    -432979 s2 freq -524141 path delay    845741
ptp4l[14944.044]: master offset    2347164 s2 freq -243780 path delay   1008219
ptp4l[14945.043]: master offset   -1054307 s2 freq -584981 path delay   1470700
ptp4l[14946.044]: master offset    -906495 s2 freq -571106 path delay   1470700
ptp4l[14947.044]: master offset   -1106367 s2 freq -592200 path delay   1470700
ptp4l[14947.055]: port 2: LISTENING to MASTER on ANNOUNCE_RECEIPT_TIMEOUT_EXPIRES
ptp4l[14947.055]: selected best master clock 865d50.fffe.7fbd62
ptp4l[14947.055]: foreign master not using PTP timescale
ptp4l[14948.046]: master offset    -569120 s2 freq -539044 path delay    856790
ptp4l[14949.050]: master offset    1483221 s2 freq -332327 path delay    856790
ptp4l[14949.077]: timed out while polling for tx timestamp
ptp4l[14949.077]: increasing tx_timestamp_timeout may correct this issue, but it is likely caused by a driver bug
ptp4l[14949.077]: port 2: send sync failed
ptp4l[14949.077]: port 2: MASTER to FAULTY on FAULT_DETECTED (FT_UNSPECIFIED)
ptp4l[14950.052]: master offset    3232715 s2 freq -154145 path delay   1211553
ptp4l[14951.052]: master offset    3340232 s2 freq -140053 path delay   1211553
ptp4l[14952.049]: master offset    -978562 s2 freq -572911 path delay   1211553
ptp4l[14953.049]: master offset    -915717 s2 freq -567542 path delay   1211553
ptp4l[14954.056]: master offset    3850066 s2 freq  -87114 path delay   1154439
ptp4l[14955.054]: master offset    -108515 s2 freq -483080 path delay   1154439
ptp4l[14956.056]: master offset    1402129 s2 freq -330614 path delay   1154439
ptp4l[14957.054]: master offset    -950621 s2 freq -566839 path delay   1154439
ptp4l[14958.054]: master offset    -505221 s2 freq -522805 path delay    817690
ptp4l[14959.055]: master offset    -653729 s2 freq -538309 path delay    817690
ptp4l[14960.059]: master offset    1928245 s2 freq -278183 path delay    817690
ptp4l[14961.057]: master offset    -510062 s2 freq -522524 path delay    817690
ptp4l[14962.059]: master offset    -324266 s2 freq -504269 path delay    817690
ptp4l[14963.058]: master offset    -270333 s2 freq -499146 path delay    627597
ptp4l[14964.058]: master offset    -333200 s2 freq -505766 path delay    627597
ptp4l[14965.062]: master offset     725359 s2 freq -399185 path delay    523606
ptp4l[14965.080]: port 2: FAULTY to LISTENING on INIT_COMPLETE
ptp4l[14966.066]: master offset    4174186 s2 freq  -50128 path delay    523606
ptp4l[14967.065]: master offset    -148337 s2 freq -482528 path delay    523606
ptp4l[14968.066]: master offset     109934 s2 freq -456591 path delay    600950
ptp4l[14969.065]: master offset    -352337 s2 freq -503171 path delay    600950
ptp4l[14970.069]: master offset     221463 s2 freq -445569 path delay    600950
ptp4l[14971.071]: master offset    2946543 s2 freq -170115 path delay    658146
ptp4l[14972.071]: master offset    1581410 s2 freq -305047 path delay    962773
ptp4l[14972.672]: port 2: LISTENING to MASTER on ANNOUNCE_RECEIPT_TIMEOUT_EXPIRES
ptp4l[14972.672]: selected best master clock 865d50.fffe.7fbd62
ptp4l[14972.672]: foreign master not using PTP timescale
ptp4l[14973.071]: master offset   -1119085 s2 freq -576215 path delay   1436432
ptp4l[14973.693]: timed out while polling for tx timestamp
ptp4l[14973.693]: increasing tx_timestamp_timeout may correct this issue, but it is likely caused by a driver bug
ptp4l[14973.693]: port 2: send sync failed
ptp4l[14973.693]: port 2: MASTER to FAULTY on FAULT_DETECTED (FT_UNSPECIFIED)
ptp4l[14974.071]: master offset   -1247157 s2 freq -590270 path delay   1436432
ptp4l[14975.072]: master offset   -1198933 s2 freq -586646 path delay   1418396
ptp4l[14976.073]: master offset    -826650 s2 freq -550244 path delay   1047511
ptp4l[14977.074]: master offset    -692358 s2 freq -537508 path delay   1073818
ptp4l[14978.076]: master offset    -566128 s2 freq -525451 path delay   1073818
ptp4l[14979.077]: master offset    -313916 s2 freq -500543 path delay    693490
ptp4l[14980.079]: master offset     701262 s2 freq -398324 path delay    691518
ptp4l[14981.080]: master offset    -235962 s2 freq -492283 path delay    691518
ptp4l[14982.080]: master offset    -249065 s2 freq -493842 path delay    548087
ptp4l[14983.080]: master offset     179421 s2 freq -450814 path delay    421809
ptp4l[14984.082]: master offset    -275769 s2 freq -496609 path delay    593870
ptp4l[14985.083]: master offset    -214240 s2 freq -490670 path delay    691518
ptp4l[14986.084]: master offset    -217435 s2 freq -491207 path delay    631596
ptp4l[14987.086]: master offset     416919 s2 freq -427355 path delay    631596
ptp4l[14988.086]: master offset    -324296 s2 freq -501801 path delay    586367
ptp4l[14989.088]: master offset      78549 s2 freq -461438 path delay    586367
ptp4l[14989.695]: port 2: FAULTY to LISTENING on INIT_COMPLETE
ptp4l[14990.089]: master offset    -119062 s2 freq -481318 path delay    697120
ptp4l[14991.090]: master offset    -338656 s2 freq -503616 path delay    697120
ptp4l[14992.092]: master offset     241728 s2 freq -445336 path delay    697120
ptp4l[14993.093]: master offset     -79404 s2 freq -477528 path delay    629607
ptp4l[14994.093]: master offset    -394515 s2 freq -509434 path delay    644843
ptp4l[14995.094]: master offset     -82473 s2 freq -478312 path delay    644843
ptp4l[14996.094]: master offset     -63473 s2 freq -476476 path delay    635664
ptp4l[14996.351]: port 2: LISTENING to MASTER on ANNOUNCE_RECEIPT_TIMEOUT_EXPIRES
ptp4l[14996.351]: selected best master clock 865d50.fffe.7fbd62
ptp4l[14996.351]: foreign master not using PTP timescale
ptp4l[14997.094]: master offset    -430733 s2 freq -513632 path delay    635664
ptp4l[14997.379]: timed out while polling for tx timestamp
ptp4l[14997.380]: increasing tx_timestamp_timeout may correct this issue, but it is likely caused by a driver bug
ptp4l[14997.380]: port 2: send sync failed
ptp4l[14997.380]: port 2: MASTER to FAULTY on FAULT_DETECTED (FT_UNSPECIFIED)
ptp4l[14998.094]: master offset    -502158 s2 freq -521277 path delay    661782
ptp4l[14999.095]: master offset    -190725 s2 freq -490324 path delay    646546
ptp4l[15000.095]: master offset    -278449 s2 freq -499375 path delay    646546
ptp4l[15001.097]: master offset     -64339 s2 freq -478029 path delay    646546
ptp4l[15002.095]: master offset    -504455 s2 freq -522545 path delay    712054
ptp4l[15003.097]: master offset    -102986 s2 freq -482501 path delay    712054
ptp4l[15004.100]: master offset    1788540 s2 freq -291560 path delay    729090
ptp4l[15005.099]: master offset    -210731 s2 freq -491697 path delay    729090
ptp4l[15006.099]: master offset    -328602 s2 freq -503813 path delay    729090
ptp4l[15007.102]: master offset    1763374 s2 freq -292852 path delay    729090
ptp4l[15008.101]: master offset     108656 s2 freq -458215 path delay    729090
ptp4l[15009.102]: master offset     441719 s2 freq -424467 path delay    740906
ptp4l[15010.103]: master offset    -190837 s2 freq -487914 path delay    787132
ptp4l[15011.103]: master offset    -541929 s2 freq -523565 path delay    787132
ptp4l[15012.105]: master offset     216762 s2 freq -447479 path delay    740906
ptp4l[15013.105]: master offset    -147975 s2 freq -484101 path delay    740906
ptp4l[15013.382]: port 2: FAULTY to LISTENING on INIT_COMPLETE
ptp4l[15014.106]: master offset    -148830 s2 freq -484335 path delay    716563
ptp4l[15015.107]: master offset     -68383 s2 freq -476359 path delay    726285
ptp4l[15016.107]: master offset    -165768 s2 freq -486263 path delay    726285
ptp4l[15017.110]: master offset    2540427 s2 freq -213103 path delay    726285
ptp4l[15018.110]: master offset     182034 s2 freq -448760 path delay    726285
ptp4l[15019.112]: master offset     668183 s2 freq -399477 path delay    614392
ptp4l[15019.867]: port 2: LISTENING to MASTER on ANNOUNCE_RECEIPT_TIMEOUT_EXPIRES
ptp4l[15019.867]: selected best master clock 865d50.fffe.7fbd62
ptp4l[15019.867]: foreign master not using PTP timescale
ptp4l[15020.112]: master offset       -185 s2 freq -466314 path delay    658614
ptp4l[15020.890]: timed out while polling for tx timestamp
ptp4l[15020.890]: increasing tx_timestamp_timeout may correct this issue, but it is likely caused by a driver bug
ptp4l[15020.890]: port 2: send sync failed
ptp4l[15020.890]: port 2: MASTER to FAULTY on FAULT_DETECTED (FT_UNSPECIFIED)
ptp4l[15021.112]: master offset    -528820 s2 freq -519707 path delay    780104
ptp4l[15022.115]: master offset    -157531 s2 freq -482735 path delay    780104
ptp4l[15023.115]: master offset    -228332 s2 freq -490044 path delay    809488
ptp4l[15024.117]: master offset     445376 s2 freq -422227 path delay    809488
ptp4l[15025.118]: master offset    -479469 s2 freq -515191 path delay    815528
ptp4l[15026.119]: master offset    -312394 s2 freq -498796 path delay    815528
ptp4l[15027.121]: master offset    -468968 s2 freq -514923 path delay    881632
ptp4l[15028.121]: master offset    -223765 s2 freq -490626 path delay    815528
ptp4l[15029.123]: master offset      -5205 s2 freq -468775 path delay    762201
ptp4l[15030.124]: master offset    -235310 s2 freq -492021 path delay    788028
ptp4l[15031.126]: master offset     310554 s2 freq -437124 path delay    788028
ptp4l[15032.127]: master offset    -167523 s2 freq -485099 path delay    865661
ptp4l[15033.128]: master offset    -269113 s2 freq -495528 path delay    812334
ptp4l[15034.128]: master offset    -475297 s2 freq -516621 path delay    759605
ptp4l[15035.130]: master offset    -274605 s2 freq -496827 path delay    759605
ptp4l[15036.130]: master offset    -371938 s2 freq -506932 path delay    689004
ptp4l[15036.893]: port 2: FAULTY to LISTENING on INIT_COMPLETE
ptp4l[15037.132]: master offset    1159077 s2 freq -352671 path delay    602107
ptp4l[15038.133]: master offset     -68974 s2 freq -475545 path delay    713909
ptp4l[15039.134]: master offset      53456 s2 freq -463249 path delay    713909
ptp4l[15040.135]: master offset     -44224 s2 freq -473061 path delay    713909
ptp4l[15041.135]: master offset     303681 s2 freq -437967 path delay    737062
ptp4l[15042.137]: master offset     -81882 s2 freq -476605 path delay    783731
ptp4l[15043.118]: port 2: LISTENING to MASTER on ANNOUNCE_RECEIPT_TIMEOUT_EXPIRES
ptp4l[15043.118]: selected best master clock 865d50.fffe.7fbd62
ptp4l[15043.118]: foreign master not using PTP timescale
ptp4l[15043.136]: master offset    -220313 s2 freq -490669 path delay    804883
ptp4l[15044.140]: timed out while polling for tx timestamp
ptp4l[15044.140]: increasing tx_timestamp_timeout may correct this issue, but it is likely caused by a driver bug
ptp4l[15044.140]: port 2: send sync failed
ptp4l[15044.140]: port 2: MASTER to FAULTY on FAULT_DETECTED (FT_UNSPECIFIED)
ptp4l[15044.140]: master offset    -235332 s2 freq -492406 path delay    825413
ptp4l[15045.139]: master offset    -346093 s2 freq -503828 path delay    825413
ptp4l[15046.140]: master offset    -179171 s2 freq -487315 path delay    825413
ptp4l[15047.141]: master offset    -224000 s2 freq -492022 path delay    825413
ptp4l[15048.142]: master offset      -2954 s2 freq -469920 path delay    752448
ptp4l[15049.142]: master offset    -195895 s2 freq -489410 path delay    752448
ptp4l[15050.143]: master offset    -117992 s2 freq -481738 path delay    722163
ptp4l[15051.144]: master offset    -276932 s2 freq -497909 path delay    679751
ptp4l[15052.145]: master offset    -284346 s2 freq -498935 path delay    679751
ptp4l[15053.147]: master offset      26122 s2 freq -467862 path delay    629497
ptp4l[15054.149]: master offset    1471944 s2 freq -321807 path delay    629497
ptp4l[15055.149]: master offset    -110789 s2 freq -480192 path delay    629497
ptp4l[15056.150]: master offset     103730 s2 freq -458636 path delay    629497
ptp4l[15057.152]: master offset     479642 s2 freq -420565 path delay    603438
ptp4l[15058.153]: master offset      93647 s2 freq -459071 path delay    603438
ptp4l[15059.153]: master offset    -162599 s2 freq -484858 path delay    588586
ptp4l[15060.144]: port 2: FAULTY to LISTENING on INIT_COMPLETE
ptp4l[15060.153]: master offset     -18018 s2 freq -470418 path delay    588586
ptp4l[15061.155]: master offset     -74230 s2 freq -476113 path delay    603438
ptp4l[15062.159]: master offset     434431 s2 freq -424813 path delay    603438
ptp4l[15063.159]: master offset    -241117 s2 freq -492609 path delay    603438
ptp4l[15064.161]: master offset    1291602 s2 freq -338045 path delay    627510
ptp4l[15065.161]: master offset     -70373 s2 freq -474313 path delay    648568
ptp4l[15066.162]: master offset      15593 s2 freq -465701 path delay    691909
ptp4l[15067.162]: master offset    -151407 s2 freq -482552 path delay    691909
ptp4l[15067.257]: port 2: LISTENING to MASTER on ANNOUNCE_RECEIPT_TIMEOUT_EXPIRES
ptp4l[15067.257]: selected best master clock 865d50.fffe.7fbd62
ptp4l[15067.257]: foreign master not using PTP timescale
ptp4l[15068.164]: master offset    -143478 s2 freq -481903 path delay    691909
ptp4l[15068.280]: timed out while polling for tx timestamp
ptp4l[15068.280]: increasing tx_timestamp_timeout may correct this issue, but it is likely caused by a driver bug
ptp4l[15068.280]: port 2: send sync failed
ptp4l[15068.280]: port 2: MASTER to FAULTY on FAULT_DETECTED (FT_UNSPECIFIED)
ptp4l[15069.164]: master offset    -115757 s2 freq -479247 path delay    691909
ptp4l[15070.165]: master offset    -226645 s2 freq -490562 path delay    691909
ptp4l[15071.168]: master offset    -133177 s2 freq -481349 path delay    691909
ptp4l[15072.167]: master offset    -506416 s2 freq -519179 path delay    648568
