ptp4l[5806.362]: port 1: INITIALIZING to LISTENING on INIT_COMPLETE
ptp4l[5806.362]: port 2: INITIALIZING to LISTENING on INIT_COMPLETE
ptp4l[5806.362]: port 0: INITIALIZING to LISTENING on INIT_COMPLETE
ptp4l[5810.128]: port 1: new foreign master a6176b.fffe.a1d06d-1
ptp4l[5812.547]: port 1: LISTENING to MASTER on ANNOUNCE_RECEIPT_TIMEOUT_EXPIRES
ptp4l[5812.548]: selected local clock 860687.fffe.7cc155 as best master
ptp4l[5812.548]: port 1: assuming the grand master role
ptp4l[5813.870]: port 2: LISTENING to MASTER on ANNOUNCE_RECEIPT_TIMEOUT_EXPIRES
ptp4l[5813.871]: selected local clock 860687.fffe.7cc155 as best master
ptp4l[5813.871]: port 1: assuming the grand master role
ptp4l[5813.871]: port 2: assuming the grand master role
ptp4l[5814.128]: selected best master clock a6176b.fffe.a1d06d
ptp4l[5814.129]: foreign master not using PTP timescale
ptp4l[5814.129]: port 1: MASTER to UNCALIBRATED on RS_SLAVE
ptp4l[5816.131]: master offset   -1532463 s0 freq +4091716 path delay   1703013
ptp4l[5817.133]: master offset    -751339 s0 freq +4091716 path delay   1703013
ptp4l[5818.134]: master offset   -1010038 s0 freq +4091716 path delay   1205277
ptp4l[5819.135]: master offset     446291 s0 freq +4091716 path delay    642983
ptp4l[5820.135]: master offset    -432929 s0 freq +4091716 path delay    718962
ptp4l[5821.139]: master offset    2666628 s0 freq +4091716 path delay    718962
ptp4l[5822.136]: master offset    -586050 s0 freq +4091716 path delay    794942
ptp4l[5823.138]: master offset     290599 s0 freq +4091716 path delay    718962
ptp4l[5824.137]: master offset    -528910 s0 freq +4091716 path delay    794942
ptp4l[5825.137]: master offset    -698205 s0 freq +4091716 path delay    861699
ptp4l[5826.138]: master offset    -648616 s0 freq +4091716 path delay    861699
ptp4l[5827.139]: master offset    -175321 s0 freq +4091716 path delay    718962
ptp4l[5828.139]: master offset    -269517 s0 freq +4091716 path delay    718962
ptp4l[5829.141]: master offset     700083 s0 freq +4091716 path delay    692529
ptp4l[5830.140]: master offset    -519314 s0 freq +4091716 path delay    861699
ptp4l[5831.140]: master offset    -306065 s0 freq +4091716 path delay    861699
ptp4l[5832.140]: master offset    -624589 s1 freq +4148194 path delay    861699
ptp4l[5833.141]: master offset    -392653 s2 freq +4108536 path delay    861699
ptp4l[5833.141]: port 1: UNCALIBRATED to SLAVE on MASTER_CLOCK_SELECTED
ptp4l[5834.143]: master offset    -335827 s2 freq +4113883 path delay    861699
ptp4l[5835.143]: master offset    -563843 s2 freq +4090518 path delay    759286
ptp4l[5836.143]: master offset    -515807 s2 freq +4094806 path delay    573280
ptp4l[5837.143]: master offset    -403052 s2 freq +4105678 path delay    573280
ptp4l[5838.143]: master offset    -422119 s2 freq +4103349 path delay    533039
ptp4l[5839.143]: master offset    -195463 s2 freq +4125819 path delay    356270
ptp4l[5840.145]: master offset     -38466 s2 freq +4141481 path delay    270690
ptp4l[5841.147]: master offset    1496037 s2 freq +4296427 path delay    270690
ptp4l[5842.145]: master offset    -156737 s2 freq +4130993 path delay    270690
ptp4l[5843.145]: master offset     109613 s2 freq +4157737 path delay    270690
ptp4l[5844.146]: master offset     844071 s2 freq +4232027 path delay    270690
ptp4l[5845.148]: master offset     630563 s2 freq +4211307 path delay    309067
ptp4l[5846.148]: master offset     371614 s2 freq +4185784 path delay    505985
ptp4l[5847.150]: master offset     -66875 s2 freq +4141868 path delay    761673
ptp4l[5848.148]: master offset    -305573 s2 freq +4117693 path delay    761673
ptp4l[5849.148]: master offset    -613070 s2 freq +4086330 path delay    761673
ptp4l[5850.148]: master offset    -626035 s2 freq +4084407 path delay    761673
ptp4l[5851.149]: master offset    -561656 s2 freq +4090284 path delay    761673
ptp4l[5852.149]: master offset    -408662 s2 freq +4105174 path delay    720968
ptp4l[5853.151]: master offset     -28835 s2 freq +4143128 path delay    720968
ptp4l[5854.151]: master offset    -251254 s2 freq +4120635 path delay    720968
ptp4l[5855.152]: master offset     882446 s2 freq +4234887 path delay    494276
ptp4l[5856.151]: master offset    -222886 s2 freq +4124131 path delay    494276
ptp4l[5857.153]: master offset     174248 s2 freq +4164019 path delay    488800
ptp4l[5858.153]: master offset     -98985 s2 freq +4136597 path delay    450837
ptp4l[5859.154]: master offset     596465 s2 freq +4206738 path delay    450837
ptp4l[5860.153]: master offset     287195 s2 freq +4176098 path delay    450837
ptp4l[5861.155]: master offset     997031 s2 freq +4248079 path delay    450837
ptp4l[5862.154]: master offset    -265051 s2 freq +4121606 path delay    529132
ptp4l[5863.155]: master offset     234992 s2 freq +4171845 path delay    529132
ptp4l[5864.155]: master offset     187941 s2 freq +4167328 path delay    564732
ptp4l[5865.159]: master offset     144954 s2 freq +4163174 path delay    526769
ptp4l[5866.159]: master offset    -350512 s2 freq +4113277 path delay    564732
ptp4l[5867.160]: master offset    -278234 s2 freq +4120227 path delay    564732
ptp4l[5868.169]: master offset     464344 s2 freq +4194949 path delay    564732
ptp4l[5869.169]: master offset    -446036 s2 freq +4103465 path delay    586210
ptp4l[5870.169]: master offset    -413539 s2 freq +4106301 path delay    586210
ptp4l[5871.169]: master offset    -403209 s2 freq +4106931 path delay    586210
ptp4l[5872.169]: master offset    -483964 s2 freq +4098371 path delay    586210
ptp4l[5873.169]: master offset    -290562 s2 freq +4117421 path delay    408910
ptp4l[5874.169]: master offset     -23933 s2 freq +4144060 path delay    196625
ptp4l[5875.171]: master offset     237616 s2 freq +4170452 path delay    415302
ptp4l[5876.172]: master offset    1266749 s2 freq +4274632 path delay    348942
ptp4l[5877.173]: master offset     342184 s2 freq +4182518 path delay    348942
ptp4l[5878.175]: master offset     267265 s2 freq +4175293 path delay    467015
ptp4l[5879.175]: master offset     -69257 s2 freq +4141572 path delay    670601
ptp4l[5880.174]: master offset    -516604 s2 freq +4096321 path delay    670601
ptp4l[5881.174]: master offset    -581262 s2 freq +4089274 path delay    670601
ptp4l[5882.177]: master offset     134352 s2 freq +4160969 path delay    553383
ptp4l[5883.178]: master offset      10767 s2 freq +4148622 path delay    553383
ptp4l[5884.176]: master offset    -366300 s2 freq +4110549 path delay    467015
ptp4l[5885.181]: master offset    2383167 s2 freq +4387878 path delay    467015
ptp4l[5886.181]: master offset     193141 s2 freq +4169069 path delay    543067
ptp4l[5887.181]: master offset     881474 s2 freq +4238784 path delay    493064
ptp4l[5888.179]: master offset    -410587 s2 freq +4109167 path delay    579431
ptp4l[5889.179]: master offset    -319433 s2 freq +4117963 path delay    471476
ptp4l[5890.180]: master offset    -177071 s2 freq +4132022 path delay    385299
ptp4l[5891.182]: master offset    1112975 s2 freq +4262140 path delay    443251
ptp4l[5892.181]: master offset    -385335 s2 freq +4111923 path delay    544061
ptp4l[5893.192]: master offset    8939480 s2 freq +5053344 path delay    500129
ptp4l[5894.185]: master offset    1014697 s2 freq +4261881 path delay    702746
ptp4l[5895.186]: master offset    1169068 s2 freq +4278487 path delay    702746
ptp4l[5896.186]: master offset    -261143 s2 freq +4135205 path delay    702746
ptp4l[5897.188]: master offset    1643044 s2 freq +4327266 path delay    702746
ptp4l[5898.188]: master offset    -140715 s2 freq +4148750 path delay    702746
ptp4l[5899.191]: master offset     375835 s2 freq +4200781 path delay    573976
ptp4l[5900.189]: master offset    -288363 s2 freq +4134073 path delay    795194
ptp4l[5901.194]: master offset    2005775 s2 freq +4365492 path delay    795194
ptp4l[5902.193]: master offset    -376011 s2 freq +4126937 path delay    853404
ptp4l[5903.193]: master offset    -382484 s2 freq +4125908 path delay    801800
ptp4l[5904.195]: master offset    -245115 s2 freq +4139399 path delay    801800
ptp4l[5905.196]: master offset      76087 s2 freq +4171596 path delay    801800
ptp4l[5906.197]: master offset    -159360 s2 freq +4147892 path delay    750742
ptp4l[5907.198]: master offset     161026 s2 freq +4180091 path delay    750742
ptp4l[5908.198]: master offset     244582 s2 freq +4188692 path delay    750742
ptp4l[5909.199]: master offset     118230 s2 freq +4176175 path delay    750742
ptp4l[5910.200]: master offset      30264 s2 freq +4167408 path delay    750742
ptp4l[5911.200]: master offset      57140 s2 freq +4170153 path delay    750742
ptp4l[5912.201]: master offset     -20372 s2 freq +4162381 path delay    699503
ptp4l[5913.209]: master offset    1343276 s2 freq +4300089 path delay    699503
ptp4l[5914.209]: master offset    -181970 s2 freq +4147383 path delay    706654
ptp4l[5915.210]: master offset    -157317 s2 freq +4149691 path delay    706654
ptp4l[5916.210]: master offset    -164300 s2 freq +4148828 path delay    706654
ptp4l[5917.212]: master offset    1429784 s2 freq +4309666 path delay    727502
ptp4l[5918.212]: master offset     140110 s2 freq +4180839 path delay    727502
ptp4l[5918.957]: timed out while polling for tx timestamp
ptp4l[5918.957]: increasing tx_timestamp_timeout may correct this issue, but it is likely caused by a driver bug
ptp4l[5918.957]: port 2: send sync failed
ptp4l[5918.957]: port 2: MASTER to FAULTY on FAULT_DETECTED (FT_UNSPECIFIED)
ptp4l[5919.213]: master offset     979131 s2 freq +4265720 path delay    728947
ptp4l[5920.213]: master offset    -131103 s2 freq +4154566 path delay    728947
ptp4l[5921.214]: master offset     -43954 s2 freq +4163237 path delay    698556
ptp4l[5922.215]: master offset     158621 s2 freq +4183653 path delay    676263
ptp4l[5923.216]: master offset     491320 s2 freq +4217414 path delay    698556
ptp4l[5924.218]: master offset    2496139 s2 freq +4420392 path delay    736794
ptp4l[5925.217]: master offset    -386630 s2 freq +4131729 path delay    859530
ptp4l[5926.217]: master offset    -303923 s2 freq +4139695 path delay    991736
ptp4l[5927.220]: master offset    1344676 s2 freq +4305900 path delay    991736
ptp4l[5928.219]: master offset    -545721 s2 freq +4116315 path delay   1178983
ptp4l[5929.220]: master offset    -451935 s2 freq +4125241 path delay   1178983
ptp4l[5930.221]: master offset    -415686 s2 freq +4128450 path delay   1178983
ptp4l[5931.222]: master offset    -132156 s2 freq +4156671 path delay   1178983
ptp4l[5932.223]: master offset    -428366 s2 freq +4126622 path delay   1178983
ptp4l[5933.223]: master offset    -579841 s2 freq +4110895 path delay   1178983
ptp4l[5934.224]: master offset    -398828 s2 freq +4128597 path delay    891917
ptp4l[5934.959]: port 2: FAULTY to LISTENING on INIT_COMPLETE
ptp4l[5935.225]: master offset     325126 s2 freq +4201318 path delay    712489
ptp4l[5936.226]: master offset     -27794 s2 freq +4165998 path delay    712489
ptp4l[5937.228]: master offset     175705 s2 freq +4186523 path delay    592042
ptp4l[5938.230]: master offset     726623 s2 freq +4242342 path delay    592042
ptp4l[5939.229]: master offset     549635 s2 freq +4225193 path delay    592042
ptp4l[5940.230]: master offset     -10657 s2 freq +4169153 path delay    644633
ptp4l[5941.101]: port 2: LISTENING to MASTER on ANNOUNCE_RECEIPT_TIMEOUT_EXPIRES
ptp4l[5941.101]: selected best master clock a6176b.fffe.a1d06d
ptp4l[5941.101]: foreign master not using PTP timescale
ptp4l[5941.231]: master offset     227825 s2 freq +4193229 path delay    648092
ptp4l[5942.232]: master offset    1412510 s2 freq +4313110 path delay    648092
ptp4l[5943.233]: master offset     176171 s2 freq +4189652 path delay    648092
ptp4l[5944.234]: master offset     487027 s2 freq +4221225 path delay    704626
ptp4l[5945.235]: master offset    1220542 s2 freq +4295797 path delay    822132
ptp4l[5946.233]: master offset    -611212 s2 freq +4112010 path delay    822132
ptp4l[5947.235]: master offset     114530 s2 freq +4184699 path delay    704626
ptp4l[5948.237]: master offset    2310199 s2 freq +4406576 path delay    704626
ptp4l[5949.237]: master offset     106139 s2 freq +4186276 path delay    704626
ptp4l[5950.236]: master offset    -224326 s2 freq +4153005 path delay    822132
ptp4l[5951.236]: master offset    -477493 s2 freq +4127211 path delay    822132
ptp4l[5952.238]: master offset    -197414 s2 freq +4155022 path delay    822132
ptp4l[5953.239]: master offset      17496 s2 freq +4176530 path delay    940738
ptp4l[5954.238]: master offset    -634578 s2 freq +4110688 path delay    906002
ptp4l[5955.242]: master offset    1613187 s2 freq +4337078 path delay    906002
ptp4l[5956.241]: master offset    -569742 s2 freq +4118215 path delay   1123173
ptp4l[5957.241]: master offset    -699275 s2 freq +4104563 path delay   1123173
ptp4l[5958.241]: master offset    -660628 s2 freq +4107767 path delay   1123173
ptp4l[5959.242]: master offset     548296 s2 freq +4229207 path delay   1123173
ptp4l[5960.241]: master offset    -787605 s2 freq +4094830 path delay   1123173
ptp4l[5961.243]: master offset    -338272 s2 freq +4139425 path delay   1088437
ptp4l[5962.244]: master offset    -170296 s2 freq +4156052 path delay    740336
ptp4l[5963.243]: master offset    -197946 s2 freq +4153089 path delay    676467
ptp4l[5964.244]: master offset     -87384 s2 freq +4164058 path delay    676467
ptp4l[5965.244]: master offset      10348 s2 freq +4173841 path delay    676467
ptp4l[5966.244]: master offset    -324803 s2 freq +4140002 path delay    676467
ptp4l[5967.244]: master offset    -427223 s2 freq +4129332 path delay    624325
ptp4l[5968.246]: master offset     188315 s2 freq +4191074 path delay    624325
ptp4l[5969.246]: master offset    -323458 s2 freq +4139574 path delay    635095
ptp4l[5970.247]: master offset     -26523 s2 freq +4169241 path delay    605172
ptp4l[5971.249]: master offset     656822 s2 freq +4238232 path delay    526520
ptp4l[5972.248]: master offset    -215513 s2 freq +4150783 path delay    526520
ptp4l[5973.250]: master offset     306920 s2 freq +4203333 path delay    486789
ptp4l[5974.251]: master offset    2183156 s2 freq +4393140 path delay    486789
ptp4l[5975.249]: master offset    -224717 s2 freq +4152128 path delay    526520
ptp4l[5976.255]: master offset    4939565 s2 freq +4673496 path delay    526520
ptp4l[5977.253]: master offset    1505920 s2 freq +4331637 path delay    742726
ptp4l[5978.252]: master offset    -859614 s2 freq +4094224 path delay   1087296
ptp4l[5979.253]: master offset    -482267 s2 freq +4131477 path delay    953370
ptp4l[5980.254]: master offset    -312303 s2 freq +4148161 path delay    989912
ptp4l[5981.253]: master offset    -774140 s2 freq +4101203 path delay    989912
ptp4l[5982.256]: master offset    -355051 s2 freq +4142757 path delay    989912
ptp4l[5983.256]: master offset    -260896 s2 freq +4151911 path delay    989912
ptp4l[5984.255]: master offset    -547129 s2 freq +4122741 path delay    777511
ptp4l[5985.258]: master offset    -162160 s2 freq +4161076 path delay    777511
ptp4l[5986.259]: master offset      40656 s2 freq +4181398 path delay    777511
ptp4l[5987.258]: master offset    -506335 s2 freq +4126192 path delay    699836
ptp4l[5988.259]: master offset    -146545 s2 freq +4162025 path delay    699836
ptp4l[5989.261]: master offset     483448 s2 freq +4225508 path delay    598167
ptp4l[5990.260]: master offset    -426847 s2 freq +4134051 path delay    627437
ptp4l[5991.262]: master offset     187146 s2 freq +4195638 path delay    627437
ptp4l[5992.263]: master offset     -82228 s2 freq +4168618 path delay    691030
ptp4l[5993.263]: master offset    -370311 s2 freq +4139439 path delay    691030
ptp4l[5994.265]: master offset    -164236 s2 freq +4159883 path delay    789406
ptp4l[5995.267]: master offset     -56745 s2 freq +4170575 path delay    789406
ptp4l[5996.267]: master offset    -485872 s2 freq +4127176 path delay    797543
ptp4l[5997.269]: master offset     -64087 s2 freq +4169291 path delay    797543
ptp4l[5998.269]: master offset    -193800 s2 freq +4156126 path delay    797543
ptp4l[5999.269]: master offset    -516491 s2 freq +4123340 path delay    797543
ptp4l[6000.271]: master offset    -193853 s2 freq +4155410 path delay    771566
ptp4l[6001.272]: master offset     -68464 s2 freq +4167881 path delay    797543
ptp4l[6002.272]: master offset    -485321 s2 freq +4125710 path delay    797543
ptp4l[6003.275]: master offset      30202 s2 freq +4177292 path delay    748171
ptp4l[6004.283]: master offset    8740107 s2 freq +5057023 path delay    706290
ptp4l[6005.275]: master offset    -447025 s2 freq +4137862 path delay    706290
ptp4l[6006.277]: master offset     343660 s2 freq +4217275 path delay    675613
ptp4l[6007.277]: master offset      17801 s2 freq +4184706 path delay    675613
ptp4l[6008.277]: master offset    -405580 s2 freq +4141963 path delay    706290
ptp4l[6009.278]: master offset     -97605 s2 freq +4172663 path delay    706290
ptp4l[6010.277]: master offset    -456870 s2 freq +4136279 path delay    706290
ptp4l[6011.278]: master offset    -358711 s2 freq +4145737 path delay    675613
ptp4l[6012.280]: master offset     -85986 s2 freq +4172923 path delay    653176
ptp4l[6013.280]: master offset      20513 s2 freq +4183593 path delay    653176
ptp4l[6014.281]: master offset    -436199 s2 freq +4137486 path delay    746996
ptp4l[6015.283]: master offset     -52177 s2 freq +4175836 path delay    746996
ptp4l[6016.283]: master offset     546253 s2 freq +4236225 path delay    724559
ptp4l[6017.282]: master offset    -474590 s2 freq +4133666 path delay    724559
ptp4l[6018.285]: master offset     416262 s2 freq +4223168 path delay    724559
ptp4l[6019.285]: master offset    -175219 s2 freq +4163845 path delay    754371
ptp4l[6020.285]: master offset    -375064 s2 freq +4143485 path delay    680878
ptp4l[6021.288]: master offset    1570278 s2 freq +4339589 path delay    680878
ptp4l[6022.287]: master offset      25341 s2 freq +4185121 path delay    680878
ptp4l[6023.287]: master offset    -430621 s2 freq +4139094 path delay    684695
ptp4l[6024.290]: master offset    1487529 s2 freq +4332397 path delay    684695
ptp4l[6025.290]: master offset     587342 s2 freq +4242965 path delay    754371
ptp4l[6026.291]: master offset    -423333 s2 freq +4141475 path delay    754371
ptp4l[6027.293]: master offset     318180 s2 freq +4215944 path delay    684695
ptp4l[6028.294]: master offset      15075 s2 freq +4185649 path delay    684695
ptp4l[6029.294]: master offset    -430524 s2 freq +4140658 path delay    648425
ptp4l[6030.300]: master offset    1559965 s2 freq +4341267 path delay    624792
ptp4l[6031.297]: master offset    -319508 s2 freq +4153000 path delay    624792
ptp4l[6032.297]: master offset    -299433 s2 freq +4154708 path delay    624792
ptp4l[6033.301]: master offset    2417371 s2 freq +4428806 path delay    568838
ptp4l[6034.301]: master offset    1890476 s2 freq +4378007 path delay    568838
ptp4l[6035.299]: master offset    -393306 s2 freq +4149236 path delay    568838
ptp4l[6036.298]: master offset    -393984 s2 freq +4148774 path delay    513122
ptp4l[6037.301]: master offset    1499095 s2 freq +4339581 path delay    513122
ptp4l[6038.299]: master offset    -211044 s2 freq +4168356 path delay    513122
ptp4l[6039.301]: master offset     280377 s2 freq +4217778 path delay    509112
ptp4l[6040.301]: master offset    -142083 s2 freq +4175390 path delay    621623
ptp4l[6041.301]: master offset    -316565 s2 freq +4157626 path delay    635168
ptp4l[6042.302]: master offset     808032 s2 freq +4270893 path delay    635168
ptp4l[6043.302]: master offset     487746 s2 freq +4239352 path delay    961907
ptp4l[6044.302]: master offset    -809374 s2 freq +4108831 path delay   1121447
ptp4l[6045.303]: master offset     437064 s2 freq +4233912 path delay    876545
ptp4l[6046.302]: master offset    -251728 s2 freq +4164781 path delay    876545
ptp4l[6047.302]: master offset    -386543 s2 freq +4150913 path delay    657183
ptp4l[6048.302]: master offset      20342 s2 freq +4191622 path delay    657183
ptp4l[6049.303]: master offset      47136 s2 freq +4194348 path delay    657183
ptp4l[6050.303]: master offset    -443598 s2 freq +4144831 path delay    766089
ptp4l[6051.303]: master offset    -520610 s2 freq +4136610 path delay    888456
ptp4l[6052.303]: master offset    -615674 s2 freq +4126487 path delay    888456
ptp4l[6053.303]: master offset    -565911 s2 freq +4130898 path delay    888456
ptp4l[6054.304]: master offset    -406431 s2 freq +4146439 path delay    706267
ptp4l[6055.304]: master offset    -358190 s2 freq +4150905 path delay    580692
ptp4l[6056.304]: master offset    -257947 s2 freq +4160672 path delay    580692
ptp4l[6057.304]: master offset    -317416 s2 freq +4154407 path delay    620454
ptp4l[6058.305]: master offset    -326173 s2 freq +4153205 path delay    620454
ptp4l[6059.305]: master offset    -109317 s2 freq +4174782 path delay    620454
