ptp4l[14521.586]: port 1: INITIALIZING to LISTENING on INIT_COMPLETE
ptp4l[14521.586]: port 2: INITIALIZING to LISTENING on INIT_COMPLETE
ptp4l[14521.586]: port 0: INITIALIZING to LISTENING on INIT_COMPLETE
ptp4l[14525.291]: port 1: new foreign master b22e5b.fffe.e90213-1
ptp4l[14528.839]: port 1: LISTENING to MASTER on ANNOUNCE_RECEIPT_TIMEOUT_EXPIRES
ptp4l[14528.839]: selected local clock eabbde.fffe.ba555f as best master
ptp4l[14528.839]: port 1: assuming the grand master role
ptp4l[14529.292]: selected best master clock b22e5b.fffe.e90213
ptp4l[14529.293]: foreign master not using PTP timescale
ptp4l[14529.293]: port 1: MASTER to UNCALIBRATED on RS_SLAVE
ptp4l[14529.492]: port 2: LISTENING to MASTER on ANNOUNCE_RECEIPT_TIMEOUT_EXPIRES
ptp4l[14529.493]: selected best master clock b22e5b.fffe.e90213
ptp4l[14529.493]: foreign master not using PTP timescale
ptp4l[14530.293]: master offset    -911536 s0 freq +82900000 path delay   1332027
ptp4l[14531.295]: master offset     143162 s0 freq +82900000 path delay   1078751
ptp4l[14531.515]: timed out while polling for tx timestamp
ptp4l[14531.516]: increasing tx_timestamp_timeout may correct this issue, but it is likely caused by a driver bug
ptp4l[14531.516]: port 2: send sync failed
ptp4l[14531.516]: port 2: MASTER to FAULTY on FAULT_DETECTED (FT_UNSPECIFIED)
ptp4l[14532.298]: master offset    1894294 s0 freq +82900000 path delay    979694
ptp4l[14533.296]: master offset    -283613 s0 freq +82900000 path delay   1155860
ptp4l[14534.296]: master offset    -198032 s0 freq +82900000 path delay    979694
ptp4l[14535.296]: master offset    -139754 s0 freq +82900000 path delay    979694
ptp4l[14536.298]: master offset     389102 s0 freq +82900000 path delay    969126
ptp4l[14537.298]: master offset     470359 s0 freq +82900000 path delay    974410
ptp4l[14538.298]: master offset    -440698 s0 freq +82900000 path delay    974410
ptp4l[14539.299]: master offset     719686 s0 freq +82900000 path delay    974410
ptp4l[14540.299]: master offset    -515974 s0 freq +82900000 path delay   1005956
ptp4l[14541.301]: master offset     557442 s0 freq +82900000 path delay   1000672
ptp4l[14542.301]: master offset    -513232 s0 freq +82900000 path delay   1000672
ptp4l[14543.304]: master offset     549688 s0 freq +82900000 path delay    935433
ptp4l[14544.303]: master offset    -421940 s0 freq +82900000 path delay   1057074
ptp4l[14545.305]: master offset    -233829 s0 freq +82900000 path delay   1050675
ptp4l[14546.308]: master offset    1074625 s1 freq +83013744 path delay   1050675
ptp4l[14547.306]: master offset    -750247 s2 freq +82937969 path delay   1050675
ptp4l[14547.308]: port 1: UNCALIBRATED to SLAVE on MASTER_CLOCK_SELECTED
ptp4l[14547.516]: port 2: FAULTY to LISTENING on INIT_COMPLETE
ptp4l[14548.308]: master offset     112197 s2 freq +83024325 path delay   1050675
ptp4l[14549.307]: master offset    -528380 s2 freq +82959739 path delay   1050675
ptp4l[14550.309]: master offset      10760 s2 freq +83013664 path delay    915298
ptp4l[14551.308]: master offset    -494363 s2 freq +82962657 path delay    915298
ptp4l[14552.308]: master offset    -526396 s2 freq +82958928 path delay    760011
ptp4l[14553.308]: master offset    -361632 s2 freq +82975042 path delay    705446
ptp4l[14553.712]: port 2: LISTENING to MASTER on ANNOUNCE_RECEIPT_TIMEOUT_EXPIRES
ptp4l[14553.712]: selected best master clock b22e5b.fffe.e90213
ptp4l[14553.712]: foreign master not using PTP timescale
ptp4l[14554.310]: master offset     227780 s2 freq +83034211 path delay    649927
ptp4l[14554.733]: timed out while polling for tx timestamp
ptp4l[14554.733]: increasing tx_timestamp_timeout may correct this issue, but it is likely caused by a driver bug
ptp4l[14554.733]: port 2: send sync failed
ptp4l[14554.733]: port 2: MASTER to FAULTY on FAULT_DETECTED (FT_UNSPECIFIED)
ptp4l[14555.310]: master offset    1161772 s2 freq +83128772 path delay    618517
ptp4l[14556.312]: clockcheck: clock jumped forward or running faster than expected!
ptp4l[14556.313]: master offset     489692 s0 freq +83128772 path delay    618517
ptp4l[14556.313]: port 1: SLAVE to UNCALIBRATED on SYNCHRONIZATION_FAULT
ptp4l[14557.311]: master offset    -397975 s0 freq +83128772 path delay    618517
ptp4l[14558.313]: master offset    -198692 s0 freq +83128772 path delay    569567
ptp4l[14559.313]: master offset     408642 s0 freq +83128772 path delay    569567
ptp4l[14560.314]: master offset     -74392 s0 freq +83128772 path delay    618517
ptp4l[14561.319]: master offset     490150 s0 freq +83128772 path delay    618517
ptp4l[14562.319]: master offset     -62976 s0 freq +83128772 path delay    618517
ptp4l[14563.319]: master offset    -136699 s0 freq +83128772 path delay    637857
ptp4l[14564.319]: master offset    -202196 s0 freq +83128772 path delay    637857
ptp4l[14565.322]: master offset     748566 s0 freq +83128772 path delay    593076
ptp4l[14566.322]: master offset      94875 s0 freq +83128772 path delay    754781
ptp4l[14567.322]: master offset    -612854 s0 freq +83128772 path delay    851874
ptp4l[14568.322]: master offset    -329820 s0 freq +83128772 path delay    754781
ptp4l[14569.323]: master offset    -523772 s0 freq +83128772 path delay    776624
ptp4l[14570.322]: master offset    -513760 s0 freq +83128772 path delay    776624
ptp4l[14570.734]: port 2: FAULTY to LISTENING on INIT_COMPLETE
ptp4l[14571.323]: master offset    -468711 s0 freq +83128772 path delay    705093
ptp4l[14572.322]: master offset    -538505 s2 freq +82953705 path delay    638469
ptp4l[14572.322]: port 1: UNCALIBRATED to SLAVE on MASTER_CLOCK_SELECTED
ptp4l[14573.323]: master offset     341720 s2 freq +82988219 path delay    558438
ptp4l[14574.324]: master offset      17254 s2 freq +82955790 path delay    558438
ptp4l[14575.324]: master offset     735662 s2 freq +83028366 path delay    470633
ptp4l[14576.325]: master offset      57619 s2 freq +82960620 path delay    470633
ptp4l[14577.323]: master offset    -342400 s2 freq +82920275 path delay    470633
ptp4l[14578.165]: port 2: LISTENING to MASTER on ANNOUNCE_RECEIPT_TIMEOUT_EXPIRES
ptp4l[14578.165]: selected best master clock b22e5b.fffe.e90213
ptp4l[14578.165]: foreign master not using PTP timescale
ptp4l[14578.323]: master offset    -191612 s2 freq +82935162 path delay    470633
ptp4l[14579.325]: master offset    -177623 s2 freq +82936384 path delay    520529
ptp4l[14580.186]: timed out while polling for tx timestamp
ptp4l[14580.187]: increasing tx_timestamp_timeout may correct this issue, but it is likely caused by a driver bug
ptp4l[14580.187]: port 2: send sync failed
ptp4l[14580.187]: port 2: MASTER to FAULTY on FAULT_DETECTED (FT_UNSPECIFIED)
ptp4l[14580.326]: master offset    -170555 s2 freq +82936920 path delay    520529
ptp4l[14581.326]: master offset    -258593 s2 freq +82927858 path delay    520529
ptp4l[14582.326]: master offset    -226493 s2 freq +82930841 path delay    591565
ptp4l[14583.326]: master offset    -475526 s2 freq +82905462 path delay    639261
ptp4l[14584.326]: master offset    -410217 s2 freq +82911583 path delay    639261
ptp4l[14585.326]: master offset    -378770 s2 freq +82914349 path delay    639261
ptp4l[14586.327]: master offset     522304 s2 freq +83004979 path delay    639261
ptp4l[14587.328]: master offset    1306513 s2 freq +83084706 path delay    689442
ptp4l[14588.327]: master offset    -275280 s2 freq +82926251 path delay    772592
ptp4l[14589.328]: master offset    -562028 s2 freq +82897015 path delay    806887
ptp4l[14590.328]: master offset    -391707 s2 freq +82913655 path delay    806887
ptp4l[14591.339]: master offset    -342612 s2 freq +82918222 path delay    806887
ptp4l[14592.328]: master offset    -239320 s2 freq +82928312 path delay    649828
ptp4l[14593.328]: master offset     -45167 s2 freq +82947682 path delay    649828
ptp4l[14594.329]: master offset    -102472 s2 freq +82941849 path delay    651786
ptp4l[14595.329]: master offset    -453708 s2 freq +82906272 path delay    730583
ptp4l[14596.188]: port 2: FAULTY to LISTENING on INIT_COMPLETE
ptp4l[14596.336]: master offset    -340131 s2 freq +82917289 path delay    730583
ptp4l[14597.336]: master offset    -396650 s2 freq +82911241 path delay    730583
ptp4l[14598.337]: master offset    -110709 s2 freq +82939724 path delay    679305
ptp4l[14599.337]: master offset    -310761 s2 freq +82919408 path delay    679305
ptp4l[14600.338]: master offset     754551 s2 freq +83026694 path delay    679305
ptp4l[14601.338]: master offset    -266438 s2 freq +82924328 path delay    679305
ptp4l[14602.339]: master offset     -97918 s2 freq +82941083 path delay    602157
ptp4l[14602.728]: port 2: LISTENING to MASTER on ANNOUNCE_RECEIPT_TIMEOUT_EXPIRES
ptp4l[14602.728]: selected best master clock b22e5b.fffe.e90213
ptp4l[14602.728]: foreign master not using PTP timescale
ptp4l[14603.337]: master offset    -470865 s2 freq +82903317 path delay    602157
ptp4l[14603.748]: timed out while polling for tx timestamp
ptp4l[14603.749]: increasing tx_timestamp_timeout may correct this issue, but it is likely caused by a driver bug
ptp4l[14603.749]: port 2: send sync failed
ptp4l[14603.749]: port 2: MASTER to FAULTY on FAULT_DETECTED (FT_UNSPECIFIED)
ptp4l[14604.340]: master offset    -339676 s2 freq +82916096 path delay    602157
ptp4l[14605.340]: master offset     730174 s2 freq +83023811 path delay    602157
ptp4l[14606.340]: master offset     253904 s2 freq +82976438 path delay    680953
ptp4l[14607.339]: master offset    -477221 s2 freq +82902849 path delay    680953
ptp4l[14608.340]: master offset      -7752 s2 freq +82949788 path delay    572760
ptp4l[14609.340]: master offset    -255919 s2 freq +82924715 path delay    572760
ptp4l[14610.341]: master offset     510573 s2 freq +83001875 path delay    572760
ptp4l[14611.340]: master offset    -445685 s2 freq +82905803 path delay    800907
ptp4l[14612.341]: master offset     375767 s2 freq +82988324 path delay    390236
ptp4l[14613.341]: master offset      38619 s2 freq +82954648 path delay    390236
ptp4l[14614.340]: master offset    -175189 s2 freq +82933092 path delay    390236
ptp4l[14615.341]: master offset    -275020 s2 freq +82922834 path delay    579486
ptp4l[14616.341]: clockcheck: clock jumped forward or running faster than expected!
ptp4l[14616.342]: master offset    -303569 s0 freq +82922834 path delay    579486
ptp4l[14616.342]: port 1: SLAVE to UNCALIBRATED on SYNCHRONIZATION_FAULT
ptp4l[14617.342]: master offset    -253028 s0 freq +82922834 path delay    579486
ptp4l[14618.344]: master offset     -54517 s0 freq +82922834 path delay    699683
ptp4l[14619.344]: master offset    -363978 s0 freq +82922834 path delay    709020
ptp4l[14619.749]: port 2: FAULTY to LISTENING on INIT_COMPLETE
ptp4l[14620.353]: master offset    -334436 s0 freq +82922834 path delay    709020
ptp4l[14621.354]: master offset    -257884 s0 freq +82922834 path delay    708218
ptp4l[14622.355]: master offset     196491 s0 freq +82922834 path delay    557468
ptp4l[14623.356]: master offset    -277968 s0 freq +82922834 path delay    683260
ptp4l[14624.357]: master offset     486699 s0 freq +82922834 path delay    683260
ptp4l[14625.357]: master offset    -213718 s0 freq +82922834 path delay    683260
ptp4l[14626.363]: master offset     624158 s0 freq +82922834 path delay    708510
ptp4l[14627.364]: master offset    -140134 s0 freq +82922834 path delay    708510
ptp4l[14627.733]: port 2: LISTENING to MASTER on ANNOUNCE_RECEIPT_TIMEOUT_EXPIRES
ptp4l[14627.733]: selected best master clock b22e5b.fffe.e90213
ptp4l[14627.733]: foreign master not using PTP timescale
ptp4l[14628.365]: master offset     -55429 s0 freq +82922834 path delay    708510
ptp4l[14629.365]: master offset    -465321 s0 freq +82922834 path delay    760750
ptp4l[14629.756]: timed out while polling for tx timestamp
ptp4l[14629.757]: increasing tx_timestamp_timeout may correct this issue, but it is likely caused by a driver bug
ptp4l[14629.757]: port 2: send sync failed
ptp4l[14629.757]: port 2: MASTER to FAULTY on FAULT_DETECTED (FT_UNSPECIFIED)
ptp4l[14630.365]: master offset    -295414 s0 freq +82922834 path delay    760750
ptp4l[14631.365]: master offset    -569771 s0 freq +82922834 path delay    777675
ptp4l[14632.367]: master offset    -202289 s2 freq +82956132 path delay    777675
ptp4l[14632.367]: port 1: UNCALIBRATED to SLAVE on MASTER_CLOCK_SELECTED
ptp4l[14633.366]: master offset    -495226 s2 freq +82906114 path delay    777675
ptp4l[14634.367]: master offset    -147283 s2 freq +82940761 path delay    752717
ptp4l[14635.366]: master offset    -417188 s2 freq +82913354 path delay    752717
ptp4l[14636.367]: master offset     -17081 s2 freq +82953347 path delay    661678
ptp4l[14637.367]: master offset    -106368 s2 freq +82944312 path delay    661678
ptp4l[14638.376]: master offset    -341779 s2 freq +82920429 path delay    661678
ptp4l[14639.377]: master offset    -348381 s2 freq +82919421 path delay    661678
ptp4l[14640.378]: master offset     888960 s2 freq +83044044 path delay    632477
ptp4l[14641.377]: master offset    -282772 s2 freq +82926588 path delay    632477
ptp4l[14642.378]: master offset     -89493 s2 freq +82945826 path delay    632477
ptp4l[14643.378]: master offset    -237609 s2 freq +82930777 path delay    632477
ptp4l[14644.379]: master offset     -80554 s2 freq +82946402 path delay    632477
ptp4l[14645.379]: master offset    -220452 s2 freq +82932192 path delay    632477
ptp4l[14645.758]: port 2: FAULTY to LISTENING on INIT_COMPLETE
ptp4l[14646.378]: master offset    -393772 s2 freq +82914466 path delay    632477
ptp4l[14647.379]: master offset    -302632 s2 freq +82923277 path delay    632477
ptp4l[14648.379]: master offset    -133473 s2 freq +82940060 path delay    632477
ptp4l[14649.379]: master offset    -351188 s2 freq +82917937 path delay    662109
ptp4l[14650.379]: master offset    -280531 s2 freq +82924722 path delay    614578
ptp4l[14651.380]: master offset     966747 s2 freq +83050417 path delay    644210
ptp4l[14651.846]: port 2: LISTENING to MASTER on ANNOUNCE_RECEIPT_TIMEOUT_EXPIRES
ptp4l[14651.847]: selected best master clock b22e5b.fffe.e90213
ptp4l[14651.847]: foreign master not using PTP timescale
ptp4l[14652.381]: master offset    -177865 s2 freq +82935778 path delay    644210
ptp4l[14652.867]: timed out while polling for tx timestamp
ptp4l[14652.868]: increasing tx_timestamp_timeout may correct this issue, but it is likely caused by a driver bug
ptp4l[14652.868]: port 2: send sync failed
ptp4l[14652.868]: port 2: MASTER to FAULTY on FAULT_DETECTED (FT_UNSPECIFIED)
ptp4l[14653.380]: master offset    -315369 s2 freq +82921712 path delay    631603
ptp4l[14654.382]: master offset     433498 s2 freq +82997032 path delay    572919
ptp4l[14655.381]: master offset     177342 s2 freq +82971594 path delay    572919
ptp4l[14656.383]: master offset     -25149 s2 freq +82951320 path delay    592446
ptp4l[14657.382]: master offset    -336200 s2 freq +82919878 path delay    651130
ptp4l[14658.383]: master offset      26134 s2 freq +82956138 path delay    651130
ptp4l[14659.383]: master offset    -383000 s2 freq +82914842 path delay    718065
ptp4l[14660.384]: master offset     835912 s2 freq +83037569 path delay    660542
ptp4l[14661.384]: master offset     924635 s2 freq +83047366 path delay    721733
ptp4l[14662.384]: master offset    -129573 s2 freq +82941815 path delay    721733
ptp4l[14663.384]: master offset    -484231 s2 freq +82905865 path delay    836992
ptp4l[14664.384]: master offset    -312758 s2 freq +82922700 path delay    836992
ptp4l[14665.383]: master offset    -616206 s2 freq +82891739 path delay    836992
ptp4l[14666.384]: master offset    -321908 s2 freq +82920847 path delay    779469
ptp4l[14667.384]: master offset    -456810 s2 freq +82906900 path delay    779469
ptp4l[14668.384]: master offset    -417938 s2 freq +82910369 path delay    599408
ptp4l[14668.870]: port 2: FAULTY to LISTENING on INIT_COMPLETE
ptp4l[14669.384]: master offset    -182252 s2 freq +82933755 path delay    536898
ptp4l[14670.385]: master offset     101249 s2 freq +82962207 path delay    450825
ptp4l[14671.385]: master offset    -105408 s2 freq +82941435 path delay    450825
ptp4l[14672.386]: master offset     811620 s2 freq +83033950 path delay    450825
ptp4l[14673.385]: master offset     -55498 s2 freq +82947183 path delay    450825
ptp4l[14674.387]: master offset     482238 s2 freq +83001438 path delay    450825
ptp4l[14675.069]: port 2: LISTENING to MASTER on ANNOUNCE_RECEIPT_TIMEOUT_EXPIRES
ptp4l[14675.069]: selected best master clock b22e5b.fffe.e90213
ptp4l[14675.069]: foreign master not using PTP timescale
ptp4l[14675.386]: master offset    -189694 s2 freq +82934056 path delay    513279
ptp4l[14676.090]: timed out while polling for tx timestamp
ptp4l[14676.091]: increasing tx_timestamp_timeout may correct this issue, but it is likely caused by a driver bug
ptp4l[14676.091]: port 2: send sync failed
ptp4l[14676.091]: port 2: MASTER to FAULTY on FAULT_DETECTED (FT_UNSPECIFIED)
ptp4l[14676.387]: clockcheck: clock jumped forward or running faster than expected!
ptp4l[14676.387]: master offset     656559 s0 freq +82934056 path delay    562649
ptp4l[14676.387]: port 1: SLAVE to UNCALIBRATED on SYNCHRONIZATION_FAULT
ptp4l[14677.388]: master offset     361768 s0 freq +82934056 path delay    562649
ptp4l[14678.388]: master offset     314168 s0 freq +82934056 path delay    624415
ptp4l[14679.389]: master offset    -307989 s0 freq +82934056 path delay    713155
ptp4l[14680.389]: master offset    -156582 s0 freq +82934056 path delay    759832
ptp4l[14681.389]: master offset    -392207 s0 freq +82934056 path delay    794665
ptp4l[14682.390]: master offset     -34123 s0 freq +82934056 path delay    794665
ptp4l[14683.390]: master offset    -423499 s0 freq +82934056 path delay    794665
ptp4l[14684.391]: master offset    -181374 s0 freq +82934056 path delay    790749
ptp4l[14685.391]: master offset     -56749 s0 freq +82934056 path delay    790749
ptp4l[14686.393]: master offset     384210 s0 freq +82934056 path delay    790749
ptp4l[14687.393]: master offset     851001 s0 freq +82934056 path delay    790749
ptp4l[14688.393]: master offset    -566020 s0 freq +82934056 path delay    864145
ptp4l[14689.394]: master offset    -272270 s0 freq +82934056 path delay    864145
ptp4l[14690.395]: master offset     804835 s0 freq +82934056 path delay    790749
ptp4l[14691.396]: master offset    -496405 s0 freq +82934056 path delay    829312
ptp4l[14692.094]: port 2: FAULTY to LISTENING on INIT_COMPLETE
ptp4l[14692.395]: master offset    -454206 s2 freq +82889395 path delay    714364
ptp4l[14692.396]: port 1: UNCALIBRATED to SLAVE on MASTER_CLOCK_SELECTED
ptp4l[14693.396]: master offset    -366855 s2 freq +82852342 path delay    714364
ptp4l[14694.398]: master offset    1856943 s2 freq +83076579 path delay    532609
ptp4l[14695.396]: master offset     -86296 s2 freq +82882169 path delay    532609
ptp4l[14696.397]: master offset     498711 s2 freq +82941168 path delay    715247
ptp4l[14697.399]: master offset     709443 s2 freq +82962951 path delay    715247
ptp4l[14698.398]: master offset     156893 s2 freq +82907853 path delay    715247
ptp4l[14698.880]: port 2: LISTENING to MASTER on ANNOUNCE_RECEIPT_TIMEOUT_EXPIRES
ptp4l[14698.880]: selected best master clock b22e5b.fffe.e90213
ptp4l[14698.881]: foreign master not using PTP timescale
ptp4l[14699.398]: master offset    -189601 s2 freq +82873014 path delay    715247
ptp4l[14699.901]: timed out while polling for tx timestamp
ptp4l[14699.902]: increasing tx_timestamp_timeout may correct this issue, but it is likely caused by a driver bug
ptp4l[14699.902]: port 2: send sync failed
ptp4l[14699.902]: port 2: MASTER to FAULTY on FAULT_DETECTED (FT_UNSPECIFIED)
ptp4l[14700.399]: master offset      40626 s2 freq +82896077 path delay    811385
ptp4l[14701.399]: master offset    -413929 s2 freq +82850208 path delay    861132
ptp4l[14702.399]: master offset    -322306 s2 freq +82859048 path delay    861132
ptp4l[14703.399]: master offset    -536158 s2 freq +82837126 path delay    861132
ptp4l[14704.400]: master offset    -206453 s2 freq +82869890 path delay    803335
ptp4l[14705.401]: master offset    1424221 s2 freq +83034382 path delay    803335
ptp4l[14706.401]: master offset     511483 s2 freq +82943620 path delay    907025
ptp4l[14707.400]: master offset    -610816 s2 freq +82830779 path delay    907025
ptp4l[14708.400]: master offset    -530836 s2 freq +82838246 path delay    879666
ptp4l[14709.401]: master offset     642364 s2 freq +82956209 path delay    879666
ptp4l[14710.403]: master offset    -345679 s2 freq +82857059 path delay    879666
ptp4l[14711.401]: master offset    -545933 s2 freq +82836487 path delay    729973
ptp4l[14712.402]: master offset    -195489 s2 freq +82871336 path delay    682580
ptp4l[14713.402]: master offset    -371760 s2 freq +82853337 path delay    696080
ptp4l[14714.403]: master offset    -299404 s2 freq +82860273 path delay    929217
ptp4l[14715.404]: master offset    1365696 s2 freq +83028149 path delay    929217
ptp4l[14715.903]: port 2: FAULTY to LISTENING on INIT_COMPLETE
ptp4l[14716.402]: master offset    -631354 s2 freq +82827813 path delay    929217
ptp4l[14717.403]: master offset    -553367 s2 freq +82835058 path delay    929217
ptp4l[14718.403]: master offset    -245140 s2 freq +82865636 path delay    696080
ptp4l[14719.405]: master offset    1883340 s2 freq +83080367 path delay    643175
ptp4l[14720.406]: master offset    2293399 s2 freq +83123666 path delay    746992
ptp4l[14721.404]: master offset    -405685 s2 freq +82853352 path delay    746992
ptp4l[14722.405]: master offset    -147675 s2 freq +82879006 path delay    746992
ptp4l[14722.443]: port 2: LISTENING to MASTER on ANNOUNCE_RECEIPT_TIMEOUT_EXPIRES
ptp4l[14722.444]: selected best master clock b22e5b.fffe.e90213
ptp4l[14722.444]: foreign master not using PTP timescale
ptp4l[14723.404]: master offset    -355253 s2 freq +82857893 path delay    824857
ptp4l[14723.464]: timed out while polling for tx timestamp
ptp4l[14723.465]: increasing tx_timestamp_timeout may correct this issue, but it is likely caused by a driver bug
ptp4l[14723.465]: port 2: send sync failed
ptp4l[14723.465]: port 2: MASTER to FAULTY on FAULT_DETECTED (FT_UNSPECIFIED)
ptp4l[14724.405]: master offset    -368655 s2 freq +82856184 path delay    824857
ptp4l[14725.405]: master offset    -311484 s2 freq +82861589 path delay    737574
ptp4l[14726.406]: master offset      28122 s2 freq +82895578 path delay    737574
ptp4l[14727.406]: master offset    -242701 s2 freq +82868253 path delay    726168
ptp4l[14728.406]: master offset    -198282 s2 freq +82872497 path delay    726168
ptp4l[14729.406]: master offset    -390785 s2 freq +82852856 path delay    721295
ptp4l[14730.406]: master offset      65484 s2 freq +82898548 path delay    713518
ptp4l[14731.406]: master offset    -432885 s2 freq +82848278 path delay    713518
ptp4l[14732.407]: master offset      94035 s2 freq +82901064 path delay    713518
ptp4l[14733.408]: master offset    -413629 s2 freq +82849884 path delay    750471
ptp4l[14734.409]: master offset    -473277 s2 freq +82843446 path delay    750471
ptp4l[14735.410]: master offset    -453792 s2 freq +82844941 path delay    770440
ptp4l[14736.411]: clockcheck: clock jumped forward or running faster than expected!
ptp4l[14736.412]: master offset     503852 s0 freq +82844941 path delay    770440
ptp4l[14736.412]: port 1: SLAVE to UNCALIBRATED on SYNCHRONIZATION_FAULT
ptp4l[14737.410]: master offset    -374398 s0 freq +82844941 path delay    770440
ptp4l[14738.411]: master offset     -78994 s0 freq +82844941 path delay    787952
ptp4l[14739.412]: master offset      -5619 s0 freq +82844941 path delay    787952
ptp4l[14739.468]: port 2: FAULTY to LISTENING on INIT_COMPLETE
ptp4l[14740.420]: master offset    -108709 s0 freq +82844941 path delay    812209
ptp4l[14741.422]: master offset     178583 s0 freq +82844941 path delay    812209
ptp4l[14742.422]: master offset    -378043 s0 freq +82844941 path delay    812209
ptp4l[14743.423]: master offset    -385834 s0 freq +82844941 path delay    812209
ptp4l[14744.424]: master offset     766615 s0 freq +82844941 path delay    864468
ptp4l[14745.424]: master offset    -360833 s0 freq +82844941 path delay    909833
ptp4l[14746.425]: master offset    -340169 s0 freq +82844941 path delay    840211
ptp4l[14747.387]: port 2: LISTENING to MASTER on ANNOUNCE_RECEIPT_TIMEOUT_EXPIRES
ptp4l[14747.388]: selected best master clock b22e5b.fffe.e90213
ptp4l[14747.388]: foreign master not using PTP timescale
ptp4l[14747.426]: master offset    -359836 s0 freq +82844941 path delay    840211
ptp4l[14748.410]: timed out while polling for tx timestamp
ptp4l[14748.411]: increasing tx_timestamp_timeout may correct this issue, but it is likely caused by a driver bug
ptp4l[14748.411]: port 2: send sync failed
ptp4l[14748.411]: port 2: MASTER to FAULTY on FAULT_DETECTED (FT_UNSPECIFIED)
ptp4l[14748.426]: master offset    -320221 s0 freq +82844941 path delay    765388
ptp4l[14749.428]: master offset     -21541 s0 freq +82844941 path delay    724041
ptp4l[14750.428]: master offset    -128979 s0 freq +82844941 path delay    693729
ptp4l[14751.431]: master offset    -288583 s0 freq +82844941 path delay    697208
ptp4l[14752.431]: master offset     480792 s2 freq +82889000 path delay    697208
ptp4l[14752.432]: port 1: UNCALIBRATED to SLAVE on MASTER_CLOCK_SELECTED
ptp4l[14753.431]: master offset      -6585 s2 freq +82888335 path delay    697208
ptp4l[14754.431]: master offset    -185307 s2 freq +82870277 path delay    697208
ptp4l[14755.431]: master offset    -326955 s2 freq +82855785 path delay    697208
ptp4l[14756.431]: master offset    -207208 s2 freq +82867553 path delay    692416
ptp4l[14757.432]: master offset    -258536 s2 freq +82862162 path delay    692416
ptp4l[14758.434]: master offset     775091 s2 freq +82966299 path delay    670013
ptp4l[14759.434]: master offset     -42152 s2 freq +82884533 path delay    673492
ptp4l[14760.434]: master offset      -8239 s2 freq +82887916 path delay    673492
ptp4l[14761.434]: master offset    -461432 s2 freq +82842135 path delay    826137
ptp4l[14762.435]: master offset      55023 s2 freq +82893836 path delay    826137
ptp4l[14763.435]: master offset    -498654 s2 freq +82837969 path delay    826137
ptp4l[14764.413]: port 2: FAULTY to LISTENING on INIT_COMPLETE
ptp4l[14764.436]: master offset    -293019 s2 freq +82858240 path delay    795777
ptp4l[14765.436]: master offset    -145236 s2 freq +82872873 path delay    826137
ptp4l[14766.437]: master offset     934403 s2 freq +82981771 path delay    826137
ptp4l[14767.437]: master offset    -499622 s2 freq +82837869 path delay    858673
ptp4l[14768.436]: master offset     145667 s2 freq +82902544 path delay    846053
ptp4l[14769.438]: master offset    1283379 s2 freq +83017598 path delay    932710
ptp4l[14770.437]: master offset    -624514 s2 freq +82826185 path delay   1021682
ptp4l[14771.272]: port 2: LISTENING to MASTER on ANNOUNCE_RECEIPT_TIMEOUT_EXPIRES
ptp4l[14771.273]: selected best master clock b22e5b.fffe.e90213
ptp4l[14771.273]: foreign master not using PTP timescale
ptp4l[14771.437]: master offset    -534007 s2 freq +82834701 path delay    932710
ptp4l[14772.293]: timed out while polling for tx timestamp
ptp4l[14772.294]: increasing tx_timestamp_timeout may correct this issue, but it is likely caused by a driver bug
ptp4l[14772.294]: port 2: send sync failed
ptp4l[14772.294]: port 2: MASTER to FAULTY on FAULT_DETECTED (FT_UNSPECIFIED)
ptp4l[14772.437]: master offset    -458803 s2 freq +82841763 path delay    932710
ptp4l[14773.438]: master offset     -46150 s2 freq +82882982 path delay    862688
ptp4l[14774.437]: master offset    -539087 s2 freq +82833149 path delay    871160
