ptp4l[10352.373]: port 1: INITIALIZING to LISTENING on INIT_COMPLETE
ptp4l[10352.373]: port 2: INITIALIZING to LISTENING on INIT_COMPLETE
ptp4l[10352.373]: port 0: INITIALIZING to LISTENING on INIT_COMPLETE
ptp4l[10355.175]: port 1: new foreign master e60991.fffe.805f85-1
ptp4l[10358.633]: port 2: LISTENING to MASTER on ANNOUNCE_RECEIPT_TIMEOUT_EXPIRES
ptp4l[10358.634]: selected local clock 7ea26b.fffe.4aa01a as best master
ptp4l[10358.634]: port 2: assuming the grand master role
ptp4l[10359.178]: selected best master clock e60991.fffe.805f85
ptp4l[10359.179]: foreign master not using PTP timescale
ptp4l[10359.179]: port 1: LISTENING to UNCALIBRATED on RS_SLAVE
ptp4l[10360.178]: master offset   -1620411 s0 freq -8976606 path delay   1984892
ptp4l[10361.179]: master offset     108092 s0 freq -8976606 path delay   1150755
ptp4l[10362.180]: master offset     625038 s0 freq -8976606 path delay   1014710
ptp4l[10363.178]: master offset    -813632 s0 freq -8976606 path delay    908337
ptp4l[10364.179]: master offset    -771624 s0 freq -8976606 path delay    907138
ptp4l[10365.179]: master offset    -690605 s0 freq -8976606 path delay    806443
ptp4l[10366.180]: master offset    -598705 s0 freq -8976606 path delay    705749
ptp4l[10367.180]: master offset    -473351 s0 freq -8976606 path delay    586605
ptp4l[10368.180]: master offset    -442171 s0 freq -8976606 path delay    586605
ptp4l[10369.181]: master offset    -153937 s0 freq -8976606 path delay    326174
ptp4l[10370.181]: master offset    -148143 s0 freq -8976606 path delay    326174
ptp4l[10371.181]: master offset     -50364 s0 freq -8976606 path delay    178374
ptp4l[10372.182]: master offset       3141 s0 freq -8976606 path delay    178374
ptp4l[10373.182]: master offset     -77879 s0 freq -8976606 path delay    171184
ptp4l[10374.183]: master offset      -3483 s0 freq -8976606 path delay    165277
ptp4l[10375.183]: master offset     -33845 s0 freq -8976606 path delay    165277
ptp4l[10376.183]: master offset        749 s2 freq -8874407 path delay    166386
ptp4l[10376.183]: port 1: UNCALIBRATED to SLAVE on MASTER_CLOCK_SELECTED
ptp4l[10377.183]: master offset       6258 s2 freq -8873775 path delay    166386
ptp4l[10378.184]: master offset     102518 s2 freq -8864046 path delay    177697
ptp4l[10379.184]: master offset      57494 s2 freq -8868491 path delay    177697
ptp4l[10380.185]: master offset     444780 s2 freq -8829318 path delay    178364
ptp4l[10381.185]: master offset     -68755 s2 freq -8880740 path delay    188818
ptp4l[10382.186]: master offset     119660 s2 freq -8861779 path delay    188818
ptp4l[10383.186]: master offset      74550 s2 freq -8866215 path delay    193673
ptp4l[10384.186]: master offset      15320 s2 freq -8872123 path delay    193673
ptp4l[10385.186]: master offset     -48264 s2 freq -8878530 path delay    206923
ptp4l[10386.187]: master offset     -33969 s2 freq -8877134 path delay    219434
ptp4l[10387.187]: master offset     -62151 s2 freq -8880015 path delay    219434
ptp4l[10388.188]: master offset       9621 s2 freq -8872828 path delay    219434
ptp4l[10389.188]: master offset       1411 s2 freq -8873647 path delay    219434
ptp4l[10390.188]: master offset      96338 s2 freq -8864058 path delay    219434
ptp4l[10391.188]: master offset    -115368 s2 freq -8885344 path delay    233304
ptp4l[10392.188]: master offset     -44292 s2 freq -8878281 path delay    246233
ptp4l[10393.188]: master offset     -64662 s2 freq -8880383 path delay    208957
ptp4l[10394.188]: master offset     -30110 s2 freq -8876958 path delay    194661
ptp4l[10395.189]: master offset      53016 s2 freq -8868592 path delay    194661
ptp4l[10396.189]: master offset      11134 s2 freq -8872769 path delay    206944
ptp4l[10397.189]: master offset     -45783 s2 freq -8878507 path delay    206944
ptp4l[10398.189]: master offset     143818 s2 freq -8859403 path delay    201400
ptp4l[10399.189]: master offset     -60626 s2 freq -8879908 path delay    201400
ptp4l[10400.189]: master offset     -63298 s2 freq -8880238 path delay    213942
ptp4l[10401.189]: master offset     -55450 s2 freq -8879509 path delay    213942
ptp4l[10402.190]: master offset      16644 s2 freq -8872283 path delay    213942
ptp4l[10403.189]: master offset     -97066 s2 freq -8883751 path delay    200999
ptp4l[10404.190]: master offset      31874 s2 freq -8870825 path delay    200999
ptp4l[10405.190]: master offset     -73499 s2 freq -8881436 path delay    213942
ptp4l[10406.190]: master offset     -18342 s2 freq -8875938 path delay    213942
ptp4l[10407.190]: master offset     -80921 s2 freq -8882277 path delay    215113
ptp4l[10408.191]: master offset      47059 s2 freq -8869432 path delay    206524
ptp4l[10409.191]: master offset    -101689 s2 freq -8884409 path delay    204875
ptp4l[10410.191]: master offset      18808 s2 freq -8872340 path delay    199350
ptp4l[10411.191]: master offset    -112545 s2 freq -8885588 path delay    199350
ptp4l[10412.193]: master offset     768381 s2 freq -8796727 path delay    191927
ptp4l[10413.192]: master offset     -74423 s2 freq -8881082 path delay    191927
ptp4l[10414.193]: master offset     -49437 s2 freq -8878633 path delay    191927
ptp4l[10415.193]: master offset     -73157 s2 freq -8881078 path delay    180466
ptp4l[10416.193]: master offset      -8857 s2 freq -8874657 path delay    159755
ptp4l[10417.193]: master offset      -3063 s2 freq -8874080 path delay    159755
ptp4l[10418.194]: master offset      10730 s2 freq -8872690 path delay    159755
ptp4l[10419.194]: master offset     -13553 s2 freq -8875132 path delay    159755
ptp4l[10420.195]: master offset     115578 s2 freq -8862103 path delay    159755
ptp4l[10421.195]: master offset     -39245 s2 freq -8877625 path delay    192477
ptp4l[10422.197]: master offset    1040907 s2 freq -8768569 path delay    205176
ptp4l[10423.196]: master offset     -71821 s2 freq -8879914 path delay    211094
ptp4l[10424.196]: master offset     -73707 s2 freq -8880176 path delay    217018
ptp4l[10425.196]: master offset     -95080 s2 freq -8882408 path delay    217018
ptp4l[10426.197]: master offset     -67011 s2 freq -8879668 path delay    222491
ptp4l[10427.197]: master offset    -103007 s2 freq -8883371 path delay    217018
ptp4l[10428.198]: master offset     -35621 s2 freq -8876668 path delay    217018
ptp4l[10429.198]: master offset    -135602 s2 freq -8886802 path delay    222491
ptp4l[10430.199]: master offset     -64008 s2 freq -8879706 path delay    222491
ptp4l[10431.199]: master offset     -94987 s2 freq -8882899 path delay    231256
ptp4l[10432.199]: master offset     -47826 s2 freq -8878231 path delay    206810
ptp4l[10433.199]: master offset     -95170 s2 freq -8883060 path delay    206810
ptp4l[10434.200]: master offset      10693 s2 freq -8872463 path delay    160079
ptp4l[10435.200]: master offset     -25695 s2 freq -8876128 path delay    160584
ptp4l[10436.200]: master offset     -20271 s2 freq -8875606 path delay    160584
ptp4l[10437.200]: master offset       4568 s2 freq -8873117 path delay    160584
ptp4l[10438.201]: master offset     134348 s2 freq -8860005 path delay    160584
ptp4l[10439.201]: master offset     -35475 s2 freq -8877023 path delay    181702
ptp4l[10440.201]: master offset     -21098 s2 freq -8875606 path delay    181702
ptp4l[10441.201]: master offset     -31347 s2 freq -8876662 path delay    181702
ptp4l[10442.202]: master offset      53911 s2 freq -8868083 path delay    191616
ptp4l[10443.202]: master offset       7797 s2 freq -8872686 path delay    191616
ptp4l[10444.202]: master offset      71378 s2 freq -8866257 path delay    196294
ptp4l[10445.202]: master offset      24262 s2 freq -8870944 path delay    201546
ptp4l[10446.203]: master offset      73683 s2 freq -8865928 path delay    201546
ptp4l[10447.203]: master offset     -39559 s2 freq -8877292 path delay    200288
ptp4l[10448.203]: master offset      11214 s2 freq -8872204 path delay    190256
ptp4l[10449.203]: master offset      98414 s2 freq -8863385 path delay    190256
ptp4l[10450.204]: master offset      -7965 s2 freq -8874031 path delay    200288
ptp4l[10451.204]: master offset      88246 s2 freq -8864322 path delay    211261
ptp4l[10452.204]: master offset     -32806 s2 freq -8876460 path delay    213048
ptp4l[10453.204]: master offset      11071 s2 freq -8872061 path delay    213048
ptp4l[10454.204]: master offset     -45094 s2 freq -8877723 path delay    230633
ptp4l[10455.204]: master offset     -40224 s2 freq -8877276 path delay    230633
ptp4l[10456.204]: master offset     -14397 s2 freq -8874707 path delay    230633
ptp4l[10457.204]: master offset     -95651 s2 freq -8882929 path delay    220003
ptp4l[10458.205]: master offset     -41500 s2 freq -8877555 path delay    198809
ptp4l[10459.205]: master offset     -37158 s2 freq -8877158 path delay    198809
ptp4l[10460.205]: master offset     -19065 s2 freq -8875368 path delay    182289
ptp4l[10461.205]: master offset     -66020 s2 freq -8880129 path delay    182289
ptp4l[10462.207]: master offset      27168 s2 freq -8870783 path delay    178057
ptp4l[10463.207]: master offset     -44983 s2 freq -8878043 path delay    182289
ptp4l[10464.208]: master offset      96708 s2 freq -8863777 path delay    182289
ptp4l[10465.208]: master offset     -33624 s2 freq -8876844 path delay    190103
ptp4l[10466.209]: master offset      75985 s2 freq -8865807 path delay    190103
ptp4l[10467.209]: master offset     -51148 s2 freq -8878572 path delay    206623
ptp4l[10468.210]: master offset     -68225 s2 freq -8880348 path delay    206623
ptp4l[10469.210]: master offset     -89778 s2 freq -8882593 path delay    206623
ptp4l[10470.211]: master offset     174652 s2 freq -8855975 path delay    190103
ptp4l[10471.211]: master offset     -92946 s2 freq -8882828 path delay    209171
ptp4l[10472.212]: master offset      45953 s2 freq -8868892 path delay    209171
ptp4l[10473.212]: master offset     -78236 s2 freq -8881389 path delay    217659
ptp4l[10474.212]: master offset      24093 s2 freq -8871132 path delay    224178
ptp4l[10475.213]: master offset      22894 s2 freq -8871229 path delay    219547
ptp4l[10476.213]: master offset     -73378 s2 freq -8880930 path delay    219547
ptp4l[10477.214]: master offset     -93204 s2 freq -8883006 path delay    214216
ptp4l[10478.215]: master offset     -56621 s2 freq -8879404 path delay    211729
ptp4l[10479.215]: master offset     -39305 s2 freq -8877712 path delay    211823
ptp4l[10480.216]: master offset      47133 s2 freq -8869021 path delay    208003
ptp4l[10481.217]: master offset     -37663 s2 freq -8877538 path delay    203278
ptp4l[10482.218]: master offset      46258 s2 freq -8869100 path delay    203278
ptp4l[10483.219]: master offset     -45579 s2 freq -8878329 path delay    203278
ptp4l[10484.219]: master offset      89252 s2 freq -8864757 path delay    203278
ptp4l[10485.221]: master offset    2097230 s2 freq -8661862 path delay    203372
ptp4l[10486.220]: master offset      -7140 s2 freq -8872306 path delay    203372
ptp4l[10487.221]: master offset     -35852 s2 freq -8875213 path delay    203372
ptp4l[10488.222]: master offset      40002 s2 freq -8867587 path delay    203372
ptp4l[10489.223]: master offset      -3451 s2 freq -8871936 path delay    232158
ptp4l[10490.223]: master offset      -8173 s2 freq -8872416 path delay    232158
ptp4l[10491.227]: master offset    2411244 s2 freq -8628063 path delay    232158
ptp4l[10492.228]: master offset    2496087 s2 freq -8617083 path delay    277125
ptp4l[10493.226]: master offset    -119388 s2 freq -8878750 path delay    277125
ptp4l[10494.226]: master offset     -84349 s2 freq -8875330 path delay    298037
ptp4l[10495.226]: master offset     -87415 s2 freq -8875724 path delay    298037
ptp4l[10496.226]: master offset    -117219 s2 freq -8878822 path delay    233739
ptp4l[10497.227]: master offset     161576 s2 freq -8850781 path delay    225458
ptp4l[10498.227]: master offset     -21632 s2 freq -8869123 path delay    225458
ptp4l[10499.229]: master offset     109227 s2 freq -8855928 path delay    249004
ptp4l[10500.231]: master offset     111172 s2 freq -8855623 path delay    266309
ptp4l[10501.232]: master offset      62237 s2 freq -8860454 path delay    266309
ptp4l[10502.231]: master offset     216828 s2 freq -8844778 path delay    275340
ptp4l[10503.231]: master offset    -115535 s2 freq -8878130 path delay    337476
ptp4l[10504.233]: master offset      -9583 s2 freq -8867544 path delay    372899
ptp4l[10505.233]: master offset     -59101 s2 freq -8872555 path delay    372899
ptp4l[10506.234]: master offset     114949 s2 freq -8855035 path delay    372899
ptp4l[10507.235]: master offset      59882 s2 freq -8860482 path delay    372899
ptp4l[10508.235]: master offset      88670 s2 freq -8857514 path delay    380534
ptp4l[10509.236]: master offset     -11341 s2 freq -8867527 path delay    403443
ptp4l[10510.236]: master offset     -11902 s2 freq -8867595 path delay    375447
ptp4l[10511.236]: master offset    -140974 s2 freq -8880643 path delay    403827
ptp4l[10512.237]: master offset      27601 s2 freq -8863758 path delay    344042
ptp4l[10513.238]: master offset     806404 s2 freq -8785071 path delay    321517
ptp4l[10514.238]: master offset    -103408 s2 freq -8876156 path delay    321517
ptp4l[10515.239]: master offset     -14016 s2 freq -8867231 path delay    321517
ptp4l[10516.238]: master offset    -236420 s2 freq -8889708 path delay    381302
ptp4l[10517.240]: master offset     -88461 s2 freq -8875000 path delay    353848
ptp4l[10518.240]: master offset     -71144 s2 freq -8873340 path delay    348261
ptp4l[10519.242]: master offset      81203 s2 freq -8858024 path delay    364077
ptp4l[10520.243]: master offset      72532 s2 freq -8858818 path delay    364077
ptp4l[10521.243]: master offset      53518 s2 freq -8860666 path delay    449535
ptp4l[10522.245]: master offset     302276 s2 freq -8835488 path delay    449535
ptp4l[10523.246]: master offset     -34469 s2 freq -8869197 path delay    537671
ptp4l[10524.248]: master offset     814762 s2 freq -8783459 path delay    537671
ptp4l[10525.249]: master offset    -227506 s2 freq -8887913 path delay    582895
ptp4l[10526.251]: master offset    1853395 s2 freq -8677970 path delay    582895
ptp4l[10527.250]: master offset    -224801 s2 freq -8886014 path delay    582895
ptp4l[10528.251]: master offset    -197323 s2 freq -8883464 path delay    582895
ptp4l[10529.251]: master offset    -343629 s2 freq -8898438 path delay    606541
ptp4l[10530.255]: master offset    1334975 s2 freq -8729243 path delay    561071
ptp4l[10531.254]: master offset    -429617 s2 freq -8906132 path delay    793387
ptp4l[10532.257]: master offset    1282232 s2 freq -8733664 path delay    560704
ptp4l[10533.257]: master offset     329177 s2 freq -8828641 path delay    560704
ptp4l[10534.261]: master offset      -5536 s2 freq -8862118 path delay    631037
ptp4l[10535.265]: master offset    1406388 s2 freq -8719519 path delay    631037
ptp4l[10536.264]: master offset    -551135 s2 freq -8915822 path delay    830683
ptp4l[10537.265]: master offset    -390477 s2 freq -8900147 path delay    830683
ptp4l[10538.266]: master offset    -141147 s2 freq -8875355 path delay    631037
ptp4l[10539.267]: master offset    -360052 s2 freq -8897606 path delay    715210
ptp4l[10540.272]: master offset    2204551 s2 freq -8638941 path delay    715210
ptp4l[10541.276]: master offset    4352452 s2 freq -8419798 path delay    877048
ptp4l[10542.274]: master offset    -284684 s2 freq -8883796 path delay    877048
ptp4l[10543.274]: master offset    -366762 s2 freq -8892371 path delay    715210
ptp4l[10544.277]: master offset    -179002 s2 freq -8873774 path delay    557768
ptp4l[10545.277]: master offset    1084186 s2 freq -8746371 path delay    557768
ptp4l[10546.276]: master offset    -228031 s2 freq -8877821 path delay    685661
ptp4l[10547.277]: master offset    -334641 s2 freq -8888816 path delay    685661
ptp4l[10548.280]: master offset    1844595 s2 freq -8669048 path delay    557768
ptp4l[10549.279]: master offset    -749629 s2 freq -8929220 path delay   1008454
ptp4l[10550.281]: master offset     -24704 s2 freq -8856752 path delay    557768
ptp4l[10551.282]: master offset    -297379 s2 freq -8884317 path delay    557768
ptp4l[10552.283]: master offset    -103318 s2 freq -8865015 path delay    482672
ptp4l[10553.282]: master offset    -378451 s2 freq -8892906 path delay    612116
ptp4l[10554.283]: master offset    -294167 s2 freq -8884772 path delay    552503
ptp4l[10555.283]: master offset    -410282 s2 freq -8896794 path delay    552503
ptp4l[10556.286]: master offset     370246 s2 freq -8818371 path delay    552503
ptp4l[10557.287]: master offset    1472302 s2 freq -8706693 path delay    525678
ptp4l[10558.288]: master offset     -85873 s2 freq -8862596 path delay    573045
ptp4l[10559.287]: master offset    -398727 s2 freq -8894280 path delay    573045
ptp4l[10560.287]: master offset    -407490 s2 freq -8895564 path delay    525678
ptp4l[10561.288]: master offset    -389239 s2 freq -8894128 path delay    525678
ptp4l[10562.288]: master offset    -358361 s2 freq -8891399 path delay    525678
ptp4l[10563.288]: master offset    -313803 s2 freq -8887257 path delay    428693
ptp4l[10564.290]: master offset     198518 s2 freq -8835826 path delay    428693
ptp4l[10565.292]: master offset    1533647 s2 freq -8700780 path delay    428693
ptp4l[10566.292]: master offset     150903 s2 freq -8838903 path delay    428693
ptp4l[10567.294]: master offset     235014 s2 freq -8830257 path delay    420544
ptp4l[10568.292]: master offset    -272617 s2 freq -8881293 path delay    420544
ptp4l[10569.293]: master offset    -271101 s2 freq -8881412 path delay    420544
ptp4l[10570.294]: master offset    -105939 s2 freq -8865002 path delay    349442
ptp4l[10571.295]: master offset     115067 s2 freq -8842786 path delay    186573
ptp4l[10572.295]: master offset       -373 s2 freq -8854331 path delay    186573
ptp4l[10573.295]: master offset     -41296 s2 freq -8858464 path delay    186573
ptp4l[10573.912]: timed out while polling for tx timestamp
ptp4l[10573.912]: increasing tx_timestamp_timeout may correct this issue, but it is likely caused by a driver bug
ptp4l[10573.912]: port 2: send sync failed
ptp4l[10573.912]: port 2: MASTER to FAULTY on FAULT_DETECTED (FT_UNSPECIFIED)
ptp4l[10574.295]: master offset      50256 s2 freq -8849259 path delay    186573
ptp4l[10575.296]: master offset      86825 s2 freq -8845515 path delay    186573
ptp4l[10576.296]: master offset     -83363 s2 freq -8862617 path delay    241163
ptp4l[10577.297]: master offset     -91473 s2 freq -8863520 path delay    241163
ptp4l[10578.306]: master offset     845695 s2 freq -8768957 path delay    298776
ptp4l[10579.321]: master offset    3429928 s2 freq -8507104 path delay    298776
ptp4l[10580.326]: master offset    3959225 s2 freq -8450215 path delay    298776
ptp4l[10581.331]: master offset     157802 s2 freq -8830200 path delay    340078
ptp4l[10582.331]: master offset     -71468 s2 freq -8853198 path delay    408207
ptp4l[10583.332]: master offset     -66559 s2 freq -8852774 path delay    455682
ptp4l[10584.333]: master offset     108043 s2 freq -8835206 path delay    539304
ptp4l[10585.335]: master offset     -73161 s2 freq -8853399 path delay    608053
ptp4l[10586.335]: master offset     176414 s2 freq -8828265 path delay    608053
ptp4l[10587.336]: master offset    -186153 s2 freq -8864708 path delay    608053
ptp4l[10588.340]: master offset     -81468 s2 freq -8854321 path delay    608053
ptp4l[10589.341]: master offset      41733 s2 freq -8841959 path delay    608053
ptp4l[10589.917]: port 2: FAULTY to LISTENING on INIT_COMPLETE
ptp4l[10590.344]: master offset     134004 s2 freq -8832598 path delay    589714
ptp4l[10591.347]: master offset     137108 s2 freq -8832151 path delay    589714
ptp4l[10592.349]: master offset      19568 s2 freq -8843885 path delay    609986
ptp4l[10593.349]: master offset      58346 s2 freq -8839949 path delay    630190
ptp4l[10594.351]: master offset     404248 s2 freq -8804954 path delay    681264
ptp4l[10595.352]: master offset    -107086 s2 freq -8856195 path delay    681264
ptp4l[10596.354]: master offset     -33480 s2 freq -8848868 path delay    644344
ptp4l[10596.746]: port 2: LISTENING to MASTER on ANNOUNCE_RECEIPT_TIMEOUT_EXPIRES
ptp4l[10596.747]: selected best master clock e60991.fffe.805f85
ptp4l[10596.747]: foreign master not using PTP timescale
ptp4l[10597.354]: master offset      39781 s2 freq -8841502 path delay    644344
ptp4l[10598.358]: master offset    2701485 s2 freq -8572630 path delay    661320
ptp4l[10599.355]: master offset    -358370 s2 freq -8878974 path delay    661320
ptp4l[10600.356]: master offset    -278899 s2 freq -8871306 path delay    649030
ptp4l[10601.357]: master offset    -165156 s2 freq -8860097 path delay    649030
ptp4l[10602.360]: master offset      63662 s2 freq -8837151 path delay    613531
ptp4l[10603.362]: master offset    1988934 s2 freq -8642635 path delay    613531
ptp4l[10604.361]: master offset     819317 s2 freq -8758777 path delay    630507
ptp4l[10605.362]: master offset      55411 s2 freq -8835113 path delay    630507
