ptp4l[6400.781]: port 1: INITIALIZING to LISTENING on INIT_COMPLETE
ptp4l[6400.781]: port 2: INITIALIZING to LISTENING on INIT_COMPLETE
ptp4l[6400.781]: port 0: INITIALIZING to LISTENING on INIT_COMPLETE
ptp4l[6403.609]: port 1: new foreign master d672d5.fffe.cf509e-1
ptp4l[6407.610]: selected best master clock d672d5.fffe.cf509e
ptp4l[6407.610]: foreign master not using PTP timescale
ptp4l[6407.610]: port 1: LISTENING to UNCALIBRATED on RS_SLAVE
ptp4l[6408.189]: port 2: LISTENING to MASTER on ANNOUNCE_RECEIPT_TIMEOUT_EXPIRES
ptp4l[6408.190]: selected best master clock d672d5.fffe.cf509e
ptp4l[6408.190]: foreign master not using PTP timescale
ptp4l[6408.611]: master offset     -12033 s0 freq +4179404 path delay    232234
ptp4l[6409.612]: master offset    1377915 s0 freq +4179404 path delay    231870
ptp4l[6410.614]: master offset     895699 s0 freq +4179404 path delay    232234
ptp4l[6411.612]: master offset    -129291 s0 freq +4179404 path delay    232234
ptp4l[6412.613]: master offset     -46284 s0 freq +4179404 path delay    231507
ptp4l[6413.614]: master offset      57115 s0 freq +4179404 path delay    231507
ptp4l[6414.616]: master offset     657729 s0 freq +4179404 path delay    231870
ptp4l[6415.616]: master offset     391877 s0 freq +4179404 path delay    335197
ptp4l[6416.615]: master offset    -245801 s0 freq +4179404 path delay    442725
ptp4l[6417.616]: master offset     794748 s0 freq +4179404 path delay    442725
ptp4l[6418.618]: master offset     232069 s0 freq +4179404 path delay    486292
ptp4l[6419.617]: master offset    -351525 s0 freq +4179404 path delay    486292
ptp4l[6420.618]: master offset     905866 s0 freq +4179404 path delay    486292
ptp4l[6421.620]: master offset    1423360 s0 freq +4179404 path delay    486292
ptp4l[6422.620]: master offset     105372 s0 freq +4179404 path delay    540875
ptp4l[6423.619]: master offset     155474 s0 freq +4179404 path delay    645166
ptp4l[6424.622]: master offset     493596 s1 freq +4210854 path delay    727986
ptp4l[6425.619]: master offset    -637535 s2 freq +4146463 path delay    727986
ptp4l[6425.619]: port 1: UNCALIBRATED to SLAVE on MASTER_CLOCK_SELECTED
ptp4l[6426.620]: master offset    -493297 s2 freq +4160393 path delay    727986
ptp4l[6427.620]: master offset    -631348 s2 freq +4145957 path delay    727986
ptp4l[6428.622]: master offset    1072018 s2 freq +4317365 path delay    639274
ptp4l[6429.622]: master offset     900715 s2 freq +4301136 path delay    639274
ptp4l[6430.625]: master offset    1459866 s2 freq +4358511 path delay    781968
ptp4l[6431.623]: master offset    -187395 s2 freq +4193597 path delay    781968
ptp4l[6432.626]: master offset      25366 s2 freq +4214899 path delay    792853
ptp4l[6433.624]: master offset    -482926 s2 freq +4163587 path delay    732979
ptp4l[6434.626]: master offset      80910 s2 freq +4220051 path delay    732979
ptp4l[6435.625]: master offset    -372903 s2 freq +4174297 path delay    663863
ptp4l[6436.628]: master offset     881076 s2 freq +4300576 path delay    663863
ptp4l[6437.627]: master offset    -517260 s2 freq +4160225 path delay    876340
ptp4l[6438.628]: master offset    -412770 s2 freq +4170261 path delay    876340
ptp4l[6439.628]: master offset    -533702 s2 freq +4157634 path delay    996901
ptp4l[6440.629]: master offset     295674 s2 freq +4240868 path delay    996901
ptp4l[6441.628]: master offset    -552936 s2 freq +4155454 path delay    970995
ptp4l[6442.629]: master offset    -141628 s2 freq +4196443 path delay    850434
ptp4l[6443.629]: master offset    -493782 s2 freq +4160734 path delay    844059
ptp4l[6444.630]: master offset    -159310 s2 freq +4194022 path delay    844059
ptp4l[6445.630]: master offset    -359729 s2 freq +4173620 path delay    844059
ptp4l[6446.631]: master offset      45935 s2 freq +4214232 path delay    844059
ptp4l[6447.631]: master offset    -413712 s2 freq +4167854 path delay    844059
ptp4l[6448.632]: master offset      65514 s2 freq +4215842 path delay    681650
ptp4l[6449.631]: master offset    -121495 s2 freq +4197020 path delay    603500
ptp4l[6450.633]: master offset     216916 s2 freq +4231078 path delay    603500
ptp4l[6451.632]: master offset    -381328 s2 freq +4170872 path delay    603500
ptp4l[6452.634]: master offset     174066 s2 freq +4226585 path delay    603500
ptp4l[6453.634]: master offset    -243017 s2 freq +4184634 path delay    660170
ptp4l[6454.634]: master offset     104528 s2 freq +4219493 path delay    621607
ptp4l[6455.635]: master offset     775171 s2 freq +4287333 path delay    722458
ptp4l[6456.635]: master offset    -297045 s2 freq +4179814 path delay    771261
ptp4l[6457.635]: master offset    -386013 s2 freq +4170531 path delay    771261
ptp4l[6458.636]: master offset    -245802 s2 freq +4184306 path delay    737509
ptp4l[6459.636]: master offset     -95413 s2 freq +4199250 path delay    737509
ptp4l[6460.636]: master offset     365499 s2 freq +4245707 path delay    745928
ptp4l[6461.636]: master offset    -561355 s2 freq +4152460 path delay    745928
ptp4l[6462.638]: master offset      15561 s2 freq +4210167 path delay    745928
ptp4l[6463.637]: master offset    -568946 s2 freq +4151147 path delay    777300
ptp4l[6464.640]: master offset      17477 s2 freq +4209807 path delay    777300
ptp4l[6465.640]: master offset    1087760 s2 freq +4317923 path delay    726674
ptp4l[6466.640]: master offset    -114821 s2 freq +4197550 path delay    726674
ptp4l[6467.640]: master offset    -517907 s2 freq +4156724 path delay    726674
ptp4l[6468.642]: master offset     820931 s2 freq +4291428 path delay    726674
ptp4l[6469.640]: master offset    -704021 s2 freq +4138229 path delay    901691
ptp4l[6470.642]: master offset     -15403 s2 freq +4207076 path delay    776893
ptp4l[6471.642]: master offset    -269925 s2 freq +4181354 path delay    674543
ptp4l[6472.643]: master offset      99308 s2 freq +4218376 path delay    693460
ptp4l[6473.642]: master offset    -340778 s2 freq +4174027 path delay    693460
ptp4l[6474.643]: master offset      48196 s2 freq +4212972 path delay    744568
ptp4l[6475.642]: master offset    -524261 s2 freq +4155202 path delay    744568
ptp4l[6476.645]: master offset     698417 s2 freq +4278169 path delay    645475
ptp4l[6477.644]: master offset    -300444 s2 freq +4177982 path delay    645475
ptp4l[6478.656]: master offset    1575725 s2 freq +4367175 path delay    626549
ptp4l[6479.655]: master offset    -265792 s2 freq +4182757 path delay    634616
ptp4l[6480.657]: master offset      25058 s2 freq +4211867 path delay    645918
ptp4l[6481.657]: master offset     -82070 s2 freq +4201072 path delay    645918
ptp4l[6482.657]: master offset     286477 s2 freq +4238214 path delay    659482
ptp4l[6483.658]: master offset    -104550 s2 freq +4199006 path delay    659482
ptp4l[6484.659]: master offset      55188 s2 freq +4215035 path delay    659482
ptp4l[6485.658]: master offset    -329307 s2 freq +4176257 path delay    659482
ptp4l[6486.658]: master offset      52290 s2 freq +4214468 path delay    648622
ptp4l[6487.659]: master offset     -37049 s2 freq +4205498 path delay    609254
ptp4l[6488.659]: master offset     106373 s2 freq +4219946 path delay    609254
ptp4l[6489.659]: master offset     -86575 s2 freq +4200565 path delay    540674
ptp4l[6490.660]: master offset      94294 s2 freq +4218746 path delay    540674
ptp4l[6491.660]: master offset     142015 s2 freq +4223660 path delay    552320
ptp4l[6492.661]: master offset     104428 s2 freq +4220006 path delay    552320
ptp4l[6493.661]: master offset    -133429 s2 freq +4196087 path delay    582502
ptp4l[6494.662]: master offset     499711 s2 freq +4259900 path delay    582502
ptp4l[6495.663]: master offset    2015870 s2 freq +4413532 path delay    620477
ptp4l[6496.663]: master offset    1318027 s2 freq +4345066 path delay    620477
ptp4l[6497.663]: master offset     -30027 s2 freq +4210230 path delay    642642
ptp4l[6498.663]: master offset      10013 s2 freq +4214244 path delay    642642
ptp4l[6499.663]: master offset     140940 s2 freq +4227478 path delay    688978
ptp4l[6500.663]: master offset    -171425 s2 freq +4196070 path delay    803950
ptp4l[6501.664]: master offset     944534 s2 freq +4308611 path delay    803950
ptp4l[6502.664]: master offset    -390565 s2 freq +4174710 path delay    968194
ptp4l[6503.664]: master offset    -384530 s2 freq +4174929 path delay    968194
ptp4l[6504.664]: master offset    -430607 s2 freq +4169891 path delay    968194
ptp4l[6505.664]: master offset    -344413 s2 freq +4178166 path delay    824071
ptp4l[6506.665]: master offset     116064 s2 freq +4224330 path delay    637522
ptp4l[6507.665]: master offset    -161674 s2 freq +4196394 path delay    637522
ptp4l[6508.667]: master offset    1443072 s2 freq +4358312 path delay    656697
ptp4l[6509.666]: master offset    -335182 s2 freq +4180151 path delay    656697
ptp4l[6510.667]: master offset      73313 s2 freq +4221074 path delay    634393
ptp4l[6511.667]: master offset     284008 s2 freq +4242427 path delay    634393
ptp4l[6512.668]: master offset     114969 s2 freq +4225639 path delay    672279
ptp4l[6513.668]: master offset     -11194 s2 freq +4213011 path delay    634393
ptp4l[6514.668]: master offset     -73537 s2 freq +4206703 path delay    701256
ptp4l[6515.668]: master offset    -259421 s2 freq +4187855 path delay    701256
ptp4l[6516.670]: master offset      61791 s2 freq +4220038 path delay    701256
ptp4l[6517.670]: master offset      69226 s2 freq +4220851 path delay    701256
ptp4l[6518.674]: master offset    2088162 s2 freq +4424833 path delay    701256
ptp4l[6519.691]: master offset   20977239 s2 freq +6334718 path delay    701256
ptp4l[6520.677]: master offset    -392916 s2 freq +4197309 path delay    715977
ptp4l[6521.679]: master offset     -25792 s2 freq +4233996 path delay    694941
ptp4l[6522.682]: master offset     737857 s2 freq +4311099 path delay    710378
ptp4l[6523.680]: master offset    -604382 s2 freq +4176270 path delay    728833
ptp4l[6524.682]: master offset    -374330 s2 freq +4198901 path delay    710378
ptp4l[6525.682]: master offset    -293188 s2 freq +4206722 path delay    710378
ptp4l[6526.683]: master offset    -203621 s2 freq +4215475 path delay    700976
ptp4l[6527.684]: master offset    -117769 s2 freq +4223943 path delay    662703
ptp4l[6528.686]: master offset     262461 s2 freq +4262228 path delay    603185
ptp4l[6529.685]: master offset    -425044 s2 freq +4193053 path delay    603185
ptp4l[6530.688]: master offset     344722 s2 freq +4270374 path delay    603185
ptp4l[6531.687]: master offset    -358462 s2 freq +4199697 path delay    662703
ptp4l[6532.689]: master offset     391329 s2 freq +4275068 path delay    603185
ptp4l[6533.305]: timed out while polling for tx timestamp
ptp4l[6533.306]: increasing tx_timestamp_timeout may correct this issue, but it is likely caused by a driver bug
ptp4l[6533.306]: port 2: send sync failed
ptp4l[6533.306]: port 2: MASTER to FAULTY on FAULT_DETECTED (FT_UNSPECIFIED)
ptp4l[6533.690]: master offset    -141417 s2 freq +4221652 path delay    603185
ptp4l[6534.691]: master offset     766213 s2 freq +4313181 path delay    603185
ptp4l[6535.691]: master offset    -105217 s2 freq +4225933 path delay    603185
ptp4l[6536.692]: master offset     177316 s2 freq +4254363 path delay    576361
ptp4l[6537.693]: master offset     244922 s2 freq +4261369 path delay    576361
ptp4l[6538.699]: master offset    3352631 s2 freq +4575492 path delay    629660
ptp4l[6539.695]: master offset    -378897 s2 freq +4201961 path delay    842267
ptp4l[6540.696]: master offset    -277211 s2 freq +4211852 path delay    820460
ptp4l[6541.697]: master offset    -216971 s2 freq +4217659 path delay    820460
ptp4l[6542.698]: master offset    -220256 s2 freq +4217110 path delay    744120
ptp4l[6543.698]: master offset    -291367 s2 freq +4209708 path delay    820460
ptp4l[6544.698]: master offset     -16443 s2 freq +4237184 path delay    820460
ptp4l[6545.698]: master offset      -1196 s2 freq +4238707 path delay    820460
ptp4l[6546.697]: master offset    -582917 s2 freq +4179952 path delay    774726
ptp4l[6547.698]: master offset     -84268 s2 freq +4229733 path delay    739601
ptp4l[6548.700]: master offset     108099 s2 freq +4249078 path delay    720298
ptp4l[6549.308]: port 2: FAULTY to LISTENING on INIT_COMPLETE
ptp4l[6549.700]: master offset    -355904 s2 freq +4202322 path delay    700807
ptp4l[6550.700]: master offset      38366 s2 freq +4241787 path delay    700807
ptp4l[6551.702]: master offset    -232470 s2 freq +4214471 path delay    739601
ptp4l[6552.703]: master offset    1436729 s2 freq +4382827 path delay    739601
ptp4l[6553.703]: master offset     461528 s2 freq +4285769 path delay    771005
ptp4l[6554.702]: master offset    -304821 s2 freq +4208829 path delay    792679
ptp4l[6555.703]: master offset    -380173 s2 freq +4200914 path delay    792679
ptp4l[6556.706]: master offset     -52314 s2 freq +4233647 path delay    792679
ptp4l[6556.810]: port 2: LISTENING to MASTER on ANNOUNCE_RECEIPT_TIMEOUT_EXPIRES
ptp4l[6556.811]: selected best master clock d672d5.fffe.cf509e
ptp4l[6556.811]: foreign master not using PTP timescale
ptp4l[6557.706]: master offset    -346119 s2 freq +4203921 path delay    792679
ptp4l[6558.707]: master offset     -77235 s2 freq +4230732 path delay    903123
ptp4l[6559.708]: master offset    -125680 s2 freq +4225762 path delay    792679
ptp4l[6560.709]: master offset      -5395 s2 freq +4237785 path delay    792679
ptp4l[6561.710]: master offset     727084 s2 freq +4311760 path delay    773125
ptp4l[6562.711]: master offset    -261265 s2 freq +4212664 path delay    883569
ptp4l[6563.713]: master offset      85182 s2 freq +4247394 path delay    883569
ptp4l[6564.714]: master offset    -282576 s2 freq +4210335 path delay    935891
ptp4l[6565.715]: master offset      90250 s2 freq +4247708 path delay    812988
ptp4l[6566.716]: master offset     -35811 s2 freq +4235066 path delay    847272
ptp4l[6567.716]: master offset    -289657 s2 freq +4209392 path delay    847272
ptp4l[6568.717]: master offset    -167677 s2 freq +4221422 path delay    847272
ptp4l[6569.718]: master offset    -366169 s2 freq +4201207 path delay    847272
ptp4l[6570.720]: master offset     -95074 s2 freq +4228221 path delay    793828
ptp4l[6571.722]: master offset    -230710 s2 freq +4214427 path delay    793828
ptp4l[6572.722]: master offset     130245 s2 freq +4250653 path delay    715983
ptp4l[6573.724]: master offset    1230316 s2 freq +4361890 path delay    715983
ptp4l[6574.725]: master offset      43752 s2 freq +4243277 path delay    715983
ptp4l[6575.726]: master offset    -157088 s2 freq +4223036 path delay    747500
ptp4l[6576.726]: master offset    -107439 s2 freq +4227894 path delay    747500
ptp4l[6577.727]: master offset     490938 s2 freq +4288222 path delay    747500
ptp4l[6578.728]: master offset     287293 s2 freq +4268145 path delay    747500
ptp4l[6579.730]: master offset     -12748 s2 freq +4238128 path delay    757262
ptp4l[6580.730]: master offset    -255739 s2 freq +4213574 path delay    869040
ptp4l[6581.731]: master offset    -147514 s2 freq +4224249 path delay    873480
ptp4l[6582.731]: master offset    -254230 s2 freq +4213323 path delay    826738
ptp4l[6583.733]: master offset    1259118 s2 freq +4365917 path delay    826738
ptp4l[6584.733]: master offset     864281 s2 freq +4327297 path delay    826738
ptp4l[6585.734]: master offset     635440 s2 freq +4305049 path delay    826738
ptp4l[6586.734]: master offset     580649 s2 freq +4300150 path delay    826738
ptp4l[6587.735]: master offset    -212149 s2 freq +4220658 path delay    923267
ptp4l[6588.737]: master offset      24182 s2 freq +4244315 path delay    923267
ptp4l[6589.737]: master offset    -307612 s2 freq +4210828 path delay    932056
ptp4l[6590.739]: master offset    -175615 s2 freq +4223852 path delay    932056
ptp4l[6591.739]: master offset    -468913 s2 freq +4194054 path delay    876525
ptp4l[6592.740]: master offset    -210117 s2 freq +4219723 path delay    876525
ptp4l[6593.741]: master offset    -221954 s2 freq +4218318 path delay    875506
ptp4l[6594.742]: master offset    -313525 s2 freq +4208847 path delay    871432
ptp4l[6595.743]: master offset     -62118 s2 freq +4233926 path delay    871432
ptp4l[6596.744]: master offset    -181638 s2 freq +4221792 path delay    836644
ptp4l[6597.745]: master offset    1087625 s2 freq +4349806 path delay    774644
ptp4l[6598.746]: master offset      85732 s2 freq +4249702 path delay    774644
ptp4l[6599.746]: master offset    -242332 s2 freq +4216654 path delay    774644
ptp4l[6600.748]: master offset    -268279 s2 freq +4213791 path delay    761378
ptp4l[6601.749]: master offset    -248229 s2 freq +4215547 path delay    761378
ptp4l[6602.749]: master offset     114709 s2 freq +4251956 path delay    761378
ptp4l[6603.749]: master offset    -332081 s2 freq +4206945 path delay    786429
ptp4l[6604.750]: master offset    -146705 s2 freq +4225336 path delay    786429
ptp4l[6605.751]: master offset    -220850 s2 freq +4217700 path delay    786429
ptp4l[6606.754]: master offset    2609511 s2 freq +4503346 path delay    786429
ptp4l[6607.752]: master offset    -294238 s2 freq +4212677 path delay    786429
ptp4l[6608.754]: master offset      -1845 s2 freq +4241914 path delay    786429
ptp4l[6609.755]: master offset    -193561 s2 freq +4222549 path delay    768913
ptp4l[6610.756]: master offset     125193 s2 freq +4254550 path delay    768913
ptp4l[6611.756]: master offset    -385627 s2 freq +4203082 path delay    768913
ptp4l[6612.757]: master offset     -88773 s2 freq +4232679 path delay    768913
ptp4l[6613.759]: master offset    -189284 s2 freq +4222438 path delay    748731
ptp4l[6614.759]: master offset     -30966 s2 freq +4238239 path delay    720256
ptp4l[6615.760]: master offset      -5390 s2 freq +4240791 path delay    720256
ptp4l[6616.761]: master offset       9312 s2 freq +4242271 path delay    720256
ptp4l[6617.760]: master offset     227260 s2 freq +4264293 path delay    685916
ptp4l[6618.761]: master offset      -1985 s2 freq +4241366 path delay    685916
ptp4l[6619.763]: master offset    -118680 s2 freq +4229578 path delay    720256
ptp4l[6620.764]: master offset     332723 s2 freq +4275051 path delay    714784
ptp4l[6621.764]: master offset    -198829 s2 freq +4221697 path delay    714784
ptp4l[6622.765]: master offset     -37381 s2 freq +4237805 path delay    663865
ptp4l[6623.767]: master offset     780805 s2 freq +4320404 path delay    663865
ptp4l[6624.768]: master offset     412889 s2 freq +4284025 path delay    698200
ptp4l[6625.768]: master offset     307112 s2 freq +4273755 path delay    698200
ptp4l[6626.769]: master offset    -133030 s2 freq +4229608 path delay    698200
ptp4l[6627.770]: master offset    -121476 s2 freq +4230641 path delay    745367
ptp4l[6628.772]: master offset     116272 s2 freq +4254533 path delay    745367
ptp4l[6629.772]: master offset    -192127 s2 freq +4223500 path delay    784093
ptp4l[6630.773]: master offset       8621 s2 freq +4243584 path delay    784093
ptp4l[6631.775]: master offset    1404939 s2 freq +4384621 path delay    784093
ptp4l[6632.775]: master offset    -247513 s2 freq +4219128 path delay    805455
ptp4l[6633.777]: master offset    1097140 s2 freq +4354690 path delay    974454
ptp4l[6634.776]: master offset    -564287 s2 freq +4187983 path delay    975586
ptp4l[6635.777]: master offset    -510071 s2 freq +4192895 path delay    975586
ptp4l[6636.778]: master offset      89380 s2 freq +4252929 path delay    805455
ptp4l[6637.786]: master offset    -258322 s2 freq +4217901 path delay    829599
ptp4l[6638.788]: master offset    -119165 s2 freq +4231697 path delay    762497
ptp4l[6639.788]: master offset    -164254 s2 freq +4227024 path delay    762497
ptp4l[6640.789]: master offset      87740 s2 freq +4252311 path delay    775073
ptp4l[6641.794]: master offset    2747560 s2 freq +4521041 path delay    860958
ptp4l[6642.792]: master offset    -218192 s2 freq +4224248 path delay    860958
ptp4l[6643.793]: master offset    -423614 s2 freq +4203282 path delay    779427
ptp4l[6644.794]: master offset     131796 s2 freq +4258955 path delay    779427
ptp4l[6645.796]: master offset    1867093 s2 freq +4434351 path delay    776431
ptp4l[6646.797]: master offset      35474 s2 freq +4251225 path delay    843640
ptp4l[6647.797]: master offset    -228947 s2 freq +4224554 path delay    843640
ptp4l[6648.799]: master offset    -339436 s2 freq +4213166 path delay    843640
ptp4l[6649.798]: master offset    -547565 s2 freq +4191805 path delay    843640
ptp4l[6650.800]: master offset    -232841 s2 freq +4223045 path delay    843640
ptp4l[6651.800]: master offset    -202588 s2 freq +4225867 path delay    776431
ptp4l[6652.801]: master offset    -101836 s2 freq +4235841 path delay    716129
ptp4l[6653.801]: master offset     353460 s2 freq +4281724 path delay    716129
