ptp4l[10057.990]: port 1: INITIALIZING to LISTENING on INIT_COMPLETE
ptp4l[10057.990]: port 0: INITIALIZING to LISTENING on INIT_COMPLETE
ptp4l[10062.206]: port 1: new foreign master 325e89.fffe.582ba5-2
ptp4l[10064.261]: selected local clock 96cf98.fffe.613c02 as best master
ptp4l[10066.214]: selected best master clock debe4a.fffe.fc5384
ptp4l[10066.214]: foreign master not using PTP timescale
ptp4l[10066.215]: port 1: LISTENING to UNCALIBRATED on RS_SLAVE
ptp4l[10069.233]: rms 128138 max 153097 freq +28200000 +/-   0 delay 360320 +/- 38256
ptp4l[10071.237]: rms 127111 max 179675 freq +28200000 +/-   0 delay 260901 +/- 15347
ptp4l[10073.241]: rms 90985 max 103461 freq +28200000 +/-   0 delay 239832 +/- 5722
ptp4l[10075.241]: rms 53208 max 62515 freq +28200000 +/-   0 delay 218022 +/- 4643
ptp4l[10077.244]: rms 85004 max 117418 freq +28200000 +/-   0 delay 204093 +/-   0
ptp4l[10079.229]: rms 51213 max 71979 freq +28200000 +/-   0 delay 177589 +/- 9617
ptp4l[10081.225]: rms 16799 max 22585 freq +28200000 +/-   0 delay 167972 +/-   0
ptp4l[10083.236]: rms 7887 max 9877 freq +28200000 +/-   0 delay 167972 +/-   0
ptp4l[10085.241]: rms 19941 max 27401 freq +28207297 +/- 337
ptp4l[10085.241]: port 1: UNCALIBRATED to SLAVE on MASTER_CLOCK_SELECTED
ptp4l[10087.239]: rms 74939 max 98325 freq +28210576 +/- 6943 delay 172203 +/- 5984
ptp4l[10089.225]: rms 148450 max 201739 freq +28220909 +/- 7153 delay 229208 +/- 35678
ptp4l[10091.237]: rms 97059 max 131935 freq +28199305 +/- 4684 delay 307469 +/-   0
ptp4l[10093.227]: rms 80477 max 106861 freq +28204304 +/- 7321 delay 273430 +/- 36308
ptp4l[10095.235]: rms 38523 max 53634 freq +28205456 +/- 3165 delay 247521 +/- 9735
ptp4l[10097.239]: rms 80989 max 93802 freq +28206199 +/- 8009 delay 237108 +/- 12456
ptp4l[10099.229]: rms 3435 max 4622 freq +28207479 +/- 308 delay 233184 +/- 13440
ptp4l[10101.243]: rms 13073 max 15945 freq +28206351 +/- 337 delay 257439 +/- 5426
ptp4l[10103.234]: rms 42847 max 60222 freq +28204197 +/- 2672 delay 262865 +/-   0
ptp4l[10105.241]: rms 129870 max 161831 freq +28194939 +/- 3830 delay 315518 +/- 37042
ptp4l[10107.249]: rms 119252 max 136295 freq +28195325 +/- 1799 delay 341711 +/-   0
ptp4l[10109.237]: rms 106426 max 149870 freq +28200113 +/- 8193 delay 263132 +/-   0
ptp4l[10111.244]: rms 220016 max 252339 freq +28228983 +/- 3424 delay 380676 +/- 39814
ptp4l[10113.243]: rms 218420 max 251109 freq +28185464 +/- 3471 delay 351534 +/- 39290
ptp4l[10115.247]: rms 186771 max 222949 freq +28188401 +/- 3995 delay 288780 +/-   0
ptp4l[10117.244]: rms 71889 max 101449 freq +28201721 +/- 5408 delay 192517 +/- 13061
ptp4l[10119.243]: rms 19095 max 25009 freq +28204682 +/- 754 delay 152440 +/-   0
ptp4l[10121.243]: rms 261880 max 370174 freq +28225892 +/- 17924 delay 143277 +/-   0
ptp4l[10123.238]: rms 277083 max 391581 freq +28225839 +/- 20507 delay 148478 +/- 4300
ptp4l[10125.241]: rms 146510 max 185981 freq +28193138 +/- 4825 delay 305487 +/- 41683
ptp4l[10127.238]: rms 115244 max 144404 freq +28195730 +/- 3404 delay 334961 +/-   0
ptp4l[10129.244]: rms 168844 max 208509 freq +28190180 +/- 4549 delay 277782 +/-   0
ptp4l[10131.243]: rms 386447 max 527255 freq +28225657 +/- 33817 delay 234020 +/- 39629
ptp4l[10133.249]: rms 312098 max 416659 freq +28220364 +/- 28322 delay 290064 +/-   0
ptp4l[10135.234]: rms 618213 max 864786 freq +28244137 +/- 50098 delay 290064 +/-   0
ptp4l[10137.246]: rms 288286 max 314538 freq +28178616 +/- 2628 delay 391553 +/- 18342
ptp4l[10139.252]: rms 256165 max 279300 freq +28204590 +/- 25616 delay 409895 +/-   0
ptp4l[10141.244]: rms 177106 max 242115 freq +28191636 +/- 9020 delay 452069 +/-   0
ptp4l[10143.246]: rms 275369 max 299882 freq +28178987 +/- 2447 delay 452069 +/-   0
ptp4l[10145.244]: rms 134506 max 190094 freq +28196235 +/- 9155 delay 338840 +/-   0
ptp4l[10147.245]: rms 473895 max 670152 freq +28239907 +/- 33861 delay 251759 +/-   0
ptp4l[10149.255]: rms 1002481 max 1362120 freq +28295583 +/- 49130 delay 246122 +/- 3986
ptp4l[10151.251]: rms 180961 max 199686 freq +28190234 +/- 1901 delay 329153 +/-   0
ptp4l[10153.244]: rms 133062 max 145074 freq +28209355 +/- 13319 delay 341796 +/- 12644
ptp4l[10155.238]: rms 262087 max 265353 freq +28181568 +/- 461 delay 419144 +/-   0
ptp4l[10157.252]: rms 195618 max 215438 freq +28187891 +/- 2008 delay 358278 +/-   0
ptp4l[10159.251]: rms 180730 max 200693 freq +28189025 +/- 2042 delay 310218 +/-   0
ptp4l[10161.253]: rms 90513 max 127948 freq +28200240 +/- 6272 delay 280916 +/-   0
ptp4l[10163.256]: rms 156821 max 211741 freq +28214091 +/- 13991 delay 228228 +/- 13293
ptp4l[10165.250]: rms 90691 max 112311 freq +28198053 +/- 2488 delay 209429 +/-   0
ptp4l[10167.261]: rms 63774 max 78044 freq +28208370 +/- 6201 delay 183992 +/- 5576
ptp4l[10169.238]: rms 38446 max 41743 freq +28207098 +/- 3850 delay 189568 +/-   0
ptp4l[10171.252]: rms 28939 max 30500 freq +28203840 +/- 147 delay 189568 +/-   0
ptp4l[10173.253]: rms 20077 max 28383 freq +28205306 +/- 1456 delay 171249 +/- 7167
ptp4l[10175.263]: rms 27666 max 38965 freq +28204880 +/- 2127 delay 158360 +/- 6056
ptp4l[10176.238]: clockcheck: clock jumped forward or running faster than expected!
ptp4l[10176.264]: port 1: SLAVE to UNCALIBRATED on SYNCHRONIZATION_FAULT
ptp4l[10177.265]: rms 406493 max 453060 freq +28207008 +/-   0 delay 163357 +/-   0
ptp4l[10179.257]: rms 84401 max 95060 freq +28207008 +/-   0 delay 163357 +/-   0
ptp4l[10181.261]: rms 103548 max 145775 freq +28207008 +/-   0 delay 176308 +/-   0
ptp4l[10183.258]: rms 66016 max 92292 freq +28207008 +/-   0 delay 202000 +/-   0
ptp4l[10185.260]: rms 41451 max 57958 freq +28207008 +/-   0 delay 202000 +/-   0
ptp4l[10187.261]: rms 88380 max 116083 freq +28207008 +/-   0 delay 202000 +/-   0
ptp4l[10189.271]: rms 91901 max 110782 freq +28207008 +/-   0 delay 216802 +/- 10438
ptp4l[10196.641]: port 1: UNCALIBRATED to LISTENING on ANNOUNCE_RECEIPT_TIMEOUT_EXPIRES
ptp4l[10196.641]: selected local clock 96cf98.fffe.613c02 as best master
ptp4l[10202.738]: selected local clock 96cf98.fffe.613c02 as best master
ptp4l[10210.372]: selected local clock 96cf98.fffe.613c02 as best master
ptp4l[10216.340]: selected best master clock debe4a.fffe.fc5384
ptp4l[10216.340]: foreign master not using PTP timescale
ptp4l[10216.340]: port 1: LISTENING to UNCALIBRATED on RS_SLAVE
ptp4l[10218.338]: rms 75961 max 106254 freq +28201518 +/- 5490 delay 219966 +/- 37203
ptp4l[10218.338]: port 1: UNCALIBRATED to SLAVE on MASTER_CLOCK_SELECTED
ptp4l[10220.339]: rms 222841 max 313876 freq +28210438 +/- 17263 delay 219552 +/- 3916
ptp4l[10222.345]: rms 115486 max 142168 freq +28207624 +/- 3049 delay 223468 +/-   0
ptp4l[10224.341]: rms 40073 max 49300 freq +28195472 +/- 3887 delay 219552 +/- 3916
ptp4l[10226.327]: rms 874823 max 1234758 freq +28262822 +/- 58481 delay 219552 +/- 3916
ptp4l[10228.339]: rms 59217 max 81192 freq +28194773 +/- 5126 delay 205414 +/-   0
ptp4l[10230.336]: rms 27881 max 38090 freq +28199170 +/- 2433 delay 200223 +/- 10329
ptp4l[10232.337]: rms 10595 max 14852 freq +28198443 +/- 849 delay 203839 +/- 13597
ptp4l[10234.339]: rms 43721 max 44379 freq +28202245 +/-  45 delay 218266 +/- 830
ptp4l[10236.310]: clockcheck: clock jumped forward or running faster than expected!
ptp4l[10236.323]: rms 128169 max 174259 freq +28192857 +/-   0 delay 277325 +/-   0
ptp4l[10236.323]: port 1: SLAVE to UNCALIBRATED on SYNCHRONIZATION_FAULT
ptp4l[10238.336]: rms 12569 max 16735 freq +28192857 +/-   0 delay 319066 +/- 41741
ptp4l[10240.343]: rms 251241 max 258811 freq +28192857 +/-   0 delay 414853 +/-   0
ptp4l[10242.337]: rms 220447 max 238041 freq +28192857 +/-   0 delay 422364 +/- 5324
ptp4l[10244.342]: rms 176588 max 204041 freq +28192857 +/-   0 delay 424318 +/- 5860
ptp4l[10246.337]: rms 180645 max 212920 freq +28192857 +/-   0 delay 430177 +/-   0
ptp4l[10248.341]: rms 109230 max 154099 freq +28192857 +/-   0 delay 398766 +/- 31412
ptp4l[10250.343]: rms 118790 max 167632 freq +28192857 +/-   0 delay 350221 +/- 36669
ptp4l[10252.335]: rms 216346 max 240041 freq +28184307 +/- 8550 delay 355001 +/-   0
ptp4l[10252.335]: port 1: UNCALIBRATED to SLAVE on MASTER_CLOCK_SELECTED
ptp4l[10254.344]: rms 132254 max 175280 freq +28163578 +/- 5589 delay 320913 +/-   0
ptp4l[10256.346]: rms 114968 max 161766 freq +28168092 +/- 8913 delay 283562 +/-   0
ptp4l[10258.341]: rms 118280 max 137244 freq +28163564 +/- 2150 delay 320913 +/-   0
ptp4l[10260.328]: rms 136052 max 136928 freq +28161330 +/- 156 delay 328422 +/-   0
ptp4l[10262.346]: rms 95663 max 121673 freq +28171648 +/- 9071 delay 341712 +/- 13290
ptp4l[10264.348]: rms 59452 max 76349 freq +28169132 +/- 2039 delay 356082 +/- 18965
ptp4l[10266.348]: rms 133959 max 165764 freq +28161644 +/- 3785 delay 375047 +/-   0
ptp4l[10268.347]: rms 99072 max 121225 freq +28164705 +/- 2514 delay 297895 +/-   0
ptp4l[10270.339]: rms 88107 max 120962 freq +28166610 +/- 4614 delay 259659 +/- 6657
ptp4l[10272.351]: rms 1272353 max 1797049 freq +28260175 +/- 95328 delay 274650 +/- 8090
ptp4l[10274.345]: rms 142252 max 157145 freq +28161456 +/- 1656 delay 290466 +/- 6375
ptp4l[10276.347]: rms 132425 max 141801 freq +28162115 +/- 1044 delay 286500 +/- 8279
ptp4l[10278.340]: rms 123714 max 144965 freq +28162911 +/- 2301 delay 278221 +/-   0
ptp4l[10280.348]: rms 899112 max 1262968 freq +28231978 +/- 70590 delay 272909 +/-   0
ptp4l[10282.355]: rms 24381 max 28153 freq +28173683 +/- 402 delay 272909 +/-   0
ptp4l[10284.346]: rms 72481 max 90396 freq +28169046 +/- 2149 delay 269004 +/- 5523
ptp4l[10286.348]: rms 59717 max 83393 freq +28171011 +/- 3496 delay 350088 +/-   0
ptp4l[10288.330]: rms 124547 max 153475 freq +28172378 +/- 12038 delay 406531 +/-   0
ptp4l[10290.353]: rms 237468 max 281529 freq +28170662 +/- 23323 delay 436064 +/-   0
ptp4l[10292.342]: rms 126008 max 153760 freq +28163284 +/- 3139 delay 417385 +/- 8216
ptp4l[10294.345]: rms 209130 max 248314 freq +28179982 +/- 20529 delay 382327 +/-   0
ptp4l[10296.334]: clockcheck: clock jumped forward or running faster than expected!
ptp4l[10296.353]: rms 124687 max 168911 freq +28170406 +/-   0 delay 382327 +/-   0
ptp4l[10296.353]: port 1: SLAVE to UNCALIBRATED on SYNCHRONIZATION_FAULT
ptp4l[10298.350]: rms 182402 max 239868 freq +28170406 +/-   0 delay 394046 +/- 11720
ptp4l[10300.354]: rms 121127 max 167937 freq +28170406 +/-   0 delay 328937 +/-   0
ptp4l[10302.345]: rms 58570 max 66908 freq +28170406 +/-   0 delay 245716 +/- 12206
ptp4l[10304.344]: rms 50354 max 68009 freq +28170406 +/-   0 delay 233509 +/-   0
ptp4l[10306.356]: rms 2341950 max 3301931 freq +28170406 +/-   0 delay 257922 +/-   0
ptp4l[10308.353]: rms 251928 max 340139 freq +28170406 +/-   0 delay 260770 +/-   0
