ptp4l[10054.585]: port 1: INITIALIZING to LISTENING on INIT_COMPLETE
ptp4l[10054.585]: port 2: INITIALIZING to LISTENING on INIT_COMPLETE
ptp4l[10054.585]: port 0: INITIALIZING to LISTENING on INIT_COMPLETE
ptp4l[10059.169]: port 1: new foreign master debe4a.fffe.fc5384-1
ptp4l[10062.200]: port 2: LISTENING to MASTER on ANNOUNCE_RECEIPT_TIMEOUT_EXPIRES
ptp4l[10062.200]: selected local clock 325e89.fffe.582ba5 as best master
ptp4l[10062.200]: port 2: assuming the grand master role
ptp4l[10062.447]: port 1: LISTENING to MASTER on ANNOUNCE_RECEIPT_TIMEOUT_EXPIRES
ptp4l[10062.448]: selected local clock 325e89.fffe.582ba5 as best master
ptp4l[10062.448]: port 1: assuming the grand master role
ptp4l[10062.448]: port 2: assuming the grand master role
ptp4l[10063.171]: selected best master clock debe4a.fffe.fc5384
ptp4l[10063.171]: foreign master not using PTP timescale
ptp4l[10063.171]: port 1: MASTER to UNCALIBRATED on RS_SLAVE
ptp4l[10065.172]: master offset     -43199 s0 freq +61300000 path delay    349778
ptp4l[10066.173]: master offset     429873 s0 freq +61300000 path delay    349778
ptp4l[10067.174]: master offset     627059 s0 freq +61300000 path delay    501128
ptp4l[10068.173]: master offset    -297149 s0 freq +61300000 path delay    501128
ptp4l[10069.173]: master offset    -335640 s0 freq +61300000 path delay    460327
ptp4l[10070.174]: master offset      45970 s0 freq +61300000 path delay    405052
ptp4l[10071.174]: master offset     311165 s0 freq +61300000 path delay    350523
ptp4l[10072.174]: master offset    -129692 s0 freq +61300000 path delay    350523
ptp4l[10073.173]: master offset    -241235 s0 freq +61300000 path delay    350523
ptp4l[10074.174]: master offset    -193622 s0 freq +61300000 path delay    358089
ptp4l[10075.173]: master offset    -249489 s0 freq +61300000 path delay    358089
ptp4l[10076.174]: master offset    -206972 s0 freq +61300000 path delay    335811
ptp4l[10077.174]: master offset     116969 s0 freq +61300000 path delay    274280
ptp4l[10078.174]: master offset    -146820 s0 freq +61300000 path delay    293338
ptp4l[10079.174]: master offset    -148462 s0 freq +61300000 path delay    251213
ptp4l[10080.174]: master offset     -84708 s0 freq +61300000 path delay    251213
ptp4l[10081.174]: master offset    -107579 s1 freq +61296223 path delay    232155
ptp4l[10082.175]: master offset     -75782 s2 freq +61288569 path delay    232155
ptp4l[10082.175]: port 1: UNCALIBRATED to SLAVE on MASTER_CLOCK_SELECTED
ptp4l[10083.175]: master offset     -50397 s2 freq +61291058 path delay    232155
ptp4l[10084.175]: master offset     -28925 s2 freq +61293176 path delay    217957
ptp4l[10085.175]: master offset     -45585 s2 freq +61291464 path delay    217957
ptp4l[10086.176]: master offset     -34620 s2 freq +61292526 path delay    194763
ptp4l[10087.176]: master offset      10543 s2 freq +61297053 path delay    190942
ptp4l[10088.176]: master offset      85287 s2 freq +61304613 path delay    190942
ptp4l[10089.176]: master offset      47385 s2 freq +61300870 path delay    190942
ptp4l[10090.177]: master offset     211783 s2 freq +61317521 path delay    190942
ptp4l[10091.177]: master offset      96023 s2 freq +61306041 path delay    248280
ptp4l[10092.177]: master offset      26091 s2 freq +61299074 path delay    248280
ptp4l[10093.177]: master offset    -126168 s2 freq +61283722 path delay    301295
ptp4l[10094.177]: master offset     -65191 s2 freq +61289755 path delay    301295
ptp4l[10095.177]: master offset    -122160 s2 freq +61283936 path delay    301295
ptp4l[10096.178]: master offset     -11134 s2 freq +61295027 path delay    301295
ptp4l[10097.177]: master offset    -125480 s2 freq +61283467 path delay    301295
ptp4l[10098.178]: master offset      19678 s2 freq +61298003 path delay    301295
ptp4l[10099.178]: master offset    -125002 s2 freq +61283410 path delay    301295
ptp4l[10100.178]: master offset     -20527 s2 freq +61293837 path delay    301295
ptp4l[10101.178]: master offset     -53436 s2 freq +61290492 path delay    280187
ptp4l[10102.179]: master offset     -12985 s2 freq +61294524 path delay    280187
ptp4l[10103.178]: master offset     -80019 s2 freq +61287741 path delay    250772
ptp4l[10104.179]: master offset       9668 s2 freq +61296719 path delay    250772
ptp4l[10105.179]: master offset     -61432 s2 freq +61289548 path delay    250772
ptp4l[10106.179]: master offset     164636 s2 freq +61312319 path delay    250772
ptp4l[10107.179]: master offset     -82579 s2 freq +61287515 path delay    273215
ptp4l[10108.179]: master offset     166323 s2 freq +61312572 path delay    273215
ptp4l[10109.180]: master offset     336554 s2 freq +61329931 path delay    273215
ptp4l[10110.180]: master offset    -110726 s2 freq +61285093 path delay    345535
ptp4l[10111.180]: master offset     -27734 s2 freq +61293364 path delay    396925
ptp4l[10112.180]: master offset    -252293 s2 freq +61270656 path delay    396925
ptp4l[10113.180]: master offset    -155141 s2 freq +61280216 path delay    300833
ptp4l[10114.180]: master offset    -128336 s2 freq +61282768 path delay    300833
ptp4l[10115.180]: master offset    -102550 s2 freq +61285244 path delay    221921
ptp4l[10116.180]: master offset     -77228 s2 freq +61287699 path delay    221921
ptp4l[10117.180]: master offset    -177617 s2 freq +61277483 path delay    300833
ptp4l[10118.180]: master offset     -31035 s2 freq +61292110 path delay    213165
ptp4l[10119.180]: master offset    -164494 s2 freq +61278599 path delay    213165
ptp4l[10120.182]: master offset     365343 s2 freq +61331948 path delay    160439
ptp4l[10121.181]: master offset     -27592 s2 freq +61292627 path delay    160439
ptp4l[10122.181]: master offset      44571 s2 freq +61299888 path delay    153715
ptp4l[10123.182]: master offset     203257 s2 freq +61315960 path delay    153715
ptp4l[10124.182]: master offset      88180 s2 freq +61304541 path delay    175368
ptp4l[10125.182]: master offset      10765 s2 freq +61296810 path delay    175368
ptp4l[10126.183]: master offset     -19391 s2 freq +61293775 path delay    189012
ptp4l[10127.182]: master offset     -34961 s2 freq +61292183 path delay    180044
ptp4l[10128.182]: master offset     -67315 s2 freq +61288880 path delay    180044
ptp4l[10129.183]: master offset     -61685 s2 freq +61289381 path delay    180044
ptp4l[10130.183]: master offset       1117 s2 freq +61295663 path delay    180044
ptp4l[10131.184]: master offset     213012 s2 freq +61317065 path delay    180044
ptp4l[10132.184]: master offset      -9908 s2 freq +61294763 path delay    180044
ptp4l[10133.184]: master offset      47521 s2 freq +61300554 path delay    180044
ptp4l[10134.184]: master offset      24743 s2 freq +61298301 path delay    191108
ptp4l[10135.192]: master offset    8098154 s2 freq +62113740 path delay    191108
ptp4l[10136.185]: master offset     -26889 s2 freq +61301209 path delay    191108
ptp4l[10137.184]: master offset     -75787 s2 freq +61296243 path delay    181999
ptp4l[10138.185]: master offset      68231 s2 freq +61310713 path delay    157960
ptp4l[10139.185]: master offset      45555 s2 freq +61308491 path delay    157960
ptp4l[10140.188]: master offset    1487977 s2 freq +61454221 path delay    190472
ptp4l[10141.186]: master offset      53206 s2 freq +61310797 path delay    190472
ptp4l[10142.186]: master offset     -81390 s2 freq +61297257 path delay    241902
ptp4l[10143.186]: master offset    -118642 s2 freq +61293413 path delay    241902
ptp4l[10144.187]: master offset    -108318 s2 freq +61294337 path delay    241902
ptp4l[10145.187]: master offset    -106901 s2 freq +61294372 path delay    241902
ptp4l[10146.188]: master offset      49191 s2 freq +61310030 path delay    241902
ptp4l[10147.188]: master offset       9249 s2 freq +61306045 path delay    241902
ptp4l[10148.189]: master offset     345137 s2 freq +61339979 path delay    465784
ptp4l[10149.188]: master offset    -385944 s2 freq +61266485 path delay    594588
ptp4l[10150.188]: master offset    -403657 s2 freq +61264310 path delay    594588
ptp4l[10151.188]: master offset    -505641 s2 freq +61253606 path delay    672468
ptp4l[10152.188]: master offset    -430393 s2 freq +61260700 path delay    594588
ptp4l[10153.189]: master offset    -198458 s2 freq +61283695 path delay    418531
ptp4l[10154.188]: master offset    -248147 s2 freq +61278478 path delay    418531
ptp4l[10155.190]: master offset     -25796 s2 freq +61300688 path delay    251338
ptp4l[10156.189]: master offset     -94693 s2 freq +61293703 path delay    267434
ptp4l[10157.189]: master offset    -144378 s2 freq +61288590 path delay    267434
ptp4l[10158.190]: master offset     -51901 s2 freq +61297786 path delay    227961
ptp4l[10159.190]: master offset     168458 s2 freq +61319990 path delay    227961
ptp4l[10160.192]: master offset     588358 s2 freq +61362569 path delay    227961
ptp4l[10161.190]: master offset     -21374 s2 freq +61301574 path delay    227961
ptp4l[10162.190]: master offset     -68259 s2 freq +61296817 path delay    225772
ptp4l[10163.193]: master offset    2264657 s2 freq +61532374 path delay    205131
ptp4l[10164.190]: master offset    -115731 s2 freq +61294219 path delay    242952
ptp4l[10165.191]: master offset     -94711 s2 freq +61296227 path delay    242952
ptp4l[10166.191]: master offset     -68028 s2 freq +61298827 path delay    242952
ptp4l[10167.191]: master offset     -29021 s2 freq +61302698 path delay    225001
ptp4l[10168.191]: master offset     -42710 s2 freq +61301287 path delay    225001
ptp4l[10169.191]: master offset     -37039 s2 freq +61301817 path delay    213663
ptp4l[10170.192]: master offset     118638 s2 freq +61317503 path delay    204361
ptp4l[10171.192]: master offset    -101310 s2 freq +61295407 path delay    204361
ptp4l[10172.192]: master offset     112820 s2 freq +61316933 path delay    201677
ptp4l[10173.192]: master offset     -96210 s2 freq +61295934 path delay    201677
ptp4l[10174.192]: master offset     -66567 s2 freq +61298831 path delay    186219
ptp4l[10175.192]: master offset     -75232 s2 freq +61297890 path delay    186219
ptp4l[10175.810]: clockcheck: clock jumped forward or running faster than expected!
ptp4l[10176.194]: master offset     147615 s0 freq +61297890 path delay    186219
ptp4l[10176.194]: port 1: SLAVE to UNCALIBRATED on SYNCHRONIZATION_FAULT
ptp4l[10177.193]: master offset     -63142 s0 freq +61297890 path delay    206100
ptp4l[10178.195]: master offset     606923 s0 freq +61297890 path delay    171035
ptp4l[10179.195]: master offset     382465 s0 freq +61297890 path delay    171035
ptp4l[10180.194]: master offset      76463 s0 freq +61297890 path delay    195371
ptp4l[10181.194]: master offset     -64079 s0 freq +61297890 path delay    195371
ptp4l[10182.195]: master offset     117753 s0 freq +61297890 path delay    195747
ptp4l[10183.195]: master offset     -74580 s0 freq +61297890 path delay    195747
ptp4l[10184.195]: master offset      97053 s0 freq +61297890 path delay    156447
ptp4l[10185.195]: master offset     -60541 s0 freq +61297890 path delay    214416
ptp4l[10186.197]: master offset    1971709 s0 freq +61297890 path delay    214416
ptp4l[10187.196]: master offset     234500 s0 freq +61297890 path delay    214416
ptp4l[10188.196]: master offset     -86374 s0 freq +61297890 path delay    228278
ptp4l[10189.196]: master offset     -79219 s0 freq +61297890 path delay    228278
ptp4l[10190.196]: master offset     -74333 s0 freq +61297890 path delay    231871
ptp4l[10191.196]: master offset     -25503 s0 freq +61297890 path delay    167779
ptp4l[10191.253]: timed out while polling for tx timestamp
ptp4l[10191.253]: increasing tx_timestamp_timeout may correct this issue, but it is likely caused by a driver bug
ptp4l[10191.253]: port 2: send sync failed
ptp4l[10191.253]: port 2: MASTER to FAULTY on FAULT_DETECTED (FT_UNSPECIFIED)
ptp4l[10192.197]: master offset      46214 s2 freq +61299465 path delay    167779
ptp4l[10192.197]: port 1: UNCALIBRATED to SLAVE on MASTER_CLOCK_SELECTED
ptp4l[10193.198]: master offset     287725 s2 freq +61328525 path delay    167779
ptp4l[10194.197]: master offset     -98619 s2 freq +61289792 path delay    231871
ptp4l[10195.197]: master offset     -70999 s2 freq +61292483 path delay    231871
ptp4l[10196.197]: master offset    -105771 s2 freq +61288900 path delay    234492
ptp4l[10197.197]: master offset     -91495 s2 freq +61290236 path delay    234492
ptp4l[10198.198]: master offset     247302 s2 freq +61324363 path delay    154388
ptp4l[10199.198]: master offset      46097 s2 freq +61304289 path delay    154388
ptp4l[10200.200]: master offset     422362 s2 freq +61342338 path delay    154388
ptp4l[10201.200]: master offset     238401 s2 freq +61324180 path delay    154388
ptp4l[10202.200]: master offset     144121 s2 freq +61314896 path delay    167637
ptp4l[10203.199]: master offset     -73182 s2 freq +61293093 path delay    167637
ptp4l[10204.202]: master offset    2539984 s2 freq +61556949 path delay    167637
ptp4l[10205.199]: master offset     -69452 s2 freq +61295936 path delay    167637
ptp4l[10206.199]: master offset     -61077 s2 freq +61296713 path delay    173722
ptp4l[10207.200]: master offset     116761 s2 freq +61314613 path delay    195006
ptp4l[10207.254]: port 2: FAULTY to LISTENING on INIT_COMPLETE
ptp4l[10208.202]: master offset    1127210 s2 freq +61416786 path delay    195006
ptp4l[10209.201]: master offset     -44856 s2 freq +61299534 path delay    322442
ptp4l[10210.202]: master offset     317778 s2 freq +61336115 path delay    466702
ptp4l[10211.201]: master offset    -239896 s2 freq +61280108 path delay    516215
ptp4l[10212.203]: master offset     436430 s2 freq +61348177 path delay    530256
ptp4l[10213.201]: master offset    -434020 s2 freq +61260698 path delay    560229
ptp4l[10214.201]: master offset    -439523 s2 freq +61259708 path delay    560229
ptp4l[10214.306]: port 2: LISTENING to MASTER on ANNOUNCE_RECEIPT_TIMEOUT_EXPIRES
ptp4l[10214.306]: selected best master clock debe4a.fffe.fc5384
ptp4l[10214.306]: foreign master not using PTP timescale
ptp4l[10215.202]: master offset    -327815 s2 freq +61270551 path delay    521743
ptp4l[10216.202]: master offset    -415119 s2 freq +61261406 path delay    521743
ptp4l[10217.202]: master offset    -401272 s2 freq +61262389 path delay    521743
ptp4l[10218.202]: master offset    -381981 s2 freq +61263936 path delay    466702
ptp4l[10219.202]: master offset    -257157 s2 freq +61276161 path delay    466702
ptp4l[10220.203]: master offset    -147619 s2 freq +61286968 path delay    388668
ptp4l[10221.203]: master offset     663573 s2 freq +61368750 path delay    275888
ptp4l[10222.204]: master offset     232641 s2 freq +61325890 path delay    275888
ptp4l[10223.203]: master offset     -84363 s2 freq +61294105 path delay    275888
ptp4l[10224.203]: master offset      -4414 s2 freq +61302095 path delay    240237
ptp4l[10225.203]: master offset    -176513 s2 freq +61284709 path delay    248144
ptp4l[10226.205]: master offset    1251944 s2 freq +61428807 path delay    248144
ptp4l[10227.204]: master offset    -172243 s2 freq +61286216 path delay    275888
ptp4l[10228.204]: master offset     -80243 s2 freq +61295336 path delay    254397
ptp4l[10229.204]: master offset     -30296 s2 freq +61300300 path delay    231542
ptp4l[10230.206]: master offset     753745 s2 freq +61379458 path delay    231542
ptp4l[10231.205]: master offset     110247 s2 freq +61315218 path delay    231542
ptp4l[10232.207]: master offset     468035 s2 freq +61351465 path delay    231542
ptp4l[10233.206]: master offset     101502 s2 freq +61314913 path delay    231542
ptp4l[10234.208]: master offset    2103324 s2 freq +61517199 path delay    231542
ptp4l[10235.206]: master offset    -195777 s2 freq +61287093 path delay    388476
ptp4l[10236.205]: clockcheck: clock jumped forward or running faster than expected!
ptp4l[10236.206]: master offset    -213017 s0 freq +61287093 path delay    388476
ptp4l[10236.207]: port 1: SLAVE to UNCALIBRATED on SYNCHRONIZATION_FAULT
ptp4l[10237.207]: master offset     713084 s0 freq +61287093 path delay    296291
ptp4l[10238.208]: master offset     339024 s0 freq +61287093 path delay    388476
ptp4l[10239.208]: master offset     -72434 s0 freq +61287093 path delay    388476
ptp4l[10240.207]: master offset    -246684 s0 freq +61287093 path delay    388476
ptp4l[10241.208]: master offset    -145476 s0 freq +61287093 path delay    388476
ptp4l[10242.209]: master offset    -138263 s0 freq +61287093 path delay    356138
ptp4l[10243.209]: master offset     -28934 s0 freq +61287093 path delay    388768
ptp4l[10244.210]: master offset     240806 s0 freq +61287093 path delay    388768
ptp4l[10245.209]: master offset    -229242 s0 freq +61287093 path delay    395175
ptp4l[10246.212]: master offset    2327959 s0 freq +61287093 path delay    395175
ptp4l[10247.210]: master offset     533024 s0 freq +61287093 path delay    414720
ptp4l[10248.210]: master offset    -118210 s0 freq +61287093 path delay    414720
ptp4l[10249.214]: master offset    3361352 s0 freq +61287093 path delay    395175
ptp4l[10250.212]: master offset     750404 s0 freq +61287093 path delay    414720
ptp4l[10251.211]: master offset    -242804 s0 freq +61287093 path delay    414720
ptp4l[10252.212]: master offset      -9808 s2 freq +61318588 path delay    332310
ptp4l[10252.212]: port 1: UNCALIBRATED to SLAVE on MASTER_CLOCK_SELECTED
ptp4l[10253.213]: master offset      -8612 s2 freq +61317718 path delay    332310
ptp4l[10254.214]: master offset    1203315 s2 freq +61440114 path delay    284072
ptp4l[10255.213]: master offset    -119750 s2 freq +61307688 path delay    284072
ptp4l[10256.214]: master offset     183368 s2 freq +61338183 path delay    458249
ptp4l[10257.214]: master offset    -141516 s2 freq +61305553 path delay    458249
ptp4l[10258.214]: master offset       1137 s2 freq +61319819 path delay    473159
ptp4l[10259.214]: master offset     -62760 s2 freq +61313367 path delay    473159
ptp4l[10260.214]: master offset    -167387 s2 freq +61302737 path delay    464526
ptp4l[10261.216]: master offset    -218569 s2 freq +61297400 path delay    464526
ptp4l[10262.215]: master offset    -327902 s2 freq +61286139 path delay    464526
ptp4l[10263.221]: master offset    -347381 s2 freq +61283844 path delay    424519
ptp4l[10264.223]: master offset     244709 s2 freq +61343297 path delay    424519
ptp4l[10265.222]: master offset     -79711 s2 freq +61310775 path delay    449654
ptp4l[10266.223]: master offset     151669 s2 freq +61334065 path delay    449654
ptp4l[10267.223]: master offset    -123317 s2 freq +61306443 path delay    449654
ptp4l[10268.224]: master offset    1004864 s2 freq +61420266 path delay    449654
ptp4l[10269.223]: master offset    -159391 s2 freq +61303681 path delay    474751
ptp4l[10270.225]: master offset     282781 s2 freq +61348181 path delay    350690
ptp4l[10271.225]: master offset      97773 s2 freq +61329778 path delay    350690
ptp4l[10272.226]: master offset      64268 s2 freq +61326492 path delay    408935
ptp4l[10273.226]: master offset     775017 s2 freq +61398342 path delay    510185
ptp4l[10274.226]: master offset       3311 s2 freq +61321175 path delay    553390
ptp4l[10275.225]: master offset    -183235 s2 freq +61302337 path delay    491835
ptp4l[10276.226]: master offset      49397 s2 freq +61325649 path delay    491835
ptp4l[10277.226]: master offset    -181282 s2 freq +61302400 path delay    467084
ptp4l[10278.227]: master offset     108974 s2 freq +61331535 path delay    467084
ptp4l[10279.227]: master offset     -12589 s2 freq +61319366 path delay    467084
ptp4l[10280.227]: master offset     -82738 s2 freq +61312268 path delay    467084
ptp4l[10281.227]: master offset     190238 s2 freq +61339756 path delay    438663
ptp4l[10282.229]: master offset     375404 s2 freq +61358648 path delay    419226
ptp4l[10283.228]: master offset     -78439 s2 freq +61313185 path delay    419226
ptp4l[10284.229]: master offset     132843 s2 freq +61334446 path delay    425958
ptp4l[10285.228]: master offset       9464 s2 freq +61322118 path delay    425958
ptp4l[10286.228]: master offset    -101852 s2 freq +61310885 path delay    425958
ptp4l[10287.228]: master offset    -142852 s2 freq +61306642 path delay    408444
ptp4l[10288.231]: master offset    1588353 s2 freq +61481351 path delay    359132
ptp4l[10289.230]: master offset    -107829 s2 freq +61311625 path delay    408444
ptp4l[10290.231]: master offset     270395 s2 freq +61349717 path delay    408444
ptp4l[10291.233]: master offset    3964793 s2 freq +61723122 path delay    428742
ptp4l[10292.232]: master offset    1732346 s2 freq +61501610 path delay    428742
ptp4l[10293.231]: master offset    -156750 s2 freq +61312543 path delay    428742
ptp4l[10294.234]: master offset    2197829 s2 freq +61550199 path delay    428742
ptp4l[10295.232]: master offset       5480 s2 freq +61330970 path delay    444726
ptp4l[10296.234]: clockcheck: clock jumped forward or running faster than expected!
ptp4l[10296.235]: master offset     778649 s0 freq +61330970 path delay    444726
ptp4l[10296.235]: port 1: SLAVE to UNCALIBRATED on SYNCHRONIZATION_FAULT
ptp4l[10297.233]: master offset    -465698 s0 freq +61330970 path delay    598031
ptp4l[10298.233]: master offset    -429865 s0 freq +61330970 path delay    598031
ptp4l[10299.233]: master offset    -394281 s0 freq +61330970 path delay    598031
ptp4l[10300.233]: master offset    -429072 s0 freq +61330970 path delay    624572
ptp4l[10301.233]: master offset     -82197 s0 freq +61330970 path delay    624572
ptp4l[10302.233]: master offset    -250333 s0 freq +61330970 path delay    468916
ptp4l[10303.235]: master offset     341501 s0 freq +61330970 path delay    468916
ptp4l[10304.234]: master offset    -259457 s0 freq +61330970 path delay    468916
ptp4l[10305.234]: master offset    -236708 s0 freq +61330970 path delay    373958
ptp4l[10306.236]: master offset     202432 s0 freq +61330970 path delay    354666
ptp4l[10307.236]: master offset      11558 s0 freq +61330970 path delay    373958
ptp4l[10308.235]: master offset    -250832 s0 freq +61330970 path delay    410821
