--- 01:37:27 ---
     remote           refid      st t when poll reach   delay   offset   jitter
===============================================================================
 serverntp       .INIT.          16 u    -   64    0   0.0000   0.0000   0.0002
--- 01:37:42 ---
     remote           refid      st t when poll reach   delay   offset   jitter
===============================================================================
 serverntp       .INIT.          16 u    -   64    0   0.0000   0.0000   0.0002
--- 01:37:57 ---
     remote           refid      st t when poll reach   delay   offset   jitter
===============================================================================
 serverntp       .INIT.          16 u    -   64    0   0.0000   0.0000   0.0002
--- 01:38:12 ---
     remote           refid      st t when poll reach   delay   offset   jitter
===============================================================================
 serverntp       .INIT.          16 u    -   64    0   0.0000   0.0000   0.0002
--- 01:38:28 ---
     remote           refid      st t when poll reach   delay   offset   jitter
===============================================================================
 serverntp       .INIT.          16 u    -   64    0   0.0000   0.0000   0.0002
--- 01:38:43 ---
     remote           refid      st t when poll reach   delay   offset   jitter
===============================================================================
 serverntp       .INIT.          16 u    -   64    0   0.0000   0.0000   0.0002
--- 01:38:58 ---
     remote           refid      st t when poll reach   delay   offset   jitter
===============================================================================
 serverntp       .INIT.          16 u    -   64    0   0.0000   0.0000   0.0002
--- 01:39:13 ---
     remote           refid      st t when poll reach   delay   offset   jitter
===============================================================================
 serverntp       .INIT.          16 u    -   64    0   0.0000   0.0000   0.0002
--- 01:39:28 ---
     remote           refid      st t when poll reach   delay   offset   jitter
===============================================================================
 serverntp       .INIT.          16 u    -   64    0   0.0000   0.0000   0.0002
--- 01:39:43 ---
     remote           refid      st t when poll reach   delay   offset   jitter
===============================================================================
 serverntp       .INIT.          16 u    -   64    0   0.0000   0.0000   0.0002
--- 01:39:58 ---
     remote           refid      st t when poll reach   delay   offset   jitter
===============================================================================
 serverntp       .INIT.          16 u    -   64    0   0.0000   0.0000   0.0002
--- 01:40:13 ---
     remote           refid      st t when poll reach   delay   offset   jitter
===============================================================================
 serverntp       .INIT.          16 u    -   64    0   0.0000   0.0000   0.0002
--- 01:40:28 ---
     remote           refid      st t when poll reach   delay   offset   jitter
===============================================================================
 serverntp       .INIT.          16 u    -   64    0   0.0000   0.0000   0.0002
--- 01:40:43 ---
     remote           refid      st t when poll reach   delay   offset   jitter
===============================================================================
 serverntp       .INIT.          16 u    -   64    0   0.0000   0.0000   0.0002
--- 01:40:58 ---
     remote           refid      st t when poll reach   delay   offset   jitter
===============================================================================
 serverntp       .INIT.          16 u    -   64    0   0.0000   0.0000   0.0002
--- 01:41:13 ---
     remote           refid      st t when poll reach   delay   offset   jitter
===============================================================================
 serverntp       .INIT.          16 u    -   64    0   0.0000   0.0000   0.0002
--- 01:41:28 ---
     remote           refid      st t when poll reach   delay   offset   jitter
===============================================================================
 serverntp       .INIT.          16 u    -   64    0   0.0000   0.0000   0.0002
--- 01:41:43 ---
     remote           refid      st t when poll reach   delay   offset   jitter
===============================================================================
 serverntp       .INIT.          16 u    -   64    0   0.0000   0.0000   0.0002
--- 01:41:58 ---
     remote           refid      st t when poll reach   delay   offset   jitter
===============================================================================
 serverntp       .INIT.          16 u    -   64    0   0.0000   0.0000   0.0002
--- 01:42:13 ---
     remote           refid      st t when poll reach   delay   offset   jitter
===============================================================================
 serverntp       .INIT.          16 u    -   64    0   0.0000   0.0000   0.0002
--- 01:42:29 ---
     remote           refid      st t when poll reach   delay   offset   jitter
===============================================================================
 serverntp       .INIT.          16 u    -   64    0   0.0000   0.0000   0.0002
--- 01:42:44 ---
     remote           refid      st t when poll reach   delay   offset   jitter
===============================================================================
 serverntp       127.127.1.0      9 u    4   64    1   0.6054   0.1069   0.0000
--- 01:42:59 ---
     remote           refid      st t when poll reach   delay   offset   jitter
===============================================================================
 serverntp       127.127.1.0      9 u   19   64    1   0.6054   0.1069   0.0000
--- 01:43:14 ---
     remote           refid      st t when poll reach   delay   offset   jitter
===============================================================================
 serverntp       127.127.1.0      9 u   34   64    1   0.6054   0.1069   0.0000
--- 01:43:29 ---
     remote           refid      st t when poll reach   delay   offset   jitter
===============================================================================
 serverntp       127.127.1.0      9 u   49   64    1   0.6054   0.1069   0.0000
--- 01:43:44 ---
     remote           refid      st t when poll reach   delay   offset   jitter
===============================================================================
 serverntp       127.127.1.0      9 u    -   64    3   1.9203  -0.1717   0.2786
--- 01:43:59 ---
     remote           refid      st t when poll reach   delay   offset   jitter
===============================================================================
 serverntp       127.127.1.0      9 u   15   64    3   1.9203  -0.1717   0.2786
--- 01:44:14 ---
     remote           refid      st t when poll reach   delay   offset   jitter
===============================================================================
 serverntp       127.127.1.0      9 u   30   64    3   1.9203  -0.1717   0.2786
--- 01:44:29 ---
     remote           refid      st t when poll reach   delay   offset   jitter
===============================================================================
 serverntp       127.127.1.0      9 u   45   64    3   1.9203  -0.1717   0.2786
--- 01:44:44 ---
     remote           refid      st t when poll reach   delay   offset   jitter
===============================================================================
 serverntp       127.127.1.0      9 u   60   64    3   1.9203  -0.1717   0.2786
--- 01:44:59 ---
     remote           refid      st t when poll reach   delay   offset   jitter
===============================================================================
 serverntp       127.127.1.0      9 u   11   64    7   1.9100   0.7596   0.8041
--- 01:45:14 ---
     remote           refid      st t when poll reach   delay   offset   jitter
===============================================================================
 serverntp       127.127.1.0      9 u   26   64    7   1.9100   0.7596   0.8041
--- 01:45:29 ---
     remote           refid      st t when poll reach   delay   offset   jitter
===============================================================================
 serverntp       127.127.1.0      9 u   41   64    7   1.9100   0.7596   0.8041
--- 01:45:44 ---
     remote           refid      st t when poll reach   delay   offset   jitter
===============================================================================
 serverntp       127.127.1.0      9 u   56   64    7   1.9100   0.7596   0.8041
--- 01:45:59 ---
     remote           refid      st t when poll reach   delay   offset   jitter
===============================================================================
*serverntp       127.127.1.0      9 u    5   64   17   1.1665   0.1425   0.4003
--- 01:46:14 ---
     remote           refid      st t when poll reach   delay   offset   jitter
===============================================================================
*serverntp       127.127.1.0      9 u   20   64   17   1.1665   0.1425   0.4003
--- 01:46:29 ---
     remote           refid      st t when poll reach   delay   offset   jitter
===============================================================================
*serverntp       127.127.1.0      9 u   35   64   17   1.1665   0.1425   0.4003
--- 01:46:44 ---
     remote           refid      st t when poll reach   delay   offset   jitter
===============================================================================
*serverntp       127.127.1.0      9 u   50   64   17   1.1665   0.1425   0.4003
--- 01:46:59 ---
     remote           refid      st t when poll reach   delay   offset   jitter
===============================================================================
*serverntp       127.127.1.0      9 u   65   64   17   1.1665   0.1425   0.4003
--- 01:47:15 ---
     remote           refid      st t when poll reach   delay   offset   jitter
===============================================================================
*serverntp       127.127.1.0      9 u   14   64   37   1.4042   0.2181   0.3403
--- 01:47:30 ---
     remote           refid      st t when poll reach   delay   offset   jitter
===============================================================================
*serverntp       127.127.1.0      9 u   29   64   37   1.4042   0.2181   0.3403
--- 01:47:45 ---
     remote           refid      st t when poll reach   delay   offset   jitter
===============================================================================
*serverntp       127.127.1.0      9 u   44   64   37   1.4042   0.2181   0.3403
--- 01:48:00 ---
     remote           refid      st t when poll reach   delay   offset   jitter
===============================================================================
*serverntp       127.127.1.0      9 u   59   64   37   1.4042   0.2181   0.3403
--- 01:48:15 ---
     remote           refid      st t when poll reach   delay   offset   jitter
===============================================================================
*serverntp       127.127.1.0      9 u    7   64   77   1.6902   0.4915   0.4138
--- 01:48:30 ---
     remote           refid      st t when poll reach   delay   offset   jitter
===============================================================================
*serverntp       127.127.1.0      9 u   22   64   77   1.6902   0.4915   0.4138
--- 01:48:45 ---
     remote           refid      st t when poll reach   delay   offset   jitter
===============================================================================
*serverntp       127.127.1.0      9 u   37   64   77   1.6902   0.4915   0.4138
--- 01:49:00 ---
     remote           refid      st t when poll reach   delay   offset   jitter
===============================================================================
*serverntp       127.127.1.0      9 u   52   64   77   1.6902   0.4915   0.4138
--- 01:49:15 ---
     remote           refid      st t when poll reach   delay   offset   jitter
===============================================================================
*serverntp       127.127.1.0      9 u    2   64  177   0.6856   0.1242   0.3255
--- 01:49:30 ---
     remote           refid      st t when poll reach   delay   offset   jitter
===============================================================================
*serverntp       127.127.1.0      9 u   17   64  177   0.6856   0.1242   0.3255
--- 01:49:45 ---
     remote           refid      st t when poll reach   delay   offset   jitter
===============================================================================
*serverntp       127.127.1.0      9 u   32   64  177   0.6856   0.1242   0.3255
--- 01:50:00 ---
     remote           refid      st t when poll reach   delay   offset   jitter
===============================================================================
*serverntp       127.127.1.0      9 u   47   64  177   0.6856   0.1242   0.3255
--- 01:50:15 ---
     remote           refid      st t when poll reach   delay   offset   jitter
===============================================================================
*serverntp       127.127.1.0      9 u   62   64  177   0.6856   0.1242   0.3255
--- 01:50:30 ---
     remote           refid      st t when poll reach   delay   offset   jitter
===============================================================================
*serverntp       127.127.1.0      9 u   11   64  377   1.5066   0.3164   0.2893
--- 01:50:45 ---
     remote           refid      st t when poll reach   delay   offset   jitter
===============================================================================
*serverntp       127.127.1.0      9 u   26   64  377   1.5066   0.3164   0.2893
--- 01:51:00 ---
     remote           refid      st t when poll reach   delay   offset   jitter
===============================================================================
*serverntp       127.127.1.0      9 u   41   64  377   1.5066   0.3164   0.2893
--- 01:51:16 ---
     remote           refid      st t when poll reach   delay   offset   jitter
===============================================================================
*serverntp       127.127.1.0      9 u   57   64  377   1.5066   0.3164   0.2893
--- 01:51:31 ---
     remote           refid      st t when poll reach   delay   offset   jitter
===============================================================================
*serverntp       127.127.1.0      9 u    5   64  377   1.2049   0.1650   0.2931
--- 01:51:46 ---
     remote           refid      st t when poll reach   delay   offset   jitter
===============================================================================
*serverntp       127.127.1.0      9 u   20   64  377   1.2049   0.1650   0.2931
--- 01:52:01 ---
     remote           refid      st t when poll reach   delay   offset   jitter
===============================================================================
*serverntp       127.127.1.0      9 u   35   64  377   1.2049   0.1650   0.2931
--- 01:52:16 ---
     remote           refid      st t when poll reach   delay   offset   jitter
===============================================================================
*serverntp       127.127.1.0      9 u   50   64  377   1.2049   0.1650   0.2931
--- 01:52:31 ---
     remote           refid      st t when poll reach   delay   offset   jitter
===============================================================================
*serverntp       127.127.1.0      9 u    -   64  377   0.6856   0.1242   0.2967
--- 01:52:46 ---
     remote           refid      st t when poll reach   delay   offset   jitter
===============================================================================
*serverntp       127.127.1.0      9 u   15   64  377   0.6856   0.1242   0.2967
--- 01:53:01 ---
     remote           refid      st t when poll reach   delay   offset   jitter
===============================================================================
*serverntp       127.127.1.0      9 u   30   64  377   0.6856   0.1242   0.2967
--- 01:53:16 ---
     remote           refid      st t when poll reach   delay   offset   jitter
===============================================================================
*serverntp       127.127.1.0      9 u   45   64  377   0.6856   0.1242   0.2967
--- 01:53:31 ---
     remote           refid      st t when poll reach   delay   offset   jitter
===============================================================================
*serverntp       127.127.1.0      9 u   60   64  377   0.6856   0.1242   0.2967
--- 01:53:46 ---
     remote           refid      st t when poll reach   delay   offset   jitter
===============================================================================
*serverntp       127.127.1.0      9 u    8   64  377   0.6667   0.0938   0.1975
--- 01:54:01 ---
     remote           refid      st t when poll reach   delay   offset   jitter
===============================================================================
*serverntp       127.127.1.0      9 u   23   64  377   0.6667   0.0938   0.1975
--- 01:54:16 ---
     remote           refid      st t when poll reach   delay   offset   jitter
===============================================================================
*serverntp       127.127.1.0      9 u   38   64  377   0.6667   0.0938   0.1975
--- 01:54:31 ---
     remote           refid      st t when poll reach   delay   offset   jitter
===============================================================================
*serverntp       127.127.1.0      9 u   53   64  377   0.6667   0.0938   0.1975
--- 01:54:46 ---
     remote           refid      st t when poll reach   delay   offset   jitter
===============================================================================
*serverntp       127.127.1.0      9 u    4   64  377   0.6667   0.0938   0.4613
--- 01:55:02 ---
     remote           refid      st t when poll reach   delay   offset   jitter
===============================================================================
*serverntp       127.127.1.0      9 u   20   64  377   0.6667   0.0938   0.4613
--- 01:55:17 ---
     remote           refid      st t when poll reach   delay   offset   jitter
===============================================================================
*serverntp       127.127.1.0      9 u   35   64  377   0.6667   0.0938   0.4613
--- 01:55:32 ---
     remote           refid      st t when poll reach   delay   offset   jitter
===============================================================================
*serverntp       127.127.1.0      9 u   50   64  377   0.6667   0.0938   0.4613
--- 01:55:47 ---
     remote           refid      st t when poll reach   delay   offset   jitter
===============================================================================
*serverntp       127.127.1.0      9 u    1   64  377   0.6667   0.0938   0.4589
--- 01:56:02 ---
     remote           refid      st t when poll reach   delay   offset   jitter
===============================================================================
*serverntp       127.127.1.0      9 u   16   64  377   0.6667   0.0938   0.4589
--- 01:56:17 ---
     remote           refid      st t when poll reach   delay   offset   jitter
===============================================================================
*serverntp       127.127.1.0      9 u   31   64  377   0.6667   0.0938   0.4589
--- 01:56:32 ---
     remote           refid      st t when poll reach   delay   offset   jitter
===============================================================================
*serverntp       127.127.1.0      9 u   46   64  377   0.6667   0.0938   0.4589
--- 01:56:47 ---
     remote           refid      st t when poll reach   delay   offset   jitter
===============================================================================
*serverntp       127.127.1.0      9 u   61   64  377   0.6667   0.0938   0.4589
--- 01:57:02 ---
     remote           refid      st t when poll reach   delay   offset   jitter
===============================================================================
*serverntp       127.127.1.0      9 u   11   64  377   0.6667   0.0938   0.4347
--- 01:57:17 ---
     remote           refid      st t when poll reach   delay   offset   jitter
===============================================================================
*serverntp       127.127.1.0      9 u   26   64  377   0.6667   0.0938   0.4347
--- 01:57:32 ---
     remote           refid      st t when poll reach   delay   offset   jitter
===============================================================================
*serverntp       127.127.1.0      9 u   41   64  377   0.6667   0.0938   0.4347
--- 01:57:47 ---
     remote           refid      st t when poll reach   delay   offset   jitter
===============================================================================
*serverntp       127.127.1.0      9 u   56   64  377   0.6667   0.0938   0.4347
--- 01:58:02 ---
     remote           refid      st t when poll reach   delay   offset   jitter
===============================================================================
*serverntp       127.127.1.0      9 u    5   64  377   0.6667   0.0938   0.4557
--- 01:58:17 ---
     remote           refid      st t when poll reach   delay   offset   jitter
===============================================================================
*serverntp       127.127.1.0      9 u   20   64  377   0.6667   0.0938   0.4557
--- 01:58:32 ---
     remote           refid      st t when poll reach   delay   offset   jitter
===============================================================================
*serverntp       127.127.1.0      9 u   35   64  377   0.6667   0.0938   0.4557
--- 01:58:47 ---
     remote           refid      st t when poll reach   delay   offset   jitter
===============================================================================
*serverntp       127.127.1.0      9 u   50   64  377   0.6667   0.0938   0.4557
--- 01:59:03 ---
     remote           refid      st t when poll reach   delay   offset   jitter
===============================================================================
*serverntp       127.127.1.0      9 u   66   64  377   0.6667   0.0938   0.4557
--- 01:59:18 ---
     remote           refid      st t when poll reach   delay   offset   jitter
===============================================================================
*serverntp       127.127.1.0      9 u   14   64  377   0.6667   0.0938   0.4533
--- 01:59:33 ---
     remote           refid      st t when poll reach   delay   offset   jitter
===============================================================================
*serverntp       127.127.1.0      9 u   29   64  377   0.6667   0.0938   0.4533
--- 01:59:48 ---
     remote           refid      st t when poll reach   delay   offset   jitter
===============================================================================
*serverntp       127.127.1.0      9 u   44   64  377   0.6667   0.0938   0.4533
--- 02:00:03 ---
     remote           refid      st t when poll reach   delay   offset   jitter
===============================================================================
*serverntp       127.127.1.0      9 u   59   64  377   0.6667   0.0938   0.4533
--- 02:00:18 ---
     remote           refid      st t when poll reach   delay   offset   jitter
===============================================================================
*serverntp       127.127.1.0      9 u    8   64  377   0.6667   0.0938   0.5178
--- 02:00:33 ---
     remote           refid      st t when poll reach   delay   offset   jitter
===============================================================================
*serverntp       127.127.1.0      9 u   23   64  377   0.6667   0.0938   0.5178
--- 02:00:48 ---
     remote           refid      st t when poll reach   delay   offset   jitter
===============================================================================
*serverntp       127.127.1.0      9 u   38   64  377   0.6667   0.0938   0.5178
--- 02:01:03 ---
     remote           refid      st t when poll reach   delay   offset   jitter
===============================================================================
*serverntp       127.127.1.0      9 u   53   64  377   0.6667   0.0938   0.5178
--- 02:01:18 ---
     remote           refid      st t when poll reach   delay   offset   jitter
===============================================================================
*serverntp       127.127.1.0      9 u    1   64  377   0.6667   0.0938   0.5121
--- 02:01:33 ---
     remote           refid      st t when poll reach   delay   offset   jitter
===============================================================================
*serverntp       127.127.1.0      9 u   16   64  377   0.6667   0.0938   0.5121
--- 02:01:48 ---
     remote           refid      st t when poll reach   delay   offset   jitter
===============================================================================
*serverntp       127.127.1.0      9 u   31   64  377   0.6667   0.0938   0.5121
--- 02:02:03 ---
     remote           refid      st t when poll reach   delay   offset   jitter
===============================================================================
*serverntp       127.127.1.0      9 u   46   64  377   0.6667   0.0938   0.5121
--- 02:02:18 ---
     remote           refid      st t when poll reach   delay   offset   jitter
===============================================================================
*serverntp       127.127.1.0      9 u   61   64  377   0.6667   0.0938   0.5121
