ptp4l[6103.495]: port 1: INITIALIZING to LISTENING on INIT_COMPLETE
ptp4l[6103.495]: port 2: INITIALIZING to LISTENING on INIT_COMPLETE
ptp4l[6103.495]: port 0: INITIALIZING to LISTENING on INIT_COMPLETE
ptp4l[6106.485]: port 1: new foreign master daadba.fffe.4c4b6f-1
ptp4l[6109.611]: port 1: LISTENING to MASTER on ANNOUNCE_RECEIPT_TIMEOUT_EXPIRES
ptp4l[6109.612]: selected local clock ee4a4f.fffe.3f8dfb as best master
ptp4l[6109.612]: port 1: assuming the grand master role
ptp4l[6109.949]: port 2: LISTENING to MASTER on ANNOUNCE_RECEIPT_TIMEOUT_EXPIRES
ptp4l[6109.950]: selected local clock ee4a4f.fffe.3f8dfb as best master
ptp4l[6109.950]: port 1: assuming the grand master role
ptp4l[6109.950]: port 2: assuming the grand master role
ptp4l[6110.486]: selected best master clock daadba.fffe.4c4b6f
ptp4l[6110.486]: foreign master not using PTP timescale
ptp4l[6110.486]: port 1: MASTER to UNCALIBRATED on RS_SLAVE
ptp4l[6112.489]: master offset     336353 s0 freq +4200000 path delay    842011
ptp4l[6113.490]: master offset     490889 s0 freq +4200000 path delay    842011
ptp4l[6114.490]: master offset     247620 s0 freq +4200000 path delay    920294
ptp4l[6115.492]: master offset     207917 s0 freq +4200000 path delay    845238
ptp4l[6116.492]: master offset      -7915 s0 freq +4200000 path delay    901227
ptp4l[6117.492]: master offset    -622234 s0 freq +4200000 path delay    901227
ptp4l[6118.494]: master offset    1473240 s0 freq +4200000 path delay    842011
ptp4l[6119.495]: master offset     638705 s0 freq +4200000 path delay    843624
ptp4l[6120.495]: master offset    -587090 s0 freq +4200000 path delay    843624
ptp4l[6121.496]: master offset    -349602 s0 freq +4200000 path delay    842011
ptp4l[6122.497]: master offset    -307052 s0 freq +4200000 path delay    683280
ptp4l[6123.498]: master offset     387426 s0 freq +4200000 path delay    515588
ptp4l[6124.497]: master offset    -185572 s0 freq +4200000 path delay    515588
ptp4l[6125.499]: master offset     -56867 s0 freq +4200000 path delay    551158
ptp4l[6126.499]: master offset     -78269 s0 freq +4200000 path delay    542197
ptp4l[6127.502]: master offset     385158 s0 freq +4200000 path delay    542197
ptp4l[6128.504]: master offset     574056 s1 freq +4214782 path delay    583444
ptp4l[6129.505]: master offset    3545496 s2 freq +4572877 path delay    583444
ptp4l[6129.506]: port 1: UNCALIBRATED to SLAVE on MASTER_CLOCK_SELECTED
ptp4l[6130.502]: master offset      23891 s2 freq +4220741 path delay    583444
ptp4l[6131.504]: master offset     366525 s2 freq +4255370 path delay    583444
ptp4l[6132.503]: master offset    -306857 s2 freq +4187725 path delay    720780
ptp4l[6133.504]: master offset     -76185 s2 freq +4210716 path delay    720780
ptp4l[6134.503]: master offset    -495688 s2 freq +4168270 path delay    720780
ptp4l[6135.505]: master offset     445806 s2 freq +4262866 path delay    742612
ptp4l[6136.505]: master offset     762290 s2 freq +4295276 path delay    742612
ptp4l[6137.506]: master offset     316335 s2 freq +4250997 path delay    742612
ptp4l[6138.507]: master offset    -275701 s2 freq +4191518 path delay    740442
ptp4l[6139.508]: master offset     644654 s2 freq +4284198 path delay    740442
ptp4l[6140.507]: master offset    -483549 s2 freq +4170894 path delay    740442
ptp4l[6141.509]: master offset     273970 s2 freq +4246920 path delay    740442
ptp4l[6142.508]: master offset    -519246 s2 freq +4167079 path delay    786972
ptp4l[6143.511]: master offset    1743231 s2 freq +4395070 path delay    740442
ptp4l[6144.514]: master offset     774333 s2 freq +4298955 path delay    838635
ptp4l[6145.515]: master offset      -2555 s2 freq +4221263 path delay    838635
ptp4l[6146.515]: master offset     146893 s2 freq +4236355 path delay    799716
ptp4l[6147.522]: master offset     294228 s2 freq +4251383 path delay    799716
ptp4l[6148.522]: master offset    -394613 s2 freq +4182104 path delay    826585
ptp4l[6149.522]: master offset     -31925 s2 freq +4218341 path delay    826585
ptp4l[6150.523]: master offset     191443 s2 freq +4240869 path delay    729427
ptp4l[6151.522]: master offset    -472685 s2 freq +4173984 path delay    871575
ptp4l[6152.523]: master offset    -256182 s2 freq +4195378 path delay    721182
ptp4l[6153.523]: master offset     445711 s2 freq +4266013 path delay    677043
ptp4l[6154.524]: master offset     -55192 s2 freq +4215867 path delay    766333
ptp4l[6155.525]: master offset     775556 s2 freq +4299718 path delay    766333
ptp4l[6156.525]: master offset    -291896 s2 freq +4192681 path delay    774405
ptp4l[6157.525]: master offset    -173336 s2 freq +4204363 path delay    774405
ptp4l[6158.525]: master offset      64585 s2 freq +4228220 path delay    678564
ptp4l[6159.526]: master offset     839012 s2 freq +4306502 path delay    696613
ptp4l[6160.526]: master offset     -89608 s2 freq +4213550 path delay    696613
ptp4l[6161.527]: master offset     167662 s2 freq +4239445 path delay    696613
ptp4l[6162.526]: master offset    -153241 s2 freq +4207201 path delay    782206
ptp4l[6163.527]: master offset    -138316 s2 freq +4208555 path delay    910373
ptp4l[6164.527]: master offset     122059 s2 freq +4234715 path delay    842648
ptp4l[6165.528]: master offset    -328896 s2 freq +4189290 path delay    962460
ptp4l[6166.527]: master offset    -525229 s2 freq +4169132 path delay    834293
ptp4l[6167.529]: master offset    1149731 s2 freq +4337778 path delay    834293
ptp4l[6168.529]: master offset    -345975 s2 freq +4187861 path delay    963877
ptp4l[6169.530]: master offset     632888 s2 freq +4286380 path delay    963877
ptp4l[6170.529]: master offset    -453760 s2 freq +4177262 path delay    998262
ptp4l[6171.530]: master offset    -432454 s2 freq +4178960 path delay    998262
ptp4l[6172.530]: master offset    -490762 s2 freq +4172638 path delay    998262
ptp4l[6173.531]: master offset     149424 s2 freq +4236806 path delay   1077305
ptp4l[6174.531]: master offset    -513644 s2 freq +4169986 path delay   1077305
ptp4l[6175.532]: master offset    -410507 s2 freq +4179889 path delay   1077305
ptp4l[6176.532]: master offset    -591682 s2 freq +4161180 path delay    998262
ptp4l[6177.534]: master offset     -52590 s2 freq +4215036 path delay    998262
ptp4l[6178.534]: master offset     421371 s2 freq +4262854 path delay    798082
ptp4l[6179.535]: master offset     -96285 s2 freq +4210992 path delay    830778
ptp4l[6180.536]: master offset    -166480 s2 freq +4203806 path delay    792918
ptp4l[6181.537]: master offset     254877 s2 freq +4246197 path delay    704354
ptp4l[6182.537]: master offset     -37386 s2 freq +4216933 path delay    704354
ptp4l[6183.538]: master offset     -63849 s2 freq +4214223 path delay    609511
ptp4l[6184.538]: master offset    -197653 s2 freq +4200645 path delay    609511
ptp4l[6185.540]: master offset    1469220 s2 freq +4368801 path delay    569552
ptp4l[6186.539]: master offset    -308281 s2 freq +4190743 path delay    569552
ptp4l[6187.541]: master offset     195241 s2 freq +4241290 path delay    569552
ptp4l[6188.542]: master offset     420985 s2 freq +4264286 path delay    575786
ptp4l[6189.543]: master offset     273337 s2 freq +4249794 path delay    575786
ptp4l[6190.545]: master offset    2081679 s2 freq +4432710 path delay    575786
ptp4l[6191.548]: master offset     470525 s2 freq +4272065 path delay    697791
ptp4l[6192.548]: master offset    -140736 s2 freq +4210798 path delay    813990
ptp4l[6193.551]: master offset    1415133 s2 freq +4367800 path delay    813990
ptp4l[6194.551]: master offset    -105077 s2 freq +4215674 path delay    813990
ptp4l[6195.552]: master offset     -41423 s2 freq +4221998 path delay    813990
ptp4l[6196.552]: master offset    -146166 s2 freq +4211378 path delay    813990
ptp4l[6197.553]: master offset      57312 s2 freq +4231783 path delay    813990
ptp4l[6198.555]: master offset    -106716 s2 freq +4215274 path delay    783382
ptp4l[6199.557]: master offset     135792 s2 freq +4239660 path delay    703034
ptp4l[6200.558]: master offset    -456035 s2 freq +4180021 path delay    703034
ptp4l[6201.561]: master offset     251754 s2 freq +4251052 path delay    703034
ptp4l[6202.563]: master offset     -23572 s2 freq +4223496 path delay    638879
ptp4l[6203.563]: master offset     299887 s2 freq +4256142 path delay    638879
ptp4l[6204.567]: master offset    1161360 s2 freq +4343450 path delay    636114
ptp4l[6205.569]: master offset     417700 s2 freq +4269502 path delay    680924
ptp4l[6206.570]: master offset     671730 s2 freq +4295577 path delay    680924
ptp4l[6207.571]: master offset     -72395 s2 freq +4221092 path delay    680924
ptp4l[6208.573]: master offset     568398 s2 freq +4285740 path delay    673707
ptp4l[6209.573]: master offset    -340612 s2 freq +4194498 path delay    765271
ptp4l[6210.575]: master offset     317967 s2 freq +4260674 path delay    765271
ptp4l[6211.577]: master offset     346115 s2 freq +4263835 path delay    738894
ptp4l[6212.579]: master offset     -43792 s2 freq +4224800 path delay    738894
ptp4l[6213.579]: master offset     381001 s2 freq +4267661 path delay    626570
ptp4l[6214.580]: master offset    -236179 s2 freq +4205706 path delay    673956
ptp4l[6215.580]: master offset     112015 s2 freq +4240638 path delay    673956
ptp4l[6216.580]: master offset    -169021 s2 freq +4212365 path delay    727151
ptp4l[6217.581]: master offset     -18730 s2 freq +4227375 path delay    673956
ptp4l[6218.581]: master offset     213446 s2 freq +4250807 path delay    608718
ptp4l[6219.582]: master offset     326962 s2 freq +4262485 path delay    608718
ptp4l[6220.582]: master offset     259913 s2 freq +4256040 path delay    673956
ptp4l[6221.583]: master offset     -66726 s2 freq +4223309 path delay    661815
ptp4l[6222.584]: master offset     -91895 s2 freq +4220701 path delay    665309
ptp4l[6223.586]: master offset      89247 s2 freq +4238904 path delay    587005
ptp4l[6224.587]: master offset      45333 s2 freq +4234558 path delay    590482
ptp4l[6225.589]: master offset     256557 s2 freq +4255937 path delay    609502
ptp4l[6226.590]: master offset      58841 s2 freq +4236224 path delay    609502
ptp4l[6227.593]: master offset      65945 s2 freq +4237001 path delay    571918
ptp4l[6228.594]: master offset     144451 s2 freq +4244996 path delay    571918
ptp4l[6229.595]: master offset     204553 s2 freq +4251210 path delay    571918
ptp4l[6230.597]: master offset     102229 s2 freq +4241080 path delay    571918
ptp4l[6231.599]: master offset    -117715 s2 freq +4218968 path delay    582484
ptp4l[6232.601]: master offset     111950 s2 freq +4242047 path delay    582484
ptp4l[6233.601]: master offset     127788 s2 freq +4243758 path delay    571918
ptp4l[6234.603]: master offset    1495576 s2 freq +4382033 path delay    571918
ptp4l[6235.604]: master offset     361826 s2 freq +4269019 path delay    571918
ptp4l[6236.605]: master offset      11922 s2 freq +4234041 path delay    603938
ptp4l[6237.606]: master offset     290769 s2 freq +4262216 path delay    633153
ptp4l[6238.606]: master offset    -400272 s2 freq +4192712 path delay    633153
ptp4l[6239.608]: master offset    -416494 s2 freq +4190673 path delay    633153
ptp4l[6240.610]: master offset    1081215 s2 freq +4341525 path delay    611049
ptp4l[6241.611]: master offset      38363 s2 freq +4237279 path delay    840268
ptp4l[6242.612]: master offset     -58497 s2 freq +4227534 path delay    840268
ptp4l[6243.614]: master offset     -28701 s2 freq +4230485 path delay    872976
ptp4l[6244.616]: master offset    -463823 s2 freq +4186509 path delay    668334
ptp4l[6245.618]: master offset     242723 s2 freq +4257406 path delay    668334
ptp4l[6246.621]: master offset     260510 s2 freq +4259445 path delay    702208
ptp4l[6247.622]: master offset     584505 s2 freq +4292429 path delay    658760
ptp4l[6248.622]: master offset    -114539 s2 freq +4222411 path delay    702208
ptp4l[6249.623]: master offset     220555 s2 freq +4256141 path delay    702208
ptp4l[6250.623]: master offset    -401928 s2 freq +4193490 path delay    702208
ptp4l[6251.625]: master offset      47345 s2 freq +4238465 path delay    659926
ptp4l[6252.627]: master offset      78241 s2 freq +4241633 path delay    659926
ptp4l[6253.629]: master offset     245021 s2 freq +4258556 path delay    670387
ptp4l[6254.629]: master offset     -51886 s2 freq +4228813 path delay    670387
ptp4l[6255.631]: master offset     152656 s2 freq +4249420 path delay    625658
ptp4l[6256.632]: master offset    -348415 s2 freq +4198965 path delay    648606
ptp4l[6257.635]: master offset     165139 s2 freq +4250485 path delay    648606
ptp4l[6258.639]: master offset    2855303 s2 freq +4522357 path delay    648606
ptp4l[6259.639]: master offset     226626 s2 freq +4259716 path delay    648606
ptp4l[6260.642]: master offset     657784 s2 freq +4303489 path delay    648606
ptp4l[6261.643]: master offset     274980 s2 freq +4265484 path delay    648606
ptp4l[6262.646]: master offset    2633868 s2 freq +4504007 path delay    666504
ptp4l[6263.645]: master offset     573312 s2 freq +4298524 path delay    666504
ptp4l[6264.646]: master offset     -24547 s2 freq +4238714 path delay    680633
ptp4l[6265.649]: master offset     -13663 s2 freq +4239789 path delay    666504
ptp4l[6266.650]: master offset      69805 s2 freq +4248205 path delay    680633
ptp4l[6267.653]: master offset     610363 s2 freq +4302871 path delay    680633
ptp4l[6268.654]: master offset    -165135 s2 freq +4225156 path delay    802133
ptp4l[6269.656]: master offset    1260975 s2 freq +4369028 path delay    913317
ptp4l[6270.658]: master offset    -116752 s2 freq +4231139 path delay    913317
ptp4l[6271.660]: master offset     779752 s2 freq +4321569 path delay    963402
ptp4l[6272.662]: master offset     -50960 s2 freq +4238447 path delay   1017377
ptp4l[6273.664]: master offset    -224967 s2 freq +4220821 path delay   1017377
ptp4l[6274.665]: master offset    -442577 s2 freq +4198618 path delay   1017377
ptp4l[6275.667]: master offset     952238 s2 freq +4339051 path delay    843678
ptp4l[6276.668]: master offset     247698 s2 freq +4268845 path delay    843678
ptp4l[6277.673]: master offset    -572917 s2 freq +4186211 path delay    843678
ptp4l[6278.673]: master offset    -220424 s2 freq +4221240 path delay    735362
ptp4l[6279.677]: master offset     707598 s2 freq +4314749 path delay    695489
ptp4l[6280.676]: master offset     180376 s2 freq +4262208 path delay    695489
ptp4l[6281.681]: master offset    1830258 s2 freq +4429026 path delay    695489
ptp4l[6282.680]: master offset    -153285 s2 freq +4230518 path delay    695489
ptp4l[6283.683]: master offset     648538 s2 freq +4311349 path delay    695489
ptp4l[6284.685]: master offset     400327 s2 freq +4286928 path delay    695489
ptp4l[6285.687]: master offset     188051 s2 freq +4265889 path delay    695489
ptp4l[6286.689]: master offset     365320 s2 freq +4283981 path delay    708502
ptp4l[6287.691]: master offset     180581 s2 freq +4265688 path delay    796153
ptp4l[6288.694]: master offset     494415 s2 freq +4297566 path delay    796153
ptp4l[6289.699]: master offset     473146 s2 freq +4295912 path delay    796153
ptp4l[6290.701]: master offset    1079106 s2 freq +4357587 path delay    796153
ptp4l[6291.700]: master offset     287055 s2 freq +4278669 path delay    817626
ptp4l[6292.702]: master offset     251079 s2 freq +4275322 path delay    842376
ptp4l[6293.703]: master offset     166948 s2 freq +4267076 path delay    842376
ptp4l[6294.705]: master offset    -139879 s2 freq +4236254 path delay    811145
ptp4l[6295.704]: master offset    -317682 s2 freq +4218156 path delay    786818
ptp4l[6296.706]: master offset    -318025 s2 freq +4217803 path delay    786818
ptp4l[6297.706]: master offset    -177821 s2 freq +4231646 path delay    786818
ptp4l[6298.711]: master offset     334958 s2 freq +4283259 path delay    762404
ptp4l[6299.715]: master offset    1789194 s2 freq +4430472 path delay    762404
ptp4l[6300.714]: master offset     151038 s2 freq +4266807 path delay    762404
ptp4l[6301.715]: master offset    -200170 s2 freq +4231486 path delay    762404
ptp4l[6302.716]: master offset     436847 s2 freq +4295625 path delay    736996
ptp4l[6303.717]: master offset    -246198 s2 freq +4227074 path delay    764158
ptp4l[6304.717]: master offset    -301631 s2 freq +4221229 path delay    764158
ptp4l[6305.720]: master offset     291028 s2 freq +4280786 path delay    801407
ptp4l[6306.721]: master offset     128713 s2 freq +4264683 path delay    751285
ptp4l[6307.723]: master offset      32786 s2 freq +4255123 path delay    751285
ptp4l[6308.724]: master offset     145508 s2 freq +4266541 path delay    675889
ptp4l[6309.727]: master offset     196668 s2 freq +4271854 path delay    670050
ptp4l[6310.729]: master offset     132561 s2 freq +4265575 path delay    701566
ptp4l[6311.729]: master offset     161303 s2 freq +4268611 path delay    670050
ptp4l[6312.732]: master offset    -199678 s2 freq +4232313 path delay    670050
ptp4l[6313.734]: master offset      66007 s2 freq +4258948 path delay    637524
ptp4l[6314.735]: master offset     189090 s2 freq +4271445 path delay    637524
ptp4l[6315.737]: master offset      41211 s2 freq +4256698 path delay    648933
ptp4l[6316.739]: master offset     490641 s2 freq +4302132 path delay    648933
ptp4l[6317.739]: master offset     310155 s2 freq +4284394 path delay    648933
ptp4l[6318.740]: master offset     -57818 s2 freq +4247538 path delay    648933
ptp4l[6319.743]: master offset     294113 s2 freq +4283026 path delay    614528
ptp4l[6320.746]: master offset     816205 s2 freq +4336051 path delay    640772
ptp4l[6321.747]: master offset    -327609 s2 freq +4221342 path delay    640772
ptp4l[6322.749]: master offset     240698 s2 freq +4278413 path delay    599021
ptp4l[6323.750]: master offset    1235923 s2 freq +4379172 path delay    599021
ptp4l[6324.751]: master offset     260700 s2 freq +4281910 path delay    695661
ptp4l[6325.752]: master offset      91916 s2 freq +4265124 path delay    691590
ptp4l[6326.753]: master offset     -70000 s2 freq +4248862 path delay    733891
ptp4l[6327.755]: master offset     215150 s2 freq +4277592 path delay    733891
ptp4l[6328.758]: master offset    1527340 s2 freq +4410339 path delay    716573
ptp4l[6329.761]: master offset    1577511 s2 freq +4416933 path delay    716573
ptp4l[6330.761]: master offset     271121 s2 freq +4286565 path delay    942321
ptp4l[6331.764]: master offset     880762 s2 freq +4348410 path delay    858449
ptp4l[6332.765]: master offset    -511864 s2 freq +4208636 path delay    858449
ptp4l[6333.767]: master offset     109704 s2 freq +4270902 path delay    858449
ptp4l[6334.769]: master offset    -382432 s2 freq +4221306 path delay    858449
ptp4l[6335.771]: master offset    -101385 s2 freq +4249310 path delay    858449
ptp4l[6336.774]: master offset    -305766 s2 freq +4228566 path delay   1006909
ptp4l[6337.776]: master offset     -99212 s2 freq +4249122 path delay   1006909
ptp4l[6338.777]: master offset    -200849 s2 freq +4238757 path delay   1006909
ptp4l[6339.780]: master offset       2482 s2 freq +4259093 path delay    844794
ptp4l[6340.785]: master offset    2701058 s2 freq +4531652 path delay    828101
ptp4l[6341.786]: master offset     564069 s2 freq +4318517 path delay    828101
ptp4l[6342.787]: master offset     396325 s2 freq +4302139 path delay    828101
ptp4l[6343.790]: master offset     121124 s2 freq +4274740 path delay    828101
ptp4l[6344.790]: master offset      13197 s2 freq +4263960 path delay    846805
ptp4l[6345.792]: master offset    -308383 s2 freq +4231494 path delay    846805
ptp4l[6346.791]: master offset    -197191 s2 freq +4242416 path delay    846805
ptp4l[6347.793]: master offset    1545074 s2 freq +4418187 path delay    828101
ptp4l[6348.792]: master offset    -185163 s2 freq +4244979 path delay    828101
ptp4l[6349.795]: master offset     287995 s2 freq +4292582 path delay    768831
ptp4l[6350.797]: master offset     512229 s2 freq +4315518 path delay    768831
ptp4l[6351.799]: master offset     170070 s2 freq +4281472 path delay    841086
ptp4l[6352.799]: master offset     -87513 s2 freq +4255626 path delay    815920
ptp4l[6353.800]: master offset    -285196 s2 freq +4235573 path delay    748348
ptp4l[6354.804]: master offset      91996 s2 freq +4273384 path delay    748348
ptp4l[6355.806]: master offset     184838 s2 freq +4282853 path delay    748348
ptp4l[6356.806]: master offset    -113286 s2 freq +4252927 path delay    815920
