ptp4l[6106.886]: port 1: INITIALIZING to LISTENING on INIT_COMPLETE
ptp4l[6106.886]: port 0: INITIALIZING to LISTENING on INIT_COMPLETE
ptp4l[6109.956]: port 1: new foreign master ee4a4f.fffe.3f8dfb-2
ptp4l[6113.959]: selected best master clock daadba.fffe.4c4b6f
ptp4l[6113.960]: foreign master not using PTP timescale
ptp4l[6113.960]: port 1: LISTENING to UNCALIBRATED on RS_SLAVE
ptp4l[6115.965]: rms 477841 max 508342 freq +4200000 +/-   0 delay 927177 +/- 132690
ptp4l[6117.966]: rms 380720 max 525113 freq +4200000 +/-   0 delay 503700 +/- 25407
ptp4l[6119.968]: rms 1803073 max 2549422 freq +4200000 +/-   0 delay 556276 +/- 27168
ptp4l[6121.968]: rms 523855 max 739638 freq +4200000 +/-   0 delay 583944 +/- 32868
ptp4l[6123.973]: rms 232678 max 292020 freq +4200000 +/-   0 delay 557379 +/-   0
ptp4l[6125.974]: rms 388311 max 546715 freq +4200000 +/-   0 delay 557379 +/-   0
ptp4l[6127.975]: rms 263142 max 361653 freq +4200000 +/-   0 delay 557379 +/-   0
ptp4l[6129.978]: rms 104313 max 146221 freq +4200000 +/-   0 delay 520461 +/-   0
ptp4l[6131.980]: rms 216479 max 305124 freq +4210725 +/- 15409 delay 506284 +/- 20198
ptp4l[6131.980]: port 1: UNCALIBRATED to SLAVE on MASTER_CLOCK_SELECTED
ptp4l[6133.981]: rms 182731 max 254521 freq +4215256 +/- 15090 delay 453803 +/-   0
ptp4l[6135.980]: rms 173682 max 244950 freq +4212322 +/- 11461 delay 420366 +/-   0
ptp4l[6137.983]: rms 129816 max 161408 freq +4229170 +/- 12488 delay 394890 +/- 20871
ptp4l[6139.983]: rms 448714 max 624529 freq +4251232 +/- 37163 delay 387492 +/-   0
ptp4l[6141.984]: rms 392799 max 454334 freq +4265186 +/- 6962 delay 408279 +/-   0
ptp4l[6143.986]: rms 99683 max 138508 freq +4218382 +/- 5682 delay 433808 +/- 10143
ptp4l[6145.987]: rms 450264 max 454286 freq +4226366 +/- 45252 delay 564815 +/- 55737
ptp4l[6147.988]: rms 217251 max 305130 freq +4209301 +/- 13612 delay 655426 +/-   0
ptp4l[6149.990]: rms 418808 max 580946 freq +4261422 +/- 23571 delay 678942 +/-   0
ptp4l[6151.992]: rms 231431 max 327290 freq +4210434 +/- 16591 delay 696993 +/- 12764
ptp4l[6153.989]: rms 355160 max 470170 freq +4193817 +/- 14909 delay 678942 +/-   0
ptp4l[6155.991]: rms 243123 max 304966 freq +4218622 +/- 23340 delay 636194 +/- 24843
ptp4l[6157.992]: rms 118821 max 140470 freq +4223388 +/- 11705 delay 544077 +/- 6617
ptp4l[6159.994]: rms 79419 max 104251 freq +4222524 +/- 7323 delay 494720 +/- 16800
ptp4l[6161.997]: rms 163375 max 184403 freq +4228043 +/- 16250 delay 496388 +/- 18468
ptp4l[6163.995]: rms 164881 max 233174 freq +4213993 +/- 11829 delay 554941 +/- 31283
ptp4l[6165.998]: rms 34946 max 45437 freq +4222182 +/- 1290 delay 542946 +/-   0
ptp4l[6168.000]: rms 284361 max 380025 freq +4199516 +/- 12614 delay 530804 +/- 8631
ptp4l[6169.998]: rms 298124 max 376450 freq +4196212 +/- 9518 delay 525807 +/-   0
ptp4l[6172.002]: rms 760067 max 1074892 freq +4278789 +/- 54117 delay 525807 +/-   0
ptp4l[6173.996]: rms 857415 max 1195896 freq +4276288 +/- 69914 delay 534182 +/- 11844
ptp4l[6176.004]: rms 472061 max 562946 freq +4237000 +/- 46269 delay 694443 +/- 115916
ptp4l[6178.003]: rms 515587 max 702249 freq +4181145 +/- 25652 delay 834813 +/-   0
ptp4l[6180.005]: rms 819155 max 1104279 freq +4263627 +/- 73273 delay 834813 +/-   0
ptp4l[6182.005]: rms 390928 max 542036 freq +4193332 +/- 21605 delay 884313 +/- 14965
ptp4l[6184.007]: rms 456487 max 542757 freq +4180586 +/- 9932 delay 834813 +/-   0
ptp4l[6186.008]: rms 114981 max 160048 freq +4215380 +/- 6645 delay 610232 +/- 67928
ptp4l[6188.007]: rms 290691 max 408063 freq +4206676 +/- 23101 delay 561409 +/-   0
ptp4l[6190.008]: rms 360584 max 423697 freq +4217457 +/- 35585 delay 660254 +/- 79676
ptp4l[6192.011]: rms 301822 max 394162 freq +4212690 +/- 28095 delay 819266 +/- 80126
ptp4l[6194.026]: rms 33191 max 43129 freq +4222778 +/- 3104 delay 558470 +/- 6826
ptp4l[6196.023]: rms 3405551 max 4631418 freq +4526909 +/- 164851 delay 675712 +/- 79676
ptp4l[6198.022]: rms 416538 max 587518 freq +4198088 +/- 27531 delay 755388 +/-   0
ptp4l[6200.025]: rms 945320 max 1301983 freq +4280385 +/- 80425 delay 668466 +/- 86922
ptp4l[6202.027]: rms 95711 max 117574 freq +4220925 +/- 2492 delay 459138 +/- 27753
ptp4l[6204.026]: rms 598231 max 832508 freq +4264974 +/- 49233 delay 498386 +/-   0
ptp4l[6206.030]: rms 80680 max 114094 freq +4236510 +/- 5817 delay 441108 +/-   0
ptp4l[6208.033]: rms 127327 max 169052 freq +4236408 +/- 11584 delay 449375 +/- 16534
ptp4l[6210.036]: rms 235831 max 315385 freq +4241420 +/- 21350 delay 507926 +/- 30343
ptp4l[6212.041]: rms 699033 max 987242 freq +4283712 +/- 47283 delay 573491 +/-   0
ptp4l[6214.043]: rms 241876 max 271664 freq +4229152 +/- 24112 delay 605938 +/- 32446
ptp4l[6216.045]: rms 185382 max 260397 freq +4217390 +/- 11483 delay 638384 +/-   0
ptp4l[6218.048]: rms 838860 max 1090070 freq +4310838 +/- 31643 delay 638384 +/-   0
ptp4l[6220.051]: rms 74824 max 90291 freq +4235292 +/- 7301 delay 775446 +/- 35666
ptp4l[6222.054]: rms 596731 max 784444 freq +4257802 +/- 54936 delay 837756 +/- 26644
ptp4l[6224.059]: rms 2124903 max 2938700 freq +4350355 +/- 179808 delay 775467 +/- 88933
ptp4l[6226.060]: rms 747307 max 1012905 freq +4272721 +/- 65876 delay 686534 +/-   0
ptp4l[6228.063]: rms 60498 max 85390 freq +4241089 +/- 4540 delay 686534 +/-   0
ptp4l[6230.066]: rms 273004 max 314931 freq +4209744 +/- 4468 delay 751514 +/- 121084
ptp4l[6232.067]: rms 137520 max 182483 freq +4230761 +/- 12578 delay 609300 +/-   0
ptp4l[6234.069]: rms 133221 max 188295 freq +4226598 +/- 9191 delay 551421 +/- 3866
ptp4l[6236.074]: rms 694839 max 979017 freq +4281371 +/- 53662 delay 513372 +/- 34182
ptp4l[6238.075]: rms 2039551 max 2883066 freq +4388530 +/- 139790 delay 547555 +/-   0
ptp4l[6240.083]: rms 296032 max 411783 freq +4264747 +/- 17019 delay 547555 +/-   0
ptp4l[6242.082]: rms 152496 max 214896 freq +4230662 +/- 11761 delay 578117 +/- 24510
ptp4l[6244.087]: rms 225527 max 313621 freq +4227512 +/- 18739 delay 663559 +/- 56564
ptp4l[6246.088]: rms 233372 max 254713 freq +4216569 +/- 2369 delay 663050 +/-   0
ptp4l[6248.091]: rms 608787 max 856226 freq +4278787 +/- 47362 delay 577750 +/- 16788
ptp4l[6250.095]: rms 584392 max 777732 freq +4265454 +/- 53254 delay 551680 +/- 6563
ptp4l[6252.101]: rms 224045 max 293010 freq +4261881 +/- 8768 delay 568010 +/- 6076
ptp4l[6254.110]: rms 169870 max 173139 freq +4224112 +/- 417 delay 545591 +/- 10250
ptp4l[6256.107]: rms 249123 max 348720 freq +4220839 +/- 15101 delay 536875 +/-   0
ptp4l[6258.108]: rms 79293 max 109839 freq +4233911 +/- 4418 delay 511665 +/-   0
ptp4l[6260.109]: rms 189943 max 268419 freq +4226392 +/- 13035 delay 483084 +/-   0
ptp4l[6262.112]: rms 1737105 max 2455532 freq +4369152 +/- 119056 delay 467294 +/-   0
ptp4l[6264.112]: rms 105265 max 121044 freq +4232178 +/- 1676 delay 482243 +/-   0
ptp4l[6266.114]: rms 99158 max 134344 freq +4237786 +/- 8795 delay 481615 +/-   0
ptp4l[6268.116]: rms 47148 max 61178 freq +4240689 +/- 4415 delay 460713 +/- 9761
ptp4l[6270.118]: rms 88164 max 124318 freq +4248250 +/- 6698 delay 517228 +/-   0
ptp4l[6272.124]: rms 54921 max 76889 freq +4239184 +/- 4432 delay 517228 +/-   0
ptp4l[6274.128]: rms 47102 max 65707 freq +4246344 +/- 2733 delay 489724 +/-   0
ptp4l[6276.129]: rms 165094 max 232760 freq +4229830 +/- 10840 delay 489724 +/-   0
ptp4l[6278.136]: rms 110157 max 127364 freq +4240409 +/- 10917 delay 515612 +/- 36612
ptp4l[6280.138]: rms 315849 max 420631 freq +4256090 +/- 28622 delay 648974 +/-   0
ptp4l[6282.141]: rms 177420 max 248956 freq +4228332 +/- 11010 delay 619004 +/- 12264
ptp4l[6284.147]: rms 100421 max 140707 freq +4248343 +/- 8068 delay 526222 +/- 4037
ptp4l[6286.159]: rms 171057 max 193095 freq +4225157 +/- 2465 delay 606740 +/-   0
ptp4l[6288.151]: rms 168914 max 195260 freq +4238992 +/- 16712 delay 606740 +/-   0
ptp4l[6290.153]: rms 17082 max 19335 freq +4243661 +/- 235 delay 604391 +/- 4394
ptp4l[6292.157]: rms 206171 max 270597 freq +4222774 +/- 8236 delay 618021 +/-   0
ptp4l[6294.160]: rms 11163 max 12106 freq +4241704 +/- 1117 delay 545958 +/- 12671
ptp4l[6296.163]: rms 146127 max 199934 freq +4234043 +/- 12637 delay 527406 +/- 633
ptp4l[6298.165]: rms 874195 max 1229839 freq +4310548 +/- 55118 delay 464940 +/-   0
ptp4l[6300.168]: rms 80835 max 114080 freq +4248255 +/- 6076 delay 474006 +/- 29148
ptp4l[6302.167]: rms 86582 max 90064 freq +4234136 +/- 401 delay 484311 +/- 30916
ptp4l[6304.169]: rms 23564 max 33280 freq +4244334 +/- 1767 delay 483568 +/-   0
ptp4l[6306.173]: rms 45217 max 57252 freq +4241292 +/- 4301 delay 495931 +/- 7590
ptp4l[6308.188]: rms 175155 max 241089 freq +4257820 +/- 9331 delay 503521 +/-   0
ptp4l[6310.181]: rms 569628 max 803214 freq +4286749 +/- 37480 delay 510488 +/- 6966
ptp4l[6312.183]: rms 170013 max 236898 freq +4253915 +/- 13920 delay 509206 +/-   0
ptp4l[6314.184]: rms 152779 max 161698 freq +4245113 +/- 15322 delay 519586 +/- 2914
ptp4l[6316.189]: rms 85128 max 117497 freq +4236851 +/- 4622 delay 527661 +/- 6015
ptp4l[6318.191]: rms 120455 max 143739 freq +4232057 +/- 2688 delay 516147 +/- 3888
ptp4l[6320.192]: rms 134691 max 136589 freq +4230072 +/- 125 delay 541424 +/-   0
ptp4l[6322.193]: rms 77792 max 85325 freq +4244318 +/- 7773 delay 508255 +/- 4109
ptp4l[6324.196]: rms 180623 max 209930 freq +4240310 +/- 17878 delay 495552 +/- 4962
ptp4l[6326.200]: rms 160939 max 173874 freq +4227154 +/- 1437 delay 490559 +/-   0
ptp4l[6328.202]: rms 51138 max 69703 freq +4238601 +/- 2556 delay 488819 +/-   0
ptp4l[6330.206]: rms 869881 max 959217 freq +4330833 +/- 9063 delay 482128 +/- 9305
ptp4l[6332.206]: rms 411499 max 581946 freq +4274073 +/- 29447 delay 542933 +/-   0
ptp4l[6334.209]: rms 339278 max 369623 freq +4211057 +/- 3369 delay 782343 +/- 105433
ptp4l[6336.210]: rms 512660 max 680992 freq +4197572 +/- 21951 delay 887776 +/-   0
ptp4l[6338.215]: rms 365386 max 448649 freq +4207988 +/- 9838 delay 887776 +/-   0
ptp4l[6340.216]: rms 93416 max 127964 freq +4238147 +/- 8057 delay 668749 +/- 57155
ptp4l[6342.218]: rms 141139 max 149673 freq +4228627 +/- 956 delay 582255 +/-   0
ptp4l[6344.220]: rms 140308 max 198151 freq +4233059 +/- 10434 delay 565314 +/-   0
ptp4l[6346.228]: rms 126758 max 143218 freq +4229702 +/- 1716 delay 582255 +/-   0
ptp4l[6348.230]: rms 152629 max 161598 freq +4226741 +/- 1006 delay 602475 +/-   0
ptp4l[6350.232]: rms 255421 max 338521 freq +4218266 +/- 10562 delay 532706 +/- 25717
ptp4l[6352.235]: rms 97694 max 131045 freq +4232581 +/- 4429 delay 502074 +/- 12447
ptp4l[6354.241]: rms 51861 max 73132 freq +4237845 +/- 3971 delay 506705 +/-   0
ptp4l[6356.245]: rms 45125 max 62356 freq +4243683 +/- 3803 delay 481616 +/- 3168
