ptp4l[9403.802]: port 1: INITIALIZING to LISTENING on INIT_COMPLETE
ptp4l[9403.802]: port 0: INITIALIZING to LISTENING on INIT_COMPLETE
ptp4l[9408.054]: port 1: new foreign master 1a12d8.fffe.fe4db1-2
ptp4l[9410.284]: selected local clock 32c425.fffe.15ced0 as best master
ptp4l[9412.064]: selected best master clock 5656da.fffe.e5b4d5
ptp4l[9412.064]: foreign master not using PTP timescale
ptp4l[9412.064]: port 1: LISTENING to UNCALIBRATED on RS_SLAVE
ptp4l[9416.073]: rms 938321 max 1041378 freq +14200000 +/-   0 delay 1757704 +/- 350112
ptp4l[9418.079]: rms 1243556 max 1410702 freq +14200000 +/-   0 delay 846690 +/-   0
ptp4l[9420.080]: rms 523221 max 709847 freq +14200000 +/-   0 delay 927195 +/- 80505
ptp4l[9422.078]: rms 75444 max 105645 freq +14200000 +/-   0 delay 750447 +/- 51073
ptp4l[9424.086]: rms 965160 max 1161260 freq +14200000 +/-   0 delay 703848 +/- 21320
ptp4l[9426.087]: rms 321614 max 352314 freq +14200000 +/-   0 delay 725169 +/-   0
ptp4l[9428.095]: rms 2485973 max 3504450 freq +14200000 +/-   0 delay 914476 +/- 83508
ptp4l[9430.098]: rms 739356 max 1034792 freq +14200000 +/-   0 delay 1151491 +/-   0
ptp4l[9432.103]: rms 596011 max 787507 freq +14242779 +/- 39769
ptp4l[9432.104]: port 1: UNCALIBRATED to SLAVE on MASTER_CLOCK_SELECTED
ptp4l[9434.112]: rms 215021 max 231120 freq +14279953 +/- 21536 delay 1151491 +/-   0
ptp4l[9436.107]: rms 590676 max 592801 freq +14221773 +/-  81 delay 1173947 +/- 11694
ptp4l[9438.117]: rms 406443 max 498599 freq +14291140 +/- 39479 delay 1107982 +/- 63162
ptp4l[9440.119]: rms 2153263 max 2976400 freq +14398247 +/- 182485 delay 889120 +/-   0
ptp4l[9442.125]: rms 2803105 max 3956112 freq +14472080 +/- 210579 delay 962255 +/-   0
ptp4l[9444.128]: rms 3610448 max 5079704 freq +14516953 +/- 282374 delay 889120 +/-   0
ptp4l[9446.133]: rms 467314 max 589548 freq +14276373 +/- 44560 delay 827036 +/- 87800
ptp4l[9448.134]: rms 2242302 max 3142319 freq +14428016 +/- 179998 delay 603799 +/-   0
ptp4l[9450.139]: rms 2251424 max 3156203 freq +14433551 +/- 179008 delay 603799 +/-   0
ptp4l[9452.141]: rms 443569 max 540397 freq +14340055 +/- 11362 delay 603799 +/-   0
ptp4l[9454.145]: rms 878949 max 1153959 freq +14332089 +/- 81377 delay 858777 +/- 113516
ptp4l[9456.145]: rms 1078283 max 1467496 freq +14351978 +/- 94309 delay 1112904 +/- 118202
ptp4l[9458.150]: rms 549755 max 701821 freq +14280224 +/- 51985 delay 1073504 +/- 111442
ptp4l[9460.145]: rms 408343 max 535629 freq +14260538 +/- 15881 delay 779094 +/- 58537
ptp4l[9462.153]: rms 733363 max 1023588 freq +14358644 +/- 42743 delay 621579 +/- 12504
ptp4l[9464.154]: rms 265946 max 340819 freq +14290095 +/- 25164 delay 575824 +/- 6314
ptp4l[9466.160]: rms 1180627 max 1353562 freq +14417223 +/- 19477 delay 557535 +/-   0
ptp4l[9468.161]: rms 288477 max 299829 freq +14272093 +/- 1308 delay 557535 +/-   0
ptp4l[9470.167]: rms 2760273 max 3879075 freq +14476530 +/- 216024 delay 565615 +/- 8080
ptp4l[9472.180]: rms 828865 max 1137826 freq +14347300 +/- 71548 delay 720086 +/- 146391
ptp4l[9474.179]: rms 906791 max 1139125 freq +14277579 +/- 86976 delay 1297783 +/- 192915
ptp4l[9476.189]: rms 1034081 max 1125434 freq +14199960 +/- 9113 delay 1264992 +/-   0
ptp4l[9478.187]: rms 1169584 max 1604598 freq +14200953 +/- 60962 delay 1840341 +/-   0
ptp4l[9480.190]: rms 506167 max 619304 freq +14250867 +/- 13325 delay 1158888 +/- 106104
ptp4l[9482.188]: rms 525777 max 697005 freq +14251066 +/- 22250 delay 978841 +/- 73943
ptp4l[9484.194]: rms 393527 max 514568 freq +14282979 +/- 36435 delay 803459 +/-   0
ptp4l[9486.195]: rms 489663 max 622663 freq +14345113 +/- 16293 delay 754720 +/- 30721
ptp4l[9488.196]: rms 897198 max 1170294 freq +14334067 +/- 83272 delay 723999 +/-   0
ptp4l[9490.197]: rms 857852 max 1102557 freq +14330489 +/- 80688 delay 692812 +/-   0
ptp4l[9492.198]: rms 1174702 max 1612809 freq +14362551 +/- 100758 delay 692812 +/-   0
ptp4l[9494.196]: rms 285398 max 312581 freq +14272794 +/- 2734 delay 628950 +/- 20786
ptp4l[9496.210]: rms 1193793 max 1621784 freq +14406889 +/- 58443 delay 454384 +/-   0
ptp4l[9498.215]: rms 2789417 max 3938224 freq +14515527 +/- 185386 delay 454384 +/-   0
ptp4l[9500.213]: rms 169328 max 187967 freq +14290260 +/- 2074 delay 411157 +/- 30883
ptp4l[9502.215]: rms 168838 max 225597 freq +14291601 +/- 7482 delay 400540 +/- 20266
ptp4l[9504.228]: rms 710235 max 891401 freq +14375517 +/- 21194 delay 420805 +/-   0
ptp4l[9506.222]: rms 1174151 max 1622777 freq +14408568 +/- 63366 delay 576438 +/- 37174
ptp4l[9508.225]: rms 137542 max 194353 freq +14299697 +/- 9319 delay 677540 +/-   0
ptp4l[9510.225]: rms 1043379 max 1324802 freq +14409846 +/- 34415 delay 677540 +/-   0
ptp4l[9512.225]: rms 543287 max 587665 freq +14256861 +/- 4930 delay 728024 +/-   0
ptp4l[9514.226]: rms 308280 max 369353 freq +14303859 +/- 30234 delay 728024 +/-   0
ptp4l[9516.225]: clockcheck: clock jumped forward or running faster than expected!
ptp4l[9516.229]: rms 497149 max 561271 freq +14267794 +/-   0 delay 795521 +/-   0
ptp4l[9516.229]: port 1: SLAVE to UNCALIBRATED on SYNCHRONIZATION_FAULT
ptp4l[9518.234]: rms 77739 max 80510 freq +14267794 +/-   0 delay 916990 +/-   0
ptp4l[9520.233]: rms 508117 max 587978 freq +14267794 +/-   0 delay 889463 +/- 27527
ptp4l[9522.239]: rms 2781959 max 3930309 freq +14267794 +/-   0 delay 647426 +/- 65562
ptp4l[9524.243]: rms 729426 max 1030001 freq +14267794 +/-   0 delay 596199 +/- 4867
ptp4l[9526.242]: rms 571082 max 708668 freq +14267794 +/-   0 delay 591332 +/-   0
ptp4l[9528.252]: rms 425054 max 448906 freq +14267794 +/-   0 delay 492722 +/- 36833
ptp4l[9530.251]: rms 718477 max 912157 freq +14267794 +/-   0 delay 626833 +/- 73104
ptp4l[9532.251]: rms 1268266 max 1672605 freq +14326153 +/- 58358 delay 626833 +/- 73104
ptp4l[9532.251]: port 1: UNCALIBRATED to SLAVE on MASTER_CLOCK_SELECTED
ptp4l[9534.252]: rms 540555 max 599892 freq +14391177 +/- 53924 delay 699937 +/-   0
ptp4l[9536.257]: rms 320237 max 392980 freq +14353228 +/- 8281 delay 699937 +/-   0
ptp4l[9538.257]: rms 493610 max 651645 freq +14429694 +/- 20392 delay 907816 +/- 69952
ptp4l[9540.259]: rms 2908216 max 4070645 freq +14560520 +/- 234948 delay 1009388 +/-   0
ptp4l[9542.262]: rms 2943419 max 4051389 freq +14546754 +/- 250841 delay 1325816 +/- 71912
ptp4l[9544.265]: rms 1037340 max 1417535 freq +14443817 +/- 90476 delay 1253904 +/-   0
ptp4l[9546.264]: rms 1198197 max 1312211 freq +14271474 +/- 11468 delay 1412320 +/- 84244
ptp4l[9548.270]: rms 648304 max 785004 freq +14326355 +/- 15959 delay 1320972 +/- 150918
ptp4l[9550.267]: rms 397477 max 432340 freq +14392408 +/- 39796 delay 787194 +/- 55188
ptp4l[9552.268]: rms 1169514 max 1450051 freq +14422748 +/- 112677 delay 824478 +/- 130775
ptp4l[9554.272]: rms 522051 max 600508 freq +14398561 +/- 51715 delay 902895 +/-   0
ptp4l[9556.276]: rms 371176 max 398208 freq +14392832 +/- 37182 delay 700794 +/- 58222
ptp4l[9558.271]: rms 479245 max 516947 freq +14386099 +/- 48021 delay 850899 +/-   0
ptp4l[9560.273]: rms 680116 max 857459 freq +14411498 +/- 64878 delay 788249 +/- 38668
ptp4l[9562.275]: rms 741456 max 957266 freq +14417403 +/- 69476 delay 664194 +/-   0
ptp4l[9564.279]: rms 2605282 max 3643597 freq +14602621 +/- 156653 delay 718472 +/-   0
ptp4l[9566.282]: rms 1093646 max 1485355 freq +14447939 +/- 96565 delay 687887 +/-   0
ptp4l[9568.281]: rms 103844 max 113861 freq +14385488 +/- 1112 delay 716350 +/- 40252
ptp4l[9570.285]: rms 655469 max 846397 freq +14419226 +/- 61644 delay 533235 +/- 39344
ptp4l[9572.283]: rms 1403979 max 1819128 freq +14448824 +/- 131138 delay 657453 +/- 254360
ptp4l[9574.289]: rms 1363502 max 1418915 freq +14392191 +/- 136942 delay 1547162 +/-   0
ptp4l[9576.292]: rms 108604 max 121956 freq +14398646 +/- 10813 delay 1018492 +/-   0
ptp4l[9578.296]: rms 378599 max 435314 freq +14435113 +/- 6023 delay 1140857 +/- 122365
ptp4l[9580.301]: rms 372314 max 373117 freq +14398184 +/- 37417 delay 1676095 +/-   0
ptp4l[9582.300]: rms 601442 max 814883 freq +14344048 +/- 28433 delay 1271762 +/- 229328
ptp4l[9584.302]: rms 490219 max 669628 freq +14372198 +/- 42792 delay 961423 +/-   0
ptp4l[9586.304]: rms 464880 max 654631 freq +14366406 +/- 36094 delay 961423 +/-   0
ptp4l[9588.311]: rms 1071378 max 1366995 freq +14498135 +/- 36360 delay 838723 +/- 45405
ptp4l[9590.330]: rms 707500 max 833941 freq +14412407 +/- 69617 delay 806617 +/-   0
ptp4l[9592.330]: rms 643282 max 833671 freq +14422204 +/- 60074 delay 704840 +/-   0
ptp4l[9594.342]: rms 703150 max 814983 freq +14468761 +/- 12668 delay 704840 +/-   0
ptp4l[9596.342]: rms 411777 max 579267 freq +14367630 +/- 26265 delay 829328 +/- 50616
ptp4l[9598.349]: rms 2518267 max 3561358 freq +14581333 +/- 177656 delay 975048 +/- 8681
ptp4l[9600.355]: rms 849593 max 885555 freq +14399555 +/- 85323 delay 1138621 +/-   0
ptp4l[9602.363]: rms 511893 max 710712 freq +14445987 +/- 28583 delay 1269194 +/- 41527
ptp4l[9604.360]: rms 970731 max 1137548 freq +14306996 +/- 19020 delay 1334424 +/-   0
ptp4l[9606.372]: rms 613706 max 815530 freq +14345142 +/- 25780 delay 1235957 +/- 174049
ptp4l[9608.373]: rms 212292 max 254156 freq +14379585 +/- 4637 delay 908563 +/- 51513
ptp4l[9610.370]: rms 687444 max 753069 freq +14330816 +/- 7287 delay 941314 +/- 18762
ptp4l[9612.374]: rms 2652174 max 3608640 freq +14633226 +/- 131105 delay 1035093 +/- 159157
ptp4l[9614.387]: rms 221278 max 266468 freq +14408771 +/- 21610 delay 1408406 +/-   0
ptp4l[9616.385]: rms 778614 max 1092578 freq +14354764 +/- 61545 delay 1408406 +/-   0
ptp4l[9618.391]: rms 931495 max 1187263 freq +14370887 +/- 88187 delay 1205356 +/- 203050
ptp4l[9620.394]: rms 269532 max 317567 freq +14396448 +/- 26525 delay 872123 +/-   0
ptp4l[9622.396]: rms 4586874 max 6477298 freq +14711076 +/- 344670 delay 872123 +/-   0
ptp4l[9624.394]: rms 339990 max 480404 freq +14382739 +/- 23263 delay 799892 +/- 51075
ptp4l[9626.402]: rms 337244 max 345981 freq +14406449 +/- 33877 delay 594696 +/- 54366
ptp4l[9628.403]: rms 758760 max 952239 freq +14481042 +/- 22632 delay 567889 +/-   0
ptp4l[9630.410]: rms 1486260 max 2096941 freq +14508610 +/- 112126 delay 651912 +/- 60861
ptp4l[9632.407]: rms 3069565 max 4340244 freq +14628106 +/- 221157 delay 710083 +/-   0
ptp4l[9634.411]: rms 588298 max 815079 freq +14465151 +/- 32329 delay 677764 +/-   0
ptp4l[9636.411]: clockcheck: clock jumped forward or running faster than expected!
ptp4l[9636.416]: rms 335075 max 367225 freq +14379049 +/-   0 delay 662882 +/-   0
ptp4l[9636.416]: port 1: SLAVE to UNCALIBRATED on SYNCHRONIZATION_FAULT
ptp4l[9638.419]: rms 622521 max 819234 freq +14379049 +/-   0 delay 674932 +/-   0
ptp4l[9640.427]: rms 370509 max 384182 freq +14379049 +/-   0 delay 689814 +/-   0
ptp4l[9642.429]: rms 309188 max 426689 freq +14379049 +/-   0 delay 682373 +/- 7441
ptp4l[9644.431]: rms 3028184 max 4255484 freq +14379049 +/-   0 delay 674932 +/-   0
ptp4l[9646.437]: rms 90399 max 119766 freq +14379049 +/-   0 delay 674932 +/-   0
ptp4l[9648.442]: rms 361769 max 408416 freq +14379049 +/-   0 delay 752493 +/- 26217
ptp4l[9650.451]: rms 1177560 max 1545459 freq +14379049 +/-   0 delay 953812 +/- 172218
ptp4l[9652.454]: rms 459316 max 624238 freq +14393727 +/- 14678 delay 1126030 +/-   0
ptp4l[9652.454]: port 1: UNCALIBRATED to SLAVE on MASTER_CLOCK_SELECTED
