ptp4l[9400.392]: port 1: INITIALIZING to LISTENING on INIT_COMPLETE
ptp4l[9400.392]: port 2: INITIALIZING to LISTENING on INIT_COMPLETE
ptp4l[9400.392]: port 0: INITIALIZING to LISTENING on INIT_COMPLETE
ptp4l[9404.121]: port 1: new foreign master 5656da.fffe.e5b4d5-1
ptp4l[9407.044]: port 1: LISTENING to MASTER on ANNOUNCE_RECEIPT_TIMEOUT_EXPIRES
ptp4l[9407.044]: selected local clock 1a12d8.fffe.fe4db1 as best master
ptp4l[9407.044]: port 1: assuming the grand master role
ptp4l[9408.048]: port 2: LISTENING to MASTER on ANNOUNCE_RECEIPT_TIMEOUT_EXPIRES
ptp4l[9408.048]: selected local clock 1a12d8.fffe.fe4db1 as best master
ptp4l[9408.048]: port 1: assuming the grand master role
ptp4l[9408.048]: port 2: assuming the grand master role
ptp4l[9408.123]: selected best master clock 5656da.fffe.e5b4d5
ptp4l[9408.123]: foreign master not using PTP timescale
ptp4l[9408.124]: port 1: MASTER to UNCALIBRATED on RS_SLAVE
ptp4l[9409.126]: master offset     510562 s0 freq +14200000 path delay    233552
ptp4l[9410.126]: master offset    -517432 s0 freq +14200000 path delay   1784349
ptp4l[9411.127]: master offset    -538797 s0 freq +14200000 path delay   1316453
ptp4l[9412.130]: master offset    -810888 s0 freq +14200000 path delay   1481246
ptp4l[9413.132]: master offset   -1133148 s0 freq +14200000 path delay   1481246
ptp4l[9414.144]: master offset    -810841 s0 freq +14200000 path delay   1304151
ptp4l[9415.146]: master offset    -234279 s0 freq +14200000 path delay   1139359
ptp4l[9416.147]: master offset    -267696 s0 freq +14200000 path delay    920247
ptp4l[9417.150]: master offset    -215294 s0 freq +14200000 path delay    920247
ptp4l[9418.150]: master offset    -733708 s0 freq +14200000 path delay    935686
ptp4l[9419.153]: master offset    1050923 s0 freq +14200000 path delay    716574
ptp4l[9420.152]: master offset      61196 s0 freq +14200000 path delay    716574
ptp4l[9421.156]: master offset     925704 s0 freq +14200000 path delay    716574
ptp4l[9422.156]: master offset     294825 s0 freq +14200000 path delay    716574
ptp4l[9423.156]: master offset    -431256 s0 freq +14200000 path delay    716574
ptp4l[9424.158]: master offset    1410630 s0 freq +14200000 path delay    741204
ptp4l[9425.159]: master offset    -232118 s1 freq +14154336 path delay    759953
ptp4l[9426.159]: master offset       4981 s2 freq +14154839 path delay    759953
ptp4l[9426.159]: port 1: UNCALIBRATED to SLAVE on MASTER_CLOCK_SELECTED
ptp4l[9427.162]: master offset     992757 s2 freq +14254610 path delay    759953
ptp4l[9428.164]: master offset    -407101 s2 freq +14114217 path delay    988773
ptp4l[9429.166]: master offset      55979 s2 freq +14160581 path delay    988773
ptp4l[9430.167]: master offset    -495565 s2 freq +14104931 path delay    988773
ptp4l[9431.169]: master offset    2154187 s2 freq +14372060 path delay    988773
ptp4l[9432.166]: master offset    -480513 s2 freq +14108110 path delay    988773
ptp4l[9433.167]: master offset    -732886 s2 freq +14082140 path delay   1173060
ptp4l[9434.171]: master offset    -729380 s2 freq +14081761 path delay    923932
ptp4l[9435.172]: master offset    -562084 s2 freq +14097928 path delay    980547
ptp4l[9436.173]: master offset    -616363 s2 freq +14091884 path delay    821076
ptp4l[9437.176]: master offset    1787008 s2 freq +14334008 path delay    821076
ptp4l[9438.178]: master offset     314785 s2 freq +14187101 path delay    821076
ptp4l[9439.181]: master offset     -61324 s2 freq +14149428 path delay    821076
ptp4l[9440.182]: master offset    -630151 s2 freq +14091916 path delay    821076
ptp4l[9441.187]: master offset      -5039 s2 freq +14154422 path delay    579315
ptp4l[9442.189]: master offset     492880 s2 freq +14204707 path delay    545678
ptp4l[9443.191]: master offset     961379 s2 freq +14252518 path delay    622952
ptp4l[9444.192]: master offset      45835 s2 freq +14161009 path delay    622952
ptp4l[9445.195]: master offset     862971 s2 freq +14243586 path delay    622952
ptp4l[9446.196]: master offset       2420 s2 freq +14157533 path delay    622952
ptp4l[9447.198]: master offset     112337 s2 freq +14168637 path delay    622952
ptp4l[9448.199]: master offset    -315456 s2 freq +14125542 path delay    627004
ptp4l[9449.202]: master offset    1444912 s2 freq +14303024 path delay    635734
ptp4l[9450.212]: master offset    4600630 s2 freq +14623197 path delay    724162
ptp4l[9451.209]: master offset    -425725 s2 freq +14120135 path delay    865375
ptp4l[9452.211]: master offset    -426825 s2 freq +14119599 path delay    888684
ptp4l[9453.213]: master offset    -344633 s2 freq +14127473 path delay    888684
ptp4l[9454.215]: master offset    -592801 s2 freq +14102064 path delay    909995
ptp4l[9455.217]: master offset    -290246 s2 freq +14132029 path delay    909995
ptp4l[9456.220]: master offset    -151466 s2 freq +14145755 path delay    909995
ptp4l[9457.223]: master offset     374013 s2 freq +14198677 path delay    909995
ptp4l[9458.225]: master offset    -196330 s2 freq +14141447 path delay    909995
ptp4l[9459.229]: master offset     -70314 s2 freq +14153978 path delay    799239
ptp4l[9460.231]: master offset     193673 s2 freq +14180570 path delay    799239
ptp4l[9461.232]: master offset    -209232 s2 freq +14140070 path delay    739073
ptp4l[9462.236]: master offset    1037190 s2 freq +14265750 path delay    697901
ptp4l[9463.240]: master offset    1014931 s2 freq +14264539 path delay    697901
ptp4l[9464.242]: master offset     617433 s2 freq +14225407 path delay    893083
ptp4l[9465.244]: master offset    -272095 s2 freq +14136182 path delay   1110227
ptp4l[9466.245]: master offset   -1213591 s2 freq +14040818 path delay   1484662
ptp4l[9467.250]: master offset   -1242625 s2 freq +14036672 path delay   1484662
ptp4l[9468.252]: master offset    -916860 s2 freq +14068332 path delay   1110227
ptp4l[9469.254]: master offset    -381510 s2 freq +14121486 path delay   1110227
ptp4l[9470.256]: master offset    -181296 s2 freq +14141326 path delay    737376
ptp4l[9471.256]: master offset     654631 s2 freq +14225573 path delay    737376
ptp4l[9472.257]: master offset    -261616 s2 freq +14133687 path delay    941544
ptp4l[9473.266]: master offset      46021 s2 freq +14164496 path delay    941544
ptp4l[9474.261]: master offset    -393480 s2 freq +14120153 path delay    915508
ptp4l[9475.262]: master offset      65619 s2 freq +14166128 path delay    915508
ptp4l[9476.263]: master offset    -193088 s2 freq +14140065 path delay    915508
ptp4l[9477.266]: master offset    -132756 s2 freq +14145965 path delay    795993
ptp4l[9478.268]: master offset     283811 s2 freq +14187906 path delay    795993
ptp4l[9479.269]: master offset      53588 s2 freq +14164937 path delay    795993
ptp4l[9480.272]: master offset     -53537 s2 freq +14154171 path delay    941544
ptp4l[9481.275]: master offset    -212602 s2 freq +14138052 path delay    915508
ptp4l[9482.277]: master offset      44986 s2 freq +14163855 path delay    947275
ptp4l[9483.280]: master offset     319386 s2 freq +14191615 path delay    843228
ptp4l[9484.283]: master offset     489946 s2 freq +14209161 path delay    843228
ptp4l[9485.284]: master offset    -633363 s2 freq +14096197 path delay    940564
ptp4l[9486.285]: master offset     205405 s2 freq +14180279 path delay    940564
ptp4l[9487.290]: master offset     485150 s2 freq +14208738 path delay   1014989
ptp4l[9488.291]: master offset     272688 s2 freq +14187765 path delay    940564
ptp4l[9489.293]: master offset    -552611 s2 freq +14104682 path delay    940564
ptp4l[9490.295]: master offset      52773 s2 freq +14165274 path delay   1000295
ptp4l[9491.296]: master offset    1157786 s2 freq +14276933 path delay   1027190
ptp4l[9492.298]: master offset    1268184 s2 freq +14289241 path delay   1027190
ptp4l[9493.296]: master offset    -529848 s2 freq +14108908 path delay   1027190
ptp4l[9494.295]: master offset    -948358 s2 freq +14066108 path delay   1195446
ptp4l[9495.298]: master offset    -344746 s2 freq +14126125 path delay   1195446
ptp4l[9496.301]: master offset    -627737 s2 freq +14097198 path delay   1195446
ptp4l[9497.302]: master offset    -829941 s2 freq +14076147 path delay   1195446
ptp4l[9498.306]: master offset    -559540 s2 freq +14102628 path delay   1021080
ptp4l[9499.314]: master offset     701179 s2 freq +14229401 path delay   1195446
ptp4l[9500.311]: master offset    -565893 s2 freq +14102128 path delay   1143069
ptp4l[9501.313]: master offset    -545485 s2 freq +14103623 path delay    991350
ptp4l[9502.326]: master offset   10918274 s2 freq +15260918 path delay    991350
ptp4l[9503.314]: master offset    -728687 s2 freq +14095493 path delay    991350
ptp4l[9504.316]: master offset    -662356 s2 freq +14101463 path delay    909137
ptp4l[9505.318]: master offset    1249643 s2 freq +14293913 path delay    602164
ptp4l[9506.320]: master offset    2363466 s2 freq +14407659 path delay    602164
ptp4l[9507.319]: master offset     374017 s2 freq +14209088 path delay    602164
ptp4l[9508.319]: master offset    -297832 s2 freq +14141605 path delay    602164
ptp4l[9509.322]: master offset     194795 s2 freq +14191063 path delay    602164
ptp4l[9510.323]: master offset    -506088 s2 freq +14120468 path delay    682708
ptp4l[9511.326]: master offset    -127130 s2 freq +14158237 path delay    826963
ptp4l[9512.329]: master offset    -288252 s2 freq +14141836 path delay    826963
ptp4l[9513.330]: master offset     186466 s2 freq +14189495 path delay    826963
ptp4l[9514.330]: master offset    -694506 s2 freq +14100703 path delay    826963
ptp4l[9515.333]: master offset    -608543 s2 freq +14108691 path delay    912190
ptp4l[9516.336]: clockcheck: clock jumped forward or running faster than expected!
ptp4l[9516.336]: master offset    1233852 s0 freq +14108691 path delay    912190
ptp4l[9516.336]: port 1: SLAVE to UNCALIBRATED on SYNCHRONIZATION_FAULT
ptp4l[9517.335]: master offset    -690023 s0 freq +14108691 path delay    912190
ptp4l[9518.338]: master offset     -17616 s0 freq +14108691 path delay    820907
ptp4l[9519.337]: master offset     260729 s0 freq +14108691 path delay    768937
ptp4l[9520.339]: master offset    -458645 s0 freq +14108691 path delay    768937
ptp4l[9521.341]: master offset    -475103 s0 freq +14108691 path delay    768937
ptp4l[9522.355]: master offset   11841272 s0 freq +14108691 path delay    768937
ptp4l[9523.347]: master offset    1740719 s0 freq +14108691 path delay    852281
ptp4l[9524.347]: master offset    -807468 s0 freq +14108691 path delay   1069468
ptp4l[9525.348]: master offset    -842979 s0 freq +14108691 path delay   1060937
ptp4l[9526.354]: master offset    2645896 s0 freq +14108691 path delay    807729
ptp4l[9527.353]: master offset    1038938 s0 freq +14108691 path delay    807729
ptp4l[9528.355]: master offset    -291541 s0 freq +14108691 path delay   1203041
ptp4l[9529.357]: master offset    -799083 s0 freq +14108691 path delay   1203041
ptp4l[9530.358]: master offset    -745749 s0 freq +14108691 path delay   1145041
ptp4l[9531.370]: master offset   11335490 s0 freq +14108691 path delay    977427
ptp4l[9532.361]: master offset    -433491 s2 freq +14066978 path delay    977427
ptp4l[9532.362]: port 1: UNCALIBRATED to SLAVE on MASTER_CLOCK_SELECTED
ptp4l[9533.365]: master offset     608470 s2 freq +14128434 path delay    704125
ptp4l[9534.365]: master offset    -115760 s2 freq +14055895 path delay    786791
ptp4l[9535.369]: master offset    -578538 s2 freq +14009038 path delay    917997
ptp4l[9536.373]: master offset    -404315 s2 freq +14026056 path delay    917997
ptp4l[9537.372]: master offset    -706998 s2 freq +13995081 path delay    917997
ptp4l[9538.378]: master offset    -274942 s2 freq +14038012 path delay    662551
ptp4l[9539.379]: master offset    1173637 s2 freq +14184043 path delay    662551
ptp4l[9540.381]: master offset    -124579 s2 freq +14054097 path delay    917997
ptp4l[9541.383]: master offset     -80161 s2 freq +14058459 path delay    743243
ptp4l[9542.385]: master offset    -514683 s2 freq +14014492 path delay    743243
ptp4l[9543.387]: master offset     113499 s2 freq +14077424 path delay    645736
ptp4l[9544.391]: master offset      36740 s2 freq +14069784 path delay    645736
ptp4l[9545.393]: master offset    -248852 s2 freq +14040976 path delay    645736
ptp4l[9546.396]: master offset     791747 s2 freq +14145828 path delay    553633
ptp4l[9547.398]: master offset     -43145 s2 freq +14062296 path delay    553633
ptp4l[9548.401]: master offset    1230091 s2 freq +14190849 path delay    591299
ptp4l[9549.402]: master offset    1367100 s2 freq +14205917 path delay    591299
ptp4l[9550.403]: master offset     980287 s2 freq +14168216 path delay    645736
ptp4l[9551.406]: master offset     852663 s2 freq +14156307 path delay    645736
ptp4l[9552.406]: master offset    -440689 s2 freq +14026531 path delay    660703
ptp4l[9553.410]: master offset    1037714 s2 freq +14175409 path delay    630370
ptp4l[9554.413]: master offset    4122404 s2 freq +14488000 path delay    686433
ptp4l[9555.414]: master offset    4694245 s2 freq +14549879 path delay    686433
ptp4l[9556.412]: master offset     141972 s2 freq +14094793 path delay    983633
ptp4l[9557.412]: master offset    -378466 s2 freq +14042371 path delay   1013540
ptp4l[9558.415]: master offset    -194815 s2 freq +14060541 path delay   1124746
ptp4l[9559.417]: master offset    -605581 s2 freq +14018859 path delay   1124746
ptp4l[9560.419]: master offset     797011 s2 freq +14159915 path delay    909977
ptp4l[9561.420]: master offset    -748165 s2 freq +14004649 path delay    961035
ptp4l[9562.424]: master offset     221460 s2 freq +14101833 path delay    961035
ptp4l[9563.425]: master offset    -522716 s2 freq +14026893 path delay    975537
ptp4l[9564.428]: master offset     679870 s2 freq +14147832 path delay    887032
ptp4l[9565.431]: master offset    -309400 s2 freq +14048595 path delay    887032
ptp4l[9566.432]: master offset     706636 s2 freq +14150905 path delay    855640
ptp4l[9567.434]: master offset    -269077 s2 freq +14053065 path delay    855640
ptp4l[9568.437]: master offset     404268 s2 freq +14120804 path delay    830832
ptp4l[9569.439]: master offset    -177433 s2 freq +14062456 path delay    830832
ptp4l[9570.441]: master offset     -90807 s2 freq +14071028 path delay    757100
ptp4l[9571.444]: master offset      19041 s2 freq +14082032 path delay    757100
ptp4l[9572.447]: master offset     851710 s2 freq +14166151 path delay    823868
ptp4l[9573.448]: master offset     300923 s2 freq +14111373 path delay    823868
ptp4l[9574.450]: master offset     815631 s2 freq +14163659 path delay    823868
ptp4l[9575.452]: master offset    -581207 s2 freq +14023394 path delay    823868
ptp4l[9576.453]: master offset    -186220 s2 freq +14062707 path delay    746787
ptp4l[9577.454]: master offset     835261 s2 freq +14165690 path delay    728945
ptp4l[9578.455]: master offset    -110130 s2 freq +14071041 path delay    728945
ptp4l[9579.459]: master offset     531920 s2 freq +14135778 path delay    728945
ptp4l[9580.459]: master offset    -429146 s2 freq +14039242 path delay    728945
ptp4l[9581.460]: master offset    -321797 s2 freq +14049655 path delay    631014
ptp4l[9582.460]: master offset    -265839 s2 freq +14054985 path delay    631014
ptp4l[9583.461]: master offset    -143273 s2 freq +14067098 path delay    631014
ptp4l[9584.462]: master offset    -138762 s2 freq +14067411 path delay    587242
ptp4l[9585.462]: master offset    -218877 s2 freq +14059180 path delay    505973
ptp4l[9586.466]: master offset    -168463 s2 freq +14064053 path delay    505973
ptp4l[9587.468]: master offset    1158633 s2 freq +14197921 path delay    500932
ptp4l[9588.469]: master offset      55774 s2 freq +14087691 path delay    500932
ptp4l[9589.476]: master offset    -216508 s2 freq +14060247 path delay    491468
ptp4l[9590.476]: master offset      91589 s2 freq +14091148 path delay    491468
ptp4l[9591.478]: master offset     -27904 s2 freq +14079171 path delay    539265
ptp4l[9592.480]: master offset     118525 s2 freq +14093932 path delay    539265
ptp4l[9593.482]: master offset      65096 s2 freq +14088654 path delay    582201
ptp4l[9594.485]: master offset    -256364 s2 freq +14056252 path delay    685065
ptp4l[9595.486]: master offset    -398869 s2 freq +14041603 path delay    685065
ptp4l[9596.489]: master offset    1468757 s2 freq +14229834 path delay    916742
ptp4l[9597.489]: master offset    1046474 s2 freq +14188652 path delay    916742
ptp4l[9598.491]: master offset    1539077 s2 freq +14239452 path delay    916742
ptp4l[9599.489]: master offset    -360789 s2 freq +14049104 path delay    916742
ptp4l[9600.492]: master offset    -669705 s2 freq +14017543 path delay    916742
ptp4l[9601.496]: master offset    1303113 s2 freq +14216128 path delay    916742
ptp4l[9602.498]: master offset    -552814 s2 freq +14029982 path delay   1393023
ptp4l[9603.497]: master offset   -1105124 s2 freq +13973646 path delay   1393023
ptp4l[9604.501]: master offset    2818409 s2 freq +14368818 path delay   1123782
ptp4l[9605.498]: master offset   -1011338 s2 freq +13984832 path delay   1459577
ptp4l[9606.498]: master offset    -793012 s2 freq +14005871 path delay   1064471
ptp4l[9607.501]: master offset     154801 s2 freq +14100807 path delay    526060
ptp4l[9608.503]: master offset     331385 s2 freq +14118797 path delay    526060
ptp4l[9609.506]: master offset     682690 s2 freq +14154610 path delay    526060
ptp4l[9610.509]: master offset     -72007 s2 freq +14079069 path delay    688014
ptp4l[9611.511]: master offset    -253834 s2 freq +14060632 path delay    663267
ptp4l[9612.514]: master offset    1126045 s2 freq +14199746 path delay    663267
ptp4l[9613.515]: master offset     168965 s2 freq +14104207 path delay    663267
ptp4l[9614.517]: master offset    -203100 s2 freq +14066798 path delay    679357
ptp4l[9615.518]: master offset     699688 s2 freq +14157776 path delay    679357
ptp4l[9616.520]: master offset    -451597 s2 freq +14042196 path delay    688014
ptp4l[9617.524]: master offset     -47732 s2 freq +14082535 path delay    705944
ptp4l[9618.526]: master offset     828831 s2 freq +14171020 path delay    705944
ptp4l[9619.527]: master offset    1068936 s2 freq +14196099 path delay    912262
ptp4l[9620.531]: master offset    -700321 s2 freq +14018473 path delay    912262
ptp4l[9621.529]: master offset    -525894 s2 freq +14035390 path delay    912262
ptp4l[9622.532]: master offset    2215265 s2 freq +14311721 path delay    912262
ptp4l[9623.530]: master offset    -195335 s2 freq +14070466 path delay   1080892
ptp4l[9624.531]: master offset    -408357 s2 freq +14048755 path delay   1080892
ptp4l[9625.531]: master offset    -101561 s2 freq +14079333 path delay    968297
ptp4l[9626.533]: master offset    -382428 s2 freq +14050864 path delay    849624
ptp4l[9627.534]: master offset    -463999 s2 freq +14042243 path delay    751846
ptp4l[9628.541]: master offset    1944961 s2 freq +14285084 path delay    661878
ptp4l[9629.540]: master offset     144573 s2 freq +14105190 path delay    661878
ptp4l[9630.543]: master offset     144643 s2 freq +14105341 path delay    721250
ptp4l[9631.545]: master offset     173802 s2 freq +14108431 path delay    680693
ptp4l[9632.548]: master offset     184206 s2 freq +14109656 path delay    680693
ptp4l[9633.551]: master offset     378311 s2 freq +14129445 path delay    680693
ptp4l[9634.553]: master offset    -275375 s2 freq +14063801 path delay    714856
ptp4l[9635.554]: master offset    -243811 s2 freq +14066713 path delay    714856
ptp4l[9636.555]: clockcheck: clock jumped forward or running faster than expected!
ptp4l[9636.556]: master offset    -109580 s0 freq +14066713 path delay    691913
ptp4l[9636.556]: port 1: SLAVE to UNCALIBRATED on SYNCHRONIZATION_FAULT
ptp4l[9637.557]: master offset     -79038 s0 freq +14066713 path delay    691913
ptp4l[9638.559]: master offset    1598534 s0 freq +14066713 path delay    656633
ptp4l[9639.562]: master offset     231450 s0 freq +14066713 path delay    656633
ptp4l[9640.564]: master offset    -172383 s0 freq +14066713 path delay    656633
ptp4l[9641.568]: master offset    2228950 s0 freq +14066713 path delay    656633
ptp4l[9642.572]: master offset    2188774 s0 freq +14066713 path delay    729226
ptp4l[9643.578]: master offset    5228607 s0 freq +14066713 path delay    729226
ptp4l[9644.577]: master offset     556104 s0 freq +14066713 path delay   1141396
ptp4l[9645.576]: master offset    -919771 s0 freq +14066713 path delay   1141396
ptp4l[9646.579]: master offset    -560521 s0 freq +14066713 path delay   1424271
ptp4l[9647.579]: master offset    -902083 s0 freq +14066713 path delay   1188833
ptp4l[9648.587]: master offset    -102624 s0 freq +14066713 path delay   1188833
ptp4l[9649.586]: master offset    -742375 s0 freq +14066713 path delay   1188833
ptp4l[9650.589]: master offset    -701542 s0 freq +14066713 path delay   1188833
ptp4l[9651.589]: master offset    -826635 s0 freq +14066713 path delay   1037093
ptp4l[9652.592]: master offset    -413707 s2 freq +14072397 path delay   1037093
ptp4l[9652.592]: port 1: UNCALIBRATED to SLAVE on MASTER_CLOCK_SELECTED
ptp4l[9653.596]: master offset     784404 s2 freq +14151622 path delay    653963
ptp4l[9654.595]: master offset    -436953 s2 freq +14029049 path delay    653963
ptp4l[9655.599]: master offset    -384532 s2 freq +14033907 path delay    592489
ptp4l[9656.602]: master offset    -141326 s2 freq +14058086 path delay    571864
ptp4l[9657.605]: master offset    -287995 s2 freq +14043131 path delay    571864
ptp4l[9658.605]: master offset    -204407 s2 freq +14051286 path delay    520570
ptp4l[9659.607]: master offset     -12419 s2 freq +14070472 path delay    466694
ptp4l[9660.609]: master offset       5032 s2 freq +14072222 path delay    466694
ptp4l[9661.613]: master offset      24997 s2 freq +14074244 path delay    466694
ptp4l[9662.611]: master offset     690907 s2 freq +14141526 path delay    466694
ptp4l[9663.616]: master offset     110847 s2 freq +14083630 path delay    466694
ptp4l[9664.617]: master offset     -94757 s2 freq +14062975 path delay    466694
ptp4l[9665.619]: master offset     111635 s2 freq +14083726 path delay    515667
ptp4l[9666.619]: master offset    -235010 s2 freq +14048827 path delay    515667
ptp4l[9667.624]: master offset     772225 s2 freq +14150322 path delay    604943
ptp4l[9668.620]: master offset    -459709 s2 freq +14026669 path delay    668627
ptp4l[9669.623]: master offset     385173 s2 freq +14111543 path delay    668627
ptp4l[9670.622]: master offset    -448528 s2 freq +14027724 path delay    668627
ptp4l[9671.625]: master offset    -184186 s2 freq +14053974 path delay    668627
ptp4l[9672.627]: master offset     536075 s2 freq +14126536 path delay    668627
ptp4l[9673.629]: master offset    -465235 s2 freq +14025940 path delay    715934
ptp4l[9674.632]: master offset     411609 s2 freq +14114036 path delay    715934
ptp4l[9675.635]: master offset    -383362 s2 freq +14034156 path delay    715934
ptp4l[9676.637]: master offset    -198383 s2 freq +14052455 path delay    709155
ptp4l[9677.636]: master offset    -408663 s2 freq +14031018 path delay    754853
ptp4l[9678.640]: master offset    1191557 s2 freq +14192232 path delay    740161
ptp4l[9679.644]: master offset    -392007 s2 freq +14033484 path delay    740161
ptp4l[9680.647]: master offset    -393858 s2 freq +14032905 path delay    836310
ptp4l[9681.642]: master offset    -219651 s2 freq +14050106 path delay    680632
ptp4l[9682.645]: master offset    -450953 s2 freq +14026524 path delay    733017
ptp4l[9683.647]: master offset    -278606 s2 freq +14043481 path delay    733017
