ptp4l[14218.250]: port 1: INITIALIZING to LISTENING on INIT_COMPLETE
ptp4l[14218.250]: port 2: INITIALIZING to LISTENING on INIT_COMPLETE
ptp4l[14218.251]: port 0: INITIALIZING to LISTENING on INIT_COMPLETE
ptp4l[14222.538]: port 1: new foreign master 9e156d.fffe.c35e83-1
ptp4l[14224.941]: port 1: LISTENING to MASTER on ANNOUNCE_RECEIPT_TIMEOUT_EXPIRES
ptp4l[14224.941]: selected local clock 66a489.fffe.046760 as best master
ptp4l[14224.941]: port 1: assuming the grand master role
ptp4l[14225.769]: port 2: LISTENING to MASTER on ANNOUNCE_RECEIPT_TIMEOUT_EXPIRES
ptp4l[14225.770]: selected local clock 66a489.fffe.046760 as best master
ptp4l[14225.770]: port 1: assuming the grand master role
ptp4l[14225.770]: port 2: assuming the grand master role
ptp4l[14226.545]: selected best master clock 9e156d.fffe.c35e83
ptp4l[14226.545]: foreign master not using PTP timescale
ptp4l[14226.545]: port 1: MASTER to UNCALIBRATED on RS_SLAVE
ptp4l[14226.791]: timed out while polling for tx timestamp
ptp4l[14226.791]: increasing tx_timestamp_timeout may correct this issue, but it is likely caused by a driver bug
ptp4l[14226.791]: port 2: send sync failed
ptp4l[14226.791]: port 2: MASTER to FAULTY on FAULT_DETECTED (FT_UNSPECIFIED)
ptp4l[14228.546]: master offset    -261747 s0 freq -5400000 path delay    681855
ptp4l[14229.547]: master offset     298058 s0 freq -5400000 path delay    684616
ptp4l[14230.547]: master offset     193346 s0 freq -5400000 path delay    714393
ptp4l[14231.551]: master offset    1476638 s0 freq -5400000 path delay    714393
ptp4l[14232.549]: master offset    -205526 s0 freq -5400000 path delay    744170
ptp4l[14233.549]: master offset    -186190 s0 freq -5400000 path delay    744170
ptp4l[14234.549]: master offset    -231816 s0 freq -5400000 path delay    744170
ptp4l[14235.548]: master offset    -550374 s0 freq -5400000 path delay    719618
ptp4l[14236.548]: master offset    -550451 s0 freq -5400000 path delay    702117
ptp4l[14237.548]: master offset    -455875 s0 freq -5400000 path delay    702117
ptp4l[14238.548]: master offset      32673 s0 freq -5400000 path delay    353274
ptp4l[14239.548]: master offset    -127935 s0 freq -5400000 path delay    273257
ptp4l[14240.549]: master offset     -71552 s0 freq -5400000 path delay    223524
ptp4l[14241.549]: master offset     -77094 s0 freq -5400000 path delay    223524
ptp4l[14242.549]: master offset     -39197 s0 freq -5400000 path delay    203434
ptp4l[14242.792]: port 2: FAULTY to LISTENING on INIT_COMPLETE
ptp4l[14243.549]: master offset     -68085 s0 freq -5400000 path delay    203434
ptp4l[14244.549]: master offset       3898 s2 freq -5383311 path delay    191024
ptp4l[14244.549]: port 1: UNCALIBRATED to SLAVE on MASTER_CLOCK_SELECTED
ptp4l[14245.549]: master offset      40265 s2 freq -5379244 path delay    187413
ptp4l[14246.549]: master offset     -42346 s2 freq -5387548 path delay    187413
ptp4l[14247.550]: master offset     326298 s2 freq -5350357 path delay    186659
ptp4l[14248.550]: master offset     211976 s2 freq -5361577 path delay    188405
ptp4l[14249.550]: master offset      -6393 s2 freq -5383421 path delay    188405
ptp4l[14250.269]: port 2: LISTENING to MASTER on ANNOUNCE_RECEIPT_TIMEOUT_EXPIRES
ptp4l[14250.269]: selected best master clock 9e156d.fffe.c35e83
ptp4l[14250.269]: foreign master not using PTP timescale
ptp4l[14250.550]: master offset     -63453 s2 freq -5389190 path delay    197881
ptp4l[14251.290]: timed out while polling for tx timestamp
ptp4l[14251.290]: increasing tx_timestamp_timeout may correct this issue, but it is likely caused by a driver bug
ptp4l[14251.290]: port 2: send sync failed
ptp4l[14251.290]: port 2: MASTER to FAULTY on FAULT_DETECTED (FT_UNSPECIFIED)
ptp4l[14251.550]: master offset     -72542 s2 freq -5390171 path delay    197881
ptp4l[14252.553]: master offset     480799 s2 freq -5334357 path delay    197881
ptp4l[14253.551]: master offset     -28262 s2 freq -5385291 path delay    207547
ptp4l[14254.551]: master offset     240654 s2 freq -5358159 path delay    201087
ptp4l[14255.551]: master offset     -16771 s2 freq -5383918 path delay    201087
ptp4l[14256.551]: master offset     -82157 s2 freq -5390539 path delay    216877
ptp4l[14257.552]: master offset     -27780 s2 freq -5385129 path delay    216877
ptp4l[14258.556]: master offset    3234191 s2 freq -5055697 path delay    216877
ptp4l[14259.556]: master offset    1032114 s2 freq -5274873 path delay    216877
ptp4l[14260.555]: master offset     198416 s2 freq -5358044 path delay    225014
ptp4l[14261.559]: master offset    1718050 s2 freq -5204363 path delay    225014
ptp4l[14262.559]: master offset     115980 s2 freq -5364454 path delay    326770
ptp4l[14263.561]: master offset    1026144 s2 freq -5272411 path delay    503686
ptp4l[14264.560]: master offset    -181086 s2 freq -5393316 path delay    708477
ptp4l[14265.563]: master offset     363063 s2 freq -5338538 path delay    708477
ptp4l[14266.562]: master offset    -300561 s2 freq -5405201 path delay    708477
ptp4l[14267.291]: port 2: FAULTY to LISTENING on INIT_COMPLETE
ptp4l[14267.563]: master offset      56102 s2 freq -5369478 path delay    757900
ptp4l[14268.563]: master offset    -231002 s2 freq -5398420 path delay    757900
ptp4l[14269.564]: master offset    -278634 s2 freq -5403461 path delay    706766
ptp4l[14270.564]: master offset    -164046 s2 freq -5392167 path delay    706766
ptp4l[14271.569]: master offset     539166 s2 freq -5321306 path delay    605054
ptp4l[14272.569]: master offset    -202339 s2 freq -5395659 path delay    605054
ptp4l[14273.571]: master offset    -162177 s2 freq -5391805 path delay    605054
ptp4l[14274.572]: master offset     270182 s2 freq -5348299 path delay    605054
ptp4l[14274.679]: port 2: LISTENING to MASTER on ANNOUNCE_RECEIPT_TIMEOUT_EXPIRES
ptp4l[14274.679]: selected best master clock 9e156d.fffe.c35e83
ptp4l[14274.679]: foreign master not using PTP timescale
ptp4l[14275.574]: master offset     332936 s2 freq -5341691 path delay    605054
ptp4l[14275.704]: timed out while polling for tx timestamp
ptp4l[14275.704]: increasing tx_timestamp_timeout may correct this issue, but it is likely caused by a driver bug
ptp4l[14275.705]: port 2: send sync failed
ptp4l[14275.705]: port 2: MASTER to FAULTY on FAULT_DETECTED (FT_UNSPECIFIED)
ptp4l[14276.576]: master offset     137181 s2 freq -5361129 path delay    605054
ptp4l[14277.579]: master offset    1694594 s2 freq -5203693 path delay    667711
ptp4l[14278.579]: master offset     217747 s2 freq -5351160 path delay    667711
ptp4l[14279.583]: master offset     819803 s2 freq -5290135 path delay    718426
ptp4l[14280.583]: master offset      53469 s2 freq -5366715 path delay    718426
ptp4l[14281.586]: master offset    2059695 s2 freq -5164032 path delay    718426
ptp4l[14282.586]: master offset    -322285 s2 freq -5402553 path delay    828552
ptp4l[14283.588]: master offset    2146350 s2 freq -5153543 path delay    828552
ptp4l[14284.589]: master offset    1906094 s2 freq -5175662 path delay    828552
ptp4l[14285.591]: master offset     206179 s2 freq -5345448 path delay    879411
ptp4l[14286.592]: master offset    -411800 s2 freq -5407657 path delay    879411
ptp4l[14287.594]: master offset    -219989 s2 freq -5388696 path delay    879411
ptp4l[14288.598]: master offset    2181743 s2 freq -5146341 path delay   1171606
ptp4l[14289.596]: master offset   -1121736 s2 freq -5477811 path delay   1494232
ptp4l[14290.595]: master offset   -1373595 s2 freq -5504370 path delay   1494232
ptp4l[14291.599]: master offset    -485962 s2 freq -5416093 path delay   1494232
ptp4l[14291.706]: port 2: FAULTY to LISTENING on INIT_COMPLETE
ptp4l[14292.605]: master offset     721079 s2 freq -5294668 path delay   1580068
ptp4l[14293.607]: master offset     879260 s2 freq -5277970 path delay   1580068
ptp4l[14294.607]: master offset    -849719 s2 freq -5451718 path delay   1508470
ptp4l[14295.608]: master offset    -669462 s2 freq -5434362 path delay   1508470
ptp4l[14296.610]: master offset    -758877 s2 freq -5444062 path delay   1508470
ptp4l[14297.612]: master offset    -363312 s2 freq -5404869 path delay   1113541
ptp4l[14298.613]: master offset    -302347 s2 freq -5399075 path delay   1113541
ptp4l[14298.888]: port 2: LISTENING to MASTER on ANNOUNCE_RECEIPT_TIMEOUT_EXPIRES
ptp4l[14298.889]: selected best master clock 9e156d.fffe.c35e83
ptp4l[14298.889]: foreign master not using PTP timescale
ptp4l[14299.616]: master offset    1577590 s2 freq -5209504 path delay    849318
ptp4l[14299.912]: timed out while polling for tx timestamp
ptp4l[14299.913]: increasing tx_timestamp_timeout may correct this issue, but it is likely caused by a driver bug
ptp4l[14299.913]: port 2: send sync failed
ptp4l[14299.913]: port 2: MASTER to FAULTY on FAULT_DETECTED (FT_UNSPECIFIED)
ptp4l[14300.615]: master offset    -121546 s2 freq -5379539 path delay    849318
ptp4l[14301.619]: master offset    1777256 s2 freq -5187881 path delay    755295
ptp4l[14302.619]: master offset     -42324 s2 freq -5369882 path delay    755295
ptp4l[14303.623]: master offset     119921 s2 freq -5353537 path delay    755295
ptp4l[14304.625]: master offset       2910 s2 freq -5365235 path delay    755295
ptp4l[14305.627]: master offset    -325878 s2 freq -5398440 path delay    755295
ptp4l[14306.628]: master offset     -82139 s2 freq -5374148 path delay    755295
ptp4l[14307.629]: master offset     726569 s2 freq -5292551 path delay    725610
ptp4l[14308.630]: master offset    -140111 s2 freq -5379359 path delay    725610
ptp4l[14309.631]: master offset    -253590 s2 freq -5390961 path delay    644599
ptp4l[14310.633]: master offset     110323 s2 freq -5354459 path delay    606897
ptp4l[14311.633]: master offset      14902 s2 freq -5363986 path delay    571303
ptp4l[14312.636]: master offset    1479807 s2 freq -5216016 path delay    571303
ptp4l[14313.637]: master offset    1561765 s2 freq -5206258 path delay    571303
ptp4l[14314.638]: master offset    2200176 s2 freq -5140217 path delay    571303
ptp4l[14315.640]: master offset     690103 s2 freq -5290534 path delay    627384
ptp4l[14315.914]: port 2: FAULTY to LISTENING on INIT_COMPLETE
ptp4l[14316.640]: master offset     -19480 s2 freq -5361512 path delay    627384
ptp4l[14317.645]: master offset      57994 s2 freq -5353707 path delay    921940
ptp4l[14318.647]: master offset    -447335 s2 freq -5404687 path delay   1075304
ptp4l[14319.646]: master offset    -433270 s2 freq -5403714 path delay   1075304
ptp4l[14320.647]: master offset    -369888 s2 freq -5397745 path delay   1075304
ptp4l[14321.648]: master offset    -842596 s2 freq -5445859 path delay   1075304
ptp4l[14322.650]: master offset    -383515 s2 freq -5400334 path delay   1075304
ptp4l[14323.604]: port 2: LISTENING to MASTER on ANNOUNCE_RECEIPT_TIMEOUT_EXPIRES
ptp4l[14323.605]: selected best master clock 9e156d.fffe.c35e83
ptp4l[14323.605]: foreign master not using PTP timescale
ptp4l[14323.654]: master offset    2681165 s2 freq -5091185 path delay   1075304
ptp4l[14324.628]: timed out while polling for tx timestamp
ptp4l[14324.630]: increasing tx_timestamp_timeout may correct this issue, but it is likely caused by a driver bug
ptp4l[14324.630]: port 2: send sync failed
ptp4l[14324.630]: port 2: MASTER to FAULTY on FAULT_DETECTED (FT_UNSPECIFIED)
ptp4l[14324.652]: master offset    -662965 s2 freq -5426261 path delay   1075304
ptp4l[14325.654]: master offset     -16576 s2 freq -5361638 path delay    814424
ptp4l[14326.654]: master offset      21275 s2 freq -5357832 path delay    605231
ptp4l[14327.656]: master offset     357036 s2 freq -5323899 path delay    603416
ptp4l[14328.658]: master offset     773291 s2 freq -5281500 path delay    603416
ptp4l[14329.656]: master offset    -234404 s2 freq -5382504 path delay    633878
ptp4l[14330.657]: master offset     -58841 s2 freq -5365007 path delay    633878
ptp4l[14331.662]: master offset     242450 s2 freq -5334635 path delay    617263
ptp4l[14332.663]: master offset    -314908 s2 freq -5390686 path delay    617263
ptp4l[14333.665]: master offset     438858 s2 freq -5314870 path delay    617263
ptp4l[14334.666]: master offset      16043 s2 freq -5357136 path delay    648471
ptp4l[14335.669]: master offset    2019998 s2 freq -5154720 path delay    648471
ptp4l[14336.668]: master offset      47899 s2 freq -5351882 path delay    741775
ptp4l[14337.669]: master offset    -469006 s2 freq -5404042 path delay    741247
ptp4l[14338.670]: master offset    -103276 s2 freq -5367572 path delay    741247
ptp4l[14339.673]: master offset     328400 s2 freq -5324076 path delay    645424
ptp4l[14340.631]: port 2: FAULTY to LISTENING on INIT_COMPLETE
ptp4l[14340.673]: master offset     170354 s2 freq -5339710 path delay    645424
ptp4l[14341.674]: master offset    -255946 s2 freq -5382596 path delay    609658
ptp4l[14342.677]: master offset     215230 s2 freq -5335263 path delay    603696
ptp4l[14343.680]: master offset     531704 s2 freq -5303084 path delay    603696
ptp4l[14344.681]: master offset     711198 s2 freq -5284424 path delay    603696
ptp4l[14345.683]: master offset      -3064 s2 freq -5355853 path delay    632079
ptp4l[14346.684]: master offset     296995 s2 freq -5325550 path delay    632079
ptp4l[14347.258]: port 2: LISTENING to MASTER on ANNOUNCE_RECEIPT_TIMEOUT_EXPIRES
ptp4l[14347.261]: selected best master clock 9e156d.fffe.c35e83
ptp4l[14347.261]: foreign master not using PTP timescale
ptp4l[14347.684]: master offset    -195547 s2 freq -5375000 path delay    693099
ptp4l[14348.283]: timed out while polling for tx timestamp
ptp4l[14348.283]: increasing tx_timestamp_timeout may correct this issue, but it is likely caused by a driver bug
ptp4l[14348.283]: port 2: send sync failed
ptp4l[14348.283]: port 2: MASTER to FAULTY on FAULT_DETECTED (FT_UNSPECIFIED)
ptp4l[14348.686]: master offset     119872 s2 freq -5343338 path delay    693099
ptp4l[14349.690]: master offset    1870027 s2 freq -5166453 path delay    705872
ptp4l[14350.688]: master offset    -538793 s2 freq -5407873 path delay    773457
ptp4l[14351.692]: master offset    1545306 s2 freq -5197918 path delay    773457
ptp4l[14352.691]: master offset    -595830 s2 freq -5412628 path delay    773457
ptp4l[14353.693]: master offset     390064 s2 freq -5313648 path delay    705872
ptp4l[14354.696]: master offset     146257 s2 freq -5337883 path delay    705872
ptp4l[14355.697]: master offset     461493 s2 freq -5305897 path delay    705872
ptp4l[14356.699]: master offset     357030 s2 freq -5315987 path delay    705872
ptp4l[14357.699]: master offset     234014 s2 freq -5328054 path delay    705872
ptp4l[14358.699]: master offset    -507636 s2 freq -5402727 path delay    620903
ptp4l[14359.702]: master offset     350735 s2 freq -5316539 path delay    620903
ptp4l[14360.702]: master offset    -301908 s2 freq -5382105 path delay    577365
ptp4l[14361.704]: master offset    1770495 s2 freq -5173095 path delay    577365
ptp4l[14362.703]: master offset    -310031 s2 freq -5381457 path delay    577365
ptp4l[14363.705]: master offset    -250986 s2 freq -5375804 path delay    641200
ptp4l[14364.285]: port 2: FAULTY to LISTENING on INIT_COMPLETE
ptp4l[14364.706]: master offset    -341772 s2 freq -5385224 path delay    577365
ptp4l[14365.706]: master offset    -361082 s2 freq -5387516 path delay    577365
ptp4l[14366.708]: master offset    -150354 s2 freq -5366594 path delay    503287
ptp4l[14367.711]: master offset     273820 s2 freq -5323902 path delay    503287
ptp4l[14368.712]: master offset     283672 s2 freq -5322634 path delay    503287
ptp4l[14369.714]: master offset      64633 s2 freq -5344473 path delay    674907
ptp4l[14370.715]: master offset    -407024 s2 freq -5392046 path delay    674907
ptp4l[14370.999]: port 2: LISTENING to MASTER on ANNOUNCE_RECEIPT_TIMEOUT_EXPIRES
ptp4l[14371.000]: selected best master clock 9e156d.fffe.c35e83
ptp4l[14371.000]: foreign master not using PTP timescale
ptp4l[14371.727]: master offset    3265090 s2 freq -5021569 path delay    576513
ptp4l[14372.022]: timed out while polling for tx timestamp
ptp4l[14372.023]: increasing tx_timestamp_timeout may correct this issue, but it is likely caused by a driver bug
ptp4l[14372.023]: port 2: send sync failed
ptp4l[14372.023]: port 2: MASTER to FAULTY on FAULT_DETECTED (FT_UNSPECIFIED)
ptp4l[14372.729]: master offset     429109 s2 freq -5304738 path delay    674907
ptp4l[14373.729]: master offset    -504927 s2 freq -5398647 path delay    674907
ptp4l[14374.733]: master offset     546936 s2 freq -5292913 path delay    576513
ptp4l[14375.734]: master offset    -300895 s2 freq -5377997 path delay    576513
ptp4l[14376.734]: master offset    -365680 s2 freq -5384842 path delay    576513
ptp4l[14377.736]: master offset    -261868 s2 freq -5374722 path delay    442586
ptp4l[14378.737]: master offset    -195201 s2 freq -5368251 path delay    405157
ptp4l[14379.740]: master offset     428168 s2 freq -5305486 path delay    405157
ptp4l[14380.738]: master offset     -96620 s2 freq -5358061 path delay    513864
ptp4l[14381.740]: master offset     187131 s2 freq -5329499 path delay    623732
ptp4l[14382.744]: master offset    2736162 s2 freq -5071860 path delay    623732
ptp4l[14383.743]: master offset    -153763 s2 freq -5361006 path delay    626566
ptp4l[14384.755]: master offset    9443716 s2 freq -4391814 path delay    626566
ptp4l[14385.753]: master offset    1476547 s2 freq -5187055 path delay    626566
ptp4l[14386.758]: master offset     -83899 s2 freq -5343183 path delay    878583
ptp4l[14387.763]: master offset    3984657 s2 freq -4932343 path delay    927545
ptp4l[14388.027]: port 2: FAULTY to LISTENING on INIT_COMPLETE
ptp4l[14388.772]: master offset    -484202 s2 freq -5379713 path delay    927545
ptp4l[14389.777]: master offset     606287 s2 freq -5270058 path delay    927545
ptp4l[14390.780]: master offset    1099247 s2 freq -5219662 path delay    927545
ptp4l[14391.787]: master offset    2699003 s2 freq -5056988 path delay    985253
ptp4l[14392.784]: master offset    3460086 s2 freq -4977419 path delay   1119037
ptp4l[14393.782]: master offset    -283489 s2 freq -5352060 path delay   1294329
ptp4l[14394.782]: master offset    -367285 s2 freq -5360807 path delay   1119037
ptp4l[14395.351]: port 2: LISTENING to MASTER on ANNOUNCE_RECEIPT_TIMEOUT_EXPIRES
ptp4l[14395.351]: selected best master clock 9e156d.fffe.c35e83
ptp4l[14395.351]: foreign master not using PTP timescale
ptp4l[14395.783]: master offset    -570785 s2 freq -5381728 path delay   1109574
ptp4l[14396.372]: timed out while polling for tx timestamp
ptp4l[14396.372]: increasing tx_timestamp_timeout may correct this issue, but it is likely caused by a driver bug
ptp4l[14396.372]: port 2: send sync failed
ptp4l[14396.372]: port 2: MASTER to FAULTY on FAULT_DETECTED (FT_UNSPECIFIED)
ptp4l[14396.784]: master offset    1233361 s2 freq -5200080 path delay    965199
ptp4l[14397.790]: master offset    5357046 s2 freq -4782355 path delay   1297127
ptp4l[14398.786]: master offset      43755 s2 freq -5313640 path delay   1297127
ptp4l[14399.786]: master offset    -347815 s2 freq -5353145 path delay   1212343
ptp4l[14400.786]: master offset    -425067 s2 freq -5361295 path delay   1212343
ptp4l[14401.789]: master offset     145482 s2 freq -5304095 path delay   1081645
ptp4l[14402.789]: master offset    -265548 s2 freq -5345463 path delay   1081645
ptp4l[14403.791]: master offset     -51870 s2 freq -5324147 path delay    978170
ptp4l[14404.792]: master offset      13373 s2 freq -5317610 path delay    939716
ptp4l[14405.793]: master offset     115951 s2 freq -5307236 path delay    939716
ptp4l[14406.794]: master offset    -218040 s2 freq -5340853 path delay    882967
ptp4l[14407.798]: master offset     408005 s2 freq -5277840 path delay    829695
ptp4l[14408.798]: master offset    -375100 s2 freq -5356526 path delay    829695
ptp4l[14409.800]: master offset    -578984 s2 freq -5377493 path delay    829695
ptp4l[14410.800]: master offset    -620451 s2 freq -5382261 path delay    829695
ptp4l[14411.803]: master offset     -52367 s2 freq -5325505 path delay    829695
ptp4l[14412.374]: port 2: FAULTY to LISTENING on INIT_COMPLETE
ptp4l[14412.805]: master offset    1265879 s2 freq -5192414 path delay    880491
ptp4l[14413.804]: master offset    -303083 s2 freq -5349613 path delay    952228
ptp4l[14414.807]: master offset    -363658 s2 freq -5356035 path delay   1122823
ptp4l[14415.806]: master offset    -836983 s2 freq -5404204 path delay   1146046
ptp4l[14416.811]: master offset    2815414 s2 freq -5036149 path delay   1146046
ptp4l[14417.811]: master offset    1096457 s2 freq -5206948 path delay   1302690
ptp4l[14418.589]: port 2: LISTENING to MASTER on ANNOUNCE_RECEIPT_TIMEOUT_EXPIRES
ptp4l[14418.590]: selected best master clock 9e156d.fffe.c35e83
ptp4l[14418.590]: foreign master not using PTP timescale
ptp4l[14418.810]: master offset    -568596 s2 freq -5374022 path delay   1334720
ptp4l[14419.613]: timed out while polling for tx timestamp
ptp4l[14419.613]: increasing tx_timestamp_timeout may correct this issue, but it is likely caused by a driver bug
ptp4l[14419.613]: port 2: send sync failed
ptp4l[14419.613]: port 2: MASTER to FAULTY on FAULT_DETECTED (FT_UNSPECIFIED)
ptp4l[14419.810]: master offset    -165051 s2 freq -5333833 path delay   1334720
ptp4l[14420.809]: master offset   -1160310 s2 freq -5434519 path delay   1302690
ptp4l[14421.810]: master offset   -1130324 s2 freq -5432651 path delay   1334720
ptp4l[14422.814]: master offset    1727200 s2 freq -5145171 path delay   1334720
ptp4l[14423.817]: master offset    -397471 s2 freq -5358036 path delay   1381090
ptp4l[14424.816]: master offset   -1020836 s2 freq -5421393 path delay   1381090
ptp4l[14425.821]: master offset    1962811 s2 freq -5121065 path delay   1334720
ptp4l[14426.824]: master offset     729087 s2 freq -5243709 path delay   1334720
ptp4l[14427.830]: master offset    2193757 s2 freq -5095048 path delay   1302690
ptp4l[14428.833]: master offset    1117712 s2 freq -5201535 path delay   1334720
ptp4l[14429.835]: master offset     711460 s2 freq -5241448 path delay   1414918
ptp4l[14430.836]: master offset     -75769 s2 freq -5320247 path delay   1414918
ptp4l[14431.838]: master offset    2417354 s2 freq -5068517 path delay   1287586
ptp4l[14432.836]: master offset   -1028607 s2 freq -5414142 path delay   1367524
ptp4l[14433.837]: master offset    -941187 s2 freq -5406341 path delay   1367524
ptp4l[14434.839]: master offset    -244218 s2 freq -5336889 path delay   1216991
ptp4l[14435.617]: port 2: FAULTY to LISTENING on INIT_COMPLETE
ptp4l[14435.840]: master offset     -46920 s2 freq -5317206 path delay    776417
ptp4l[14436.839]: master offset     -31309 s2 freq -5315676 path delay    776417
ptp4l[14437.839]: master offset    -516809 s2 freq -5364743 path delay    698939
ptp4l[14438.841]: master offset    -291974 s2 freq -5342551 path delay    660524
ptp4l[14439.844]: master offset     803472 s2 freq -5232203 path delay    618166
ptp4l[14440.847]: master offset    1751543 s2 freq -5135645 path delay    618166
ptp4l[14441.846]: master offset     459297 s2 freq -5264410 path delay    618166
ptp4l[14442.506]: port 2: LISTENING to MASTER on ANNOUNCE_RECEIPT_TIMEOUT_EXPIRES
ptp4l[14442.506]: selected best master clock 9e156d.fffe.c35e83
ptp4l[14442.506]: foreign master not using PTP timescale
ptp4l[14442.851]: master offset    2347604 s2 freq -5073232 path delay    660524
ptp4l[14443.851]: master offset     489444 s2 freq -5258558 path delay    869708
ptp4l[14444.529]: timed out while polling for tx timestamp
ptp4l[14444.530]: increasing tx_timestamp_timeout may correct this issue, but it is likely caused by a driver bug
ptp4l[14444.530]: port 2: send sync failed
ptp4l[14444.530]: port 2: MASTER to FAULTY on FAULT_DETECTED (FT_UNSPECIFIED)
ptp4l[14444.852]: master offset     310926 s2 freq -5276099 path delay    869708
ptp4l[14445.862]: master offset    4565529 s2 freq -4846073 path delay    948494
ptp4l[14446.857]: master offset    -827982 s2 freq -5386252 path delay   1009063
ptp4l[14447.860]: master offset    -172121 s2 freq -5320838 path delay   1009063
ptp4l[14448.865]: master offset    -300898 s2 freq -5334017 path delay   1009063
ptp4l[14449.867]: master offset     507064 s2 freq -5252714 path delay   1009063
ptp4l[14450.866]: master offset    -557495 s2 freq -5359727 path delay   1009063
ptp4l[14451.866]: master offset    -336943 s2 freq -5338009 path delay    768828
ptp4l[14452.867]: master offset    -207899 s2 freq -5325312 path delay    633702
ptp4l[14453.869]: master offset    -263484 s2 freq -5331134 path delay    633702
ptp4l[14454.871]: master offset     557657 s2 freq -5248462 path delay    633702
ptp4l[14455.873]: master offset     157847 s2 freq -5288286 path delay    633702
ptp4l[14456.874]: master offset     948351 s2 freq -5208287 path delay    601888
ptp4l[14457.876]: master offset     511296 s2 freq -5251481 path delay    601888
ptp4l[14458.877]: master offset      52195 s2 freq -5297339 path delay    601888
ptp4l[14459.879]: master offset     126538 s2 freq -5289778 path delay    712173
ptp4l[14460.531]: port 2: FAULTY to LISTENING on INIT_COMPLETE
ptp4l[14460.880]: master offset    -275594 s2 freq -5330267 path delay    725545
ptp4l[14461.879]: master offset    -522049 s2 freq -5355434 path delay    725545
ptp4l[14462.881]: master offset    -490375 s2 freq -5352757 path delay    725545
ptp4l[14463.884]: master offset     175461 s2 freq -5285998 path delay    725545
ptp4l[14464.882]: master offset    -368664 s2 freq -5340780 path delay    599125
ptp4l[14465.883]: master offset    -201600 s2 freq -5324275 path delay    558873
ptp4l[14466.764]: port 2: LISTENING to MASTER on ANNOUNCE_RECEIPT_TIMEOUT_EXPIRES
ptp4l[14466.764]: selected best master clock 9e156d.fffe.c35e83
ptp4l[14466.764]: foreign master not using PTP timescale
ptp4l[14466.883]: master offset    -431891 s2 freq -5347736 path delay    527857
ptp4l[14467.785]: timed out while polling for tx timestamp
ptp4l[14467.785]: increasing tx_timestamp_timeout may correct this issue, but it is likely caused by a driver bug
ptp4l[14467.785]: port 2: send sync failed
ptp4l[14467.785]: port 2: MASTER to FAULTY on FAULT_DETECTED (FT_UNSPECIFIED)
ptp4l[14467.883]: master offset    -236934 s2 freq -5328477 path delay    527857
ptp4l[14468.883]: master offset    -287858 s2 freq -5333857 path delay    448669
ptp4l[14469.883]: master offset     -95314 s2 freq -5314698 path delay    295794
ptp4l[14470.887]: master offset    1117092 s2 freq -5192340 path delay    295794
ptp4l[14471.885]: master offset     232476 s2 freq -5280570 path delay    295794
ptp4l[14477.682]: port 1: SLAVE to MASTER on ANNOUNCE_RECEIPT_TIMEOUT_EXPIRES
ptp4l[14477.682]: selected local clock 66a489.fffe.046760 as best master
ptp4l[14477.683]: port 1: assuming the grand master role
ptp4l[14477.683]: port 2: assuming the grand master role
