--- 22:35:31 ---
     remote           refid      st t when poll reach   delay   offset   jitter
===============================================================================
 boundary1       .INIT.          16 u    -   64    0   0.0000   0.0000   0.0001
--- 22:35:46 ---
     remote           refid      st t when poll reach   delay   offset   jitter
===============================================================================
 boundary1       .INIT.          16 u    -   64    0   0.0000   0.0000   0.0001
--- 22:36:01 ---
     remote           refid      st t when poll reach   delay   offset   jitter
===============================================================================
 boundary1       .INIT.          16 u    -   64    0   0.0000   0.0000   0.0001
--- 22:36:16 ---
     remote           refid      st t when poll reach   delay   offset   jitter
===============================================================================
 boundary1       .INIT.          16 u    -   64    0   0.0000   0.0000   0.0001
--- 22:36:31 ---
     remote           refid      st t when poll reach   delay   offset   jitter
===============================================================================
 boundary1       .INIT.          16 u    -   64    0   0.0000   0.0000   0.0001
--- 22:36:46 ---
     remote           refid      st t when poll reach   delay   offset   jitter
===============================================================================
 boundary1       .INIT.          16 u    -   64    0   0.0000   0.0000   0.0001
--- 22:37:01 ---
     remote           refid      st t when poll reach   delay   offset   jitter
===============================================================================
 boundary1       .INIT.          16 u    -   64    0   0.0000   0.0000   0.0001
--- 22:37:16 ---
     remote           refid      st t when poll reach   delay   offset   jitter
===============================================================================
 boundary1       .INIT.          16 u    -   64    0   0.0000   0.0000   0.0001
--- 22:37:31 ---
     remote           refid      st t when poll reach   delay   offset   jitter
===============================================================================
 boundary1       .INIT.          16 u    -   64    0   0.0000   0.0000   0.0001
--- 22:37:46 ---
     remote           refid      st t when poll reach   delay   offset   jitter
===============================================================================
 boundary1       .INIT.          16 u    -   64    0   0.0000   0.0000   0.0001
--- 22:38:01 ---
     remote           refid      st t when poll reach   delay   offset   jitter
===============================================================================
 boundary1       .INIT.          16 u    -   64    0   0.0000   0.0000   0.0001
--- 22:38:16 ---
     remote           refid      st t when poll reach   delay   offset   jitter
===============================================================================
 boundary1       .INIT.          16 u    -   64    0   0.0000   0.0000   0.0001
--- 22:38:31 ---
     remote           refid      st t when poll reach   delay   offset   jitter
===============================================================================
 boundary1       .INIT.          16 u    -   64    0   0.0000   0.0000   0.0001
--- 22:38:47 ---
     remote           refid      st t when poll reach   delay   offset   jitter
===============================================================================
 boundary1       .INIT.          16 u    -   64    0   0.0000   0.0000   0.0001
--- 22:39:02 ---
     remote           refid      st t when poll reach   delay   offset   jitter
===============================================================================
 boundary1       .INIT.          16 u    -   64    0   0.0000   0.0000   0.0001
--- 22:39:17 ---
     remote           refid      st t when poll reach   delay   offset   jitter
===============================================================================
 boundary1       .INIT.          16 u    -   64    0   0.0000   0.0000   0.0001
--- 22:39:32 ---
     remote           refid      st t when poll reach   delay   offset   jitter
===============================================================================
 boundary1       .INIT.          16 u    -   64    0   0.0000   0.0000   0.0001
--- 22:39:47 ---
     remote           refid      st t when poll reach   delay   offset   jitter
===============================================================================
 boundary1       .INIT.          16 u    -   64    0   0.0000   0.0000   0.0001
--- 22:40:02 ---
     remote           refid      st t when poll reach   delay   offset   jitter
===============================================================================
 boundary1       .INIT.          16 u    -   64    0   0.0000   0.0000   0.0001
--- 22:40:17 ---
     remote           refid      st t when poll reach   delay   offset   jitter
===============================================================================
 boundary1       .INIT.          16 u    -   64    0   0.0000   0.0000   0.0001
--- 22:40:32 ---
     remote           refid      st t when poll reach   delay   offset   jitter
===============================================================================
 boundary1       .INIT.          16 u    -   64    0   0.0000   0.0000   0.0001
--- 22:40:47 ---
     remote           refid      st t when poll reach   delay   offset   jitter
===============================================================================
 boundary1       .INIT.          16 u    -   64    0   0.0000   0.0000   0.0001
--- 22:41:02 ---
     remote           refid      st t when poll reach   delay   offset   jitter
===============================================================================
 boundary1       .INIT.          16 u    -   64    0   0.0000   0.0000   0.0001
--- 22:41:17 ---
     remote           refid      st t when poll reach   delay   offset   jitter
===============================================================================
 boundary1       .INIT.          16 u    -   64    0   0.0000   0.0000   0.0001
--- 22:41:32 ---
     remote           refid      st t when poll reach   delay   offset   jitter
===============================================================================
 boundary1       .INIT.          16 u    -   64    0   0.0000   0.0000   0.0001
--- 22:41:47 ---
     remote           refid      st t when poll reach   delay   offset   jitter
===============================================================================
 boundary1       .INIT.          16 u    -   64    0   0.0000   0.0000   0.0001
--- 22:42:02 ---
     remote           refid      st t when poll reach   delay   offset   jitter
===============================================================================
 boundary1       .INIT.          16 u    -   64    0   0.0000   0.0000   0.0001
--- 22:42:17 ---
     remote           refid      st t when poll reach   delay   offset   jitter
===============================================================================
 boundary1       .INIT.          16 u    -   64    0   0.0000   0.0000   0.0001
--- 22:42:33 ---
     remote           refid      st t when poll reach   delay   offset   jitter
===============================================================================
 boundary1       .INIT.          16 u    -   64    0   0.0000   0.0000   0.0001
--- 22:42:48 ---
     remote           refid      st t when poll reach   delay   offset   jitter
===============================================================================
 boundary1       .INIT.          16 u    -   64    0   0.0000   0.0000   0.0001
--- 22:43:03 ---
     remote           refid      st t when poll reach   delay   offset   jitter
===============================================================================
 boundary1       .INIT.          16 u    -   64    0   0.0000   0.0000   0.0001
--- 22:43:18 ---
     remote           refid      st t when poll reach   delay   offset   jitter
===============================================================================
 boundary1       .INIT.          16 u    -   64    0   0.0000   0.0000   0.0001
--- 22:43:33 ---
     remote           refid      st t when poll reach   delay   offset   jitter
===============================================================================
 boundary1       .INIT.          16 u    -   64    0   0.0000   0.0000   0.0001
--- 22:43:48 ---
     remote           refid      st t when poll reach   delay   offset   jitter
===============================================================================
 boundary1       .INIT.          16 u    -   64    0   0.0000   0.0000   0.0001
--- 22:44:03 ---
     remote           refid      st t when poll reach   delay   offset   jitter
===============================================================================
 boundary1       .INIT.          16 u    -   64    0   0.0000   0.0000   0.0001
--- 22:44:18 ---
     remote           refid      st t when poll reach   delay   offset   jitter
===============================================================================
 boundary1       .INIT.          16 u    -   64    0   0.0000   0.0000   0.0001
--- 22:44:33 ---
     remote           refid      st t when poll reach   delay   offset   jitter
===============================================================================
 boundary1       10.0.10.4       10 u    -  128    1  14.5990  -6.4669   1.7372
--- 22:44:48 ---
     remote           refid      st t when poll reach   delay   offset   jitter
===============================================================================
*boundary1       10.0.10.4       10 u    7   64    1  19.3861  -9.0402   2.0824
--- 22:45:03 ---
     remote           refid      st t when poll reach   delay   offset   jitter
===============================================================================
*boundary1       10.0.10.4       10 u   22   64    1  19.3861  -9.0402   2.0824
--- 22:45:18 ---
     remote           refid      st t when poll reach   delay   offset   jitter
===============================================================================
*boundary1       10.0.10.4       10 u   37   64    1  19.3861  -9.0402   2.0824
--- 22:45:33 ---
     remote           refid      st t when poll reach   delay   offset   jitter
===============================================================================
*boundary1       10.0.10.4       10 u   52   64    1  19.3861  -9.0402   2.0824
--- 22:45:48 ---
     remote           refid      st t when poll reach   delay   offset   jitter
===============================================================================
*boundary1       10.0.10.4       10 u    8   64    3  17.2696  -6.9303   1.3161
--- 22:46:03 ---
     remote           refid      st t when poll reach   delay   offset   jitter
===============================================================================
*boundary1       10.0.10.4       10 u   23   64    3  17.2696  -6.9303   1.3161
--- 22:46:19 ---
     remote           refid      st t when poll reach   delay   offset   jitter
===============================================================================
*boundary1       10.0.10.4       10 u   38   64    3  17.2696  -6.9303   1.3161
--- 22:46:34 ---
     remote           refid      st t when poll reach   delay   offset   jitter
===============================================================================
*boundary1       10.0.10.4       10 u   54   64    3  17.2696  -6.9303   1.3161
--- 22:46:49 ---
     remote           refid      st t when poll reach   delay   offset   jitter
===============================================================================
*boundary1       10.0.10.4       10 u    -   64    7  22.3327 -10.1196   2.8855
--- 22:47:04 ---
     remote           refid      st t when poll reach   delay   offset   jitter
===============================================================================
*boundary1       10.0.10.4       10 u   15   64    7  22.3327 -10.1196   2.8855
--- 22:47:19 ---
     remote           refid      st t when poll reach   delay   offset   jitter
===============================================================================
*boundary1       10.0.10.4       10 u   30   64    7  22.3327 -10.1196   2.8855
--- 22:47:34 ---
     remote           refid      st t when poll reach   delay   offset   jitter
===============================================================================
*boundary1       10.0.10.4       10 u   45   64    7  22.3327 -10.1196   2.8855
--- 22:47:49 ---
     remote           refid      st t when poll reach   delay   offset   jitter
===============================================================================
*boundary1       10.0.10.4       10 u   60   64    7  22.3327 -10.1196   2.8855
--- 22:48:04 ---
     remote           refid      st t when poll reach   delay   offset   jitter
===============================================================================
*boundary1       10.0.10.4       10 u    7   64   17  14.6522  -6.1007   2.1713
--- 22:48:19 ---
     remote           refid      st t when poll reach   delay   offset   jitter
===============================================================================
*boundary1       10.0.10.4       10 u   22   64   17  14.6522  -6.1007   2.1713
--- 22:48:34 ---
     remote           refid      st t when poll reach   delay   offset   jitter
===============================================================================
*boundary1       10.0.10.4       10 u   37   64   17  14.6522  -6.1007   2.1713
--- 22:48:49 ---
     remote           refid      st t when poll reach   delay   offset   jitter
===============================================================================
*boundary1       10.0.10.4       10 u   52   64   17  14.6522  -6.1007   2.1713
--- 22:49:04 ---
     remote           refid      st t when poll reach   delay   offset   jitter
===============================================================================
*boundary1       10.0.10.4       10 u    -   64   37  16.8722  -7.5454   1.4958
--- 22:49:19 ---
     remote           refid      st t when poll reach   delay   offset   jitter
===============================================================================
*boundary1       10.0.10.4       10 u   15   64   37  16.8722  -7.5454   1.4958
--- 22:49:34 ---
     remote           refid      st t when poll reach   delay   offset   jitter
===============================================================================
*boundary1       10.0.10.4       10 u   30   64   37  16.8722  -7.5454   1.4958
--- 22:49:49 ---
     remote           refid      st t when poll reach   delay   offset   jitter
===============================================================================
*boundary1       10.0.10.4       10 u   45   64   37  16.8722  -7.5454   1.4958
--- 22:50:04 ---
     remote           refid      st t when poll reach   delay   offset   jitter
===============================================================================
*boundary1       10.0.10.4       10 u   60   64   37  16.8722  -7.5454   1.4958
--- 22:50:20 ---
     remote           refid      st t when poll reach   delay   offset   jitter
===============================================================================
*boundary1       10.0.10.4       10 u    7   64   77  15.6723  -7.0427   1.5258
--- 22:50:35 ---
     remote           refid      st t when poll reach   delay   offset   jitter
===============================================================================
*boundary1       10.0.10.4       10 u   22   64   77  15.6723  -7.0427   1.5258
--- 22:50:50 ---
     remote           refid      st t when poll reach   delay   offset   jitter
===============================================================================
*boundary1       10.0.10.4       10 u   37   64   77  15.6723  -7.0427   1.5258
--- 22:51:05 ---
     remote           refid      st t when poll reach   delay   offset   jitter
===============================================================================
*boundary1       10.0.10.4       10 u   52   64   77  15.6723  -7.0427   1.5258
--- 22:51:20 ---
     remote           refid      st t when poll reach   delay   offset   jitter
===============================================================================
*boundary1       10.0.10.4       10 u    1   64  177  22.5473  -9.6062   2.2858
--- 22:51:35 ---
     remote           refid      st t when poll reach   delay   offset   jitter
===============================================================================
*boundary1       10.0.10.4       10 u   16   64  177  22.5473  -9.6062   2.2858
--- 22:51:50 ---
     remote           refid      st t when poll reach   delay   offset   jitter
===============================================================================
*boundary1       10.0.10.4       10 u   31   64  177  22.5473  -9.6062   2.2858
--- 22:52:05 ---
     remote           refid      st t when poll reach   delay   offset   jitter
===============================================================================
*boundary1       10.0.10.4       10 u   46   64  177  22.5473  -9.6062   2.2858
--- 22:52:20 ---
     remote           refid      st t when poll reach   delay   offset   jitter
===============================================================================
*boundary1       10.0.10.4       10 u   61   64  177  22.5473  -9.6062   2.2858
--- 22:52:35 ---
     remote           refid      st t when poll reach   delay   offset   jitter
===============================================================================
*boundary1       10.0.10.4       10 u   10   64  377  14.6888  -6.6979   1.9603
--- 22:52:50 ---
     remote           refid      st t when poll reach   delay   offset   jitter
===============================================================================
*boundary1       10.0.10.4       10 u   25   64  377  14.6888  -6.6979   1.9603
--- 22:53:05 ---
     remote           refid      st t when poll reach   delay   offset   jitter
===============================================================================
*boundary1       10.0.10.4       10 u   40   64  377  14.6888  -6.6979   1.9603
--- 22:53:20 ---
     remote           refid      st t when poll reach   delay   offset   jitter
===============================================================================
*boundary1       10.0.10.4       10 u   55   64  377  14.6888  -6.6979   1.9603
--- 22:53:35 ---
     remote           refid      st t when poll reach   delay   offset   jitter
===============================================================================
*boundary1       10.0.10.4       10 u    4   64  377  15.1477  -6.7057   1.7445
--- 22:53:50 ---
     remote           refid      st t when poll reach   delay   offset   jitter
===============================================================================
*boundary1       10.0.10.4       10 u   19   64  377  15.1477  -6.7057   1.7445
--- 22:54:06 ---
     remote           refid      st t when poll reach   delay   offset   jitter
===============================================================================
*boundary1       10.0.10.4       10 u   34   64  377  15.1477  -6.7057   1.7445
--- 22:54:21 ---
     remote           refid      st t when poll reach   delay   offset   jitter
===============================================================================
*boundary1       10.0.10.4       10 u   50   64  377  15.1477  -6.7057   1.7445
--- 22:54:36 ---
     remote           refid      st t when poll reach   delay   offset   jitter
===============================================================================
*boundary1       10.0.10.4       10 u   65   64  377  15.1477  -6.7057   1.7445
--- 22:54:51 ---
     remote           refid      st t when poll reach   delay   offset   jitter
===============================================================================
*boundary1       10.0.10.4       10 u   14   64  377  20.1670  -8.7099   1.7647
--- 22:55:06 ---
     remote           refid      st t when poll reach   delay   offset   jitter
===============================================================================
*boundary1       10.0.10.4       10 u   29   64  377  20.1670  -8.7099   1.7647
--- 22:55:21 ---
     remote           refid      st t when poll reach   delay   offset   jitter
===============================================================================
*boundary1       10.0.10.4       10 u   44   64  377  20.1670  -8.7099   1.7647
--- 22:55:36 ---
     remote           refid      st t when poll reach   delay   offset   jitter
===============================================================================
*boundary1       10.0.10.4       10 u   59   64  377  20.1670  -8.7099   1.7647
--- 22:55:51 ---
     remote           refid      st t when poll reach   delay   offset   jitter
===============================================================================
*boundary1       10.0.10.4       10 u    6   64  377  14.2926  -6.3588   1.6147
--- 22:56:06 ---
     remote           refid      st t when poll reach   delay   offset   jitter
===============================================================================
*boundary1       10.0.10.4       10 u   21   64  377  14.2926  -6.3588   1.6147
--- 22:56:21 ---
     remote           refid      st t when poll reach   delay   offset   jitter
===============================================================================
*boundary1       10.0.10.4       10 u   36   64  377  14.2926  -6.3588   1.6147
--- 22:56:36 ---
     remote           refid      st t when poll reach   delay   offset   jitter
===============================================================================
*boundary1       10.0.10.4       10 u   51   64  377  14.2926  -6.3588   1.6147
--- 22:56:51 ---
     remote           refid      st t when poll reach   delay   offset   jitter
===============================================================================
*boundary1       10.0.10.4       10 u   66   64  377  14.2926  -6.3588   1.6147
--- 22:57:06 ---
     remote           refid      st t when poll reach   delay   offset   jitter
===============================================================================
*boundary1       10.0.10.4       10 u   13   64  377  14.2926  -6.3588   1.8362
--- 22:57:21 ---
     remote           refid      st t when poll reach   delay   offset   jitter
===============================================================================
*boundary1       10.0.10.4       10 u   28   64  377  14.2926  -6.3588   1.8362
--- 22:57:36 ---
     remote           refid      st t when poll reach   delay   offset   jitter
===============================================================================
*boundary1       10.0.10.4       10 u   43   64  377  14.2926  -6.3588   1.8362
--- 22:57:51 ---
     remote           refid      st t when poll reach   delay   offset   jitter
===============================================================================
*boundary1       10.0.10.4       10 u   58   64  377  14.2926  -6.3588   1.8362
--- 22:58:07 ---
     remote           refid      st t when poll reach   delay   offset   jitter
===============================================================================
*boundary1       10.0.10.4       10 u    8   64  377  14.2926  -6.3588   1.8629
--- 22:58:22 ---
     remote           refid      st t when poll reach   delay   offset   jitter
===============================================================================
*boundary1       10.0.10.4       10 u   23   64  377  14.2926  -6.3588   1.8629
--- 22:58:37 ---
     remote           refid      st t when poll reach   delay   offset   jitter
===============================================================================
*boundary1       10.0.10.4       10 u   38   64  377  14.2926  -6.3588   1.8629
--- 22:58:52 ---
     remote           refid      st t when poll reach   delay   offset   jitter
===============================================================================
*boundary1       10.0.10.4       10 u   53   64  377  14.2926  -6.3588   1.8629
--- 22:59:07 ---
     remote           refid      st t when poll reach   delay   offset   jitter
===============================================================================
*boundary1       10.0.10.4       10 u    1   64  377  14.2926  -6.3588   1.8656
--- 22:59:22 ---
     remote           refid      st t when poll reach   delay   offset   jitter
===============================================================================
*boundary1       10.0.10.4       10 u   16   64  377  14.2926  -6.3588   1.8656
--- 22:59:37 ---
     remote           refid      st t when poll reach   delay   offset   jitter
===============================================================================
*boundary1       10.0.10.4       10 u   31   64  377  14.2926  -6.3588   1.8656
--- 22:59:52 ---
     remote           refid      st t when poll reach   delay   offset   jitter
===============================================================================
*boundary1       10.0.10.4       10 u   46   64  377  14.2926  -6.3588   1.8656
--- 23:00:07 ---
     remote           refid      st t when poll reach   delay   offset   jitter
===============================================================================
*boundary1       10.0.10.4       10 u   61   64  377  14.2926  -6.3588   1.8656
--- 23:00:22 ---
     remote           refid      st t when poll reach   delay   offset   jitter
===============================================================================
*boundary1       10.0.10.4       10 u    7   64  377  11.8294  -5.7339   1.8574
