ptp4l[11839.410]: port 1: INITIALIZING to LISTENING on INIT_COMPLETE
ptp4l[11839.410]: port 2: INITIALIZING to LISTENING on INIT_COMPLETE
ptp4l[11839.410]: port 0: INITIALIZING to LISTENING on INIT_COMPLETE
ptp4l[11843.064]: port 1: new foreign master 5a0df4.fffe.15afce-1
ptp4l[11846.695]: port 2: LISTENING to MASTER on ANNOUNCE_RECEIPT_TIMEOUT_EXPIRES
ptp4l[11846.696]: selected local clock 5e3cb5.fffe.e11589 as best master
ptp4l[11846.696]: port 2: assuming the grand master role
ptp4l[11847.067]: selected best master clock 5a0df4.fffe.15afce
ptp4l[11847.067]: foreign master not using PTP timescale
ptp4l[11847.067]: port 1: LISTENING to UNCALIBRATED on RS_SLAVE
ptp4l[11849.070]: master offset    1430516 s0 freq -500000 path delay    640282
ptp4l[11850.069]: master offset     154954 s0 freq -500000 path delay    640282
ptp4l[11851.068]: master offset     274660 s0 freq -500000 path delay    685659
ptp4l[11852.070]: master offset     847533 s0 freq -500000 path delay    819143
ptp4l[11853.069]: master offset    -404297 s0 freq -500000 path delay    963247
ptp4l[11854.069]: master offset    -101352 s0 freq -500000 path delay    899340
ptp4l[11855.070]: master offset     -42449 s0 freq -500000 path delay    899340
ptp4l[11856.070]: master offset    -732695 s0 freq -500000 path delay    922633
ptp4l[11857.072]: master offset    -713070 s0 freq -500000 path delay    884343
ptp4l[11858.073]: master offset       6942 s0 freq -500000 path delay    884343
ptp4l[11859.073]: master offset    -624223 s0 freq -500000 path delay    922205
ptp4l[11860.076]: master offset    2280224 s0 freq -500000 path delay    922205
ptp4l[11861.073]: master offset    -850017 s0 freq -500000 path delay    948250
ptp4l[11862.075]: master offset    -483942 s0 freq -500000 path delay    948250
ptp4l[11863.075]: master offset      97175 s0 freq -500000 path delay    883915
ptp4l[11864.075]: master offset    -561720 s0 freq -500000 path delay    883915
ptp4l[11865.077]: master offset    -176003 s1 freq -600413 path delay    689163
ptp4l[11866.078]: master offset     315815 s2 freq -568516 path delay    689163
ptp4l[11866.079]: port 1: UNCALIBRATED to SLAVE on MASTER_CLOCK_SELECTED
ptp4l[11867.077]: master offset    -395571 s2 freq -640050 path delay    756359
ptp4l[11868.077]: master offset    -349773 s2 freq -635820 path delay    642252
ptp4l[11869.078]: master offset     -44766 s2 freq -605364 path delay    642252
ptp4l[11870.080]: master offset     426935 s2 freq -557767 path delay    642252
ptp4l[11871.079]: master offset     -56814 s2 freq -606199 path delay    642252
ptp4l[11872.082]: master offset     769847 s2 freq -522763 path delay    671484
ptp4l[11873.081]: master offset    -292955 s2 freq -629336 path delay    671484
ptp4l[11874.080]: master offset    -488783 s2 freq -649408 path delay    642252
ptp4l[11875.083]: master offset    1465064 s2 freq -452558 path delay    642252
ptp4l[11876.084]: master offset    1011695 s2 freq -496883 path delay    671484
ptp4l[11877.083]: master offset    -514054 s2 freq -649972 path delay    792125
ptp4l[11878.086]: master offset    1688056 s2 freq -428073 path delay    810135
ptp4l[11879.085]: master offset    -131136 s2 freq -610123 path delay    920670
ptp4l[11880.086]: master offset     744266 s2 freq -521839 path delay    920670
ptp4l[11881.085]: master offset    -659900 s2 freq -662916 path delay    920670
ptp4l[11882.086]: master offset     467142 s2 freq -549744 path delay    838999
ptp4l[11883.085]: master offset    -678919 s2 freq -665029 path delay    905017
ptp4l[11884.088]: master offset     214333 s2 freq -575490 path delay    728464
ptp4l[11885.088]: master offset     460733 s2 freq -550389 path delay    697776
ptp4l[11886.088]: master offset      24434 s2 freq -593994 path delay    697776
ptp4l[11887.088]: master offset     298438 s2 freq -566296 path delay    713917
ptp4l[11888.089]: master offset     789532 s2 freq -516397 path delay    713917
ptp4l[11889.088]: master offset    -233896 s2 freq -618973 path delay    713917
ptp4l[11890.091]: master offset    1014956 s2 freq -493073 path delay    703207
ptp4l[11891.091]: master offset    1191307 s2 freq -474247 path delay    744431
ptp4l[11892.091]: master offset    -113711 s2 freq -604862 path delay    744431
ptp4l[11893.093]: master offset    1208181 s2 freq -471465 path delay    744431
ptp4l[11894.093]: master offset    -485262 s2 freq -641294 path delay   1153531
ptp4l[11895.094]: master offset    -630264 s2 freq -656425 path delay   1153531
ptp4l[11896.095]: master offset    -158345 s2 freq -609391 path delay   1153531
ptp4l[11897.095]: master offset    -452954 s2 freq -639305 path delay   1169687
ptp4l[11898.097]: master offset     -58641 s2 freq -599933 path delay   1169687
ptp4l[11899.096]: master offset    -482866 s2 freq -642838 path delay   1169687
ptp4l[11900.097]: master offset    -266167 s2 freq -621434 path delay    990702
ptp4l[11901.097]: master offset    -661534 s2 freq -661632 path delay    948029
ptp4l[11902.100]: master offset     240474 s2 freq -571191 path delay    820332
ptp4l[11903.100]: master offset    -187442 s2 freq -614170 path delay    794270
ptp4l[11904.101]: master offset      17010 s2 freq -593708 path delay    828413
ptp4l[11905.100]: master offset    -262607 s2 freq -621932 path delay    894074
ptp4l[11906.102]: master offset     498572 s2 freq -545316 path delay    828413
ptp4l[11907.101]: master offset    -326713 s2 freq -628171 path delay    828413
ptp4l[11908.104]: master offset    1641663 s2 freq -429692 path delay    754671
ptp4l[11909.102]: master offset    -405152 s2 freq -634778 path delay    828413
ptp4l[11910.104]: master offset     343076 s2 freq -559613 path delay    828413
ptp4l[11911.104]: master offset    -389209 s2 freq -633230 path delay    862027
ptp4l[11912.106]: master offset     294063 s2 freq -564609 path delay    862027
ptp4l[11913.106]: master offset     -61351 s2 freq -600212 path delay    798702
ptp4l[11913.763]: timed out while polling for tx timestamp
ptp4l[11913.763]: increasing tx_timestamp_timeout may correct this issue, but it is likely caused by a driver bug
ptp4l[11913.763]: port 2: send sync failed
ptp4l[11913.763]: port 2: MASTER to FAULTY on FAULT_DETECTED (FT_UNSPECIFIED)
ptp4l[11914.107]: master offset     -18494 s2 freq -595945 path delay    815264
ptp4l[11915.106]: master offset    -166318 s2 freq -610893 path delay    741369
ptp4l[11916.108]: master offset     505504 s2 freq -543206 path delay    693832
ptp4l[11917.108]: master offset     -15214 s2 freq -595293 path delay    693832
ptp4l[11918.108]: master offset     250605 s2 freq -568460 path delay    693832
ptp4l[11919.108]: master offset    -363436 s2 freq -630228 path delay    693832
ptp4l[11920.110]: master offset     286911 s2 freq -564906 path delay    693832
ptp4l[11921.110]: master offset    -323414 s2 freq -626262 path delay    693832
ptp4l[11922.112]: master offset     645834 s2 freq -528691 path delay    593900
ptp4l[11923.111]: master offset     -91509 s2 freq -602517 path delay    593900
ptp4l[11924.112]: master offset     375434 s2 freq -555447 path delay    593900
ptp4l[11925.111]: master offset    -201432 s2 freq -613335 path delay    593900
ptp4l[11926.118]: master offset    -206514 s2 freq -614050 path delay    634610
ptp4l[11927.119]: master offset    -142044 s2 freq -607745 path delay    634610
ptp4l[11928.121]: master offset     405246 s2 freq -552611 path delay    625838
ptp4l[11929.121]: master offset      15391 s2 freq -591581 path delay    625838
ptp4l[11929.765]: port 2: FAULTY to LISTENING on INIT_COMPLETE
ptp4l[11930.122]: master offset     390304 s2 freq -553699 path delay    625838
ptp4l[11931.122]: master offset     -39478 s2 freq -596717 path delay    638684
ptp4l[11932.123]: master offset     -74056 s2 freq -600249 path delay    638684
ptp4l[11933.123]: master offset     -40174 s2 freq -596901 path delay    681851
ptp4l[11934.125]: master offset     236113 s2 freq -569036 path delay    681851
ptp4l[11935.125]: master offset    -119374 s2 freq -604704 path delay    752776
ptp4l[11936.125]: master offset     139388 s2 freq -578689 path delay    752776
ptp4l[11937.126]: master offset    -209879 s2 freq -613825 path delay    752776
ptp4l[11937.294]: port 2: LISTENING to MASTER on ANNOUNCE_RECEIPT_TIMEOUT_EXPIRES
ptp4l[11937.294]: selected best master clock 5a0df4.fffe.15afce
ptp4l[11937.294]: foreign master not using PTP timescale
ptp4l[11938.125]: master offset    -344919 s2 freq -627674 path delay    673079
ptp4l[11939.126]: master offset    -136681 s2 freq -606987 path delay    752776
ptp4l[11940.128]: master offset     555015 s2 freq -537262 path delay    770873
ptp4l[11941.128]: master offset    -109810 s2 freq -603855 path delay    770873
ptp4l[11942.130]: master offset     286239 s2 freq -563963 path delay    790908
ptp4l[11943.130]: master offset    -141335 s2 freq -606862 path delay    790908
ptp4l[11944.132]: master offset      25892 s2 freq -590114 path delay    772476
ptp4l[11945.133]: master offset     -20379 s2 freq -594761 path delay    772476
ptp4l[11946.137]: master offset     258767 s2 freq -566588 path delay    772476
ptp4l[11947.138]: master offset    -242161 s2 freq -616923 path delay    772476
ptp4l[11948.139]: master offset     430454 s2 freq -549231 path delay    727551
ptp4l[11949.141]: master offset      26361 s2 freq -589614 path delay    757804
ptp4l[11950.142]: master offset    1143148 s2 freq -476792 path delay    757804
ptp4l[11951.142]: master offset    -222024 s2 freq -613531 path delay    757804
ptp4l[11952.142]: master offset    -371008 s2 freq -628800 path delay    692844
ptp4l[11953.144]: master offset      47300 s2 freq -586922 path delay    692844
ptp4l[11954.145]: master offset     148047 s2 freq -576700 path delay    706429
ptp4l[11955.145]: master offset     286718 s2 freq -562546 path delay    706429
ptp4l[11956.147]: master offset     290902 s2 freq -561837 path delay    706429
ptp4l[11957.148]: master offset      -7133 s2 freq -591647 path delay    680933
ptp4l[11958.149]: master offset     800577 s2 freq -510076 path delay    680933
ptp4l[11959.149]: master offset      65707 s2 freq -583497 path delay    706429
ptp4l[11960.151]: master offset     455350 s2 freq -544077 path delay    680933
ptp4l[11961.151]: master offset    -147353 s2 freq -604495 path delay    695797
ptp4l[11962.153]: master offset     391264 s2 freq -550242 path delay    695797
ptp4l[11963.151]: master offset    -332626 s2 freq -622964 path delay    695797
ptp4l[11964.152]: master offset    -198167 s2 freq -609716 path delay    680933
ptp4l[11965.153]: master offset    -400325 s2 freq -630332 path delay    686970
ptp4l[11966.158]: master offset    -124050 s2 freq -602828 path delay    615823
ptp4l[11967.158]: master offset    -318239 s2 freq -622566 path delay    575402
ptp4l[11968.158]: master offset    -370226 s2 freq -628135 path delay    646549
ptp4l[11969.159]: master offset    -366080 s2 freq -628086 path delay    646549
ptp4l[11970.160]: master offset    -372303 s2 freq -629081 path delay    591721
ptp4l[11971.161]: master offset    -374220 s2 freq -629647 path delay    591721
ptp4l[11972.163]: master offset     845777 s2 freq -506801 path delay    591721
ptp4l[11973.163]: master offset    -459409 s2 freq -637779 path delay    678666
ptp4l[11974.163]: master offset    -244158 s2 freq -616498 path delay    678666
ptp4l[11975.163]: master offset    -244780 s2 freq -616805 path delay    678666
ptp4l[11976.163]: master offset    -200981 s2 freq -612626 path delay    591721
ptp4l[11977.164]: master offset    -345805 s2 freq -627454 path delay    591721
ptp4l[11978.164]: master offset    -392237 s2 freq -632490 path delay    594099
ptp4l[11979.164]: master offset    -400246 s2 freq -633691 path delay    594099
ptp4l[11980.166]: master offset    -195963 s2 freq -613459 path delay    467486
ptp4l[11981.167]: master offset    -249036 s2 freq -619015 path delay    467486
ptp4l[11982.168]: master offset     -86820 s2 freq -602880 path delay    306075
ptp4l[11983.169]: master offset    -142227 s2 freq -608563 path delay    306075
ptp4l[11984.171]: master offset     834807 s2 freq -510025 path delay    306075
ptp4l[11985.171]: master offset    -135023 s2 freq -607143 path delay    306075
ptp4l[11986.174]: master offset     833415 s2 freq -509466 path delay    243430
ptp4l[11987.174]: master offset    1138256 s2 freq -477843 path delay    243430
ptp4l[11988.176]: master offset     138190 s2 freq -577712 path delay    280148
ptp4l[11989.174]: master offset     -86441 s2 freq -600261 path delay    336281
ptp4l[11990.178]: master offset    1507492 s2 freq -439361 path delay    336281
ptp4l[11991.178]: master offset    -282328 s2 freq -618625 path delay    504530
ptp4l[11991.355]: timed out while polling for tx timestamp
ptp4l[11991.355]: increasing tx_timestamp_timeout may correct this issue, but it is likely caused by a driver bug
ptp4l[11991.355]: port 2: send sync failed
ptp4l[11991.355]: port 2: MASTER to FAULTY on FAULT_DETECTED (FT_UNSPECIFIED)
ptp4l[11992.178]: master offset       3951 s2 freq -589993 path delay    504530
ptp4l[11993.180]: master offset     568561 s2 freq -532963 path delay    504530
ptp4l[11994.180]: master offset     213519 s2 freq -568254 path delay    504530
ptp4l[11995.180]: master offset    -233809 s2 freq -613221 path delay    581924
ptp4l[11996.181]: master offset     283994 s2 freq -561156 path delay    610095
ptp4l[11997.182]: master offset    -421004 s2 freq -632077 path delay    660430
ptp4l[11998.182]: master offset    -418277 s2 freq -632223 path delay    660430
ptp4l[11999.185]: master offset    -270673 s2 freq -617733 path delay    610095
ptp4l[12000.186]: master offset     148498 s2 freq -575667 path delay    610095
ptp4l[12001.186]: master offset    -158307 s2 freq -606506 path delay    581924
ptp4l[12002.189]: master offset    1396872 s2 freq -449592 path delay    610095
ptp4l[12003.189]: master offset    -427096 s2 freq -632415 path delay    610095
ptp4l[12004.190]: master offset    -154261 s2 freq -605286 path delay    581072
ptp4l[12005.190]: master offset    -302313 s2 freq -620394 path delay    547170
ptp4l[12006.193]: master offset     102691 s2 freq -579791 path delay    547170
ptp4l[12007.192]: master offset    -288194 s2 freq -619167 path delay    514450
ptp4l[12007.358]: port 2: FAULTY to LISTENING on INIT_COMPLETE
ptp4l[12008.194]: master offset     110686 s2 freq -579169 path delay    514450
ptp4l[12009.194]: master offset    -232095 s2 freq -613679 path delay    481365
ptp4l[12010.194]: master offset    -242928 s2 freq -615005 path delay    481365
ptp4l[12011.195]: master offset    -258125 s2 freq -616783 path delay    512114
ptp4l[12012.196]: master offset     134960 s2 freq -577339 path delay    539706
ptp4l[12013.197]: master offset    -172702 s2 freq -608278 path delay    539706
ptp4l[12014.197]: master offset    -163060 s2 freq -607477 path delay    539706
ptp4l[12014.296]: port 2: LISTENING to MASTER on ANNOUNCE_RECEIPT_TIMEOUT_EXPIRES
ptp4l[12014.296]: selected best master clock 5a0df4.fffe.15afce
ptp4l[12014.296]: foreign master not using PTP timescale
ptp4l[12015.198]: master offset     353920 s2 freq -555425 path delay    539706
ptp4l[12016.197]: master offset    -280937 s2 freq -619192 path delay    539706
ptp4l[12017.199]: master offset    -316316 s2 freq -623046 path delay    557673
ptp4l[12018.200]: master offset    -193401 s2 freq -610948 path delay    555338
ptp4l[12019.201]: master offset    -230733 s2 freq -614912 path delay    555338
ptp4l[12020.201]: master offset    -366530 s2 freq -628858 path delay    530637
ptp4l[12021.202]: master offset     137051 s2 freq -578363 path delay    530637
ptp4l[12021.321]: timed out while polling for tx timestamp
ptp4l[12021.322]: increasing tx_timestamp_timeout may correct this issue, but it is likely caused by a driver bug
ptp4l[12021.322]: port 2: send sync failed
ptp4l[12021.322]: port 2: MASTER to FAULTY on FAULT_DETECTED (FT_UNSPECIFIED)
ptp4l[12022.202]: master offset    -336231 s2 freq -626027 path delay    548604
ptp4l[12023.203]: master offset     237221 s2 freq -568445 path delay    548604
ptp4l[12024.203]: master offset    -438869 s2 freq -636493 path delay    632771
ptp4l[12025.204]: master offset    -203802 s2 freq -613190 path delay    548604
ptp4l[12026.205]: master offset     -26904 s2 freq -595527 path delay    645283
ptp4l[12027.205]: master offset    -592000 s2 freq -652629 path delay    770811
ptp4l[12028.206]: master offset    -541412 s2 freq -648111 path delay    770811
ptp4l[12029.213]: master offset    5210604 s2 freq  -67699 path delay    755636
ptp4l[12030.209]: master offset    -106259 s2 freq -599492 path delay    755636
ptp4l[12031.209]: master offset    -414963 s2 freq -630777 path delay    708681
ptp4l[12032.216]: master offset     620615 s2 freq -526599 path delay    708681
ptp4l[12033.217]: master offset     756200 s2 freq -512284 path delay    698940
ptp4l[12034.217]: master offset    -519603 s2 freq -640384 path delay    809293
ptp4l[12035.218]: master offset    -575435 s2 freq -646542 path delay    809293
ptp4l[12036.220]: master offset     756251 s2 freq -512618 path delay    698940
ptp4l[12037.219]: master offset    -691266 s2 freq -658061 path delay    834089
ptp4l[12037.323]: port 2: FAULTY to LISTENING on INIT_COMPLETE
ptp4l[12038.220]: master offset     290400 s2 freq -559604 path delay    834089
ptp4l[12039.222]: master offset     251977 s2 freq -563194 path delay    834089
ptp4l[12040.222]: master offset    -479681 s2 freq -636839 path delay    834089
ptp4l[12041.223]: master offset    -538693 s2 freq -643279 path delay    834089
ptp4l[12042.225]: master offset     260573 s2 freq -563092 path delay    834089
ptp4l[12043.224]: master offset    -552058 s2 freq -644907 path delay    789274
ptp4l[12044.227]: master offset     319897 s2 freq -557392 path delay    702053
ptp4l[12045.206]: port 2: LISTENING to MASTER on ANNOUNCE_RECEIPT_TIMEOUT_EXPIRES
ptp4l[12045.206]: selected best master clock 5a0df4.fffe.15afce
ptp4l[12045.206]: foreign master not using PTP timescale
ptp4l[12045.225]: master offset    -183014 s2 freq -607866 path delay    702053
ptp4l[12046.225]: master offset    -568890 s2 freq -647022 path delay    789274
ptp4l[12047.228]: master offset    1788935 s2 freq -409451 path delay    789274
ptp4l[12048.227]: master offset    -207536 s2 freq -609306 path delay    789274
ptp4l[12049.227]: master offset    -467234 s2 freq -635743 path delay    702053
ptp4l[12050.231]: master offset     -30324 s2 freq -592082 path delay    702053
ptp4l[12051.228]: master offset    -478340 s2 freq -637362 path delay    684216
ptp4l[12052.228]: master offset    -454776 s2 freq -635460 path delay    684216
ptp4l[12053.232]: master offset    1278835 s2 freq -460820 path delay    684216
ptp4l[12054.233]: master offset    -535567 s2 freq -642796 path delay    802624
ptp4l[12055.231]: master offset    -572138 s2 freq -647025 path delay    802624
ptp4l[12056.233]: master offset    -714958 s2 freq -662022 path delay    963650
ptp4l[12057.232]: master offset    -697506 s2 freq -660975 path delay    838146
ptp4l[12058.234]: master offset      31540 s2 freq -588039 path delay    838146
ptp4l[12059.235]: master offset    -710179 s2 freq -662921 path delay    838146
ptp4l[12060.234]: master offset    -249332 s2 freq -617085 path delay    838146
ptp4l[12061.233]: master offset    -788217 s2 freq -671762 path delay   1012870
ptp4l[12062.236]: master offset     -62740 s2 freq -599277 path delay   1012870
ptp4l[12063.237]: master offset    -798959 s2 freq -673698 path delay   1012870
ptp4l[12064.237]: master offset     335845 s2 freq -559882 path delay    895782
ptp4l[12065.240]: master offset    -160261 s2 freq -609652 path delay    895782
ptp4l[12066.240]: master offset     -16423 s2 freq -595285 path delay    749341
ptp4l[12067.240]: master offset    -171336 s2 freq -610948 path delay    742313
ptp4l[12068.241]: master offset     950332 s2 freq -497831 path delay    707335
ptp4l[12069.240]: master offset     -32807 s2 freq -596177 path delay    707335
ptp4l[12070.241]: master offset    -367428 s2 freq -630007 path delay    707335
ptp4l[12071.244]: master offset    2412617 s2 freq -349590 path delay    742313
ptp4l[12072.242]: master offset     -95479 s2 freq -600495 path delay    742313
ptp4l[12073.242]: master offset    -506681 s2 freq -642122 path delay    724921
ptp4l[12074.244]: master offset     230495 s2 freq -568174 path delay    724921
ptp4l[12075.243]: master offset    -203246 s2 freq -611751 path delay    793481
ptp4l[12076.243]: master offset    -486845 s2 freq -640598 path delay    738869
ptp4l[12077.245]: master offset     203814 s2 freq -571328 path delay    738869
ptp4l[12078.243]: master offset    -497684 s2 freq -641975 path delay    772451
ptp4l[12079.244]: master offset     269897 s2 freq -564947 path delay    772451
ptp4l[12080.245]: master offset    -538288 s2 freq -646304 path delay    772451
ptp4l[12081.245]: master offset    -467905 s2 freq -639734 path delay    700878
ptp4l[12082.245]: master offset    -455234 s2 freq -638922 path delay    700878
ptp4l[12083.249]: timed out while polling for tx timestamp
ptp4l[12083.249]: increasing tx_timestamp_timeout may correct this issue, but it is likely caused by a driver bug
ptp4l[12083.249]: port 2: send sync failed
ptp4l[12083.249]: port 2: MASTER to FAULTY on FAULT_DETECTED (FT_UNSPECIFIED)
ptp4l[12083.250]: master offset      33943 s2 freq -589970 path delay    614861
ptp4l[12084.246]: master offset     111276 s2 freq -582126 path delay    614861
ptp4l[12085.247]: master offset     288581 s2 freq -564107 path delay    614861
ptp4l[12086.247]: master offset      -8113 s2 freq -593784 path delay    700878
ptp4l[12087.248]: master offset    -407288 s2 freq -634109 path delay    700878
ptp4l[12088.249]: master offset    -403523 s2 freq -634136 path delay    700878
ptp4l[12089.252]: master offset    1412006 s2 freq -451171 path delay    614861
ptp4l[12090.252]: master offset    -361273 s2 freq -628860 path delay    798970
ptp4l[12091.252]: master offset    -500157 s2 freq -643249 path delay    798970
ptp4l[12092.254]: master offset     740160 s2 freq -518477 path delay    798970
ptp4l[12093.252]: master offset    -760570 s2 freq -669311 path delay    848449
