ptp4l[11842.818]: port 1: INITIALIZING to LISTENING on INIT_COMPLETE
ptp4l[11842.818]: port 0: INITIALIZING to LISTENING on INIT_COMPLETE
ptp4l[11846.699]: port 1: new foreign master 5e3cb5.fffe.e11589-2
ptp4l[11850.721]: selected best master clock 5a0df4.fffe.15afce
ptp4l[11850.721]: foreign master not using PTP timescale
ptp4l[11850.721]: port 1: LISTENING to UNCALIBRATED on RS_SLAVE
ptp4l[11853.732]: rms 871460 max 1228246 freq -506188 +/-   0 delay 2144276 +/- 778884
ptp4l[11855.747]: rms 167053 max 168703 freq -506188 +/-   0 delay 1140270 +/- 21600
ptp4l[11857.741]: rms 459829 max 617448 freq -506188 +/-   0 delay 1027175 +/-   0
ptp4l[11859.737]: rms 522123 max 646422 freq -506188 +/-   0 delay 1118670 +/-   0
ptp4l[11861.739]: rms 1166274 max 1547194 freq -506188 +/-   0 delay 981428 +/- 45747
ptp4l[11863.752]: rms 503270 max 625104 freq -506188 +/-   0 delay 794258 +/- 84488
ptp4l[11865.747]: rms 1352679 max 1884423 freq -506188 +/-   0 delay 486050 +/- 35263
ptp4l[11867.746]: rms 258615 max 299076 freq -506188 +/-   0 delay 510112 +/-   0
ptp4l[11869.748]: rms 399851 max 548171 freq -402176 +/- 7010 delay 484568 +/-   0
ptp4l[11869.748]: port 1: UNCALIBRATED to SLAVE on MASTER_CLOCK_SELECTED
ptp4l[11871.752]: rms 62235 max 79735 freq -397431 +/- 5890 delay 443889 +/- 8030
ptp4l[11873.745]: rms 394641 max 541361 freq -374929 +/- 34123 delay 476274 +/- 24354
ptp4l[11875.751]: rms 124162 max 158549 freq -383086 +/- 4234 delay 578219 +/- 38277
ptp4l[11877.757]: rms 62698 max 87657 freq -398504 +/- 5057 delay 523290 +/-   0
ptp4l[11879.759]: rms 259885 max 324687 freq -387168 +/- 25008 delay 501525 +/-   0
ptp4l[11881.762]: rms 441618 max 624530 freq -362893 +/- 31345 delay 538157 +/-   0
ptp4l[11883.762]: rms 614452 max 785347 freq -373310 +/- 58257 delay 559430 +/- 30084
ptp4l[11885.757]: rms 530925 max 611379 freq -340396 +/- 8558 delay 554548 +/- 16392
ptp4l[11887.761]: rms 71589 max 100365 freq -386794 +/- 4403 delay 642288 +/- 23607
ptp4l[11889.758]: rms 215231 max 304130 freq -376435 +/- 14738 delay 768909 +/-   0
ptp4l[11891.761]: rms 697534 max 959651 freq -354704 +/- 59518 delay 814463 +/- 45554
ptp4l[11893.766]: rms 360572 max 497839 freq -422342 +/- 19319 delay 814575 +/- 45442
ptp4l[11895.769]: rms 369155 max 371045 freq -392364 +/- 37099 delay 635194 +/-   0
ptp4l[11897.771]: rms 361748 max 493950 freq -410457 +/- 31423 delay 690643 +/- 34587
ptp4l[11899.766]: rms 99737 max 140709 freq -400023 +/- 6540 delay 587590 +/-   0
ptp4l[11901.765]: rms 266361 max 274462 freq -393471 +/- 26752 delay 496608 +/- 20880
ptp4l[11903.766]: rms 289795 max 395704 freq -377976 +/- 25317 delay 527413 +/- 20879
ptp4l[11905.767]: rms 218029 max 260252 freq -387520 +/- 21411 delay 548292 +/-   0
ptp4l[11907.775]: rms 674156 max 951400 freq -347238 +/- 51132 delay 548292 +/-   0
ptp4l[11909.773]: rms 1173366 max 1657582 freq -302798 +/- 78969 delay 672217 +/- 99126
ptp4l[11911.765]: rms 3698342 max 5226521 freq -135635 +/- 273806 delay 949346 +/-   0
ptp4l[11919.859]: port 1: SLAVE to LISTENING on ANNOUNCE_RECEIPT_TIMEOUT_EXPIRES
ptp4l[11919.860]: selected local clock 0ab3fe.fffe.bc076f as best master
ptp4l[11927.449]: selected local clock 0ab3fe.fffe.bc076f as best master
ptp4l[11933.718]: selected local clock 0ab3fe.fffe.bc076f as best master
ptp4l[11939.313]: selected best master clock 5a0df4.fffe.15afce
ptp4l[11939.314]: foreign master not using PTP timescale
ptp4l[11939.314]: port 1: LISTENING to UNCALIBRATED on RS_SLAVE
ptp4l[11941.327]: rms 290885 max 348799 freq -413284 +/- 6426 delay 704061 +/- 99304
ptp4l[11941.327]: port 1: UNCALIBRATED to SLAVE on MASTER_CLOCK_SELECTED
ptp4l[11943.338]: rms 1022836 max 1423145 freq -325543 +/- 84233 delay 626443 +/-   0
ptp4l[11945.328]: rms 521557 max 661048 freq -333814 +/- 17023 delay 586924 +/- 563
ptp4l[11947.339]: rms 1399724 max 1965817 freq -271768 +/- 87653 delay 586924 +/-   0
ptp4l[11949.342]: rms 240125 max 324603 freq -392002 +/- 21381 delay 587269 +/- 345
ptp4l[11951.332]: rms 792962 max 1111297 freq -317135 +/- 48605 delay 585410 +/-   0
ptp4l[11953.341]: rms 811793 max 1137600 freq -314330 +/- 49722 delay 605282 +/- 18358
ptp4l[11955.338]: rms 298679 max 368872 freq -386501 +/- 28918 delay 623641 +/-   0
ptp4l[11957.341]: rms 906631 max 1174421 freq -344617 +/- 84703 delay 667032 +/- 22432
ptp4l[11959.349]: rms 396604 max 543082 freq -412446 +/- 20416 delay 767672 +/-   0
ptp4l[11961.342]: rms 233434 max 235253 freq -378253 +/- 23458 delay 676152 +/- 44621
ptp4l[11963.349]: rms 456415 max 645467 freq -345572 +/- 32213 delay 614878 +/- 17160
ptp4l[11965.352]: rms 151930 max 197617 freq -372085 +/- 14140 delay 547295 +/-   0
ptp4l[11967.349]: rms 545675 max 658709 freq -364499 +/- 53238 delay 510399 +/- 17247
ptp4l[11969.348]: rms 296594 max 410228 freq -361029 +/- 24928 delay 528413 +/- 28378
ptp4l[11971.361]: rms 50004 max 69569 freq -380119 +/- 4119 delay 558234 +/- 50379
ptp4l[11973.353]: rms 566035 max 716925 freq -359225 +/- 54010 delay 470762 +/- 12933
ptp4l[11975.357]: rms 1715310 max 2402022 freq -272890 +/- 138248 delay 380944 +/-   0
ptp4l[11977.355]: rms 329953 max 396782 freq -367010 +/- 32240 delay 461617 +/-   0
ptp4l[11979.357]: rms 434161 max 593050 freq -352478 +/- 37682 delay 461617 +/-   0
ptp4l[11981.363]: rms 290080 max 303502 freq -372719 +/- 29113 delay 443540 +/- 12308
ptp4l[11983.350]: rms 209018 max 294501 freq -357928 +/- 13441 delay 460912 +/-   0
ptp4l[11985.362]: rms 526578 max 731306 freq -329517 +/- 29467 delay 526835 +/-   0
ptp4l[11987.359]: rms 481189 max 568223 freq -362970 +/- 47321 delay 542600 +/- 15764
ptp4l[11989.356]: rms 311487 max 431906 freq -346617 +/- 17480 delay 545263 +/-   0
ptp4l[11997.888]: port 1: SLAVE to LISTENING on ANNOUNCE_RECEIPT_TIMEOUT_EXPIRES
ptp4l[11997.889]: selected local clock 0ab3fe.fffe.bc076f as best master
ptp4l[12005.778]: selected local clock 0ab3fe.fffe.bc076f as best master
ptp4l[12012.867]: selected local clock 0ab3fe.fffe.bc076f as best master
ptp4l[12016.319]: selected best master clock 5a0df4.fffe.15afce
ptp4l[12016.319]: foreign master not using PTP timescale
ptp4l[12016.319]: port 1: LISTENING to UNCALIBRATED on RS_SLAVE
ptp4l[12017.334]: rms 271429 max 298640 freq -375110 +/- 27140 delay 693477 +/- 209606
ptp4l[12017.334]: port 1: UNCALIBRATED to SLAVE on MASTER_CLOCK_SELECTED
ptp4l[12019.334]: rms 571195 max 765684 freq -424434 +/- 25285 delay 535280 +/- 134207
ptp4l[12025.378]: port 1: SLAVE to LISTENING on ANNOUNCE_RECEIPT_TIMEOUT_EXPIRES
ptp4l[12025.378]: selected local clock 0ab3fe.fffe.bc076f as best master
ptp4l[12032.131]: selected local clock 0ab3fe.fffe.bc076f as best master
ptp4l[12039.083]: selected local clock 0ab3fe.fffe.bc076f as best master
ptp4l[12046.332]: selected local clock 0ab3fe.fffe.bc076f as best master
ptp4l[12047.223]: selected best master clock 5a0df4.fffe.15afce
ptp4l[12047.224]: foreign master not using PTP timescale
ptp4l[12047.224]: port 1: LISTENING to UNCALIBRATED on RS_SLAVE
ptp4l[12049.234]: rms 1092965 max 1516104 freq -434623 +/- 91611 delay 905305 +/- 542675
ptp4l[12049.234]: port 1: UNCALIBRATED to SLAVE on MASTER_CLOCK_SELECTED
ptp4l[12051.239]: rms 673389 max 889495 freq -436891 +/- 27912 delay 1272179 +/-   0
ptp4l[12053.250]: rms 1334693 max 1628667 freq -342263 +/- 129951 delay 873014 +/-   0
ptp4l[12055.241]: rms 846097 max 1044065 freq -457945 +/- 22684 delay 1047144 +/- 174130
ptp4l[12057.242]: rms 286098 max 288357 freq -405844 +/- 371 delay 546790 +/- 78677
ptp4l[12059.257]: rms 122279 max 141768 freq -389589 +/- 2208 delay 366573 +/- 47468
ptp4l[12061.249]: rms 491203 max 652967 freq -356290 +/- 44620 delay 385308 +/-   0
ptp4l[12063.252]: rms 1473286 max 2059004 freq -288295 +/- 119051 delay 474515 +/-   0
ptp4l[12065.254]: rms 2161361 max 2322820 freq -156666 +/- 15806 delay 444314 +/- 17722
ptp4l[12067.254]: rms 353185 max 464987 freq -338229 +/- 14039 delay 675828 +/- 26064
ptp4l[12069.254]: rms 608960 max 810891 freq -314505 +/- 25898 delay 802226 +/-   0
ptp4l[12071.254]: rms 1294606 max 1740151 freq -310553 +/- 116333 delay 802226 +/-   0
ptp4l[12073.254]: rms 508493 max 660921 freq -387158 +/- 47546 delay 869408 +/- 36720
ptp4l[12075.259]: rms 1350608 max 1816702 freq -305746 +/- 120621 delay 832688 +/-   0
ptp4l[12077.257]: rms 337169 max 476828 freq -391758 +/- 23787 delay 832688 +/-   0
ptp4l[12079.253]: rms 368416 max 455621 freq -378337 +/- 35544 delay 731581 +/- 14053
ptp4l[12081.257]: rms 490956 max 528858 freq -417757 +/- 3724 delay 723934 +/- 24868
ptp4l[12090.691]: port 1: SLAVE to LISTENING on ANNOUNCE_RECEIPT_TIMEOUT_EXPIRES
ptp4l[12090.691]: selected local clock 0ab3fe.fffe.bc076f as best master
