ptp4l[11248.071]: port 1: INITIALIZING to LISTENING on INIT_COMPLETE
ptp4l[11248.071]: port 0: INITIALIZING to LISTENING on INIT_COMPLETE
ptp4l[11251.615]: port 1: new foreign master 56e550.fffe.195759-2
ptp4l[11255.366]: selected local clock 4a638e.fffe.daba54 as best master
ptp4l[11255.646]: selected best master clock 228e09.fffe.0a2aed
ptp4l[11255.646]: foreign master not using PTP timescale
ptp4l[11255.646]: port 1: LISTENING to UNCALIBRATED on RS_SLAVE
ptp4l[11258.638]: rms 337566 max 420060 freq -200000 +/-   0 delay 476024 +/- 115558
ptp4l[11260.634]: rms 65472 max 92589 freq -200000 +/-   0 delay 176434 +/- 15695
ptp4l[11262.642]: rms 33212 max 42526 freq -200000 +/-   0 delay 199342 +/- 7212
ptp4l[11264.635]: rms 84499 max 115985 freq -200000 +/-   0 delay 197916 +/-   0
ptp4l[11266.621]: rms 71966 max 81005 freq -200000 +/-   0 delay 215342 +/- 4711
ptp4l[11268.638]: rms 34083 max 41662 freq -200000 +/-   0 delay 204067 +/-   0
ptp4l[11270.635]: rms 83545 max 83919 freq -200000 +/-   0 delay 219644 +/- 5720
ptp4l[11272.643]: rms 59902 max 65956 freq -200000 +/-   0 delay 198275 +/- 5792
ptp4l[11274.635]: rms 155509 max 177139 freq -156102 +/- 6582 delay 171850 +/-   0
ptp4l[11274.635]: port 1: UNCALIBRATED to SLAVE on MASTER_CLOCK_SELECTED
ptp4l[11276.634]: rms 42455 max 57234 freq -158718 +/- 1946 delay 171850 +/-   0
ptp4l[11278.644]: rms 54252 max 66994 freq -160950 +/- 5238 delay 178775 +/- 14030
ptp4l[11280.646]: rms 71569 max 92363 freq -169224 +/- 2595 delay 198341 +/-   0
ptp4l[11282.643]: rms 41454 max 53491 freq -166507 +/- 1502 delay 202896 +/- 7454
ptp4l[11284.634]: rms 74656 max 90909 freq -170007 +/- 1834 delay 228351 +/-   0
ptp4l[11286.646]: rms 63862 max 67695 freq -163174 +/- 6408 delay 210350 +/-   0
ptp4l[11288.652]: rms 21456 max 27833 freq -163621 +/- 2002 delay 221622 +/- 3208
ptp4l[11290.655]: rms 45745 max 57933 freq -167222 +/- 1486 delay 204959 +/- 1870
ptp4l[11292.653]: rms 29261 max 36198 freq -165773 +/- 797 delay 194614 +/- 3231
ptp4l[11294.657]: rms 105625 max 148529 freq -156280 +/- 8295 delay 187132 +/- 2912
ptp4l[11296.634]: rms 59222 max 75488 freq -168520 +/- 1942 delay 201223 +/-   0
ptp4l[11298.659]: rms 48420 max 54837 freq -162224 +/- 4813 delay 190044 +/-   0
ptp4l[11300.654]: rms 33785 max 47753 freq -160581 +/- 2468 delay 184294 +/-   0
ptp4l[11302.658]: rms  804 max 1133 freq -162953 +/-  52 delay 184033 +/- 406
ptp4l[11304.658]: rms 94429 max 125344 freq -154212 +/- 4026 delay 202432 +/-   0
ptp4l[11306.654]: rms 26497 max 35385 freq -161538 +/- 2392 delay 221290 +/- 8127
ptp4l[11308.663]: rms 44817 max 63184 freq -165634 +/- 3440 delay 208574 +/- 766
ptp4l[11310.665]: rms 994920 max 1406593 freq -92787 +/- 72098 delay 209339 +/-   0
ptp4l[11312.646]: rms 128082 max 181036 freq -152453 +/- 9355 delay 222644 +/- 6772
ptp4l[11314.659]: rms 3325 max 4082 freq -161295 +/- 323 delay 229417 +/-   0
ptp4l[11316.662]: rms 71570 max 96588 freq -157875 +/- 6390 delay 226740 +/- 2678
ptp4l[11318.662]: rms 90434 max 98874 freq -170283 +/- 847 delay 235290 +/- 5404
ptp4l[11320.671]: rms 49021 max 63537 freq -163164 +/- 4577 delay 239111 +/-   0
ptp4l[11322.664]: rms 92150 max 112909 freq -158977 +/- 8956 delay 209988 +/-   0
ptp4l[11324.671]: rms 100382 max 108831 freq -162159 +/- 10054 delay 206002 +/- 3986
ptp4l[11326.676]: rms 8462 max 9306 freq -161416 +/- 846 delay 225472 +/-   0
ptp4l[11328.658]: rms 73293 max 102374 freq -165733 +/- 5938 delay 241010 +/- 1900
ptp4l[11330.673]: rms 63184 max 88673 freq -166496 +/- 3877 delay 234939 +/-   0
ptp4l[11332.673]: rms 33180 max 34928 freq -161716 +/- 3329 delay 261516 +/-   0
ptp4l[11334.678]: rms 77633 max 109739 freq -166893 +/- 5708 delay 261516 +/-   0
ptp4l[11336.672]: rms 137954 max 153615 freq -147736 +/- 1744 delay 228879 +/- 10071
ptp4l[11338.676]: rms 83968 max 106671 freq -158627 +/- 7996 delay 234094 +/- 12095
ptp4l[11340.681]: rms 18464 max 21144 freq -161585 +/- 1834 delay 246189 +/-   0
ptp4l[11342.682]: rms 121220 max 130418 freq -162337 +/- 12140 delay 226430 +/- 1703
ptp4l[11344.682]: rms 81339 max 114620 freq -166616 +/- 6274 delay 256737 +/- 7848
ptp4l[11346.691]: rms 31416 max 35345 freq -161872 +/- 3127 delay 250843 +/- 14779
ptp4l[11348.668]: rms 52067 max 73544 freq -165004 +/- 3861 delay 219596 +/- 15040
ptp4l[11350.690]: rms 98385 max 133912 freq -152818 +/- 4874 delay 190488 +/- 8028
ptp4l[11352.691]: rms 62824 max 87344 freq -164916 +/- 5224 delay 201868 +/-   0
ptp4l[11354.691]: rms 85434 max 119979 freq -156074 +/- 6771 delay 196335 +/-   0
ptp4l[11356.688]: rms 34520 max 44901 freq -162591 +/- 3226 delay 206370 +/- 1459
ptp4l[11358.685]: rms 53598 max 60808 freq -162089 +/- 5334 delay 200368 +/- 5703
ptp4l[11360.688]: rms 28545 max 35502 freq -160502 +/- 2746 delay 196335 +/-   0
ptp4l[11362.684]: rms 105868 max 148087 freq -154972 +/- 8581 delay 188306 +/-   0
ptp4l[11364.683]: rms 225819 max 282500 freq -139338 +/- 6819 delay 193786 +/-   0
ptp4l[11366.696]: rms 21826 max 26596 freq -162910 +/- 560 delay 176710 +/-   0
ptp4l[11368.691]: rms 6045387 max 8549436 freq +269732 +/- 432927 delay 175521 +/- 841
ptp4l[11370.688]: rms 106965 max 150532 freq -143921 +/- 6855 delay 199936 +/- 8538
ptp4l[11372.698]: rms 478232 max 675626 freq -119565 +/- 35653 delay 218475 +/-   0
ptp4l[11374.702]: rms 69476 max 86942 freq -149418 +/- 6679 delay 224816 +/- 4484
ptp4l[11376.704]: rms 182023 max 254142 freq -140687 +/- 14881 delay 240614 +/- 3242
ptp4l[11378.706]: rms 133381 max 182070 freq -139511 +/- 6729 delay 319708 +/- 27623
ptp4l[11380.706]: rms 188661 max 200906 freq -149796 +/- 18924 delay 337764 +/-   0
ptp4l[11382.710]: rms 236553 max 300337 freq -143311 +/- 22535 delay 337764 +/-   0
ptp4l[11384.713]: rms 306603 max 392974 freq -140311 +/- 29008 delay 352320 +/- 14556
ptp4l[11386.710]: rms 204745 max 270752 freq -159225 +/- 18721 delay 359159 +/- 15128
ptp4l[11388.708]: rms 226664 max 267200 freq -155453 +/- 22303 delay 407815 +/-   0
ptp4l[11390.709]: rms 152424 max 201995 freq -157360 +/- 13900 delay 414835 +/-   0
ptp4l[11392.716]: rms 427922 max 566841 freq -133170 +/- 39223 delay 414835 +/-   0
ptp4l[11394.703]: rms 397684 max 551336 freq -128452 +/- 33395 delay 414835 +/-   0
ptp4l[11396.705]: rms 189850 max 260928 freq -166692 +/- 9851 delay 414835 +/-   0
ptp4l[11398.713]: rms 194506 max 245999 freq -144369 +/- 18577 delay 376972 +/-   0
ptp4l[11400.710]: rms 479109 max 636018 freq -130187 +/- 43799 delay 354393 +/- 31932
ptp4l[11402.711]: rms 163283 max 220007 freq -142456 +/- 14617 delay 308206 +/- 728
ptp4l[11404.718]: rms 417725 max 572685 freq -128313 +/- 36170 delay 239543 +/-   0
ptp4l[11406.698]: rms 65412 max 66929 freq -142775 +/- 187 delay 239543 +/-   0
ptp4l[11408.717]: rms 298178 max 421666 freq -128203 +/- 21506 delay 212228 +/-   0
ptp4l[11410.722]: rms 190139 max 265603 freq -137590 +/- 15511 delay 240378 +/-   0
ptp4l[11412.726]: rms 501505 max 709234 freq -112899 +/- 35890 delay 281794 +/-   0
ptp4l[11414.715]: rms 154566 max 174930 freq -145783 +/- 15388 delay 313364 +/-   0
ptp4l[11416.706]: rms 237236 max 313899 freq -138077 +/- 21774 delay 313364 +/-   0
ptp4l[11418.720]: rms 175007 max 183780 freq -165428 +/- 992 delay 386107 +/-   0
ptp4l[11420.730]: rms 471360 max 630443 freq -127250 +/- 42666 delay 340644 +/- 45464
ptp4l[11422.727]: rms 1027484 max 1449815 freq -79379 +/- 78085 delay 295180 +/-   0
ptp4l[11424.723]: rms 363583 max 491783 freq -129097 +/- 32341 delay 338131 +/- 27375
ptp4l[11426.714]: rms 142221 max 159711 freq -147906 +/- 14159 delay 316328 +/-   0
ptp4l[11428.735]: rms 134509 max 154578 freq -143819 +/- 13349 delay 316328 +/-   0
ptp4l[11430.725]: rms 1587150 max 2238508 freq -41290 +/- 121287 delay 331929 +/-   0
ptp4l[11432.729]: rms 1241608 max 1753985 freq -59458 +/- 92674 delay 331929 +/-   0
ptp4l[11434.740]: rms 144972 max 157195 freq -143552 +/- 14507 delay 362676 +/- 38769
ptp4l[11436.737]: rms 1380971 max 1942986 freq -54154 +/- 107991 delay 378070 +/- 29782
ptp4l[11438.741]: rms 270448 max 276256 freq -141193 +/- 27171 delay 478509 +/-   0
ptp4l[11440.729]: rms 670872 max 881751 freq -113807 +/- 62039 delay 577647 +/- 47222
ptp4l[11442.732]: rms 322612 max 441581 freq -168257 +/- 16285 delay 530425 +/-   0
ptp4l[11444.741]: rms 183230 max 200268 freq -142408 +/- 18317 delay 372478 +/- 34199
ptp4l[11446.744]: rms 496274 max 672637 freq -116784 +/- 43985 delay 335035 +/- 16461
ptp4l[11448.748]: rms 214196 max 263625 freq -134359 +/- 20773 delay 318574 +/-   0
ptp4l[11450.743]: rms 176518 max 221790 freq -134591 +/- 16929 delay 318574 +/-   0
ptp4l[11452.748]: rms 286665 max 370364 freq -129546 +/- 26947 delay 318574 +/-   0
ptp4l[11454.728]: rms 174496 max 211839 freq -135393 +/- 17027
ptp4l[11456.752]: rms 134847 max 189024 freq -147915 +/- 10726 delay 355856 +/- 9758
ptp4l[11458.744]: rms 229134 max 309903 freq -128892 +/- 20384 delay 363279 +/- 3300
ptp4l[11460.748]: rms 178073 max 186410 freq -140454 +/- 17871 delay 358612 +/-   0
ptp4l[11462.752]: rms 503407 max 695648 freq -112105 +/- 42698 delay 358612 +/-   0
ptp4l[11464.749]: rms 666243 max 921288 freq -102516 +/- 56398 delay 341290 +/- 12364
ptp4l[11466.744]: rms 226723 max 269669 freq -133475 +/- 22291 delay 268275 +/-   0
ptp4l[11468.750]: rms 26009 max 36108 freq -136685 +/- 2174 delay 216341 +/-   0
ptp4l[11470.754]: rms 235044 max 326334 freq -124867 +/- 19641 delay 242688 +/- 25588
ptp4l[11472.763]: rms 191699 max 270660 freq -124981 +/- 14444 delay 217100 +/-   0
ptp4l[11474.761]: rms 282030 max 392596 freq -121366 +/- 23344 delay 217100 +/-   0
ptp4l[11476.764]: rms 243936 max 296362 freq -131321 +/- 23795 delay 251872 +/- 34772
ptp4l[11478.755]: rms 245870 max 341783 freq -123163 +/- 20457 delay 208090 +/-   0
ptp4l[11480.744]: rms 158021 max 222844 freq -126487 +/- 12093 delay 241998 +/- 33908
ptp4l[11482.764]: rms 137085 max 170783 freq -132732 +/- 13212 delay 338424 +/-   0
ptp4l[11484.742]: rms 224435 max 266531 freq -131929 +/- 22077 delay 304997 +/-   0
ptp4l[11486.764]: rms 310532 max 406435 freq -124463 +/- 28842 delay 338424 +/-   0
ptp4l[11488.762]: rms 153073 max 177180 freq -151582 +/- 2578 delay 338424 +/-   0
ptp4l[11490.771]: rms 51253 max 52869 freq -136758 +/- 5147 delay 347016 +/- 8592
ptp4l[11492.771]: rms 157697 max 162311 freq -136173 +/- 15844 delay 344768 +/- 8592
ptp4l[11494.774]: rms 196657 max 211668 freq -135071 +/- 19709 delay 348352 +/-   0
ptp4l[11496.770]: rms 163118 max 203812 freq -131747 +/- 15695 delay 348352 +/-   0
