ptp4l[11244.651]: port 1: INITIALIZING to LISTENING on INIT_COMPLETE
ptp4l[11244.652]: port 2: INITIALIZING to LISTENING on INIT_COMPLETE
ptp4l[11244.652]: port 0: INITIALIZING to LISTENING on INIT_COMPLETE
ptp4l[11248.586]: port 1: new foreign master 228e09.fffe.0a2aed-1
ptp4l[11251.148]: port 1: LISTENING to MASTER on ANNOUNCE_RECEIPT_TIMEOUT_EXPIRES
ptp4l[11251.148]: selected local clock 56e550.fffe.195759 as best master
ptp4l[11251.148]: port 1: assuming the grand master role
ptp4l[11251.599]: port 2: LISTENING to MASTER on ANNOUNCE_RECEIPT_TIMEOUT_EXPIRES
ptp4l[11251.600]: selected local clock 56e550.fffe.195759 as best master
ptp4l[11251.600]: port 1: assuming the grand master role
ptp4l[11251.600]: port 2: assuming the grand master role
ptp4l[11252.587]: selected best master clock 228e09.fffe.0a2aed
ptp4l[11252.587]: foreign master not using PTP timescale
ptp4l[11252.587]: port 1: MASTER to UNCALIBRATED on RS_SLAVE
ptp4l[11255.590]: master offset      37914 s0 freq -200000 path delay    563886
ptp4l[11256.589]: master offset    -333945 s0 freq -200000 path delay    474076
ptp4l[11257.590]: master offset    -264669 s0 freq -200000 path delay    474076
ptp4l[11258.590]: master offset     -94482 s0 freq -200000 path delay    198311
ptp4l[11259.590]: master offset     -23417 s0 freq -200000 path delay    198311
ptp4l[11260.590]: master offset      53570 s0 freq -200000 path delay    195095
ptp4l[11261.590]: master offset       7005 s0 freq -200000 path delay    196365
ptp4l[11262.591]: master offset      63634 s0 freq -200000 path delay    193149
ptp4l[11263.591]: master offset      -8472 s0 freq -200000 path delay    193149
ptp4l[11264.591]: master offset      47107 s0 freq -200000 path delay    193149
ptp4l[11265.591]: master offset      88571 s0 freq -200000 path delay    193149
ptp4l[11266.591]: master offset      30745 s0 freq -200000 path delay    193149
ptp4l[11267.592]: master offset     -82846 s0 freq -200000 path delay    204951
ptp4l[11268.592]: master offset     -81389 s0 freq -200000 path delay    204951
ptp4l[11269.592]: master offset     118026 s0 freq -200000 path delay    204951
ptp4l[11270.592]: master offset    -110541 s0 freq -200000 path delay    236518
ptp4l[11271.593]: master offset      92745 s1 freq -196573 path delay    236518
ptp4l[11272.593]: master offset    -125454 s2 freq -209244 path delay    236518
ptp4l[11272.593]: port 1: UNCALIBRATED to SLAVE on MASTER_CLOCK_SELECTED
ptp4l[11273.593]: master offset     -86642 s2 freq -205449 path delay    217420
ptp4l[11274.593]: master offset     -92941 s2 freq -206172 path delay    217420
ptp4l[11275.594]: master offset     107734 s2 freq -185997 path delay    197645
ptp4l[11276.594]: master offset     240257 s2 freq -172504 path delay    197645
ptp4l[11277.595]: master offset     -10032 s2 freq -197543 path delay    197645
ptp4l[11278.595]: master offset     135948 s2 freq -182809 path delay    203813
ptp4l[11279.595]: master offset     -69376 s2 freq -203411 path delay    223485
ptp4l[11280.596]: master offset     114656 s2 freq -184893 path delay    203813
ptp4l[11281.596]: master offset     -59955 s2 freq -202414 path delay    203813
ptp4l[11282.597]: master offset     349403 s2 freq -161129 path delay    203813
ptp4l[11283.598]: master offset     130783 s2 freq -182860 path delay    223485
ptp4l[11284.598]: master offset    -114028 s2 freq -207456 path delay    241258
ptp4l[11285.599]: master offset      62668 s2 freq -189723 path delay    241258
ptp4l[11286.599]: master offset    -139721 s2 freq -210102 path delay    247488
ptp4l[11287.600]: master offset    -106224 s2 freq -206858 path delay    260542
ptp4l[11288.600]: master offset     207035 s2 freq -175325 path delay    260542
ptp4l[11289.601]: master offset    -129593 s2 freq -209118 path delay    313290
ptp4l[11290.601]: master offset    -181684 s2 freq -214509 path delay    313290
ptp4l[11291.601]: master offset    -158889 s2 freq -212388 path delay    313290
ptp4l[11292.602]: master offset      64231 s2 freq -190012 path delay    313290
ptp4l[11293.602]: master offset     -27409 s2 freq -199203 path delay    313290
ptp4l[11294.602]: master offset    -209607 s2 freq -217633 path delay    313290
ptp4l[11295.602]: master offset    -123179 s2 freq -209113 path delay    313290
ptp4l[11296.603]: master offset     157779 s2 freq -180859 path delay    251791
ptp4l[11297.603]: master offset       5836 s2 freq -196048 path delay    251791
ptp4l[11298.603]: master offset    -121646 s2 freq -208918 path delay    224370
ptp4l[11299.604]: master offset       2710 s2 freq -196479 path delay    224370
ptp4l[11300.604]: master offset     -75461 s2 freq -204372 path delay    216608
ptp4l[11301.605]: master offset      -8001 s2 freq -197634 path delay    190073
ptp4l[11302.605]: master offset     -58635 s2 freq -202756 path delay    190073
ptp4l[11303.605]: master offset     116352 s2 freq -185141 path delay    190073
ptp4l[11304.605]: master offset     -99694 s2 freq -206845 path delay    218212
ptp4l[11305.606]: master offset      -2303 s2 freq -197108 path delay    236589
ptp4l[11306.606]: master offset     -46182 s2 freq -201543 path delay    221127
ptp4l[11307.607]: master offset      77714 s2 freq -189075 path delay    221127
ptp4l[11308.607]: master offset     -96941 s2 freq -206638 path delay    221127
ptp4l[11309.608]: master offset      69213 s2 freq -189953 path delay    221127
ptp4l[11310.608]: master offset     -33623 s2 freq -200270 path delay    221127
ptp4l[11311.608]: master offset      95633 s2 freq -187249 path delay    221127
ptp4l[11312.608]: master offset     -62208 s2 freq -203095 path delay    226982
ptp4l[11313.609]: master offset      68843 s2 freq -189921 path delay    238207
ptp4l[11314.609]: master offset      12139 s2 freq -195580 path delay    228358
ptp4l[11315.610]: master offset      83889 s2 freq -188321 path delay    226911
ptp4l[11316.609]: master offset     -96282 s2 freq -206434 path delay    238136
ptp4l[11317.610]: master offset     -28397 s2 freq -199674 path delay    238136
ptp4l[11318.610]: master offset    -117574 s2 freq -208709 path delay    238136
ptp4l[11319.611]: master offset     116439 s2 freq -185192 path delay    226911
ptp4l[11320.611]: master offset      -7311 s2 freq -197574 path delay    238808
ptp4l[11321.612]: master offset     -75615 s2 freq -204480 path delay    238808
ptp4l[11322.612]: master offset      21402 s2 freq -194757 path delay    238808
ptp4l[11323.613]: master offset      76799 s2 freq -189140 path delay    210452
ptp4l[11324.613]: master offset    -111645 s2 freq -208096 path delay    248374
ptp4l[11325.613]: master offset     -38138 s2 freq -200784 path delay    269470
ptp4l[11326.614]: master offset      77252 s2 freq -189168 path delay    269470
ptp4l[11327.614]: master offset    -106847 s2 freq -207684 path delay    286668
ptp4l[11328.614]: master offset      49511 s2 freq -191999 path delay    249457
ptp4l[11329.615]: master offset     114986 s2 freq -185337 path delay    238737
ptp4l[11330.615]: master offset      72899 s2 freq -189472 path delay    238737
ptp4l[11331.615]: master offset     -38538 s2 freq -200655 path delay    238737
ptp4l[11332.615]: master offset     -45393 s2 freq -201385 path delay    226423
ptp4l[11333.616]: master offset     -17140 s2 freq -198577 path delay    226423
ptp4l[11334.617]: master offset     145283 s2 freq -182190 path delay    221734
ptp4l[11335.617]: master offset     193526 s2 freq -177172 path delay    236590
ptp4l[11336.618]: master offset      49619 s2 freq -191513 path delay    236590
ptp4l[11337.618]: master offset     135215 s2 freq -182818 path delay    236590
ptp4l[11338.618]: master offset      22286 s2 freq -194089 path delay    236590
ptp4l[11339.618]: master offset     -22725 s2 freq -198613 path delay    252759
ptp4l[11340.619]: master offset     -12179 s2 freq -197570 path delay    252759
ptp4l[11341.619]: master offset      59875 s2 freq -190305 path delay    252759
ptp4l[11342.619]: master offset      57471 s2 freq -190488 path delay    258125
ptp4l[11343.619]: master offset     -12182 s2 freq -197465 path delay    273263
ptp4l[11344.619]: master offset     -45810 s2 freq -200874 path delay    273263
ptp4l[11345.620]: master offset     -33827 s2 freq -199709 path delay    271201
ptp4l[11346.620]: master offset    -101089 s2 freq -206537 path delay    271201
ptp4l[11347.620]: master offset     143429 s2 freq -181942 path delay    243341
ptp4l[11348.620]: master offset     -98608 s2 freq -206244 path delay    243341
ptp4l[11349.620]: master offset     -62187 s2 freq -202664 path delay    222588
ptp4l[11350.620]: master offset     360295 s2 freq -160055 path delay    222588
ptp4l[11351.621]: master offset     360289 s2 freq -159696 path delay    222588
ptp4l[11352.621]: master offset    -131982 s2 freq -209055 path delay    276963
ptp4l[11353.622]: master offset    -108776 s2 freq -206843 path delay    283723
ptp4l[11354.622]: master offset     -50737 s2 freq -201090 path delay    213264
ptp4l[11355.623]: master offset       3270 s2 freq -195686 path delay    216138
ptp4l[11356.623]: master offset     -38170 s2 freq -199868 path delay    233452
ptp4l[11357.624]: master offset      12858 s2 freq -194752 path delay    218514
ptp4l[11358.624]: master offset     -19024 s2 freq -197960 path delay    218514
ptp4l[11359.625]: master offset     -10729 s2 freq -197141 path delay    218514
ptp4l[11360.626]: master offset     -61364 s2 freq -202266 path delay    218514
ptp4l[11361.626]: master offset      26609 s2 freq -193442 path delay    218514
ptp4l[11362.626]: master offset     195220 s2 freq -176385 path delay    218514
ptp4l[11363.628]: master offset     344799 s2 freq -161083 path delay    233452
ptp4l[11364.628]: master offset     327921 s2 freq -162443 path delay    233452
ptp4l[11365.627]: master offset     -93497 s2 freq -204678 path delay    242850
ptp4l[11366.628]: master offset     -48569 s2 freq -200234 path delay    242850
ptp4l[11367.629]: master offset     -87607 s2 freq -204225 path delay    259677
ptp4l[11368.629]: master offset     -27264 s2 freq -198218 path delay    259677
ptp4l[11369.630]: master offset     -85942 s2 freq -204172 path delay    266273
ptp4l[11370.632]: master offset     616643 s2 freq -133297 path delay    283785
ptp4l[11371.632]: master offset    -175392 s2 freq -212676 path delay    342165
ptp4l[11372.634]: master offset     354943 s2 freq -159287 path delay    342165
ptp4l[11373.632]: master offset    -220689 s2 freq -217071 path delay    415038
ptp4l[11374.634]: master offset     277659 s2 freq -166959 path delay    333145
ptp4l[11375.634]: master offset     -57023 s2 freq -200484 path delay    333145
ptp4l[11376.635]: master offset     323770 s2 freq -162081 path delay    256028
ptp4l[11377.634]: master offset    -185668 s2 freq -213210 path delay    339146
ptp4l[11378.637]: master offset     335308 s2 freq -160777 path delay    256028
ptp4l[11379.636]: master offset    -183528 s2 freq -212844 path delay    375095
ptp4l[11380.638]: master offset     330399 s2 freq -161121 path delay    375095
ptp4l[11381.637]: master offset    -118648 s2 freq -206145 path delay    375095
ptp4l[11382.639]: master offset     343848 s2 freq -159551 path delay    314261
ptp4l[11383.638]: master offset    -138532 s2 freq -207928 path delay    314261
ptp4l[11384.641]: master offset     956798 s2 freq  -97438 path delay    375095
ptp4l[11385.641]: master offset    -208950 s2 freq -214222 path delay    504483
ptp4l[11386.641]: master offset     264663 s2 freq -166596 path delay    419501
ptp4l[11387.641]: master offset    -309831 s2 freq -224355 path delay    504483
ptp4l[11388.643]: master offset     157926 s2 freq -177421 path delay    504483
ptp4l[11389.642]: master offset    -341911 s2 freq -227747 path delay    546480
ptp4l[11390.643]: master offset     -18765 s2 freq -195451 path delay    546480
ptp4l[11391.643]: master offset    -383948 s2 freq -232353 path delay    556098
ptp4l[11392.646]: master offset     144440 s2 freq -179370 path delay    556098
ptp4l[11393.645]: master offset    -325021 s2 freq -226641 path delay    529498
ptp4l[11394.648]: master offset     173649 s2 freq -176601 path delay    484207
ptp4l[11395.646]: master offset    -127131 s2 freq -206806 path delay    484207
ptp4l[11396.647]: master offset      24300 s2 freq -191638 path delay    366602
ptp4l[11397.647]: master offset    -253212 s2 freq -219643 path delay    484207
ptp4l[11398.648]: master offset    -257003 s2 freq -220279 path delay    484207
ptp4l[11399.648]: master offset    -231925 s2 freq -218003 path delay    484207
ptp4l[11400.649]: master offset     153388 s2 freq -179318 path delay    519354
ptp4l[11401.650]: master offset    -249228 s2 freq -219829 path delay    484207
ptp4l[11402.652]: master offset     552914 s2 freq -139062 path delay    484207
ptp4l[11403.650]: master offset    -356709 s2 freq -230381 path delay    519354
ptp4l[11404.652]: master offset     162124 s2 freq -178336 path delay    510237
ptp4l[11405.651]: master offset    -319345 s2 freq -226802 path delay    499861
ptp4l[11406.654]: master offset     135439 s2 freq -181188 path delay    499861
ptp4l[11407.652]: master offset    -300206 s2 freq -225053 path delay    559077
ptp4l[11408.653]: master offset    -322376 s2 freq -227592 path delay    499861
ptp4l[11409.653]: master offset    -177854 s2 freq -213318 path delay    402461
ptp4l[11410.655]: master offset     666327 s2 freq -128233 path delay    402461
ptp4l[11411.655]: master offset    -241853 s2 freq -219293 path delay    513553
ptp4l[11412.657]: master offset     400920 s2 freq -154615 path delay    419368
ptp4l[11413.656]: master offset    -202185 s2 freq -215128 path delay    419368
ptp4l[11414.657]: master offset     188855 s2 freq -175835 path delay    419368
ptp4l[11415.657]: master offset    -192860 s2 freq -214199 path delay    407638
ptp4l[11416.658]: master offset     394313 s2 freq -155087 path delay    384312
ptp4l[11417.658]: master offset    -121063 s2 freq -206746 path delay    407638
ptp4l[11418.659]: master offset     207007 s2 freq -173732 path delay    407552
ptp4l[11419.658]: master offset    -159303 s2 freq -210522 path delay    407552
ptp4l[11420.661]: master offset     166420 s2 freq -177784 path delay    407552
ptp4l[11421.660]: master offset    -215786 s2 freq -216220 path delay    407552
ptp4l[11422.663]: master offset     297392 s2 freq -164605 path delay    407552
ptp4l[11423.662]: master offset    -296094 s2 freq -224250 path delay    407552
ptp4l[11424.664]: master offset     573981 s2 freq -136668 path delay    407552
ptp4l[11425.663]: master offset    -202235 s2 freq -214492 path delay    439591
ptp4l[11426.664]: master offset      71908 s2 freq -187006 path delay    452469
ptp4l[11427.664]: master offset    -314922 s2 freq -226004 path delay    459567
ptp4l[11428.666]: master offset     396067 s2 freq -154509 path delay    459567
ptp4l[11429.665]: master offset    -332624 s2 freq -227710 path delay    486436
ptp4l[11430.667]: master offset      80411 s2 freq -186327 path delay    508185
ptp4l[11431.666]: master offset    -269767 s2 freq -221614 path delay    532454
ptp4l[11432.668]: master offset     755576 s2 freq -118324 path delay    532454
ptp4l[11433.667]: master offset    -328315 s2 freq -227042 path delay    597098
ptp4l[11434.669]: master offset      10654 s2 freq -193134 path delay    583856
ptp4l[11435.668]: master offset    -383747 s2 freq -232958 path delay    583856
ptp4l[11436.670]: master offset     -33851 s2 freq -198002 path delay    565729
ptp4l[11437.670]: master offset    -288568 s2 freq -223762 path delay    510514
ptp4l[11438.672]: master offset      -6388 s2 freq -195551 path delay    510514
ptp4l[11439.671]: master offset    -222216 s2 freq -217356 path delay    408570
ptp4l[11440.672]: master offset     595564 s2 freq -134982 path delay    408570
ptp4l[11441.672]: master offset    -148473 s2 freq -209534 path delay    408570
ptp4l[11442.674]: master offset     266680 s2 freq -167752 path delay    408570
ptp4l[11443.673]: master offset    -220875 s2 freq -216729 path delay    463203
ptp4l[11444.674]: master offset     241327 s2 freq -170267 path delay    408570
ptp4l[11445.674]: master offset    -270753 s2 freq -221746 path delay    404769
ptp4l[11446.676]: master offset     233208 s2 freq -171117 path delay    404769
ptp4l[11447.675]: master offset    -265853 s2 freq -221289 path delay    415906
ptp4l[11448.680]: master offset    2779862 s2 freq  +86063 path delay    403882
ptp4l[11449.677]: master offset    -216319 s2 freq -213772 path delay    403882
ptp4l[11450.680]: master offset     574402 s2 freq -134125 path delay    297355
ptp4l[11451.678]: master offset     -86622 s2 freq -200314 path delay    297355
ptp4l[11452.680]: master offset     390899 s2 freq -152171 path delay    197318
ptp4l[11453.679]: master offset      -1839 s2 freq -191447 path delay    197318
ptp4l[11454.681]: master offset     418693 s2 freq -148975 path delay    197318
ptp4l[11455.680]: master offset    -130479 s2 freq -204023 path delay    286373
ptp4l[11456.682]: master offset     213748 s2 freq -169386 path delay    286373
ptp4l[11457.681]: master offset    -135636 s2 freq -204460 path delay    383837
ptp4l[11458.682]: master offset    -182974 s2 freq -209377 path delay    383837
ptp4l[11459.683]: master offset    -160360 s2 freq -207276 path delay    400886
ptp4l[11460.684]: master offset     -55498 s2 freq -196845 path delay    400886
ptp4l[11461.684]: master offset     -16251 s2 freq -192937 path delay    383837
ptp4l[11462.685]: master offset     232656 s2 freq -167814 path delay    321138
ptp4l[11463.684]: master offset    -199447 s2 freq -211223 path delay    366166
ptp4l[11464.686]: master offset     411458 s2 freq -149721 path delay    366166
ptp4l[11465.685]: master offset    -177126 s2 freq -208757 path delay    400886
ptp4l[11466.687]: master offset     625443 s2 freq -127874 path delay    438890
ptp4l[11467.688]: master offset    -222450 s2 freq -212886 path delay    438890
ptp4l[11468.688]: master offset     604272 s2 freq -129610 path delay    412661
ptp4l[11469.687]: master offset    -330868 s2 freq -223455 path delay    649203
ptp4l[11470.690]: master offset      60066 s2 freq -184301 path delay    649203
ptp4l[11471.689]: master offset    -466517 s2 freq -237426 path delay    649203
ptp4l[11472.691]: master offset     -16388 s2 freq -192429 path delay    681981
ptp4l[11473.690]: master offset    -477323 s2 freq -239000 path delay    666802
ptp4l[11474.692]: master offset      59761 s2 freq -185232 path delay    666802
ptp4l[11475.691]: master offset    -355715 s2 freq -227135 path delay    589863
ptp4l[11476.693]: master offset     212678 s2 freq -170083 path delay    589863
ptp4l[11477.692]: master offset    -320584 s2 freq -223730 path delay    563527
ptp4l[11478.693]: master offset    -304653 s2 freq -222442 path delay    531686
ptp4l[11479.693]: master offset    -331676 s2 freq -225476 path delay    508736
ptp4l[11480.694]: master offset     243948 s2 freq -167669 path delay    476777
ptp4l[11481.694]: master offset    -173781 s2 freq -209616 path delay    508736
ptp4l[11482.696]: master offset     315134 s2 freq -160409 path delay    508736
ptp4l[11483.696]: master offset    -246829 s2 freq -216853 path delay    508736
ptp4l[11484.697]: master offset     -31246 s2 freq -195326 path delay    508736
ptp4l[11485.697]: master offset    -250249 s2 freq -217476 path delay    508736
ptp4l[11486.699]: master offset     453495 s2 freq -146648 path delay    508736
ptp4l[11487.698]: master offset    -270995 s2 freq -219368 path delay    522436
ptp4l[11488.698]: master offset    -228592 s2 freq -215357 path delay    378074
ptp4l[11489.698]: master offset     -12297 s2 freq -193739 path delay    250333
ptp4l[11490.700]: master offset     272324 s2 freq -165005 path delay    250333
ptp4l[11491.700]: master offset    -128309 s2 freq -205196 path delay    317709
ptp4l[11492.702]: master offset     510042 s2 freq -140851 path delay    317709
ptp4l[11493.701]: master offset    -146980 s2 freq -206701 path delay    317709
ptp4l[11494.705]: master offset     806132 s2 freq -110583 path delay    245906
ptp4l[11495.703]: master offset     -56240 s2 freq -196877 path delay    245906
ptp4l[11496.706]: master offset     448202 s2 freq -145984 path delay    229481
ptp4l[11497.705]: master offset     123102 s2 freq -178371 path delay    229481
