ptp4l[13325.969]: port 1: INITIALIZING to LISTENING on INIT_COMPLETE
ptp4l[13325.969]: port 2: INITIALIZING to LISTENING on INIT_COMPLETE
ptp4l[13325.969]: port 0: INITIALIZING to LISTENING on INIT_COMPLETE
ptp4l[13330.254]: port 1: new foreign master 5695eb.fffe.62a32e-1
ptp4l[13333.621]: port 1: LISTENING to MASTER on ANNOUNCE_RECEIPT_TIMEOUT_EXPIRES
ptp4l[13333.622]: selected local clock 769c46.fffe.700bf1 as best master
ptp4l[13333.622]: port 1: assuming the grand master role
ptp4l[13333.959]: port 2: LISTENING to MASTER on ANNOUNCE_RECEIPT_TIMEOUT_EXPIRES
ptp4l[13333.960]: selected local clock 769c46.fffe.700bf1 as best master
ptp4l[13333.960]: port 1: assuming the grand master role
ptp4l[13333.960]: port 2: assuming the grand master role
ptp4l[13334.256]: selected best master clock 5695eb.fffe.62a32e
ptp4l[13334.257]: foreign master not using PTP timescale
ptp4l[13334.257]: port 1: MASTER to UNCALIBRATED on RS_SLAVE
ptp4l[13335.262]: master offset    -810115 s0 freq -5521912 path delay   1266790
ptp4l[13336.262]: master offset    -737728 s0 freq -5521912 path delay    998158
ptp4l[13337.263]: master offset    -727254 s0 freq -5521912 path delay    998158
ptp4l[13338.265]: master offset    -433275 s0 freq -5521912 path delay    729527
ptp4l[13339.267]: master offset    -260535 s0 freq -5521912 path delay    729527
ptp4l[13340.267]: master offset    -417982 s0 freq -5521912 path delay    687001
ptp4l[13341.270]: master offset     350656 s0 freq -5521912 path delay    644476
ptp4l[13342.269]: master offset    -108365 s0 freq -5521912 path delay    687001
ptp4l[13343.269]: master offset    -414505 s0 freq -5521912 path delay    729527
ptp4l[13344.271]: master offset    1532604 s0 freq -5521912 path delay    729527
ptp4l[13345.272]: master offset    1247340 s0 freq -5521912 path delay    738608
ptp4l[13346.271]: master offset    -413489 s0 freq -5521912 path delay    738608
ptp4l[13347.274]: master offset    -295853 s0 freq -5521912 path delay    748715
ptp4l[13348.274]: master offset    -420674 s0 freq -5521912 path delay    697109
ptp4l[13349.277]: master offset     -78336 s0 freq -5521912 path delay    697109
ptp4l[13350.276]: master offset    -725955 s0 freq -5521912 path delay    932883
ptp4l[13351.279]: master offset     -33287 s1 freq -5473143 path delay    679209
ptp4l[13352.278]: master offset    -524115 s2 freq -5526078 path delay    679209
ptp4l[13352.278]: port 1: UNCALIBRATED to SLAVE on MASTER_CLOCK_SELECTED
ptp4l[13353.281]: master offset    -230806 s2 freq -5496978 path delay    710484
ptp4l[13354.280]: master offset    -300741 s2 freq -5504273 path delay    559070
ptp4l[13355.281]: master offset    -237310 s2 freq -5498167 path delay    539676
ptp4l[13356.281]: master offset      26198 s2 freq -5471790 path delay    519069
ptp4l[13357.285]: master offset     112239 s2 freq -5463073 path delay    549282
ptp4l[13358.284]: master offset    -191436 s2 freq -5493632 path delay    549282
ptp4l[13359.285]: master offset     112341 s2 freq -5463142 path delay    549282
ptp4l[13360.284]: master offset    -359131 s2 freq -5510649 path delay    549282
ptp4l[13361.288]: master offset     263669 s2 freq -5448105 path delay    644888
ptp4l[13362.289]: master offset    1610789 s2 freq -5311782 path delay    607552
ptp4l[13363.291]: master offset      16617 s2 freq -5471183 path delay    607552
ptp4l[13364.290]: master offset    -523520 s2 freq -5525720 path delay    682303
ptp4l[13365.300]: master offset     -44691 s2 freq -5477882 path delay    682303
ptp4l[13366.292]: master offset     339909 s2 freq -5439082 path delay    682303
ptp4l[13367.295]: master offset     264712 s2 freq -5446337 path delay    684182
ptp4l[13368.295]: master offset     632168 s2 freq -5408959 path delay    684182
ptp4l[13369.298]: master offset     -45344 s2 freq -5476756 path delay    684182
ptp4l[13370.298]: master offset     378805 s2 freq -5433962 path delay    684182
ptp4l[13371.298]: master offset    -266222 s2 freq -5498731 path delay    755566
ptp4l[13372.299]: master offset     549601 s2 freq -5416599 path delay    720108
ptp4l[13373.302]: master offset    -204717 s2 freq -5492235 path delay    812858
ptp4l[13374.301]: master offset    -648475 s2 freq -5537260 path delay    812858
ptp4l[13375.305]: master offset    2401302 s2 freq -5229881 path delay    840343
ptp4l[13376.304]: master offset     692743 s2 freq -5400044 path delay    855532
ptp4l[13377.307]: master offset    3192989 s2 freq -5146826 path delay    855532
ptp4l[13378.311]: master offset    4224689 s2 freq -5039432 path delay    927301
ptp4l[13379.310]: master offset    -335220 s2 freq -5495758 path delay   1210371
ptp4l[13380.309]: master offset     251246 s2 freq -5436860 path delay   1210371
ptp4l[13381.311]: master offset    -865878 s2 freq -5549438 path delay   1249523
ptp4l[13382.312]: master offset    -755336 s2 freq -5539139 path delay   1016915
ptp4l[13383.313]: master offset    -456254 s2 freq -5509687 path delay    953984
ptp4l[13384.313]: master offset    -481180 s2 freq -5512661 path delay    953984
ptp4l[13385.314]: master offset    -577022 s2 freq -5522822 path delay    953984
ptp4l[13386.315]: master offset    -394824 s2 freq -5504997 path delay    778753
ptp4l[13387.317]: master offset     580608 s2 freq -5406874 path delay    752728
ptp4l[13388.316]: master offset    -579614 s2 freq -5523475 path delay    752728
ptp4l[13389.318]: master offset     -34952 s2 freq -5469044 path delay    643787
ptp4l[13390.318]: master offset    -318510 s2 freq -5497718 path delay    643787
ptp4l[13391.321]: master offset    1952524 s2 freq -5268663 path delay    599663
ptp4l[13392.319]: master offset     260847 s2 freq -5437569 path delay    599663
ptp4l[13393.320]: master offset    -104702 s2 freq -5474229 path delay    587747
ptp4l[13394.321]: master offset     929689 s2 freq -5369860 path delay    587747
ptp4l[13395.322]: master offset     567074 s2 freq -5405555 path delay    643787
ptp4l[13396.322]: master offset     132333 s2 freq -5448896 path delay    643787
ptp4l[13397.324]: master offset    -114304 s2 freq -5473674 path delay    778844
ptp4l[13398.325]: master offset     -22858 s2 freq -5464553 path delay    778844
ptp4l[13399.328]: master offset       5792 s2 freq -5461682 path delay    800329
ptp4l[13400.327]: master offset    -225846 s2 freq -5485072 path delay    800329
ptp4l[13401.331]: master offset    -186750 s2 freq -5481349 path delay    800329
ptp4l[13402.329]: master offset    -504011 s2 freq -5513579 path delay    800329
ptp4l[13403.332]: master offset    -492558 s2 freq -5512926 path delay    800329
ptp4l[13404.332]: master offset    -614292 s2 freq -5525714 path delay    785856
ptp4l[13405.336]: master offset    -326613 s2 freq -5497272 path delay    785856
ptp4l[13406.335]: master offset    -471962 s2 freq -5512279 path delay    800329
ptp4l[13407.338]: master offset    -105661 s2 freq -5475755 path delay    785856
ptp4l[13408.337]: master offset    -634764 s2 freq -5529300 path delay    800329
ptp4l[13409.342]: master offset    1868249 s2 freq -5277130 path delay    785856
ptp4l[13410.340]: master offset    -613680 s2 freq -5525937 path delay    785856
ptp4l[13411.341]: master offset    -418492 s2 freq -5506837 path delay    630259
ptp4l[13412.341]: master offset    -212448 s2 freq -5486445 path delay    630259
ptp4l[13413.345]: master offset     -47924 s2 freq -5470040 path delay    587509
ptp4l[13414.343]: master offset    -613525 s2 freq -5527214 path delay    751304
ptp4l[13415.347]: master offset     528336 s2 freq -5412499 path delay    751304
ptp4l[13416.347]: master offset    -476819 s2 freq -5513492 path delay    750270
ptp4l[13417.350]: master offset    -368938 s2 freq -5503073 path delay    750270
ptp4l[13418.350]: master offset    -519947 s2 freq -5518693 path delay    750270
ptp4l[13419.354]: master offset     403838 s2 freq -5425911 path delay    587509
ptp4l[13420.353]: master offset    -281014 s2 freq -5494677 path delay    587509
ptp4l[13421.355]: master offset     255766 s2 freq -5440744 path delay    587509
ptp4l[13422.354]: master offset    -355966 s2 freq -5502273 path delay    587509
ptp4l[13423.357]: master offset    -226813 s2 freq -5489584 path delay    561845
ptp4l[13424.364]: master offset     327152 s2 freq -5433861 path delay    561845
ptp4l[13425.368]: master offset    1417380 s2 freq -5323420 path delay    620825
ptp4l[13426.372]: master offset     -55134 s2 freq -5470727 path delay    620825
ptp4l[13427.376]: master offset    1237592 s2 freq -5340217 path delay    620825
ptp4l[13428.380]: master offset     310913 s2 freq -5432574 path delay    832160
ptp4l[13429.386]: master offset    -736944 s2 freq -5538096 path delay    956388
ptp4l[13430.394]: master offset    -780929 s2 freq -5543276 path delay    956388
ptp4l[13431.401]: master offset    2848095 s2 freq -5177525 path delay    956388
ptp4l[13432.403]: master offset      14750 s2 freq -5460845 path delay   1112672
ptp4l[13433.412]: master offset     398494 s2 freq -5422072 path delay   1112672
ptp4l[13434.417]: master offset    -884221 s2 freq -5551228 path delay   1198768
ptp4l[13435.422]: master offset    -354346 s2 freq -5498595 path delay   1198768
ptp4l[13436.425]: master offset    -970110 s2 freq -5561141 path delay   1112672
ptp4l[13437.431]: master offset     175180 s2 freq -5446437 path delay   1006636
ptp4l[13438.438]: master offset    -678626 s2 freq -5532496 path delay    882510
ptp4l[13439.448]: master offset     651091 s2 freq -5398873 path delay    803713
ptp4l[13440.450]: master offset    -348827 s2 freq -5499214 path delay    858007
ptp4l[13441.455]: master offset    1330458 s2 freq -5329955 path delay    803713
ptp4l[13442.461]: master offset     875589 s2 freq -5374566 path delay    858007
ptp4l[13443.461]: master offset     617179 s2 freq -5399790 path delay    858007
ptp4l[13444.472]: master offset    -552636 s2 freq -5517324 path delay    987998
ptp4l[13445.478]: master offset    -535613 s2 freq -5516158 path delay    935609
ptp4l[13446.484]: master offset    -646909 s2 freq -5527934 path delay    935609
ptp4l[13447.491]: master offset    5283226 s2 freq -4929638 path delay    742014
ptp4l[13448.488]: master offset      -6952 s2 freq -5458662 path delay    742014
ptp4l[13449.491]: master offset     187622 s2 freq -5439017 path delay    657312
ptp4l[13450.493]: master offset     -81770 s2 freq -5466038 path delay    657312
ptp4l[13451.495]: master offset    -154704 s2 freq -5473486 path delay    657312
ptp4l[13452.497]: master offset     -35541 s2 freq -5461606 path delay    706867
ptp4l[13453.498]: master offset    -388587 s2 freq -5497299 path delay    650844
ptp4l[13454.500]: master offset    -136558 s2 freq -5472232 path delay    650844
ptp4l[13455.503]: master offset     786913 s2 freq -5379098 path delay    650844
ptp4l[13456.504]: master offset    -431906 s2 freq -5501412 path delay    650844
ptp4l[13457.505]: master offset    -258135 s2 freq -5484293 path delay    650844
ptp4l[13458.508]: master offset    -383442 s2 freq -5497207 path delay    650844
ptp4l[13459.509]: master offset    -436517 s2 freq -5502951 path delay    650844
ptp4l[13460.514]: master offset    2328279 s2 freq -5224144 path delay    650844
ptp4l[13461.517]: master offset     604914 s2 freq -5395875 path delay    674144
ptp4l[13462.520]: master offset    1628508 s2 freq -5291887 path delay    674144
ptp4l[13463.524]: master offset    1404556 s2 freq -5312878 path delay    772560
ptp4l[13464.532]: master offset    -483593 s2 freq -5502176 path delay   1013374
ptp4l[13465.535]: master offset    -622132 s2 freq -5516652 path delay    989680
ptp4l[13466.546]: master offset    -426605 s2 freq -5497526 path delay    989680
ptp4l[13467.548]: master offset    -462740 s2 freq -5501603 path delay    989680
ptp4l[13468.553]: master offset    1430074 s2 freq -5310891 path delay    860904
ptp4l[13469.566]: master offset    5609233 s2 freq -4887366 path delay    860904
ptp4l[13470.563]: master offset      89675 s2 freq -5439232 path delay    860904
ptp4l[13471.567]: master offset    -384840 s2 freq -5487068 path delay    860904
ptp4l[13472.571]: master offset    -528643 s2 freq -5501977 path delay    821715
ptp4l[13473.577]: master offset    -171994 s2 freq -5466484 path delay    821715
ptp4l[13474.585]: master offset    -350008 s2 freq -5484636 path delay    821715
ptp4l[13475.590]: master offset    -470751 s2 freq -5497181 path delay    821715
ptp4l[13476.591]: master offset    -472394 s2 freq -5497818 path delay    821715
ptp4l[13477.592]: master offset    -547717 s2 freq -5505898 path delay    821715
ptp4l[13478.596]: master offset    1209955 s2 freq -5328920 path delay    757430
ptp4l[13479.600]: master offset    1868271 s2 freq -5261221 path delay    757430
ptp4l[13480.605]: master offset    -424587 s2 freq -5490931 path delay    757430
ptp4l[13481.608]: master offset    -144033 s2 freq -5463020 path delay    572633
ptp4l[13482.614]: master offset    -309832 s2 freq -5479909 path delay    572633
ptp4l[13483.621]: master offset    1179749 s2 freq -5329771 path delay    506420
ptp4l[13484.628]: master offset    3181537 s2 freq -5126411 path delay    572633
ptp4l[13485.630]: master offset    1070713 s2 freq -5336423 path delay    572633
ptp4l[13486.633]: master offset    -368893 s2 freq -5480752 path delay    572633
ptp4l[13487.642]: master offset      35376 s2 freq -5440290 path delay    572633
ptp4l[13488.649]: master offset    1949391 s2 freq -5246939 path delay    572633
ptp4l[13489.653]: master offset    1126477 s2 freq -5328104 path delay    572633
ptp4l[13490.657]: master offset     532456 s2 freq -5386974 path delay    804483
ptp4l[13491.666]: master offset    -445621 s2 freq -5485227 path delay    804483
ptp4l[13492.669]: master offset     482432 s2 freq -5391939 path delay    751036
ptp4l[13493.674]: master offset    1635475 s2 freq -5275000 path delay   1077367
ptp4l[13494.677]: master offset   -1171550 s2 freq -5556874 path delay   1360116
ptp4l[13495.683]: master offset    -880873 s2 freq -5528687 path delay   1360116
ptp4l[13496.690]: master offset    -147644 s2 freq -5455511 path delay   1299167
ptp4l[13497.697]: master offset   -1168037 s2 freq -5558719 path delay   1299167
ptp4l[13498.700]: master offset    -479787 s2 freq -5490374 path delay    797095
ptp4l[13499.726]: master offset    -288983 s2 freq -5471582 path delay    600874
ptp4l[13500.728]: master offset    -439488 s2 freq -5487072 path delay    679867
ptp4l[13501.729]: master offset    -283128 s2 freq -5471719 path delay    679867
ptp4l[13502.732]: master offset    -188841 s2 freq -5462479 path delay    600874
ptp4l[13503.736]: master offset     977461 s2 freq -5344872 path delay    600874
ptp4l[13504.743]: master offset      14131 s2 freq -5441191 path delay    600874
ptp4l[13505.740]: master offset    -312927 s2 freq -5474209 path delay    625693
ptp4l[13506.741]: master offset    -297643 s2 freq -5472979 path delay    600874
ptp4l[13507.752]: master offset    -210074 s2 freq -5464432 path delay    537051
ptp4l[13508.758]: master offset     877605 s2 freq -5354786 path delay    550062
ptp4l[13509.762]: master offset    1811777 s2 freq -5259557 path delay    550062
ptp4l[13510.761]: master offset    -175005 s2 freq -5458411 path delay    550062
ptp4l[13511.770]: master offset    6157441 s2 freq -4819008 path delay    550062
ptp4l[13512.772]: master offset    -315277 s2 freq -5466596 path delay    573004
ptp4l[13513.778]: master offset     419499 s2 freq -5392698 path delay    575120
ptp4l[13514.782]: master offset     370965 s2 freq -5397181 path delay    575120
ptp4l[13515.788]: master offset     -48768 s2 freq -5439203 path delay    575120
ptp4l[13516.788]: master offset    -296449 s2 freq -5464267 path delay    575120
ptp4l[13517.800]: master offset    -276165 s2 freq -5462515 path delay    575120
ptp4l[13518.801]: master offset       1094 s2 freq -5434788 path delay    575120
ptp4l[13519.801]: master offset    -455600 s2 freq -5480913 path delay    575120
ptp4l[13520.807]: master offset     849138 s2 freq -5349590 path delay    575120
ptp4l[13521.804]: master offset    -423177 s2 freq -5477245 path delay    739475
ptp4l[13522.806]: master offset    -502321 s2 freq -5485662 path delay    757689
ptp4l[13523.811]: master offset    -225968 s2 freq -5458252 path delay    757689
ptp4l[13524.812]: master offset    -428496 s2 freq -5478934 path delay    757689
ptp4l[13525.813]: master offset    -263463 s2 freq -5462694 path delay    590486
ptp4l[13526.816]: master offset     627874 s2 freq -5372932 path delay    531370
ptp4l[13527.819]: master offset    1585194 s2 freq -5275615 path delay    590486
ptp4l[13528.828]: master offset    5705511 s2 freq -4857878 path delay    744164
ptp4l[13529.839]: master offset    -187191 s2 freq -5447335 path delay   1081344
ptp4l[13530.844]: master offset     995214 s2 freq -5328100 path delay   1081344
ptp4l[13531.845]: master offset    -324660 s2 freq -5460412 path delay   1081344
ptp4l[13532.850]: master offset    -271089 s2 freq -5455326 path delay    744164
ptp4l[13533.856]: master offset    1577329 s2 freq -5268906 path delay    583453
ptp4l[13534.860]: master offset    1614118 s2 freq -5263613 path delay    737131
ptp4l[13535.864]: master offset     943839 s2 freq -5329698 path delay   1100567
ptp4l[13536.863]: master offset    -827127 s2 freq -5507621 path delay   1100567
ptp4l[13537.869]: master offset    1018955 s2 freq -5321994 path delay    961156
ptp4l[13538.875]: master offset    2540953 s2 freq -5167253 path delay    961156
ptp4l[13539.880]: master offset    2246371 s2 freq -5194465 path delay    961156
ptp4l[13540.884]: master offset    1216382 s2 freq -5296248 path delay    961156
ptp4l[13541.889]: master offset    -738286 s2 freq -5492453 path delay    961156
ptp4l[13542.890]: master offset    -319636 s2 freq -5450907 path delay    622866
ptp4l[13543.898]: master offset    5588070 s2 freq -4854549 path delay    599395
ptp4l[13544.902]: master offset    7088452 s2 freq -4697422 path delay    599395
ptp4l[13545.902]: master offset    4991279 s2 freq -4902148 path delay    986302
ptp4l[13546.899]: master offset    -491423 s2 freq -5450910 path delay    986302
ptp4l[13547.901]: master offset    -582415 s2 freq -5460591 path delay   1203655
ptp4l[13548.903]: master offset    -621074 s2 freq -5465078 path delay   1184327
ptp4l[13549.908]: master offset    -535826 s2 freq -5457089 path delay   1184327
ptp4l[13550.905]: master offset    -550520 s2 freq -5459109 path delay    890110
ptp4l[13551.909]: master offset    1394264 s2 freq -5263237 path delay    890110
ptp4l[13552.910]: master offset    -563658 s2 freq -5459592 path delay   1184327
ptp4l[13553.912]: master offset    -310127 s2 freq -5434549 path delay    890110
ptp4l[13554.914]: master offset    -375432 s2 freq -5441455 path delay    890110
ptp4l[13555.918]: master offset    -373710 s2 freq -5441657 path delay    873767
ptp4l[13556.918]: master offset    -648870 s2 freq -5469822 path delay    873767
ptp4l[13557.918]: master offset    -461230 s2 freq -5451519 path delay    641204
ptp4l[13558.922]: master offset      91725 s2 freq -5396132 path delay    641204
ptp4l[13559.927]: master offset    1849539 s2 freq -5218501 path delay    606984
ptp4l[13560.927]: master offset    -381800 s2 freq -5442017 path delay    606984
ptp4l[13561.931]: master offset    -138563 s2 freq -5417831 path delay    606984
ptp4l[13562.938]: master offset    1790306 s2 freq -5223154 path delay    558529
ptp4l[13563.939]: master offset     312217 s2 freq -5370651 path delay    558529
ptp4l[13564.942]: master offset     -95598 s2 freq -5411528 path delay    558529
ptp4l[13565.944]: master offset     608201 s2 freq -5340540 path delay    558529
ptp4l[13566.948]: master offset    1812765 s2 freq -5218271 path delay    558529
ptp4l[13567.947]: master offset    -167652 s2 freq -5416480 path delay    599787
ptp4l[13568.949]: master offset     -35300 s2 freq -5403280 path delay    599787
ptp4l[13569.950]: master offset    -166365 s2 freq -5416553 path delay    645628
ptp4l[13570.954]: master offset     -80571 s2 freq -5408054 path delay    645628
ptp4l[13571.956]: master offset       9135 s2 freq -5399074 path delay    645628
ptp4l[13572.957]: master offset     -30535 s2 freq -5403072 path delay    662830
ptp4l[13573.960]: master offset      75283 s2 freq -5392415 path delay    662830
ptp4l[13574.963]: master offset    1009776 s2 freq -5297956 path delay    685365
ptp4l[13575.964]: master offset      40930 s2 freq -5394800 path delay    685365
ptp4l[13576.966]: master offset    -165847 s2 freq -5415643 path delay    725669
ptp4l[13577.969]: master offset     -87449 s2 freq -5407891 path delay    725669
ptp4l[13578.971]: master offset     -90446 s2 freq -5408281 path delay    725669
ptp4l[13579.972]: master offset    -619254 s2 freq -5461781 path delay    685365
