ptp4l[13329.371]: port 1: INITIALIZING to LISTENING on INIT_COMPLETE
ptp4l[13329.371]: port 0: INITIALIZING to LISTENING on INIT_COMPLETE
ptp4l[13333.979]: port 1: new foreign master 769c46.fffe.700bf1-2
ptp4l[13336.387]: selected local clock 7a7f6c.fffe.684a58 as best master
ptp4l[13337.979]: selected best master clock 5695eb.fffe.62a32e
ptp4l[13337.980]: foreign master not using PTP timescale
ptp4l[13337.980]: port 1: LISTENING to UNCALIBRATED on RS_SLAVE
ptp4l[13340.001]: rms 250983 max 333016 freq -5521911 +/-   0 delay 414914 +/- 72853
ptp4l[13342.003]: rms 948195 max 1286104 freq -5521911 +/-   0 delay 479173 +/-   0
ptp4l[13344.011]: rms 735795 max 778589 freq -5521911 +/-   0 delay 482755 +/-   0
ptp4l[13346.008]: rms 208728 max 233994 freq -5521911 +/-   0 delay 488150 +/- 2562
ptp4l[13348.018]: rms 1658398 max 2330611 freq -5521911 +/-   0 delay 482755 +/-   0
ptp4l[13350.052]: rms 237542 max 265949 freq -5521911 +/-   0 delay 491773 +/-   0
ptp4l[13352.063]: rms 234473 max 281197 freq -5521911 +/-   0 delay 452547 +/-   0
ptp4l[13354.067]: rms 533514 max 730420 freq -5521911 +/-   0 delay 452547 +/-   0
ptp4l[13356.074]: rms 264231 max 294165 freq -5499548 +/- 11637
ptp4l[13356.075]: port 1: UNCALIBRATED to SLAVE on MASTER_CLOCK_SELECTED
ptp4l[13358.088]: rms 295547 max 323803 freq -5507787 +/- 29537 delay 512382 +/- 72967
ptp4l[13360.090]: rms 607868 max 857866 freq -5464746 +/- 40551 delay 628083 +/-   0
ptp4l[13362.090]: rms 85794 max 107582 freq -5501688 +/- 2628 delay 732135 +/-   0
ptp4l[13364.113]: rms 508363 max 679700 freq -5463324 +/- 22155 delay 746909 +/- 20893
ptp4l[13366.108]: rms 433427 max 550213 freq -5550608 +/- 13868 delay 743442 +/-   0
ptp4l[13368.128]: rms 306343 max 409882 freq -5523268 +/- 27715 delay 733376 +/- 24392
ptp4l[13370.125]: rms 8617299 max 12186590 freq -4897225 +/- 618024 delay 687158 +/- 8169
ptp4l[13372.131]: rms 5274813 max 7415319 freq -5081943 +/- 333843 delay 695327 +/-   0
ptp4l[13374.142]: rms 1281245 max 1572642 freq -5363978 +/- 33183 delay 797206 +/- 72039
ptp4l[13376.145]: rms 802790 max 1126578 freq -5423097 +/- 49863 delay 957599 +/-   0
ptp4l[13378.153]: rms 205045 max 253037 freq -5505894 +/- 5697 delay 985371 +/-   0
ptp4l[13380.150]: rms 729069 max 943928 freq -5459095 +/- 68145 delay 1107070 +/-   0
ptp4l[13382.155]: rms 1544520 max 2167657 freq -5390009 +/- 122916 delay 1124816 +/-   0
ptp4l[13384.158]: rms 3993414 max 4708316 freq -5086239 +/- 77920 delay 1124816 +/-   0
ptp4l[13386.165]: rms 2489758 max 3518097 freq -5303890 +/- 183186 delay 1124816 +/-   0
ptp4l[13388.146]: rms 187043 max 262475 freq -5484239 +/- 14896 delay 1036876 +/- 62185
ptp4l[13390.182]: rms 272451 max 330311 freq -5466060 +/- 26534 delay 925120 +/- 68496
ptp4l[13392.167]: rms 61165 max 85152 freq -5469231 +/- 5061 delay 724969 +/-   0
ptp4l[13394.186]: rms 534873 max 756306 freq -5433809 +/- 37523 delay 674332 +/- 4247
ptp4l[13396.184]: rms 218484 max 262002 freq -5450332 +/- 5042 delay 670433 +/- 3992
ptp4l[13398.166]: rms 378330 max 534434 freq -5442949 +/- 25436 delay 668325 +/-   0
ptp4l[13400.163]: rms 256081 max 306353 freq -5445609 +/- 5814 delay 666796 +/- 1444
ptp4l[13402.192]: rms 126770 max 156977 freq -5458052 +/- 3476 delay 649833 +/-   0
ptp4l[13404.194]: rms 279181 max 320947 freq -5474668 +/- 27705 delay 661668 +/- 11835
ptp4l[13406.192]: rms 104226 max 106223 freq -5459702 +/- 255 delay 637358 +/- 6184
ptp4l[13408.201]: rms 136687 max 169983 freq -5456791 +/- 3982 delay 672312 +/-   0
ptp4l[13410.186]: rms 492517 max 622234 freq -5454348 +/- 47073 delay 672312 +/-   0
ptp4l[13412.203]: rms 815435 max 1066629 freq -5393277 +/- 31946 delay 672312 +/-   0
ptp4l[13414.215]: rms 2480554 max 3391360 freq -5249726 +/- 124259 delay 727690 +/- 30198
ptp4l[13416.211]: rms 376653 max 480026 freq -5499846 +/- 12341 delay 757887 +/-   0
ptp4l[13418.199]: rms 424731 max 543192 freq -5450061 +/- 40251 delay 757887 +/-   0
ptp4l[13420.217]: rms 316403 max 426237 freq -5478990 +/- 28189 delay 815986 +/- 41082
ptp4l[13422.220]: rms 528007 max 687130 freq -5414615 +/- 19596 delay 882511 +/- 26500
ptp4l[13424.232]: rms 336574 max 466230 freq -5444785 +/- 28339 delay 866448 +/- 24369
ptp4l[13426.228]: rms 420187 max 593550 freq -5494498 +/- 28549 delay 885806 +/-   0
ptp4l[13428.242]: rms 131962 max 139880 freq -5464587 +/- 13233 delay 818357 +/- 66295
ptp4l[13430.225]: rms 240552 max 333478 freq -5483978 +/- 13478 delay 755259 +/-   0
ptp4l[13432.256]: rms 280609 max 395603 freq -5445514 +/- 21362 delay 686193 +/-   0
ptp4l[13434.253]: rms 93945 max 130114 freq -5468945 +/- 7914 delay 612204 +/- 28812
ptp4l[13436.255]: rms 412110 max 491477 freq -5422964 +/- 8755 delay 526309 +/-   0
ptp4l[13438.245]: rms 565056 max 777421 freq -5414352 +/- 30014 delay 590070 +/-   0
ptp4l[13440.265]: rms 1091249 max 1542664 freq -5381241 +/- 74970 delay 712139 +/- 72873
ptp4l[13442.258]: rms 261814 max 321403 freq -5486101 +/- 7039 delay 987224 +/-   0
ptp4l[13444.268]: rms 239031 max 329040 freq -5473868 +/- 20365 delay 861679 +/-   0
ptp4l[13446.282]: rms 242584 max 248946 freq -5460476 +/- 24368 delay 868652 +/- 7181
ptp4l[13448.278]: rms 131835 max 185178 freq -5452993 +/- 10435 delay 761634 +/-   0
ptp4l[13450.283]: rms 1304129 max 1844309 freq -5367279 +/- 92479 delay 761634 +/-   0
ptp4l[13452.283]: rms 289748 max 401251 freq -5443211 +/- 24418 delay 727917 +/- 16863
ptp4l[13454.290]: rms 75989 max 107463 freq -5453516 +/- 5451 delay 711054 +/-   0
ptp4l[13456.302]: rms 1269122 max 1794506 freq -5365626 +/- 88060 delay 661564 +/- 10651
ptp4l[13458.290]: rms 229439 max 281033 freq -5434520 +/- 6083 delay 637143 +/- 10195
ptp4l[13460.307]: rms 92217 max 130220 freq -5449540 +/- 6152 delay 648262 +/- 12486
ptp4l[13462.320]: rms 320381 max 392686 freq -5424962 +/- 8220 delay 691530 +/- 20360
ptp4l[13464.323]: rms 166498 max 188792 freq -5439074 +/- 2498 delay 671170 +/-   0
ptp4l[13466.315]: rms 347039 max 359559 freq -5490649 +/- 1455 delay 719704 +/- 16236
ptp4l[13468.328]: rms 502144 max 708069 freq -5417628 +/- 33049 delay 694764 +/- 12286
ptp4l[13470.321]: rms 963354 max 1267471 freq -5416860 +/- 88988 delay 707049 +/-   0
ptp4l[13472.340]: rms 530965 max 634019 freq -5402082 +/- 11902 delay 758288 +/- 51238
ptp4l[13474.321]: rms 671531 max 815879 freq -5436518 +/- 65340 delay 973768 +/- 32490
ptp4l[13476.339]: rms 424862 max 527815 freq -5494669 +/- 11892 delay 1006258 +/-   0
ptp4l[13479.349]: rms 1061447 max 1464401 freq -5396045 +/- 89883 delay 966576 +/- 30295
ptp4l[13481.355]: rms 425139 max 593759 freq -5478096 +/- 34711 delay 867379 +/-   0
ptp4l[13483.354]: rms 100177 max 139623 freq -5461707 +/- 5851 delay 801042 +/- 122520
ptp4l[13485.355]: rms 541341 max 668642 freq -5438845 +/- 52409 delay 923562 +/-   0
ptp4l[13487.357]: rms 335221 max 472122 freq -5479549 +/- 21435 delay 901960 +/- 183314
ptp4l[13489.361]: rms 127601 max 133301 freq -5440880 +/- 650 delay 630142 +/-   0
ptp4l[13491.365]: rms 770777 max 1089681 freq -5396566 +/- 53064 delay 752435 +/- 103857
ptp4l[13493.375]: rms 335589 max 439826 freq -5439015 +/- 30996 delay 850877 +/- 24681
ptp4l[13495.376]: rms 300615 max 413943 freq -5478027 +/- 16059 delay 1013506 +/-   0
ptp4l[13497.381]: rms 217283 max 248633 freq -5474491 +/- 3313 delay 1013506 +/-   0
ptp4l[13499.391]: rms 228623 max 290234 freq -5445730 +/- 21781 delay 919851 +/- 93655
ptp4l[13501.390]: rms 245490 max 328491 freq -5441894 +/- 22099 delay 755403 +/- 50058
ptp4l[13503.391]: rms 167618 max 178163 freq -5469739 +/- 1012 delay 699742 +/- 15552
ptp4l[13505.402]: rms 294395 max 414800 freq -5433967 +/- 22735 delay 672654 +/- 11534
ptp4l[13507.403]: rms 116315 max 124323 freq -5451927 +/- 11664 delay 717933 +/- 9424
ptp4l[13509.405]: rms 409555 max 576614 freq -5426364 +/- 31852 delay 714422 +/- 3190
ptp4l[13511.411]: rms 128743 max 177915 freq -5441216 +/- 7051 delay 712167 +/-   0
ptp4l[13513.414]: rms 479786 max 660567 freq -5410691 +/- 25606 delay 718933 +/-   0
ptp4l[13515.417]: rms 35460 max 36331 freq -5447544 +/- 106 delay 726388 +/-   0
ptp4l[13517.432]: rms 164930 max 232533 freq -5440132 +/- 12547 delay 721503 +/-   0
ptp4l[13519.428]: rms 154459 max 182500 freq -5447762 +/- 15218 delay 716920 +/- 4583
ptp4l[13521.428]: rms 231271 max 326999 freq -5433781 +/- 16014 delay 785225 +/- 17978
ptp4l[13523.434]: rms 446302 max 622404 freq -5424010 +/- 36413 delay 868931 +/- 13131
ptp4l[13525.432]: rms 166166 max 234220 freq -5438959 +/- 12673 delay 832149 +/- 31852
ptp4l[13527.436]: rms 772706 max 1061515 freq -5408694 +/- 66180 delay 892566 +/- 69600
ptp4l[13529.437]: rms 234609 max 280463 freq -5472181 +/- 5071 delay 876140 +/-   0
ptp4l[13531.443]: rms 104687 max 147950 freq -5442112 +/- 7672 delay 850047 +/- 74998
ptp4l[13533.448]: rms 1473362 max 1981155 freq -5316274 +/- 67775 delay 775049 +/-   0
ptp4l[13535.451]: rms 533477 max 718923 freq -5494588 +/- 24866 delay 974605 +/- 1623
ptp4l[13537.445]: rms 28180 max 38871 freq -5449076 +/- 2403 delay 844273 +/- 93306
ptp4l[13539.462]: rms 109162 max 143603 freq -5452054 +/- 10042 delay 715075 +/- 63221
ptp4l[13541.455]: rms 276428 max 334372 freq -5454504 +/- 26947 delay 696410 +/-   0
ptp4l[13543.461]: rms 98981 max 135092 freq -5456552 +/- 4903 delay 777938 +/- 81528
ptp4l[13545.460]: rms 263264 max 322843 freq -5454828 +/- 25576 delay 604452 +/- 30261
ptp4l[13547.472]: rms 154002 max 216855 freq -5436041 +/- 9824 delay 642797 +/-   0
ptp4l[13549.471]: rms 1052797 max 1483144 freq -5366325 +/- 68370 delay 657434 +/- 14636
ptp4l[13551.484]: rms 131846 max 182570 freq -5438981 +/- 11114 delay 672070 +/-   0
ptp4l[13553.485]: rms 507809 max 577819 freq -5395195 +/- 7857 delay 681788 +/- 9911
ptp4l[13555.491]: rms 963307 max 1324216 freq -5393743 +/- 82369 delay 721068 +/- 22643
ptp4l[13557.489]: rms 389515 max 548917 freq -5469777 +/- 29779 delay 841585 +/-   0
ptp4l[13559.487]: rms 203625 max 286797 freq -5431459 +/- 15781 delay 883452 +/- 7926
ptp4l[13561.495]: rms 235060 max 270949 freq -5467902 +/- 3821 delay 891378 +/-   0
ptp4l[13563.496]: rms 238741 max 314142 freq -5454594 +/- 21955 delay 891378 +/-   0
ptp4l[13566.493]: rms 38244 max 47589 freq -5441287 +/- 1082 delay 887421 +/- 3957
ptp4l[13568.506]: rms 174817 max 237162 freq -5460476 +/- 8485 delay 845982 +/- 26390
ptp4l[13570.508]: rms 35773 max 43909 freq -5444309 +/- 3474 delay 791389 +/- 28294
ptp4l[13572.514]: rms 108854 max 140172 freq -5449161 +/- 10223 delay 725596 +/-   0
ptp4l[13574.510]: rms 351227 max 479702 freq -5414506 +/- 17781 delay 725596 +/-   0
ptp4l[13576.520]: rms 176824 max 249291 freq -5430987 +/- 11471 delay 686909 +/-   0
ptp4l[13578.509]: rms 776395 max 1090736 freq -5382435 +/- 48174 delay 640716 +/-   0
