--- 06:24:39 ---
     remote           refid      st t when poll reach   delay   offset   jitter
===============================================================================
 serverntp       .INIT.          16 u    -   64    0   0.0000   0.0000   0.0002
--- 06:24:54 ---
     remote           refid      st t when poll reach   delay   offset   jitter
===============================================================================
 serverntp       .INIT.          16 u    -   64    0   0.0000   0.0000   0.0002
--- 06:25:09 ---
     remote           refid      st t when poll reach   delay   offset   jitter
===============================================================================
 serverntp       .INIT.          16 u    -   64    0   0.0000   0.0000   0.0002
--- 06:25:24 ---
     remote           refid      st t when poll reach   delay   offset   jitter
===============================================================================
 serverntp       .INIT.          16 u    -   64    0   0.0000   0.0000   0.0002
--- 06:25:39 ---
     remote           refid      st t when poll reach   delay   offset   jitter
===============================================================================
 serverntp       .INIT.          16 u    -   64    0   0.0000   0.0000   0.0002
--- 06:25:54 ---
     remote           refid      st t when poll reach   delay   offset   jitter
===============================================================================
 serverntp       .INIT.          16 u    -   64    0   0.0000   0.0000   0.0002
--- 06:26:09 ---
     remote           refid      st t when poll reach   delay   offset   jitter
===============================================================================
 serverntp       .INIT.          16 u    -   64    0   0.0000   0.0000   0.0002
--- 06:26:24 ---
     remote           refid      st t when poll reach   delay   offset   jitter
===============================================================================
 serverntp       .INIT.          16 u    -   64    0   0.0000   0.0000   0.0002
--- 06:26:39 ---
     remote           refid      st t when poll reach   delay   offset   jitter
===============================================================================
 serverntp       .INIT.          16 u    -   64    0   0.0000   0.0000   0.0002
--- 06:26:54 ---
     remote           refid      st t when poll reach   delay   offset   jitter
===============================================================================
 serverntp       .INIT.          16 u    -   64    0   0.0000   0.0000   0.0002
--- 06:27:09 ---
     remote           refid      st t when poll reach   delay   offset   jitter
===============================================================================
 serverntp       .INIT.          16 u    -   64    0   0.0000   0.0000   0.0002
--- 06:27:24 ---
     remote           refid      st t when poll reach   delay   offset   jitter
===============================================================================
 serverntp       .INIT.          16 u    -   64    0   0.0000   0.0000   0.0002
--- 06:27:39 ---
     remote           refid      st t when poll reach   delay   offset   jitter
===============================================================================
 serverntp       .INIT.          16 u    -   64    0   0.0000   0.0000   0.0002
--- 06:27:55 ---
     remote           refid      st t when poll reach   delay   offset   jitter
===============================================================================
 serverntp       .INIT.          16 u    -   64    0   0.0000   0.0000   0.0002
--- 06:28:10 ---
     remote           refid      st t when poll reach   delay   offset   jitter
===============================================================================
 serverntp       .INIT.          16 u    -   64    0   0.0000   0.0000   0.0002
--- 06:28:25 ---
     remote           refid      st t when poll reach   delay   offset   jitter
===============================================================================
 serverntp       .INIT.          16 u    -   64    0   0.0000   0.0000   0.0002
--- 06:28:40 ---
     remote           refid      st t when poll reach   delay   offset   jitter
===============================================================================
 serverntp       .INIT.          16 u    -   64    0   0.0000   0.0000   0.0002
--- 06:28:55 ---
     remote           refid      st t when poll reach   delay   offset   jitter
===============================================================================
 serverntp       .INIT.          16 u    -   64    0   0.0000   0.0000   0.0002
--- 06:29:10 ---
     remote           refid      st t when poll reach   delay   offset   jitter
===============================================================================
 serverntp       .INIT.          16 u    -   64    0   0.0000   0.0000   0.0002
--- 06:29:25 ---
     remote           refid      st t when poll reach   delay   offset   jitter
===============================================================================
 serverntp       .INIT.          16 u    -   64    0   0.0000   0.0000   0.0002
--- 06:29:40 ---
     remote           refid      st t when poll reach   delay   offset   jitter
===============================================================================
 serverntp       .INIT.          16 u    -   64    0   0.0000   0.0000   0.0002
--- 06:29:55 ---
     remote           refid      st t when poll reach   delay   offset   jitter
===============================================================================
 serverntp       127.127.1.0      9 u    4   64    1   1.0390   0.3511   0.0000
--- 06:30:10 ---
     remote           refid      st t when poll reach   delay   offset   jitter
===============================================================================
 serverntp       127.127.1.0      9 u   19   64    1   1.0390   0.3511   0.0000
--- 06:30:25 ---
     remote           refid      st t when poll reach   delay   offset   jitter
===============================================================================
 serverntp       127.127.1.0      9 u   34   64    1   1.0390   0.3511   0.0000
--- 06:30:40 ---
     remote           refid      st t when poll reach   delay   offset   jitter
===============================================================================
 serverntp       127.127.1.0      9 u   49   64    1   1.0390   0.3511   0.0000
--- 06:30:55 ---
     remote           refid      st t when poll reach   delay   offset   jitter
===============================================================================
 serverntp       127.127.1.0      9 u    -   64    3   0.4391   0.0294   0.3216
--- 06:31:10 ---
     remote           refid      st t when poll reach   delay   offset   jitter
===============================================================================
 serverntp       127.127.1.0      9 u   15   64    3   0.4391   0.0294   0.3216
--- 06:31:25 ---
     remote           refid      st t when poll reach   delay   offset   jitter
===============================================================================
 serverntp       127.127.1.0      9 u   30   64    3   0.4391   0.0294   0.3216
--- 06:31:40 ---
     remote           refid      st t when poll reach   delay   offset   jitter
===============================================================================
 serverntp       127.127.1.0      9 u   45   64    3   0.4391   0.0294   0.3216
--- 06:31:56 ---
     remote           refid      st t when poll reach   delay   offset   jitter
===============================================================================
 serverntp       127.127.1.0      9 u   60   64    3   0.4391   0.0294   0.3216
--- 06:32:11 ---
     remote           refid      st t when poll reach   delay   offset   jitter
===============================================================================
 serverntp       127.127.1.0      9 u   11   64    7   2.1235   0.7361   0.5691
--- 06:32:26 ---
     remote           refid      st t when poll reach   delay   offset   jitter
===============================================================================
 serverntp       127.127.1.0      9 u   26   64    7   2.1235   0.7361   0.5691
--- 06:32:41 ---
     remote           refid      st t when poll reach   delay   offset   jitter
===============================================================================
 serverntp       127.127.1.0      9 u   41   64    7   2.1235   0.7361   0.5691
--- 06:32:56 ---
     remote           refid      st t when poll reach   delay   offset   jitter
===============================================================================
 serverntp       127.127.1.0      9 u   56   64    7   2.1235   0.7361   0.5691
--- 06:33:11 ---
     remote           refid      st t when poll reach   delay   offset   jitter
===============================================================================
*serverntp       127.127.1.0      9 u    6   64   17   1.4354   0.5303   0.3293
--- 06:33:26 ---
     remote           refid      st t when poll reach   delay   offset   jitter
===============================================================================
*serverntp       127.127.1.0      9 u   21   64   17   1.4354   0.5303   0.3293
--- 06:33:41 ---
     remote           refid      st t when poll reach   delay   offset   jitter
===============================================================================
*serverntp       127.127.1.0      9 u   36   64   17   1.4354   0.5303   0.3293
--- 06:33:56 ---
     remote           refid      st t when poll reach   delay   offset   jitter
===============================================================================
*serverntp       127.127.1.0      9 u   51   64   17   1.4354   0.5303   0.3293
--- 06:34:11 ---
     remote           refid      st t when poll reach   delay   offset   jitter
===============================================================================
*serverntp       127.127.1.0      9 u   66   64   17   1.4354   0.5303   0.3293
--- 06:34:26 ---
     remote           refid      st t when poll reach   delay   offset   jitter
===============================================================================
*serverntp       127.127.1.0      9 u   14   64   37   1.4322   0.5143   0.2790
--- 06:34:41 ---
     remote           refid      st t when poll reach   delay   offset   jitter
===============================================================================
*serverntp       127.127.1.0      9 u   29   64   37   1.4322   0.5143   0.2790
--- 06:34:56 ---
     remote           refid      st t when poll reach   delay   offset   jitter
===============================================================================
*serverntp       127.127.1.0      9 u   44   64   37   1.4322   0.5143   0.2790
--- 06:35:11 ---
     remote           refid      st t when poll reach   delay   offset   jitter
===============================================================================
*serverntp       127.127.1.0      9 u   59   64   37   1.4322   0.5143   0.2790
--- 06:35:26 ---
     remote           refid      st t when poll reach   delay   offset   jitter
===============================================================================
*serverntp       127.127.1.0      9 u   10   64   77   2.8792   1.2117   0.8143
--- 06:35:41 ---
     remote           refid      st t when poll reach   delay   offset   jitter
===============================================================================
*serverntp       127.127.1.0      9 u   25   64   77   2.8792   1.2117   0.8143
--- 06:35:57 ---
     remote           refid      st t when poll reach   delay   offset   jitter
===============================================================================
*serverntp       127.127.1.0      9 u   40   64   77   2.8792   1.2117   0.8143
--- 06:36:12 ---
     remote           refid      st t when poll reach   delay   offset   jitter
===============================================================================
*serverntp       127.127.1.0      9 u   55   64   77   2.8792   1.2117   0.8143
--- 06:36:27 ---
     remote           refid      st t when poll reach   delay   offset   jitter
===============================================================================
*serverntp       127.127.1.0      9 u    5   64  177   1.4770   0.4272   0.3858
--- 06:36:42 ---
     remote           refid      st t when poll reach   delay   offset   jitter
===============================================================================
*serverntp       127.127.1.0      9 u   20   64  177   1.4770   0.4272   0.3858
--- 06:36:57 ---
     remote           refid      st t when poll reach   delay   offset   jitter
===============================================================================
*serverntp       127.127.1.0      9 u   35   64  177   1.4770   0.4272   0.3858
--- 06:37:12 ---
     remote           refid      st t when poll reach   delay   offset   jitter
===============================================================================
*serverntp       127.127.1.0      9 u   50   64  177   1.4770   0.4272   0.3858
--- 06:37:27 ---
     remote           refid      st t when poll reach   delay   offset   jitter
===============================================================================
*serverntp       127.127.1.0      9 u   65   64  177   1.4770   0.4272   0.3858
--- 06:37:42 ---
     remote           refid      st t when poll reach   delay   offset   jitter
===============================================================================
*serverntp       127.127.1.0      9 u   14   64  377   0.2901   0.0345   0.6105
--- 06:37:57 ---
     remote           refid      st t when poll reach   delay   offset   jitter
===============================================================================
*serverntp       127.127.1.0      9 u   30   64  377   0.2901   0.0345   0.6105
--- 06:38:12 ---
     remote           refid      st t when poll reach   delay   offset   jitter
===============================================================================
*serverntp       127.127.1.0      9 u   45   64  377   0.2901   0.0345   0.6105
--- 06:38:27 ---
     remote           refid      st t when poll reach   delay   offset   jitter
===============================================================================
*serverntp       127.127.1.0      9 u   60   64  377   0.2901   0.0345   0.6105
--- 06:38:42 ---
     remote           refid      st t when poll reach   delay   offset   jitter
===============================================================================
*serverntp       127.127.1.0      9 u    8   64  377   2.8908   0.8830   0.5407
--- 06:38:57 ---
     remote           refid      st t when poll reach   delay   offset   jitter
===============================================================================
*serverntp       127.127.1.0      9 u   23   64  377   2.8908   0.8830   0.5407
--- 06:39:12 ---
     remote           refid      st t when poll reach   delay   offset   jitter
===============================================================================
*serverntp       127.127.1.0      9 u   38   64  377   2.8908   0.8830   0.5407
--- 06:39:27 ---
     remote           refid      st t when poll reach   delay   offset   jitter
===============================================================================
*serverntp       127.127.1.0      9 u   53   64  377   2.8908   0.8830   0.5407
--- 06:39:42 ---
     remote           refid      st t when poll reach   delay   offset   jitter
===============================================================================
*serverntp       127.127.1.0      9 u    3   64  377   0.8042   0.1080   0.6169
--- 06:39:57 ---
     remote           refid      st t when poll reach   delay   offset   jitter
===============================================================================
*serverntp       127.127.1.0      9 u   18   64  377   0.8042   0.1080   0.6169
--- 06:40:12 ---
     remote           refid      st t when poll reach   delay   offset   jitter
===============================================================================
*serverntp       127.127.1.0      9 u   33   64  377   0.8042   0.1080   0.6169
--- 06:40:28 ---
     remote           refid      st t when poll reach   delay   offset   jitter
===============================================================================
*serverntp       127.127.1.0      9 u   48   64  377   0.8042   0.1080   0.6169
--- 06:40:43 ---
     remote           refid      st t when poll reach   delay   offset   jitter
===============================================================================
*serverntp       127.127.1.0      9 u   63   64  377   0.8042   0.1080   0.6169
--- 06:40:58 ---
     remote           refid      st t when poll reach   delay   offset   jitter
===============================================================================
*serverntp       127.127.1.0      9 u   11   64  377   0.2901   0.0345   0.6346
--- 06:41:13 ---
     remote           refid      st t when poll reach   delay   offset   jitter
===============================================================================
*serverntp       127.127.1.0      9 u   26   64  377   0.2901   0.0345   0.6346
--- 06:41:28 ---
     remote           refid      st t when poll reach   delay   offset   jitter
===============================================================================
*serverntp       127.127.1.0      9 u   41   64  377   0.2901   0.0345   0.6346
--- 06:41:43 ---
     remote           refid      st t when poll reach   delay   offset   jitter
===============================================================================
*serverntp       127.127.1.0      9 u   56   64  377   0.2901   0.0345   0.6346
--- 06:41:58 ---
     remote           refid      st t when poll reach   delay   offset   jitter
===============================================================================
*serverntp       127.127.1.0      9 u    8   64  377   0.2901   0.0345   0.6293
--- 06:42:13 ---
     remote           refid      st t when poll reach   delay   offset   jitter
===============================================================================
*serverntp       127.127.1.0      9 u   23   64  377   0.2901   0.0345   0.6293
--- 06:42:28 ---
     remote           refid      st t when poll reach   delay   offset   jitter
===============================================================================
*serverntp       127.127.1.0      9 u   38   64  377   0.2901   0.0345   0.6293
--- 06:42:43 ---
     remote           refid      st t when poll reach   delay   offset   jitter
===============================================================================
*serverntp       127.127.1.0      9 u   53   64  377   0.2901   0.0345   0.6293
--- 06:42:58 ---
     remote           refid      st t when poll reach   delay   offset   jitter
===============================================================================
*serverntp       127.127.1.0      9 u    3   64  377   0.2901   0.0345   0.9066
--- 06:43:13 ---
     remote           refid      st t when poll reach   delay   offset   jitter
===============================================================================
*serverntp       127.127.1.0      9 u   18   64  377   0.2901   0.0345   0.9066
--- 06:43:28 ---
     remote           refid      st t when poll reach   delay   offset   jitter
===============================================================================
*serverntp       127.127.1.0      9 u   33   64  377   0.2901   0.0345   0.9066
--- 06:43:43 ---
     remote           refid      st t when poll reach   delay   offset   jitter
===============================================================================
*serverntp       127.127.1.0      9 u   48   64  377   0.2901   0.0345   0.9066
--- 06:43:58 ---
     remote           refid      st t when poll reach   delay   offset   jitter
===============================================================================
*serverntp       127.127.1.0      9 u   63   64  377   0.2901   0.0345   0.9066
--- 06:44:14 ---
     remote           refid      st t when poll reach   delay   offset   jitter
===============================================================================
*serverntp       127.127.1.0      9 u   14   64  377   0.2901   0.0345   0.8127
--- 06:44:29 ---
     remote           refid      st t when poll reach   delay   offset   jitter
===============================================================================
*serverntp       127.127.1.0      9 u   29   64  377   0.2901   0.0345   0.8127
--- 06:44:44 ---
     remote           refid      st t when poll reach   delay   offset   jitter
===============================================================================
*serverntp       127.127.1.0      9 u   44   64  377   0.2901   0.0345   0.8127
--- 06:44:59 ---
     remote           refid      st t when poll reach   delay   offset   jitter
===============================================================================
*serverntp       127.127.1.0      9 u   59   64  377   0.2901   0.0345   0.8127
--- 06:45:14 ---
     remote           refid      st t when poll reach   delay   offset   jitter
===============================================================================
*serverntp       127.127.1.0      9 u    9   64  377   0.2901   0.0345   0.8215
--- 06:45:29 ---
     remote           refid      st t when poll reach   delay   offset   jitter
===============================================================================
*serverntp       127.127.1.0      9 u   24   64  377   0.2901   0.0345   0.8215
--- 06:45:44 ---
     remote           refid      st t when poll reach   delay   offset   jitter
===============================================================================
*serverntp       127.127.1.0      9 u   40   64  377   0.2901   0.0345   0.8215
--- 06:45:59 ---
     remote           refid      st t when poll reach   delay   offset   jitter
===============================================================================
*serverntp       127.127.1.0      9 u   55   64  377   0.2901   0.0345   0.8215
--- 06:46:14 ---
     remote           refid      st t when poll reach   delay   offset   jitter
===============================================================================
*serverntp       127.127.1.0      9 u    5   64  377   0.3897   0.1097   0.7648
--- 06:46:29 ---
     remote           refid      st t when poll reach   delay   offset   jitter
===============================================================================
*serverntp       127.127.1.0      9 u   20   64  377   0.3897   0.1097   0.7648
--- 06:46:44 ---
     remote           refid      st t when poll reach   delay   offset   jitter
===============================================================================
*serverntp       127.127.1.0      9 u   35   64  377   0.3897   0.1097   0.7648
--- 06:46:59 ---
     remote           refid      st t when poll reach   delay   offset   jitter
===============================================================================
*serverntp       127.127.1.0      9 u   50   64  377   0.3897   0.1097   0.7648
--- 06:47:14 ---
     remote           refid      st t when poll reach   delay   offset   jitter
===============================================================================
*serverntp       127.127.1.0      9 u    1   64  377   0.3076   0.0573   0.7412
--- 06:47:19 ---
     remote           refid      st t when poll reach   delay   offset   jitter
===============================================================================
*serverntp       127.127.1.0      9 u    6   64  377   0.3076   0.0573   0.7412
--- 06:47:34 ---
     remote           refid      st t when poll reach   delay   offset   jitter
===============================================================================
*serverntp       127.127.1.0      9 u   21   64  377   0.3076   0.0573   0.7412
--- 06:47:49 ---
     remote           refid      st t when poll reach   delay   offset   jitter
===============================================================================
*serverntp       127.127.1.0      9 u   36   64  377   0.3076   0.0573   0.7412
--- 06:48:04 ---
     remote           refid      st t when poll reach   delay   offset   jitter
===============================================================================
*serverntp       127.127.1.0      9 u   51   64  377   0.3076   0.0573   0.7412
--- 06:48:20 ---
     remote           refid      st t when poll reach   delay   offset   jitter
===============================================================================
*serverntp       127.127.1.0      9 u   11   64  377   0.3076   0.0573   0.7665
--- 06:48:35 ---
     remote           refid      st t when poll reach   delay   offset   jitter
===============================================================================
*serverntp       127.127.1.0      9 u   26   64  377   0.3076   0.0573   0.7665
--- 06:48:50 ---
     remote           refid      st t when poll reach   delay   offset   jitter
===============================================================================
*serverntp       127.127.1.0      9 u   41   64  377   0.3076   0.0573   0.7665
--- 06:49:05 ---
     remote           refid      st t when poll reach   delay   offset   jitter
===============================================================================
*serverntp       127.127.1.0      9 u   56   64  377   0.3076   0.0573   0.7665
--- 06:49:20 ---
     remote           refid      st t when poll reach   delay   offset   jitter
===============================================================================
*serverntp       127.127.1.0      9 u    5   64  377   0.3076   0.0573   0.7605
