ptp4l[12136.301]: port 1: INITIALIZING to LISTENING on INIT_COMPLETE
ptp4l[12136.301]: port 2: INITIALIZING to LISTENING on INIT_COMPLETE
ptp4l[12136.302]: port 0: INITIALIZING to LISTENING on INIT_COMPLETE
ptp4l[12140.152]: port 1: new foreign master 3e51b1.fffe.bcd23b-1
ptp4l[12142.505]: port 1: LISTENING to MASTER on ANNOUNCE_RECEIPT_TIMEOUT_EXPIRES
ptp4l[12142.506]: selected local clock cec962.fffe.4f4d2f as best master
ptp4l[12142.506]: port 1: assuming the grand master role
ptp4l[12144.090]: port 2: LISTENING to MASTER on ANNOUNCE_RECEIPT_TIMEOUT_EXPIRES
ptp4l[12144.090]: selected local clock cec962.fffe.4f4d2f as best master
ptp4l[12144.090]: port 1: assuming the grand master role
ptp4l[12144.090]: port 2: assuming the grand master role
ptp4l[12144.154]: selected best master clock 3e51b1.fffe.bcd23b
ptp4l[12144.154]: foreign master not using PTP timescale
ptp4l[12144.154]: port 1: MASTER to UNCALIBRATED on RS_SLAVE
ptp4l[12145.156]: master offset    -369704 s0 freq +2679732 path delay   1326841
ptp4l[12146.157]: master offset    -170895 s0 freq +2679732 path delay   1302438
ptp4l[12147.158]: master offset    -742942 s0 freq +2679732 path delay   1302438
ptp4l[12148.163]: master offset    2522307 s0 freq +2679732 path delay    565605
ptp4l[12149.163]: master offset    1466643 s0 freq +2679732 path delay    565605
ptp4l[12150.164]: master offset     879949 s0 freq +2679732 path delay    810675
ptp4l[12151.163]: master offset    -602962 s0 freq +2679732 path delay   1055746
ptp4l[12152.166]: master offset     602299 s0 freq +2679732 path delay    815018
ptp4l[12153.166]: master offset    -297129 s0 freq +2679732 path delay    763708
ptp4l[12154.167]: master offset     310687 s0 freq +2679732 path delay    569947
ptp4l[12155.167]: master offset     -54083 s0 freq +2679732 path delay    569947
ptp4l[12156.172]: master offset    1591808 s0 freq +2679732 path delay    569947
ptp4l[12157.171]: master offset    -858480 s0 freq +2679732 path delay   1151398
ptp4l[12158.174]: master offset     721101 s0 freq +2679732 path delay   1015068
ptp4l[12159.176]: master offset     477858 s0 freq +2679732 path delay   1064718
ptp4l[12160.175]: master offset    -916512 s0 freq +2679732 path delay   1064718
ptp4l[12161.177]: master offset    -555514 s1 freq +2668165 path delay   1064718
ptp4l[12162.177]: master offset      66339 s2 freq +2674865 path delay   1064718
ptp4l[12162.177]: port 1: UNCALIBRATED to SLAVE on MASTER_CLOCK_SELECTED
ptp4l[12163.178]: master offset    -284124 s2 freq +2639534 path delay    989067
ptp4l[12164.178]: master offset     144142 s2 freq +2682505 path delay    989067
ptp4l[12165.178]: master offset    -436918 s2 freq +2623962 path delay    883301
ptp4l[12166.178]: master offset    -348958 s2 freq +2632409 path delay    840745
ptp4l[12167.180]: master offset    -196825 s2 freq +2647426 path delay    673016
ptp4l[12168.180]: master offset    -428080 s2 freq +2623872 path delay    685842
ptp4l[12169.180]: master offset    -211513 s2 freq +2645317 path delay    685842
ptp4l[12170.181]: master offset     327276 s2 freq +2699523 path delay    840745
ptp4l[12171.183]: master offset    -256499 s2 freq +2640889 path delay    840745
ptp4l[12172.185]: master offset    -401256 s2 freq +2626013 path delay    685842
ptp4l[12173.185]: master offset    -228031 s2 freq +2643107 path delay    685842
ptp4l[12174.187]: master offset    1596279 s2 freq +2827134 path delay    568767
ptp4l[12175.188]: master offset     -53930 s2 freq +2662059 path delay    568767
ptp4l[12176.189]: master offset     710691 s2 freq +2739232 path delay    568767
ptp4l[12177.192]: master offset    -188301 s2 freq +2649145 path delay    749259
ptp4l[12178.191]: master offset     504968 s2 freq +2718977 path delay    749259
ptp4l[12179.192]: master offset    -551366 s2 freq +2612792 path delay   1006106
ptp4l[12180.193]: master offset     247590 s2 freq +2692935 path delay   1006106
ptp4l[12181.196]: master offset    -398950 s2 freq +2627882 path delay    995861
ptp4l[12182.195]: master offset     701284 s2 freq +2738607 path delay    811836
ptp4l[12183.198]: master offset    -485372 s2 freq +2619456 path delay    973758
ptp4l[12184.198]: master offset    1113435 s2 freq +2780450 path delay    973758
ptp4l[12185.200]: master offset    -491177 s2 freq +2619498 path delay   1134661
ptp4l[12186.202]: master offset    1577146 s2 freq +2827907 path delay    973758
ptp4l[12187.202]: master offset    -667993 s2 freq +2602725 path delay    973758
ptp4l[12188.202]: master offset    -659496 s2 freq +2602915 path delay    811836
ptp4l[12189.205]: master offset    -178742 s2 freq +2650812 path delay    811836
ptp4l[12190.204]: master offset    -467207 s2 freq +2621498 path delay    756015
ptp4l[12191.204]: master offset    -392708 s2 freq +2628555 path delay    746817
ptp4l[12192.204]: master offset    -536764 s2 freq +2613613 path delay    746817
ptp4l[12193.207]: master offset    -198718 s2 freq +2647219 path delay    746817
ptp4l[12194.206]: master offset    -625019 s2 freq +2603964 path delay    746817
ptp4l[12195.207]: master offset     -20456 s2 freq +2664400 path delay    577848
ptp4l[12196.211]: master offset    2748941 s2 freq +2944088 path delay    506033
ptp4l[12197.212]: master offset     998921 s2 freq +2770085 path delay    506033
ptp4l[12198.211]: master offset    -280963 s2 freq +2641816 path delay    506033
ptp4l[12199.214]: master offset     -40466 s2 freq +2665825 path delay    545403
ptp4l[12200.213]: master offset    -340662 s2 freq +2635465 path delay    545403
ptp4l[12201.218]: master offset     180662 s2 freq +2687778 path delay    506033
ptp4l[12202.217]: master offset    1229759 s2 freq +2793917 path delay    506033
ptp4l[12203.219]: master offset    -252075 s2 freq +2645482 path delay    596473
ptp4l[12204.219]: master offset    -192062 s2 freq +2651291 path delay    596473
ptp4l[12205.222]: master offset    -142687 s2 freq +2656086 path delay    596473
ptp4l[12206.222]: master offset    -158640 s2 freq +2654332 path delay    637827
ptp4l[12207.223]: master offset      37057 s2 freq +2673939 path delay    637827
ptp4l[12208.223]: master offset    -323106 s2 freq +2637599 path delay    637827
ptp4l[12209.226]: master offset     125328 s2 freq +2682568 path delay    647990
ptp4l[12210.226]: master offset    -330523 s2 freq +2636652 path delay    647990
ptp4l[12211.227]: master offset      28223 s2 freq +2672555 path delay    565054
ptp4l[12212.227]: master offset     -99271 s2 freq +2659707 path delay    521810
ptp4l[12213.229]: master offset     -11703 s2 freq +2668452 path delay    530454
ptp4l[12214.229]: master offset      10736 s2 freq +2670706 path delay    530454
ptp4l[12215.232]: master offset    -116385 s2 freq +2657878 path delay    570249
ptp4l[12216.232]: master offset    -298735 s2 freq +2639344 path delay    570249
ptp4l[12217.233]: master offset     -89121 s2 freq +2660216 path delay    530454
ptp4l[12218.233]: master offset    -219668 s2 freq +2646942 path delay    530454
ptp4l[12219.234]: master offset      -8096 s2 freq +2668091 path delay    530454
ptp4l[12220.233]: master offset    -339412 s2 freq +2634620 path delay    570249
ptp4l[12221.234]: master offset     -73917 s2 freq +2661096 path delay    570249
ptp4l[12222.234]: master offset    -275254 s2 freq +2640687 path delay    570249
ptp4l[12223.234]: master offset    -279464 s2 freq +2639986 path delay    530454
ptp4l[12224.236]: master offset    -239765 s2 freq +2643716 path delay    530454
ptp4l[12225.236]: master offset      83146 s2 freq +2676091 path delay    466516
ptp4l[12226.236]: master offset    -127809 s2 freq +2654867 path delay    584008
ptp4l[12227.238]: master offset     -52136 s2 freq +2662383 path delay    498473
ptp4l[12228.238]: master offset    -233411 s2 freq +2644022 path delay    498473
ptp4l[12229.240]: master offset     482385 s2 freq +2716084 path delay    532411
ptp4l[12230.238]: master offset    -155060 s2 freq +2652184 path delay    532411
ptp4l[12231.240]: master offset     -70077 s2 freq +2660612 path delay    498473
ptp4l[12232.239]: master offset    -229634 s2 freq +2644427 path delay    498473
ptp4l[12233.240]: master offset     -67325 s2 freq +2660591 path delay    498473
ptp4l[12234.240]: master offset    -121247 s2 freq +2655077 path delay    498473
ptp4l[12235.241]: master offset    -233352 s2 freq +2643633 path delay    532411
ptp4l[12236.241]: master offset    -363173 s2 freq +2630288 path delay    498473
ptp4l[12237.244]: master offset     -59334 s2 freq +2660612 path delay    498473
ptp4l[12238.244]: master offset    -188778 s2 freq +2647479 path delay    499184
ptp4l[12239.244]: master offset     112296 s2 freq +2677699 path delay    498911
ptp4l[12240.244]: master offset    -223451 s2 freq +2643901 path delay    498911
ptp4l[12241.246]: master offset     438648 s2 freq +2710549 path delay    490489
ptp4l[12242.245]: master offset       5570 s2 freq +2667247 path delay    490489
ptp4l[12243.248]: master offset     -72477 s2 freq +2659370 path delay    481153
ptp4l[12244.248]: master offset    -162863 s2 freq +2650169 path delay    481153
ptp4l[12245.250]: master offset     -33597 s2 freq +2663062 path delay    490489
ptp4l[12246.250]: master offset     867872 s2 freq +2754076 path delay    490489
ptp4l[12247.250]: master offset    -225255 s2 freq +2644538 path delay    490489
ptp4l[12248.251]: master offset    -341098 s2 freq +2632613 path delay    490489
ptp4l[12249.254]: master offset    1352744 s2 freq +2803350 path delay    413948
ptp4l[12250.253]: master offset    -161385 s2 freq +2651776 path delay    413948
ptp4l[12251.253]: master offset    -134684 s2 freq +2654311 path delay    413948
ptp4l[12252.253]: master offset     421396 s2 freq +2710340 path delay    413948
ptp4l[12253.255]: master offset     -29017 s2 freq +2665270 path delay    450070
ptp4l[12254.254]: master offset    -106696 s2 freq +2657396 path delay    450070
ptp4l[12255.255]: master offset     -33800 s2 freq +2664651 path delay    472766
ptp4l[12256.255]: master offset    -300903 s2 freq +2637640 path delay    472766
ptp4l[12257.256]: master offset     -95284 s2 freq +2658107 path delay    472766
ptp4l[12258.256]: master offset    -237114 s2 freq +2643687 path delay    472766
ptp4l[12259.256]: master offset    -183353 s2 freq +2648879 path delay    472766
ptp4l[12260.256]: master offset     -98884 s2 freq +2657227 path delay    472766
ptp4l[12261.257]: master offset      68632 s2 freq +2674048 path delay    472766
ptp4l[12262.258]: master offset    -251189 s2 freq +2641814 path delay    522723
ptp4l[12263.258]: master offset     541342 s2 freq +2721609 path delay    522723
ptp4l[12264.259]: master offset     563356 s2 freq +2724374 path delay    522723
ptp4l[12265.259]: master offset    -131383 s2 freq +2654768 path delay    572719
ptp4l[12266.262]: master offset    -343112 s2 freq +2633252 path delay    572719
ptp4l[12267.267]: master offset     -77171 s2 freq +2659769 path delay    572719
ptp4l[12268.269]: master offset    -162144 s2 freq +2651110 path delay    587942
ptp4l[12269.264]: master offset    1091915 s2 freq +2777608 path delay    668177
ptp4l[12270.267]: master offset    -386030 s2 freq +2629427 path delay    771511
ptp4l[12271.275]: master offset     431351 s2 freq +2711596 path delay    796429
ptp4l[12272.274]: master offset    -451040 s2 freq +2622906 path delay    869282
ptp4l[12273.278]: master offset    -457997 s2 freq +2621753 path delay    869282
ptp4l[12274.272]: master offset     198133 s2 freq +2687564 path delay    869282
ptp4l[12275.276]: master offset    -255097 s2 freq +2641986 path delay    869282
ptp4l[12276.271]: master offset    -466282 s2 freq +2620401 path delay    778755
ptp4l[12277.277]: master offset    -424515 s2 freq +2624153 path delay    778755
ptp4l[12278.275]: master offset    -275435 s2 freq +2638786 path delay    602714
ptp4l[12279.273]: master offset    -321583 s2 freq +2633849 path delay    599900
ptp4l[12280.276]: master offset    -237819 s2 freq +2641988 path delay    599900
ptp4l[12281.278]: master offset     -19986 s2 freq +2663751 path delay    547096
ptp4l[12282.277]: master offset    -229056 s2 freq +2642615 path delay    547096
ptp4l[12283.287]: master offset     -61894 s2 freq +2659269 path delay    542517
ptp4l[12284.278]: master offset    -223452 s2 freq +2642890 path delay    542517
ptp4l[12285.284]: master offset       2039 s2 freq +2665441 path delay    501795
ptp4l[12286.279]: master offset     807673 s2 freq +2746812 path delay    472835
ptp4l[12287.280]: master offset     625233 s2 freq +2729194 path delay    508522
ptp4l[12288.279]: master offset    -209726 s2 freq +2645488 path delay    542517
ptp4l[12289.287]: master offset     591568 s2 freq +2726209 path delay    542517
ptp4l[12290.282]: master offset    -207910 s2 freq +2646053 path delay    542517
ptp4l[12291.282]: master offset      -3720 s2 freq +2666468 path delay    542517
ptp4l[12292.288]: master offset    -145445 s2 freq +2652151 path delay    513557
ptp4l[12293.286]: master offset     -42611 s2 freq +2662391 path delay    513557
ptp4l[12294.284]: master offset    -144140 s2 freq +2652094 path delay    511627
ptp4l[12295.289]: master offset      85864 s2 freq +2675181 path delay    511627
ptp4l[12296.287]: master offset    -280187 s2 freq +2638295 path delay    590587
ptp4l[12297.288]: master offset      36406 s2 freq +2669991 path delay    590587
ptp4l[12298.296]: master offset    -222822 s2 freq +2643845 path delay    596040
ptp4l[12299.294]: master offset     -95412 s2 freq +2656491 path delay    549146
ptp4l[12300.295]: master offset    -318535 s2 freq +2633860 path delay    506392
ptp4l[12301.290]: master offset    -151702 s2 freq +2650392 path delay    497181
ptp4l[12302.299]: master offset    -323223 s2 freq +2632916 path delay    491684
ptp4l[12303.296]: master offset     -59388 s2 freq +2659240 path delay    491684
ptp4l[12304.303]: master offset     -73604 s2 freq +2657745 path delay    455481
ptp4l[12305.285]: master offset    -235029 s2 freq +2641368 path delay    472168
ptp4l[12306.296]: master offset    -242152 s2 freq +2640413 path delay    481880
ptp4l[12307.302]: master offset     136035 s2 freq +2678368 path delay    487381
ptp4l[12308.305]: master offset     297029 s2 freq +2694764 path delay    487381
ptp4l[12309.301]: master offset     232239 s2 freq +2688518 path delay    487381
ptp4l[12310.308]: master offset      96598 s2 freq +2675050 path delay    542994
ptp4l[12311.301]: master offset      98459 s2 freq +2675335 path delay    542994
ptp4l[12312.307]: master offset     194683 s2 freq +2685152 path delay    542994
ptp4l[12313.309]: master offset     331950 s2 freq +2699210 path delay    654689
ptp4l[12314.311]: master offset     316155 s2 freq +2697947 path delay    766826
ptp4l[12315.310]: master offset     143933 s2 freq +2680869 path delay    766826
ptp4l[12316.305]: master offset    -451243 s2 freq +2620900 path delay    766826
ptp4l[12317.299]: master offset    3656407 s2 freq +3035321 path delay    766826
ptp4l[12318.316]: master offset    1262666 s2 freq +2797210 path delay    766826
ptp4l[12319.322]: master offset    -209479 s2 freq +2649786 path delay    904480
ptp4l[12320.322]: master offset    -552902 s2 freq +2614891 path delay    808527
ptp4l[12321.316]: master offset    -199517 s2 freq +2650030 path delay    716690
ptp4l[12322.320]: master offset    -324243 s2 freq +2637233 path delay    583435
ptp4l[12323.325]: master offset     201824 s2 freq +2690042 path delay    519106
ptp4l[12324.325]: master offset    -212555 s2 freq +2648391 path delay    519106
ptp4l[12325.323]: master offset    -273321 s2 freq +2642041 path delay    525679
ptp4l[12326.320]: master offset    -262722 s2 freq +2642838 path delay    525679
ptp4l[12327.327]: master offset    1775332 s2 freq +2848419 path delay    525679
ptp4l[12328.321]: master offset    -231534 s2 freq +2647501 path delay    525679
ptp4l[12329.325]: master offset      24165 s2 freq +2673095 path delay    513793
ptp4l[12330.331]: master offset    -354679 s2 freq +2634856 path delay    521091
ptp4l[12331.327]: master offset      15210 s2 freq +2671860 path delay    521091
ptp4l[12332.332]: master offset    -167153 s2 freq +2653457 path delay    539156
ptp4l[12333.337]: master offset    1687732 s2 freq +2840633 path delay    539156
ptp4l[12334.334]: master offset     383723 s2 freq +2710616 path delay    539156
ptp4l[12335.338]: master offset     243552 s2 freq +2696842 path delay    559252
ptp4l[12336.332]: master offset    -362990 s2 freq +2635825 path delay    571790
ptp4l[12337.322]: master offset    1047718 s2 freq +2777943 path delay    573931
ptp4l[12338.337]: master offset    -288080 s2 freq +2644075 path delay    573931
ptp4l[12339.339]: master offset      44562 s2 freq +2677384 path delay    564150
ptp4l[12340.341]: master offset     -62490 s2 freq +2666617 path delay    564150
ptp4l[12341.336]: master offset     370109 s2 freq +2710247 path delay    554761
ptp4l[12342.339]: master offset      74634 s2 freq +2680774 path delay    554761
ptp4l[12343.339]: master offset    -328985 s2 freq +2640083 path delay    544691
ptp4l[12344.338]: master offset    -346386 s2 freq +2637996 path delay    544691
ptp4l[12345.344]: master offset     132823 s2 freq +2686050 path delay    493427
ptp4l[12346.343]: master offset      69317 s2 freq +2679769 path delay    493427
ptp4l[12347.352]: master offset     -51692 s2 freq +2667616 path delay    493427
ptp4l[12348.350]: master offset     413198 s2 freq +2714518 path delay    493427
ptp4l[12349.350]: master offset     151930 s2 freq +2688544 path delay    544691
ptp4l[12350.355]: master offset    -154932 s2 freq +2657702 path delay    544691
ptp4l[12351.349]: master offset     388192 s2 freq +2712403 path delay    565620
ptp4l[12352.353]: master offset    -161645 s2 freq +2657258 path delay    590815
ptp4l[12353.355]: master offset    6164956 s2 freq +3296083 path delay    590815
ptp4l[12354.352]: master offset    1558412 s2 freq +2836987 path delay    651839
ptp4l[12355.358]: master offset     168008 s2 freq +2698114 path delay    651839
ptp4l[12356.365]: master offset    -533635 s2 freq +2627416 path delay    785509
ptp4l[12357.365]: master offset    2283622 s2 freq +2911426 path delay    785509
ptp4l[12358.365]: master offset    -324113 s2 freq +2650328 path delay    848832
ptp4l[12359.367]: master offset     174652 s2 freq +2700379 path delay    848832
ptp4l[12360.364]: master offset      14771 s2 freq +2684406 path delay    848832
ptp4l[12361.368]: master offset    -247718 s2 freq +2657909 path delay    848832
ptp4l[12362.364]: master offset    -238171 s2 freq +2658626 path delay    848832
ptp4l[12363.365]: master offset     -54644 s2 freq +2676924 path delay    698053
ptp4l[12364.371]: master offset    -229611 s2 freq +2659198 path delay    635426
ptp4l[12365.367]: master offset     207371 s2 freq +2703103 path delay    592673
ptp4l[12366.371]: master offset    -253663 s2 freq +2656746 path delay    635426
ptp4l[12367.374]: master offset     152075 s2 freq +2697472 path delay    592673
ptp4l[12368.378]: master offset    -244655 s2 freq +2657554 path delay    635426
ptp4l[12369.379]: master offset    -212444 s2 freq +2660563 path delay    635426
ptp4l[12370.378]: master offset    -336174 s2 freq +2647854 path delay    635426
ptp4l[12371.375]: master offset     751564 s2 freq +2757379 path delay    592817
ptp4l[12372.385]: master offset    -238329 s2 freq +2658152 path delay    635426
ptp4l[12373.375]: master offset     -67509 s2 freq +2675166 path delay    624248
ptp4l[12374.381]: master offset    -142602 s2 freq +2667514 path delay    551413
ptp4l[12375.392]: master offset      72285 s2 freq +2689075 path delay    551413
ptp4l[12376.386]: master offset     -38830 s2 freq +2677925 path delay    551413
ptp4l[12377.381]: master offset      45042 s2 freq +2686357 path delay    607097
ptp4l[12378.387]: master offset    -248326 s2 freq +2656772 path delay    644321
ptp4l[12379.389]: master offset    5658773 s2 freq +3253141 path delay    644321
ptp4l[12380.404]: master offset    -404816 s2 freq +2646377 path delay    658200
ptp4l[12381.397]: master offset    1591636 s2 freq +2847614 path delay    658200
ptp4l[12382.393]: master offset    -415997 s2 freq +2646434 path delay    658200
ptp4l[12383.402]: master offset    -210298 s2 freq +2666794 path delay    658200
ptp4l[12384.403]: master offset    -409179 s2 freq +2646497 path delay    658200
ptp4l[12385.397]: master offset    -197348 s2 freq +2667482 path delay    658200
ptp4l[12386.408]: master offset     118556 s2 freq +2699191 path delay    658200
ptp4l[12387.408]: master offset    1598812 s2 freq +2848816 path delay    838850
ptp4l[12388.404]: master offset    -725853 s2 freq +2615623 path delay   1010703
ptp4l[12389.413]: master offset    -435825 s2 freq +2644190 path delay   1010703
