ptp4l[8510.919]: port 1: INITIALIZING to LISTENING on INIT_COMPLETE
ptp4l[8510.919]: port 0: INITIALIZING to LISTENING on INIT_COMPLETE
ptp4l[8514.722]: port 1: new foreign master 76899d.fffe.12963b-2
ptp4l[8518.324]: selected local clock ee1a96.fffe.90d6b2 as best master
ptp4l[8518.724]: selected best master clock 4adfe8.fffe.e41a38
ptp4l[8518.724]: foreign master not using PTP timescale
ptp4l[8518.724]: port 1: LISTENING to UNCALIBRATED on RS_SLAVE
ptp4l[8521.732]: rms 299783 max 358448 freq -724429 +/-   0 delay 726964 +/-   0
ptp4l[8523.732]: rms 152819 max 214947 freq -724429 +/-   0 delay 630164 +/-   0
ptp4l[8525.736]: rms 276266 max 353985 freq -724429 +/-   0 delay 619677 +/- 24413
ptp4l[8527.736]: rms 225034 max 246908 freq -724429 +/-   0 delay 667087 +/- 10049
ptp4l[8529.737]: rms 194938 max 269049 freq -724429 +/-   0 delay 630689 +/- 24468
ptp4l[8531.739]: rms 86314 max 91752 freq -724429 +/-   0 delay 546301 +/-   0
ptp4l[8533.742]: rms 453785 max 499733 freq -724429 +/-   0 delay 511328 +/- 16428
ptp4l[8535.741]: rms 109800 max 155064 freq -724429 +/-   0 delay 527757 +/-   0
ptp4l[8537.743]: rms 373979 max 425334 freq -659567 +/- 15874 delay 494900 +/-   0
ptp4l[8537.744]: port 1: UNCALIBRATED to SLAVE on MASTER_CLOCK_SELECTED
ptp4l[8539.744]: rms 93231 max 131767 freq -681614 +/- 6822 delay 494900 +/-   0
ptp4l[8541.746]: rms 142616 max 199959 freq -663725 +/- 8667 delay 501691 +/- 26391
ptp4l[8543.747]: rms 157157 max 176625 freq -690849 +/- 2018 delay 565754 +/-   0
ptp4l[8545.751]: rms 92408 max 116173 freq -684287 +/- 2786 delay 535008 +/- 11710
ptp4l[8547.755]: rms 212295 max 295976 freq -693154 +/- 12256 delay 508994 +/-   0
ptp4l[8549.755]: rms 221667 max 313339 freq -691359 +/- 16150 delay 508994 +/-   0
ptp4l[8551.757]: rms 28027 max 34613 freq -678899 +/- 782 delay 480821 +/- 2536
ptp4l[8553.759]: rms 132001 max 182493 freq -683542 +/- 11109 delay 470481 +/-   0
ptp4l[8555.759]: rms 207279 max 282978 freq -694658 +/- 10285 delay 472855 +/- 4404
ptp4l[8557.762]: rms 202594 max 283296 freq -689009 +/- 16326 delay 447698 +/-   0
ptp4l[8559.765]: rms 107449 max 146302 freq -682351 +/- 9389 delay 445522 +/- 2176
ptp4l[8561.767]: rms 537651 max 716067 freq -653948 +/- 48947 delay 457872 +/- 11634
ptp4l[8563.769]: rms 262342 max 342629 freq -666563 +/- 24418 delay 471826 +/-   0
ptp4l[8565.772]: rms 260120 max 322948 freq -701700 +/- 7501 delay 549749 +/- 17573
ptp4l[8567.773]: rms 146265 max 199176 freq -689883 +/- 7140 delay 553364 +/-   0
ptp4l[8569.773]: rms 211033 max 288327 freq -695757 +/- 10525 delay 553364 +/-   0
ptp4l[8571.778]: rms 251764 max 354301 freq -697376 +/- 15936 delay 524107 +/- 41375
ptp4l[8573.779]: rms 693175 max 979835 freq -626425 +/- 47472 delay 553364 +/-   0
ptp4l[8575.779]: rms 228932 max 282452 freq -683320 +/- 22114 delay 550297 +/-   0
ptp4l[8577.782]: rms 134648 max 174136 freq -689754 +/- 4941 delay 551664 +/-   0
ptp4l[8579.783]: rms 197160 max 276298 freq -689481 +/- 15707 delay 496673 +/-   0
ptp4l[8581.785]: rms 158032 max 223483 freq -689013 +/- 11080 delay 496673 +/-   0
ptp4l[8583.786]: rms 217076 max 297771 freq -689162 +/- 18660 delay 496673 +/-   0
ptp4l[8585.790]: rms 345924 max 379120 freq -674592 +/- 34605 delay 551181 +/- 18484
ptp4l[8587.790]: rms 598739 max 644987 freq -617300 +/- 4545 delay 570566 +/- 25524
ptp4l[8589.794]: rms 229489 max 307035 freq -697675 +/- 10041 delay 598044 +/-   0
ptp4l[8591.796]: rms 158665 max 177062 freq -693089 +/- 2050 delay 615886 +/- 17842
ptp4l[8593.795]: rms 252205 max 339677 freq -700250 +/- 11490 delay 633728 +/-   0
ptp4l[8595.796]: rms 171478 max 227252 freq -693746 +/- 7088 delay 577331 +/- 17842
ptp4l[8597.803]: rms 254883 max 280687 freq -703929 +/- 2614 delay 557433 +/-   0
ptp4l[8599.804]: rms 161492 max 221207 freq -692850 +/- 8192 delay 537650 +/-   0
ptp4l[8601.807]: rms 108972 max 135868 freq -682234 +/- 10466 delay 541738 +/- 3820
ptp4l[8603.809]: rms 318388 max 435462 freq -662616 +/- 27556 delay 528907 +/-   0
ptp4l[8605.811]: rms 131285 max 169526 freq -691190 +/- 4653 delay 504280 +/-   0
ptp4l[8607.814]: rms 185207 max 245610 freq -686897 +/- 16875 delay 504280 +/-   0
ptp4l[8609.816]: rms 104140 max 145963 freq -685573 +/- 8289 delay 504280 +/-   0
ptp4l[8611.818]: rms 130646 max 175692 freq -691094 +/- 5897 delay 486342 +/- 701
ptp4l[8613.822]: rms 170637 max 188591 freq -681494 +/- 17033 delay 460120 +/- 25230
ptp4l[8615.825]: rms 353402 max 493406 freq -658660 +/- 28897 delay 477077 +/- 9580
ptp4l[8617.826]: rms 148867 max 203175 freq -671657 +/- 13018 delay 497785 +/- 10512
ptp4l[8619.826]: rms 90108 max 97226 freq -679754 +/- 9021 delay 523302 +/- 20652
ptp4l[8621.827]: rms 136638 max 165837 freq -682419 +/- 13301 delay 521145 +/- 16427
ptp4l[8623.831]: rms 147455 max 177483 freq -693617 +/- 3345 delay 521602 +/- 11484
ptp4l[8625.833]: rms 122149 max 172596 freq -670159 +/- 8267 delay 553780 +/-   0
ptp4l[8627.837]: rms 240210 max 330944 freq -699894 +/- 12676 delay 519224 +/- 11484
ptp4l[8629.835]: rms 150390 max 153714 freq -694814 +/- 263 delay 507739 +/-   0
ptp4l[8631.838]: rms 127823 max 150306 freq -677384 +/- 12612 delay 502154 +/- 5584
ptp4l[8633.834]: rms 116127 max 135613 freq -691397 +/- 2103 delay 474931 +/- 41982
ptp4l[8635.839]: rms 119550 max 164707 freq -686403 +/- 10225 delay 412530 +/- 12694
ptp4l[8637.844]: rms 286123 max 342156 freq -686699 +/- 28016 delay 460412 +/- 35188
ptp4l[8639.846]: rms 161969 max 225892 freq -666847 +/- 9378 delay 521182 +/- 8650
ptp4l[8641.851]: rms 74914 max 84409 freq -679022 +/- 7464 delay 490047 +/-   0
ptp4l[8643.853]: rms 155663 max 191493 freq -675717 +/- 15059 delay 548471 +/-   0
ptp4l[8645.853]: rms 262951 max 321875 freq -705737 +/- 6689 delay 552542 +/-   0
ptp4l[8647.854]: rms 134135 max 186962 freq -688339 +/- 10969 delay 532182 +/- 20360
ptp4l[8649.855]: rms 119208 max 156637 freq -691716 +/- 4684 delay 550118 +/- 19971
ptp4l[8651.855]: rms 289281 max 397963 freq -705884 +/- 15109 delay 600329 +/- 30240
ptp4l[8653.858]: rms 196899 max 269892 freq -698517 +/- 10034 delay 570089 +/-   0
ptp4l[8655.862]: rms 121340 max 149154 freq -684952 +/- 11743 delay 522203 +/- 7944
ptp4l[8657.863]: rms 106312 max 147165 freq -675832 +/- 8970 delay 514259 +/-   0
ptp4l[8659.866]: rms 109584 max 148855 freq -671808 +/- 5265 delay 570089 +/-   0
ptp4l[8661.868]: rms 187227 max 264672 freq -694503 +/- 13614 delay 523510 +/- 31213
ptp4l[8663.871]: rms 80044 max 100292 freq -684107 +/- 7666 delay 489793 +/-   0
ptp4l[8665.873]: rms 434405 max 592037 freq -660158 +/- 38100 delay 525812 +/- 15283
ptp4l[8667.875]: rms 266748 max 350748 freq -670632 +/- 24656 delay 511320 +/- 6714
ptp4l[8669.876]: rms 259739 max 363871 freq -702147 +/- 15655 delay 496076 +/- 26874
ptp4l[8671.881]: rms 224291 max 276686 freq -687743 +/- 21667 delay 412817 +/-   0
ptp4l[8673.882]: rms 91261 max 103767 freq -680260 +/- 9077 delay 408658 +/- 5882
ptp4l[8675.885]: rms 154250 max 211048 freq -673716 +/- 13417 delay 409664 +/- 3154
ptp4l[8677.889]: rms 16467 max 20102 freq -683022 +/- 411 delay 405672 +/- 2635
ptp4l[8679.892]: rms 601905 max 634794 freq -620422 +/- 3101 delay 408307 +/-   0
ptp4l[8681.897]: rms 194848 max 247690 freq -661503 +/- 6287 delay 461164 +/- 15676
ptp4l[8683.898]: rms 69276 max 90577 freq -686343 +/- 2707 delay 503399 +/- 26559
ptp4l[8685.899]: rms 64901 max 91612 freq -684949 +/- 4297 delay 507406 +/- 22552
ptp4l[8687.900]: rms 76082 max 90041 freq -681708 +/- 7477 delay 511468 +/-   0
ptp4l[8689.903]: rms 25509 max 36002 freq -682073 +/- 1685 delay 525754 +/- 21085
ptp4l[8691.904]: rms 151811 max 213798 freq -670362 +/- 11776 delay 492480 +/- 1842
ptp4l[8693.908]: rms 119780 max 134999 freq -692018 +/- 1583 delay 515124 +/-   0
ptp4l[8695.914]: rms 231397 max 319347 freq -700098 +/- 12358 delay 490639 +/-   0
ptp4l[8697.911]: rms 104983 max 135917 freq -684508 +/- 9813 delay 490639 +/-   0
ptp4l[8699.917]: rms 102462 max 144709 freq -687671 +/- 7614 delay 501031 +/- 9105
ptp4l[8701.919]: rms 138609 max 144377 freq -681474 +/- 13915 delay 513907 +/-   0
ptp4l[8703.919]: rms 588674 max 824480 freq -645066 +/- 47404 delay 513907 +/-   0
ptp4l[8705.921]: rms 150188 max 203364 freq -693576 +/- 7073 delay 589733 +/-   0
ptp4l[8707.921]: rms 195035 max 268031 freq -697331 +/- 10115 delay 634341 +/-   0
ptp4l[8709.925]: rms 184835 max 256280 freq -696376 +/- 10215 delay 547959 +/-   0
ptp4l[8711.925]: rms 261650 max 364525 freq -702666 +/- 15229 delay 545225 +/- 36900
ptp4l[8713.928]: rms 610962 max 840050 freq -649331 +/- 52530 delay 508325 +/-   0
ptp4l[8715.931]: rms 69162 max 97149 freq -685186 +/- 5431 delay 545225 +/- 36900
ptp4l[8717.931]: rms 194436 max 273654 freq -693489 +/- 15041 delay 482509 +/- 25816
ptp4l[8719.933]: rms 73539 max 94672 freq -683792 +/- 6908 delay 475949 +/-   0
ptp4l[8721.936]: rms 100341 max 140801 freq -687479 +/- 7932 delay 475949 +/-   0
ptp4l[8723.938]: rms 54104 max 75341 freq -684481 +/- 4441 delay 495410 +/- 20686
ptp4l[8725.941]: rms 44572 max 57796 freq -683010 +/- 4177 delay 477635 +/- 11844
ptp4l[8727.946]: rms 168400 max 227944 freq -696516 +/- 7914 delay 493376 +/-   0
ptp4l[8729.951]: rms 339737 max 476840 freq -654621 +/- 21137 delay 458726 +/- 6080
ptp4l[8731.953]: rms 45140 max 51410 freq -685702 +/- 659 delay 466660 +/- 14014
ptp4l[8733.957]: rms 3256325 max 4603019 freq -455931 +/- 239438 delay 420055 +/-   0
ptp4l[8735.957]: rms 148036 max 183155 freq -662332 +/- 4037 delay 435923 +/-   0
ptp4l[8737.959]: rms 637456 max 895565 freq -636550 +/- 50389 delay 471654 +/-   0
ptp4l[8739.960]: rms 58079 max 81209 freq -670954 +/- 3439 delay 480835 +/- 9181
ptp4l[8741.963]: rms 245387 max 346522 freq -692349 +/- 18274 delay 555631 +/-   0
ptp4l[8743.966]: rms 34627 max 46327 freq -674391 +/- 3118 delay 511832 +/- 12810
ptp4l[8745.969]: rms 562798 max 794369 freq -632903 +/- 37213 delay 575034 +/-   0
ptp4l[8747.973]: rms 95612 max 126584 freq -683934 +/- 3929 delay 575034 +/-   0
ptp4l[8749.973]: rms 418830 max 539695 freq -660052 +/- 39310 delay 604281 +/- 19204
ptp4l[8751.976]: rms 134023 max 168305 freq -687941 +/- 4013 delay 658911 +/-   0
ptp4l[8753.980]: rms 207190 max 259801 freq -681619 +/- 19833 delay 658911 +/-   0
ptp4l[8755.986]: rms 37736 max 39641 freq -679160 +/- 215 delay 658911 +/-   0
ptp4l[8757.985]: rms 240083 max 339023 freq -657186 +/- 16016 delay 636692 +/-   0
ptp4l[8759.987]: rms 448975 max 491910 freq -720370 +/- 4768 delay 677763 +/- 7608
