ptp4l[8507.523]: port 1: INITIALIZING to LISTENING on INIT_COMPLETE
ptp4l[8507.523]: port 2: INITIALIZING to LISTENING on INIT_COMPLETE
ptp4l[8507.523]: port 0: INITIALIZING to LISTENING on INIT_COMPLETE
ptp4l[8510.397]: port 1: new foreign master 4adfe8.fffe.e41a38-1
ptp4l[8514.401]: selected best master clock 4adfe8.fffe.e41a38
ptp4l[8514.401]: foreign master not using PTP timescale
ptp4l[8514.401]: port 1: LISTENING to UNCALIBRATED on RS_SLAVE
ptp4l[8514.713]: port 2: LISTENING to MASTER on ANNOUNCE_RECEIPT_TIMEOUT_EXPIRES
ptp4l[8514.713]: selected best master clock 4adfe8.fffe.e41a38
ptp4l[8514.713]: foreign master not using PTP timescale
ptp4l[8516.407]: master offset      26561 s0 freq -724430 path delay    506325
ptp4l[8517.409]: master offset    1218142 s0 freq -724430 path delay    531791
ptp4l[8518.408]: master offset    -570141 s0 freq -724430 path delay   1060454
ptp4l[8519.412]: master offset     -79911 s0 freq -724430 path delay    557257
ptp4l[8520.413]: master offset     780628 s0 freq -724430 path delay    557257
ptp4l[8521.414]: master offset     621430 s0 freq -724430 path delay    953377
ptp4l[8522.414]: master offset     470196 s0 freq -724430 path delay    953377
ptp4l[8523.416]: master offset     151142 s0 freq -724430 path delay    955785
ptp4l[8524.416]: master offset     331595 s0 freq -724430 path delay    965928
ptp4l[8525.417]: master offset    -666086 s0 freq -724430 path delay    965928
ptp4l[8526.419]: master offset     -11466 s0 freq -724430 path delay    925670
ptp4l[8527.420]: master offset    -184508 s0 freq -724430 path delay    764595
ptp4l[8528.420]: master offset    -645842 s0 freq -724430 path delay    764595
ptp4l[8529.422]: master offset      74596 s0 freq -724430 path delay    764595
ptp4l[8530.422]: master offset    -314839 s0 freq -724430 path delay    630571
ptp4l[8531.423]: master offset     -38666 s0 freq -724430 path delay    630571
ptp4l[8532.425]: master offset     224709 s1 freq -712050 path delay    630571
ptp4l[8533.426]: master offset     -92813 s2 freq -721424 path delay    630571
ptp4l[8533.426]: port 1: UNCALIBRATED to SLAVE on MASTER_CLOCK_SELECTED
ptp4l[8534.425]: master offset    -302957 s2 freq -742741 path delay    602965
ptp4l[8535.426]: master offset    -163180 s2 freq -728927 path delay    602965
ptp4l[8536.430]: master offset      49760 s2 freq -707583 path delay    602965
ptp4l[8537.428]: master offset     -13859 s2 freq -713959 path delay    602965
ptp4l[8538.429]: master offset      -1745 s2 freq -712749 path delay    602965
ptp4l[8539.430]: master offset     790428 s2 freq -632741 path delay    648771
ptp4l[8540.430]: master offset    -488703 s2 freq -761143 path delay    661027
ptp4l[8541.431]: master offset    -314383 s2 freq -744025 path delay    661027
ptp4l[8542.431]: master offset    -456585 s2 freq -758702 path delay    634079
ptp4l[8543.433]: master offset      95176 s2 freq -703431 path delay    634079
ptp4l[8544.432]: master offset      -9558 s2 freq -713914 path delay    600382
ptp4l[8545.433]: master offset     -83164 s2 freq -721358 path delay    593556
ptp4l[8546.433]: master offset    -339405 s2 freq -747321 path delay    571938
ptp4l[8547.433]: master offset    -300663 s2 freq -743748 path delay    571938
ptp4l[8548.442]: master offset    5509957 s2 freq -157176 path delay    617921
ptp4l[8549.443]: master offset    1001950 s2 freq -606974 path delay    699253
ptp4l[8550.439]: master offset    -317121 s2 freq -739199 path delay    699253
ptp4l[8551.441]: master offset    -399258 s2 freq -747812 path delay    699253
ptp4l[8552.445]: master offset     286625 s2 freq -678937 path delay    699253
ptp4l[8553.445]: master offset    -128963 s2 freq -720624 path delay    654347
ptp4l[8554.446]: master offset     284409 s2 freq -679003 path delay    654347
ptp4l[8555.447]: master offset     -10101 s2 freq -708464 path delay    654347
ptp4l[8556.447]: master offset     343055 s2 freq -672805 path delay    661507
ptp4l[8557.450]: master offset    1156133 s2 freq -590341 path delay    708598
ptp4l[8558.449]: master offset    -555811 s2 freq -762091 path delay    742770
ptp4l[8559.450]: master offset     249166 s2 freq -681345 path delay    742770
ptp4l[8560.449]: master offset    -528459 s2 freq -759636 path delay    742770
ptp4l[8561.452]: master offset    1284529 s2 freq -577052 path delay    742770
ptp4l[8562.451]: master offset     297318 s2 freq -675476 path delay    742770
ptp4l[8563.452]: master offset     433551 s2 freq -661419 path delay    787167
ptp4l[8564.452]: master offset    -503985 s2 freq -755677 path delay    787167
ptp4l[8565.453]: master offset    -103860 s2 freq -715768 path delay    787167
ptp4l[8566.453]: master offset    -589443 s2 freq -764916 path delay    787167
ptp4l[8567.453]: master offset    -587177 s2 freq -765276 path delay    966108
ptp4l[8568.455]: master offset     942110 s2 freq -611406 path delay    966108
ptp4l[8569.457]: master offset    -376508 s2 freq -743644 path delay   1112319
ptp4l[8570.455]: master offset    -289797 s2 freq -735263 path delay   1112319
ptp4l[8571.457]: master offset     515651 s2 freq -654202 path delay    989463
ptp4l[8572.457]: master offset    -223619 s2 freq -728353 path delay    914882
ptp4l[8573.461]: master offset    1270868 s2 freq -577633 path delay    845398
ptp4l[8574.459]: master offset    -106629 s2 freq -715490 path delay    914882
ptp4l[8575.460]: master offset      17192 s2 freq -703090 path delay    914882
ptp4l[8576.460]: master offset    -572781 s2 freq -762660 path delay    914882
ptp4l[8577.463]: master offset    -294528 s2 freq -735130 path delay    814301
ptp4l[8578.466]: master offset    2815760 s2 freq -421285 path delay    717652
ptp4l[8579.465]: master offset    -198407 s2 freq -722900 path delay    772103
ptp4l[8580.467]: master offset      68647 s2 freq -696126 path delay    621985
ptp4l[8581.468]: master offset      14390 s2 freq -701537 path delay    711702
ptp4l[8582.467]: master offset    -585450 s2 freq -762107 path delay    711702
ptp4l[8583.471]: master offset     239040 s2 freq -679419 path delay    621985
ptp4l[8584.470]: master offset    -446159 s2 freq -748385 path delay    621985
ptp4l[8585.472]: master offset     449342 s2 freq -658385 path delay    509296
ptp4l[8586.472]: master offset     869711 s2 freq -615479 path delay    509296
ptp4l[8587.471]: master offset    -471118 s2 freq -750033 path delay    658233
ptp4l[8588.471]: master offset    -439806 s2 freq -747341 path delay    658233
ptp4l[8589.473]: master offset     181028 s2 freq -685077 path delay    658233
ptp4l[8590.473]: master offset    -271447 s2 freq -730596 path delay    627949
ptp4l[8591.475]: master offset    -245227 s2 freq -728219 path delay    627949
ptp4l[8592.475]: master offset    -348593 s2 freq -738904 path delay    552193
ptp4l[8593.476]: master offset     224913 s2 freq -681329 path delay    402617
ptp4l[8594.476]: master offset     -76309 s2 freq -711527 path delay    402617
ptp4l[8595.477]: master offset     -33399 s2 freq -707270 path delay    454194
ptp4l[8596.476]: master offset    -346078 s2 freq -738884 path delay    454194
ptp4l[8597.479]: master offset    1094194 s2 freq -593762 path delay    440098
ptp4l[8598.480]: master offset     944542 s2 freq -607783 path delay    477288
ptp4l[8599.483]: master offset    -120110 s2 freq -714368 path delay    783408
ptp4l[8600.482]: master offset    -428040 s2 freq -745589 path delay    783408
ptp4l[8601.484]: master offset    -203926 s2 freq -723382 path delay    874890
ptp4l[8602.484]: master offset     601518 s2 freq -642236 path delay    874890
ptp4l[8603.485]: master offset    -281888 s2 freq -730858 path delay    874890
ptp4l[8604.486]: master offset     684603 s2 freq -633525 path delay    874890
ptp4l[8605.487]: master offset     606390 s2 freq -640740 path delay    874890
ptp4l[8606.488]: master offset     415438 s2 freq -659419 path delay    930152
ptp4l[8607.489]: master offset    -329896 s2 freq -734283 path delay    930152
ptp4l[8608.488]: master offset    -659517 s2 freq -767904 path delay    895466
ptp4l[8609.490]: master offset     111645 s2 freq -690676 path delay    748368
ptp4l[8610.489]: master offset    -309245 s2 freq -733075 path delay    652102
ptp4l[8611.491]: master offset     -29168 s2 freq -705096 path delay    652102
ptp4l[8612.491]: master offset    -359466 s2 freq -738485 path delay    600381
ptp4l[8613.492]: master offset     105100 s2 freq -691924 path delay    592554
ptp4l[8614.492]: master offset     -56611 s2 freq -708151 path delay    549272
ptp4l[8615.492]: master offset     210619 s2 freq -681218 path delay    489987
ptp4l[8616.494]: master offset     577226 s2 freq -643980 path delay    489987
ptp4l[8617.493]: master offset    -198537 s2 freq -721755 path delay    489987
ptp4l[8618.495]: master offset    1007318 s2 freq -600162 path delay    502592
ptp4l[8619.494]: master offset     121398 s2 freq -688633 path delay    549272
ptp4l[8620.496]: master offset    1789046 s2 freq -520079 path delay    549272
ptp4l[8621.496]: master offset     -69547 s2 freq -706008 path delay    880653
ptp4l[8622.495]: master offset    -635238 s2 freq -763212 path delay    880653
ptp4l[8623.498]: master offset    1477448 s2 freq -550466 path delay    880653
ptp4l[8624.498]: master offset    -485703 s2 freq -747267 path delay   1185769
ptp4l[8625.498]: master offset    -480886 s2 freq -747266 path delay   1185769
ptp4l[8626.498]: master offset       -215 s2 freq -699199 path delay   1185769
ptp4l[8627.500]: master offset    -533596 s2 freq -753071 path delay   1185769
ptp4l[8628.500]: master offset    -762780 s2 freq -776752 path delay   1001403
ptp4l[8629.501]: master offset     115987 s2 freq -688759 path delay    672269
ptp4l[8630.500]: master offset     233729 s2 freq -676751 path delay    671399
ptp4l[8631.502]: master offset     721144 s2 freq -627289 path delay    671399
ptp4l[8632.501]: master offset    -535559 s2 freq -753494 path delay    671399
ptp4l[8633.505]: master offset    -127749 s2 freq -712841 path delay    659534
ptp4l[8634.504]: master offset    -428452 s2 freq -743340 path delay    655025
ptp4l[8635.505]: master offset     -49783 s2 freq -705523 path delay    655025
ptp4l[8636.505]: master offset    -267435 s2 freq -727555 path delay    609381
ptp4l[8637.508]: master offset      57274 s2 freq -695027 path delay    589271
ptp4l[8638.508]: master offset    -375338 s2 freq -738664 path delay    589271
ptp4l[8639.510]: master offset     501695 s2 freq -650459 path delay    589271
ptp4l[8640.509]: master offset    -317087 s2 freq -732654 path delay    589271
ptp4l[8641.512]: master offset    1223756 s2 freq -577346 path delay    570350
ptp4l[8642.511]: master offset    -321642 s2 freq -732207 path delay    570350
ptp4l[8643.514]: master offset     329907 s2 freq -666723 path delay    506770
ptp4l[8644.513]: master offset    -239544 s2 freq -723907 path delay    506770
ptp4l[8645.513]: master offset    -295853 s2 freq -729834 path delay    442207
ptp4l[8646.513]: master offset    -236814 s2 freq -724167 path delay    442207
ptp4l[8647.515]: master offset     479870 s2 freq -652019 path delay    404749
ptp4l[8648.515]: master offset    -124194 s2 freq -712549 path delay    515584
ptp4l[8649.516]: master offset     366384 s2 freq -663125 path delay    556050
ptp4l[8650.515]: master offset    -327018 s2 freq -732792 path delay    556050
ptp4l[8651.518]: master offset     211962 s2 freq -678682 path delay    556050
ptp4l[8652.518]: master offset    -223987 s2 freq -722501 path delay    556050
ptp4l[8653.519]: master offset     872461 s2 freq -611984 path delay    556050
ptp4l[8654.518]: master offset    -467091 s2 freq -746406 path delay    652469
ptp4l[8655.520]: master offset     286101 s2 freq -670801 path delay    652469
ptp4l[8656.520]: master offset    -514146 s2 freq -751340 path delay    698520
ptp4l[8657.520]: master offset     -38382 s2 freq -703802 path delay    652469
ptp4l[8658.520]: master offset    -339460 s2 freq -734249 path delay    518538
ptp4l[8659.523]: master offset    1505226 s2 freq -548275 path delay    518538
ptp4l[8660.522]: master offset     391034 s2 freq -659303 path delay    604723
ptp4l[8661.523]: master offset     616975 s2 freq -636092 path delay    604723
ptp4l[8662.522]: master offset    -547831 s2 freq -753121 path delay    710358
ptp4l[8663.523]: master offset     131580 s2 freq -685048 path delay    675270
ptp4l[8664.524]: master offset     596025 s2 freq -638008 path delay    641770
ptp4l[8665.525]: master offset     364403 s2 freq -660805 path delay    691334
ptp4l[8666.525]: master offset     598341 s2 freq -636813 path delay    767091
ptp4l[8667.526]: master offset    -119141 s2 freq -708681 path delay    767091
ptp4l[8668.524]: master offset    -578712 s2 freq -755216 path delay    717009
ptp4l[8669.526]: master offset     557030 s2 freq -641085 path delay    717009
ptp4l[8670.526]: master offset    -314983 s2 freq -728601 path delay    749072
ptp4l[8671.528]: master offset     262145 s2 freq -670626 path delay    749072
ptp4l[8672.528]: master offset    -168102 s2 freq -713819 path delay    749072
ptp4l[8673.531]: master offset    1301467 s2 freq -565561 path delay    642914
ptp4l[8674.529]: master offset    -397666 s2 freq -735872 path delay    642914
ptp4l[8675.533]: master offset     275092 s2 freq -668321 path delay    557354
ptp4l[8676.533]: master offset    -347257 s2 freq -730903 path delay    557354
ptp4l[8677.534]: master offset     417020 s2 freq -654058 path delay    557354
ptp4l[8678.533]: master offset    -401291 s2 freq -736291 path delay    622692
ptp4l[8679.536]: master offset    1382188 s2 freq -556561 path delay    614002
ptp4l[8680.534]: master offset    -438810 s2 freq -739099 path delay    614002
ptp4l[8681.536]: master offset    1919043 s2 freq -501395 path delay    374041
ptp4l[8682.535]: master offset     258423 s2 freq -667199 path delay    374041
ptp4l[8683.538]: master offset     146042 s2 freq -678291 path delay    582330
ptp4l[8684.538]: master offset     -31572 s2 freq -696084 path delay    480131
ptp4l[8685.540]: master offset     149103 s2 freq -677867 path delay    425793
ptp4l[8686.539]: master offset    -242960 s2 freq -717316 path delay    425793
ptp4l[8687.541]: master offset     389110 s2 freq -653720 path delay    374041
ptp4l[8688.541]: master offset     -63561 s2 freq -699051 path delay    417675
ptp4l[8689.542]: master offset    1116290 s2 freq -579949 path delay    417675
ptp4l[8690.542]: master offset     244841 s2 freq -666849 path delay    523765
ptp4l[8691.544]: master offset     110121 s2 freq -680211 path delay    686881
ptp4l[8692.543]: master offset    -548635 s2 freq -746636 path delay    751519
ptp4l[8693.544]: master offset     577496 s2 freq -633445 path delay    686881
ptp4l[8694.543]: master offset    -411024 s2 freq -732708 path delay    686881
ptp4l[8695.546]: master offset    -269133 s2 freq -718788 path delay    751519
ptp4l[8696.546]: master offset    -512771 s2 freq -743665 path delay    751519
ptp4l[8697.548]: master offset     735680 s2 freq -618084 path delay    751519
ptp4l[8698.548]: master offset     716327 s2 freq -619303 path delay    812370
ptp4l[8699.549]: master offset    -184303 s2 freq -709550 path delay    882371
ptp4l[8700.549]: master offset    -669351 s2 freq -758724 path delay    882371
ptp4l[8701.551]: master offset    -148153 s2 freq -706753 path delay    882371
ptp4l[8702.551]: master offset    -601339 s2 freq -752673 path delay    852298
ptp4l[8703.553]: master offset     -16283 s2 freq -694183 path delay    805746
ptp4l[8704.552]: master offset    -459623 s2 freq -738977 path delay    805746
ptp4l[8705.554]: master offset    1633462 s2 freq -528035 path delay    805746
ptp4l[8706.553]: master offset    -408723 s2 freq -732662 path delay    805746
ptp4l[8707.555]: master offset     261878 s2 freq -665340 path delay    695799
ptp4l[8708.554]: master offset    -215135 s2 freq -713257 path delay    695799
ptp4l[8709.556]: master offset    1123889 s2 freq -578230 path delay    556047
ptp4l[8710.554]: master offset    -340441 s2 freq -725004 path delay    556047
ptp4l[8711.556]: master offset     358957 s2 freq -654705 path delay    556047
ptp4l[8712.556]: master offset    -333630 s2 freq -724297 path delay    667995
ptp4l[8713.560]: master offset    1023127 s2 freq -587598 path delay    599178
ptp4l[8714.558]: master offset    -337772 s2 freq -724026 path delay    599178
ptp4l[8715.562]: master offset     235736 s2 freq -666440 path delay    796560
ptp4l[8716.561]: master offset    -381987 s2 freq -728594 path delay    796560
ptp4l[8717.562]: master offset    -254678 s2 freq -716118 path delay    598337
ptp4l[8718.562]: master offset    -336440 s2 freq -724630 path delay    539619
ptp4l[8719.564]: master offset    -250295 s2 freq -716266 path delay    539619
ptp4l[8720.565]: master offset      19362 s2 freq -689281 path delay    511330
ptp4l[8721.564]: master offset    -228425 s2 freq -714288 path delay    511330
ptp4l[8722.565]: master offset      40336 s2 freq -687372 path delay    511330
ptp4l[8723.568]: master offset     296009 s2 freq -661508 path delay    515549
ptp4l[8724.567]: master offset     -38516 s2 freq -694999 path delay    515549
ptp4l[8725.569]: master offset     276905 s2 freq -663180 path delay    515549
ptp4l[8726.568]: master offset      34996 s2 freq -687336 path delay    520677
ptp4l[8727.570]: master offset     616790 s2 freq -628540 path delay    520677
ptp4l[8728.568]: master offset    -406932 s2 freq -731319 path delay    520677
ptp4l[8729.570]: master offset     319057 s2 freq -658401 path delay    520677
ptp4l[8730.570]: master offset    -198473 s2 freq -710353 path delay    520677
ptp4l[8731.572]: master offset     656798 s2 freq -624169 path delay    520677
ptp4l[8732.571]: master offset    -127867 s2 freq -702763 path delay    520677
ptp4l[8733.573]: master offset    1427177 s2 freq -545832 path delay    520677
ptp4l[8734.572]: master offset    -431321 s2 freq -732113 path delay    705714
ptp4l[8735.573]: master offset      61624 s2 freq -682757 path delay    705714
ptp4l[8736.573]: master offset    -346539 s2 freq -723920 path delay    758188
ptp4l[8737.576]: master offset    1009609 s2 freq -587295 path delay    758188
ptp4l[8738.574]: master offset    -449883 s2 freq -733694 path delay    758188
ptp4l[8739.576]: master offset     495137 s2 freq -638697 path delay    633574
ptp4l[8740.576]: master offset    -289996 s2 freq -717500 path delay    756269
ptp4l[8741.577]: master offset     572214 s2 freq -630707 path delay    811227
ptp4l[8742.577]: master offset    -290168 s2 freq -717236 path delay    811227
ptp4l[8743.579]: master offset     746538 s2 freq -612818 path delay    686048
ptp4l[8744.578]: master offset    -327120 s2 freq -720511 path delay    688532
ptp4l[8745.582]: master offset    -154270 s2 freq -703381 path delay    679499
ptp4l[8746.582]: master offset    -356074 s2 freq -723917 path delay    679499
ptp4l[8747.583]: master offset    -194269 s2 freq -707931 path delay    514989
ptp4l[8748.584]: master offset     -93504 s2 freq -697948 path delay    497070
ptp4l[8749.585]: master offset    1631667 s2 freq -523799 path delay    497070
ptp4l[8750.584]: master offset    -246061 s2 freq -711818 path delay    497070
ptp4l[8751.585]: master offset     360051 s2 freq -650847 path delay    470690
ptp4l[8752.585]: master offset     -59201 s2 freq -692831 path delay    470690
ptp4l[8753.587]: master offset     700414 s2 freq -616169 path delay    440677
ptp4l[8754.587]: master offset     -55589 s2 freq -691825 path delay    440677
ptp4l[8755.588]: master offset     478279 s2 freq -637960 path delay    440677
ptp4l[8756.587]: master offset     -46566 s2 freq -690491 path delay    483071
ptp4l[8757.589]: master offset    1106330 s2 freq -574095 path delay    485732
ptp4l[8758.588]: master offset     205452 s2 freq -663977 path delay    593919
ptp4l[8759.590]: master offset     103444 s2 freq -674075 path delay    725815
ptp4l[8760.588]: master offset    -728580 s2 freq -758006 path delay    878730
